#
# A fatal error has been detected by the Java Runtime Environment:
#
#  SIGSEGV (0xb) at pc=0x00007f3911f1fc40, pid=3911, tid=139881757402896
#
# JRE version: 6.0_18-b18
# Java VM: OpenJDK 64-Bit Server VM (16.0-b13 mixed mode linux-amd64 )
# Derivative: IcedTea6 1.8.1
# Distribution: Ubuntu 10.04 LTS, package 6b18-1.8.1-0ubuntu1
# Problematic frame:
# V  [libjvm.so+0x50bc40]
#
# If you would like to submit a bug report, please include
# instructions how to reproduce the bug and visit:
#   https://bugs.launchpad.net/ubuntu/+source/openjdk-6/
#

---------------  T H R E A D  ---------------

Current thread (0x00007f38bc05c000):  JavaThread "CompilerThread1" daemon [_thread_in_native, id=3928, stack(0x00007f38c265e000,0x00007f38c275f000)]

siginfo:si_signo=SIGSEGV: si_errno=0, si_code=1 (SEGV_MAPERR), si_addr=0x0000000000000008

Registers:
RAX=0x0000000000000000, RBX=0x00007f38c275bb80, RCX=0x00007f38bc549150, RDX=0x0000000000002000
RSP=0x00007f38c275a390, RBP=0x00007f38c275a3d0, RSI=0x00007f38bc374ea0, RDI=0x0000000000000000
R8 =0x00007f38bc2e2020, R9 =0x00007f38bc1b5168, R10=0x0000000000000000, R11=0x00007f391257ae53
R12=0x00007f38bc5acbb8, R13=0x00007f38bc40d7f0, R14=0x00007f38c275bba0, R15=0x00007f38bc1b7d20
RIP=0x00007f3911f1fc40, EFL=0x0000000000010206, CSGSFS=0x0000000000000033, ERR=0x0000000000000004
  TRAPNO=0x000000000000000e

Top of Stack: (sp=0x00007f38c275a390)
0x00007f38c275a390:   00007f38c275a6b0 0000000000001268
0x00007f38c275a3a0:   00007f38c275a3d0 00007f38c275a670
0x00007f38c275a3b0:   00007f38c275bb80 00007f38bc5acbb8
0x00007f38c275a3c0:   0000000000000002 00007f38bc1f86f8
0x00007f38c275a3d0:   00007f38c275a440 00007f3911f201a7
0x00007f38c275a3e0:   0000000000000020 00007f3800000001
0x00007f38c275a3f0:   00007f38c275c510 0000000000000000
0x00007f38c275a400:   00007f38c275a650 00007f38c275a6b0
0x00007f38c275a410:   0000000000001565 00007f38c275bb80
0x00007f38c275a420:   00007f38c275b170 00007f38c275a6b0
0x00007f38c275a430:   00007f38c275a650 0000000000000000
0x00007f38c275a440:   00007f38c275a710 00007f3911f236f0
0x00007f38c275a450:   00007f38c275b170 00007f38bc2210b0
0x00007f38c275a460:   00007f38c275b170 0000000000001553
0x00007f38c275a470:   000000000000ab90 00007f39124a4d7c
0x00007f38c275a480:   01007f38c275a4e0 00007f38c275a670
0x00007f38c275a490:   00007f38c275a4b0 00007f39120a5ef6
0x00007f38c275a4a0:   0000000001e72060 00007f38bc3dfdd0
0x00007f38c275a4b0:   00007f38c275a4d0 00007f39120a5ef6
0x00007f38c275a4c0:   0000000001e72060 00007f38bc3dfdd0
0x00007f38c275a4d0:   00007f38bc4c0bf0 00007f38bc3dfdd0
0x00007f38c275a4e0:   00007f38c275a4f0 00007f39120a518d
0x00007f38c275a4f0:   00007f38c275a550 00007f3911d413de
0x00007f38c275a500:   0000000000000000 8ab18c65001d9e38
0x00007f38c275a510:   0000000000000000 00000000120a9758
0x00007f38c275a520:   00007f3888ca6bff 00007f38bc1d9e38
0x00007f38c275a530:   00007f39124af758 00007f38bc3dfdd0
0x00007f38c275a540:   00007f38bce05a70 0000000001e720b0
0x00007f38c275a550:   00007f38bc1d9e38 00007f39120a6943
0x00007f38c275a560:   0000000001e720b0 0000000000000000
0x00007f38c275a570:   0000000000000001 00007f38bc1b9898
0x00007f38c275a580:   00007f38c275a610 00007f3911f551ec 

Instructions: (pc=0x00007f3911f1fc40)
0x00007f3911f1fc30:   89 f6 48 c1 e6 03 48 03 b3 d0 09 00 00 48 8b 06
0x00007f3911f1fc40:   48 8b 50 08 48 83 3a 00 75 27 8b 4b 28 0f 1f 00 

Stack: [0x00007f38c265e000,0x00007f38c275f000],  sp=0x00007f38c275a390,  free space=3f00000000000000030k
Native frames: (J=compiled Java code, j=interpreted, Vv=VM code, C=native code)
V  [libjvm.so+0x50bc40]
V  [libjvm.so+0x50c1a7]
V  [libjvm.so+0x50f6f0]
V  [libjvm.so+0x2b7a6b]
V  [libjvm.so+0x2b85ba]
V  [libjvm.so+0x246f7c]
V  [libjvm.so+0x2bd49a]
V  [libjvm.so+0x2bdabf]
V  [libjvm.so+0x687c4b]
V  [libjvm.so+0x58ff62]


Current CompileTask:
C2:536      jregex.Pretokenizer.next()V (1064 bytes)


---------------  P R O C E S S  ---------------

Java Threads: ( => current thread )
  0x00000000026dd000 JavaThread "NioProcessor-1" [_thread_in_native, id=4015, stack(0x00007f38c1bb6000,0x00007f38c1cb7000)]
  0x000000000210a000 JavaThread "pool-3-thread-1" [_thread_in_native, id=3936, stack(0x00007f38c1ab5000,0x00007f38c1bb6000)]
  0x0000000001e21800 JavaThread "DestroyJavaVM" [_thread_blocked, id=3912, stack(0x00007f39131af000,0x00007f39132b0000)]
  0x00000000026bf000 JavaThread "NioSocketAcceptor-1" [_thread_in_native, id=3933, stack(0x00007f38c1cb7000,0x00007f38c1db8000)]
  0x000000000250f800 JavaThread "NioSocketAcceptor-1-idleStatusChecker" [_thread_blocked, id=3932, stack(0x00007f38c1db8000,0x00007f38c1eb9000)]
  0x00007f38bc05e800 JavaThread "Low Memory Detector" daemon [_thread_blocked, id=3929, stack(0x00007f38c255d000,0x00007f38c265e000)]
=>0x00007f38bc05c000 JavaThread "CompilerThread1" daemon [_thread_in_native, id=3928, stack(0x00007f38c265e000,0x00007f38c275f000)]
  0x00007f38bc059000 JavaThread "CompilerThread0" daemon [_thread_blocked, id=3927, stack(0x00007f38c275f000,0x00007f38c2860000)]
  0x00007f38bc056800 JavaThread "JDWP Event Helper Thread" daemon [_thread_blocked, id=3926, stack(0x00007f38c2860000,0x00007f38c2961000)]
  0x00007f38bc053000 JavaThread "JDWP Transport Listener: dt_socket" daemon [_thread_in_native, id=3925, stack(0x00007f38c2961000,0x00007f38c2a62000)]
  0x00007f38bc01f800 JavaThread "Signal Dispatcher" daemon [_thread_blocked, id=3924, stack(0x00007f38c2c67000,0x00007f38c2d68000)]
  0x00007f38bc001000 JavaThread "Finalizer" daemon [_thread_blocked, id=3923, stack(0x00007f38c2d68000,0x00007f38c2e69000)]
  0x0000000001e95800 JavaThread "Reference Handler" daemon [_thread_blocked, id=3922, stack(0x00007f38c2e69000,0x00007f38c2f6a000)]

Other Threads:
  0x0000000001e91000 VMThread [stack: 0x00007f38c2f6a000,0x00007f38c306b000] [id=3921]
  0x00007f38bc069800 WatcherThread [stack: 0x00007f38c245c000,0x00007f38c255d000] [id=3930]

VM state:not at safepoint (normal execution)

VM Mutex/Monitor currently owned by a thread: None

Heap
 PSYoungGen      total 12096K, used 8794K [0x00007f38f82d0000, 0x00007f38f9210000, 0x00007f390ccd0000)
  eden space 9216K, 91% used [0x00007f38f82d0000,0x00007f38f8b0ead8,0x00007f38f8bd0000)
  from space 2880K, 12% used [0x00007f38f8f40000,0x00007f38f8f98000,0x00007f38f9210000)
  to   space 3200K, 0% used [0x00007f38f8bd0000,0x00007f38f8bd0000,0x00007f38f8ef0000)
 PSOldGen        total 42240K, used 15991K [0x00007f38ceed0000, 0x00007f38d1810000, 0x00007f38f82d0000)
  object space 42240K, 37% used [0x00007f38ceed0000,0x00007f38cfe6dca8,0x00007f38d1810000)
 PSPermGen       total 26624K, used 26542K [0x00007f38c46d0000, 0x00007f38c60d0000, 0x00007f38ceed0000)
  object space 26624K, 99% used [0x00007f38c46d0000,0x00007f38c60bb990,0x00007f38c60d0000)

Dynamic libraries:
00400000-00409000 r-xp 00000000 08:15 274966                             /usr/lib/jvm/java-6-openjdk/jre/bin/java
00608000-00609000 r--p 00008000 08:15 274966                             /usr/lib/jvm/java-6-openjdk/jre/bin/java
00609000-0060a000 rw-p 00009000 08:15 274966                             /usr/lib/jvm/java-6-openjdk/jre/bin/java
01e0e000-052e3000 rw-p 00000000 00:00 0                                  [heap]
7f38bc000000-7f38bf725000 rw-p 00000000 00:00 0 
7f38bf725000-7f38c0000000 ---p 00000000 00:00 0 
7f38c1ab5000-7f38c1ab8000 ---p 00000000 00:00 0 
7f38c1ab8000-7f38c1bb6000 rw-p 00000000 00:00 0 
7f38c1bb6000-7f38c1bb9000 ---p 00000000 00:00 0 
7f38c1bb9000-7f38c1cb7000 rw-p 00000000 00:00 0 
7f38c1cb7000-7f38c1cba000 ---p 00000000 00:00 0 
7f38c1cba000-7f38c1db8000 rw-p 00000000 00:00 0 
7f38c1db8000-7f38c1dbb000 ---p 00000000 00:00 0 
7f38c1dbb000-7f38c1eb9000 rw-p 00000000 00:00 0 
7f38c1eb9000-7f38c1ec1000 r-xp 00000000 08:15 274928                     /usr/lib/jvm/java-6-openjdk/jre/lib/amd64/libnio.so
7f38c1ec1000-7f38c20c0000 ---p 00008000 08:15 274928                     /usr/lib/jvm/java-6-openjdk/jre/lib/amd64/libnio.so
7f38c20c0000-7f38c20c1000 r--p 00007000 08:15 274928                     /usr/lib/jvm/java-6-openjdk/jre/lib/amd64/libnio.so
7f38c20c1000-7f38c20c2000 rw-p 00008000 08:15 274928                     /usr/lib/jvm/java-6-openjdk/jre/lib/amd64/libnio.so
7f38c20c2000-7f38c20d7000 r-xp 00000000 08:15 274927                     /usr/lib/jvm/java-6-openjdk/jre/lib/amd64/libnet.so
7f38c20d7000-7f38c22d6000 ---p 00015000 08:15 274927                     /usr/lib/jvm/java-6-openjdk/jre/lib/amd64/libnet.so
7f38c22d6000-7f38c22d7000 r--p 00014000 08:15 274927                     /usr/lib/jvm/java-6-openjdk/jre/lib/amd64/libnet.so
7f38c22d7000-7f38c22d8000 rw-p 00015000 08:15 274927                     /usr/lib/jvm/java-6-openjdk/jre/lib/amd64/libnet.so
7f38c22d8000-7f38c22e7000 r--s 00074000 08:15 142482                     /home/alexander/frameworks/play-1.0.3.2/framework/lib/joda-time-1.6.jar
7f38c22e7000-7f38c230b000 r--s 00473000 08:15 142477                     /home/alexander/frameworks/play-1.0.3.2/framework/lib/hibernate3.jar
7f38c230b000-7f38c2311000 r--s 00067000 08:15 142452                     /home/alexander/frameworks/play-1.0.3.2/framework/lib/antlr-2.7.6.jar
7f38c2311000-7f38c2313000 r--s 00001000 08:15 142485                     /home/alexander/frameworks/play-1.0.3.2/framework/lib/jta.jar
7f38c2313000-7f38c231c000 r--s 00048000 08:15 142454                     /home/alexander/frameworks/play-1.0.3.2/framework/lib/backport-util-concurrent-3.0.jar
7f38c231c000-7f38c231e000 r--s 00001000 08:15 142484                     /home/alexander/frameworks/play-1.0.3.2/framework/lib/jsr107cache-1.0.jar
7f38c231e000-7f38c2321000 r--s 0000a000 08:15 142468                     /home/alexander/frameworks/play-1.0.3.2/framework/lib/ejb3-persistence.jar
7f38c2321000-7f38c2326000 r--s 00037000 08:15 142491                     /home/alexander/frameworks/play-1.0.3.2/framework/lib/memcached-2.4.2.jar
7f38c2326000-7f38c232b000 r--s 0002a000 08:15 142457                     /home/alexander/frameworks/play-1.0.3.2/framework/lib/commons-beanutils.jar
7f38c232b000-7f38c2330000 r--s 00048000 08:15 142466                     /home/alexander/frameworks/play-1.0.3.2/framework/lib/dom4j-1.6.1.jar
7f38c2330000-7f38c2336000 r--s 00024000 08:15 142453                     /home/alexander/frameworks/play-1.0.3.2/framework/lib/asyncweb-common-0.9.0-SNAPSHOT.jar
7f38c2336000-7f38c233d000 r--s 000aa000 08:15 142493                     /home/alexander/frameworks/play-1.0.3.2/framework/lib/mysql-connector-java-5.1.8-bin.jar
7f38c233d000-7f38c2342000 r--s 00023000 08:15 142486                     /home/alexander/frameworks/play-1.0.3.2/framework/lib/junit-4.4.jar
7f38c2342000-7f38c2347000 r--s 00040000 08:15 142461                     /home/alexander/frameworks/play-1.0.3.2/framework/lib/commons-httpclient.jar
7f38c234e000-7f38c2351000 r--s 00031000 08:15 273818                     /usr/lib/jvm/java-6-openjdk/jre/lib/ext/sunjce_provider.jar
7f38c2351000-7f38c2353000 r--s 00013000 08:15 273836                     /usr/lib/jvm/java-6-openjdk/jre/lib/jce.jar
7f38c2353000-7f38c2354000 r--s 00015000 08:15 142495                     /home/alexander/frameworks/play-1.0.3.2/framework/lib/play-SimpleCaptcha.jar
7f38c2354000-7f38c235b000 r--s 00038000 08:15 142500                     /home/alexander/frameworks/play-1.0.3.2/framework/lib/wikitext.core_1.1.1.jar
7f38c235b000-7f38c2360000 r--s 00040000 08:15 142472                     /home/alexander/frameworks/play-1.0.3.2/framework/lib/hibernate-annotations.jar
7f38c2360000-7f38c2363000 r--s 0001b000 08:15 142474                     /home/alexander/frameworks/play-1.0.3.2/framework/lib/hibernate-entitymanager.jar
7f38c2363000-7f38c236a000 r--s 00059000 08:15 142487                     /home/alexander/frameworks/play-1.0.3.2/framework/lib/log4j-1.2.15.jar
7f38c236a000-7f38c236f000 r--s 0003c000 08:15 142467                     /home/alexander/frameworks/play-1.0.3.2/framework/lib/ehcache-1.5.0.jar
7f38c236f000-7f38c2371000 r--s 0000c000 08:15 142451                     /home/alexander/frameworks/play-1.0.3.2/framework/lib/activation.jar
7f38c2371000-7f38c2379000 r--s 000a3000 08:15 142478                     /home/alexander/frameworks/play-1.0.3.2/framework/lib/hsqldb.jar
7f38c2379000-7f38c237b000 r--s 0000a000 08:15 142458                     /home/alexander/frameworks/play-1.0.3.2/framework/lib/commons-codec.jar
7f38c237b000-7f38c237e000 r--s 00011000 08:15 142469                     /home/alexander/frameworks/play-1.0.3.2/framework/lib/ezmorph-1.0.3.jar
7f38c237e000-7f38c2384000 r--s 00032000 08:15 142481                     /home/alexander/frameworks/play-1.0.3.2/framework/lib/jaxen-1.1.jar
7f38c2384000-7f38c2386000 r--s 00001000 08:15 142499                     /home/alexander/frameworks/play-1.0.3.2/framework/lib/slf4j-log4j12-1.5.0.jar
7f38c2386000-7f38c238e000 r--s 0008a000 08:15 142480                     /home/alexander/frameworks/play-1.0.3.2/framework/lib/javassist.jar
7f38c238e000-7f38c2390000 r--s 00017000 08:15 142449                     /home/alexander/frameworks/play-1.0.3.2/framework/lib/WikiText.jar
7f38c2390000-7f38c2392000 r--s 00003000 08:15 142498                     /home/alexander/frameworks/play-1.0.3.2/framework/lib/slf4j-api-1.5.0.jar
7f38c2392000-7f38c2398000 r--s 00041000 08:15 142494                     /home/alexander/frameworks/play-1.0.3.2/framework/lib/oval-1.31.jar
7f38c2398000-7f38c23a3000 r--s 0008a000 08:15 142455                     /home/alexander/frameworks/play-1.0.3.2/framework/lib/c3p0-0.9.1.jar
7f38c23a3000-7f38c23a5000 r--s 0000b000 08:15 142460                     /home/alexander/frameworks/play-1.0.3.2/framework/lib/commons-fileupload-1.2.jar
7f38c23a5000-7f38c23a9000 r--s 0002f000 08:15 142463                     /home/alexander/frameworks/play-1.0.3.2/framework/lib/commons-lang.jar
7f38c23a9000-7f38c23f8000 r--s 004b1000 08:15 142470                     /home/alexander/frameworks/play-1.0.3.2/framework/lib/groovy-all-1.7.1.jar
7f38c23f8000-7f38c23fc000 r--s 00023000 08:15 142471                     /home/alexander/frameworks/play-1.0.3.2/framework/lib/gson-1.3.jar
7f38c23fc000-7f38c2402000 r--s 00055000 08:15 142490                     /home/alexander/frameworks/play-1.0.3.2/framework/lib/mail.jar
7f38c2402000-7f38c2405000 r--s 0000f000 08:15 142497                     /home/alexander/frameworks/play-1.0.3.2/framework/lib/provided-geronimo-servlet_2.5_spec-1.2.jar
7f38c2405000-7f38c2411000 r--s 0014c000 08:15 142465                     /home/alexander/frameworks/play-1.0.3.2/framework/lib/compiler-jdt.jar
7f38c2411000-7f38c2414000 r--s 00018000 08:15 142462                     /home/alexander/frameworks/play-1.0.3.2/framework/lib/commons-io.jar
7f38c2414000-7f38c2421000 r--s 0007c000 08:15 142459                     /home/alexander/frameworks/play-1.0.3.2/framework/lib/commons-collections-3.1.jar
7f38c2421000-7f38c2427000 r--s 00049000 08:15 142456                     /home/alexander/frameworks/play-1.0.3.2/framework/lib/cglib-nodep-2.2.jar
7f38c2427000-7f38c2429000 r--s 00015000 08:15 142483                     /home/alexander/frameworks/play-1.0.3.2/framework/lib/jregex1.2_01.jar
7f38c2429000-7f38c242b000 r--s 0000d000 08:15 142464                     /home/alexander/frameworks/play-1.0.3.2/framework/lib/commons-logging-1.1.1.jar
7f38c242b000-7f38c242e000 r--s 0000d000 08:15 142475                     /home/alexander/frameworks/play-1.0.3.2/framework/lib/hibernate-validator.jar
7f38c242e000-7f38c2430000 r--s 00012000 08:15 142488                     /home/alexander/frameworks/play-1.0.3.2/framework/lib/lucene-analyzers-2.3.1.jar
7f38c2430000-7f38c2432000 r--s 00011000 08:15 142450                     /home/alexander/frameworks/play-1.0.3.2/framework/lib/ZDB.jar
7f38c2432000-7f38c2438000 r--s 0002c000 08:15 142448                     /home/alexander/frameworks/play-1.0.3.2/framework/lib/SnakeYAML-1.2.jar
7f38c2438000-7f38c2443000 r--s 00071000 08:15 142492                     /home/alexander/frameworks/play-1.0.3.2/framework/lib/mina-core-2.0.0-M2-SNAPSHOT.jar
7f38c2443000-7f38c2446000 r--s 00022000 08:15 142479                     /home/alexander/frameworks/play-1.0.3.2/framework/lib/jamon-2.7.jar
7f38c2446000-7f38c244c000 r--s 00056000 08:15 142476                     /home/alexander/frameworks/play-1.0.3.2/framework/lib/hibernate3-ast.jar
7f38c244c000-7f38c2450000 r--s 00020000 08:15 142496                     /home/alexander/frameworks/play-1.0.3.2/framework/lib/play-imaging.jar
7f38c2450000-7f38c245c000 r--s 00097000 08:15 142489                     /home/alexander/frameworks/play-1.0.3.2/framework/lib/lucene-core-2.3.1.jar
7f38c245c000-7f38c245d000 ---p 00000000 00:00 0 
7f38c245d000-7f38c255d000 rw-p 00000000 00:00 0 
7f38c255d000-7f38c2560000 ---p 00000000 00:00 0 
7f38c2560000-7f38c265e000 rw-p 00000000 00:00 0 
7f38c265e000-7f38c2661000 ---p 00000000 00:00 0 
7f38c2661000-7f38c275f000 rw-p 00000000 00:00 0 
7f38c275f000-7f38c2762000 ---p 00000000 00:00 0 
7f38c2762000-7f38c2860000 rw-p 00000000 00:00 0 
7f38c2860000-7f38c2863000 ---p 00000000 00:00 0 
7f38c2863000-7f38c2961000 rw-p 00000000 00:00 0 
7f38c2961000-7f38c2964000 ---p 00000000 00:00 0 
7f38c2964000-7f38c2a62000 rw-p 00000000 00:00 0 
7f38c2a62000-7f38c2a66000 r-xp 00000000 08:15 274909                     /usr/lib/jvm/java-6-openjdk/jre/lib/amd64/libdt_socket.so
7f38c2a66000-7f38c2c65000 ---p 00004000 08:15 274909                     /usr/lib/jvm/java-6-openjdk/jre/lib/amd64/libdt_socket.so
7f38c2c65000-7f38c2c66000 r--p 00003000 08:15 274909                     /usr/lib/jvm/java-6-openjdk/jre/lib/amd64/libdt_socket.so
7f38c2c66000-7f38c2c67000 rw-p 00004000 08:15 274909                     /usr/lib/jvm/java-6-openjdk/jre/lib/amd64/libdt_socket.so
7f38c2c67000-7f38c2c6a000 ---p 00000000 00:00 0 
7f38c2c6a000-7f38c2d68000 rw-p 00000000 00:00 0 
7f38c2d68000-7f38c2d6b000 ---p 00000000 00:00 0 
7f38c2d6b000-7f38c2e69000 rw-p 00000000 00:00 0 
7f38c2e69000-7f38c2e6c000 ---p 00000000 00:00 0 
7f38c2e6c000-7f38c2f6a000 rw-p 00000000 00:00 0 
7f38c2f6a000-7f38c2f6b000 ---p 00000000 00:00 0 
7f38c2f6b000-7f38c39a7000 rw-p 00000000 00:00 0 
7f38c39a7000-7f38c3b3a000 r--s 03918000 08:15 274886                     /usr/lib/jvm/java-6-openjdk/jre/lib/rt.jar
7f38c3b3a000-7f38c3b3b000 ---p 00000000 00:00 0 
7f38c3b3b000-7f38c3c3b000 rw-p 00000000 00:00 0 
7f38c3c3b000-7f38c3c3c000 ---p 00000000 00:00 0 
7f38c3c3c000-7f38c3d3c000 rw-p 00000000 00:00 0 
7f38c3d3c000-7f38c3d3d000 ---p 00000000 00:00 0 
7f38c3d3d000-7f38c3e3d000 rw-p 00000000 00:00 0 
7f38c3e3d000-7f38c3e3e000 ---p 00000000 00:00 0 
7f38c3e3e000-7f38c3f3e000 rw-p 00000000 00:00 0 
7f38c3f3e000-7f38c3f3f000 ---p 00000000 00:00 0 
7f38c3f3f000-7f38c403f000 rw-p 00000000 00:00 0 
7f38c403f000-7f38c4040000 ---p 00000000 00:00 0 
7f38c4040000-7f38c4140000 rw-p 00000000 00:00 0 
7f38c4140000-7f38c4141000 ---p 00000000 00:00 0 
7f38c4141000-7f38c4241000 rw-p 00000000 00:00 0 
7f38c4241000-7f38c4242000 ---p 00000000 00:00 0 
7f38c4242000-7f38c4357000 rw-p 00000000 00:00 0 
7f38c4357000-7f38c448c000 rw-p 00000000 00:00 0 
7f38c448c000-7f38c4499000 rw-p 00000000 00:00 0 
7f38c4499000-7f38c44e0000 rw-p 00000000 00:00 0 
7f38c44e0000-7f38c44f5000 rw-p 00000000 00:00 0 
7f38c44f5000-7f38c462a000 rw-p 00000000 00:00 0 
7f38c462a000-7f38c4632000 rw-p 00000000 00:00 0 
7f38c4632000-7f38c4638000 ---p 00000000 00:00 0 
7f38c4638000-7f38c46cf000 rw-p 00000000 00:00 0 
7f38c46cf000-7f38c60d0000 rw-p 00000000 00:00 0 
7f38c60d0000-7f38ceed0000 rw-p 00000000 00:00 0 
7f38ceed0000-7f38d1810000 rw-p 00000000 00:00 0 
7f38d1810000-7f38f82d0000 rw-p 00000000 00:00 0 
7f38f82d0000-7f38f9210000 rw-p 00000000 00:00 0 
7f38f9210000-7f38f9e90000 ---p 00000000 00:00 0 
7f38f9e90000-7f390ccd0000 rw-p 00000000 00:00 0 
7f390ccd0000-7f390ccd3000 r--s 0000e000 08:15 142473                     /home/alexander/frameworks/play-1.0.3.2/framework/lib/hibernate-commons-annotations.jar
7f390ccd3000-7f390ccd5000 r--s 0000e000 08:15 798151                     /home/alexander/frameworks/play-1.0.3.2/modules/cobertura-2.0/lib/jakarta-oro-2.0.8.jar
7f390ccd5000-7f390cce4000 rw-p 00000000 00:00 0 
7f390cce4000-7f390cd95000 rw-p 00000000 00:00 0 
7f390cd95000-7f390d155000 rwxp 00000000 00:00 0 
7f390d155000-7f390fd95000 rw-p 00000000 00:00 0 
7f390fd95000-7f390fd9c000 r-xp 00000000 08:15 274934                     /usr/lib/jvm/java-6-openjdk/jre/lib/amd64/libzip.so
7f390fd9c000-7f390ff9b000 ---p 00007000 08:15 274934                     /usr/lib/jvm/java-6-openjdk/jre/lib/amd64/libzip.so
7f390ff9b000-7f390ff9c000 r--p 00006000 08:15 274934                     /usr/lib/jvm/java-6-openjdk/jre/lib/amd64/libzip.so
7f390ff9c000-7f390ff9d000 rw-p 00007000 08:15 274934                     /usr/lib/jvm/java-6-openjdk/jre/lib/amd64/libzip.so
7f390ff9d000-7f390ffa9000 r-xp 00000000 08:15 402047                     /lib/libnss_files-2.11.1.so
7f390ffa9000-7f39101a8000 ---p 0000c000 08:15 402047                     /lib/libnss_files-2.11.1.so
7f39101a8000-7f39101a9000 r--p 0000b000 08:15 402047                     /lib/libnss_files-2.11.1.so
7f39101a9000-7f39101aa000 rw-p 0000c000 08:15 402047                     /lib/libnss_files-2.11.1.so
7f39101aa000-7f39101b4000 r-xp 00000000 08:15 402031                     /lib/libnss_nis-2.11.1.so
7f39101b4000-7f39103b3000 ---p 0000a000 08:15 402031                     /lib/libnss_nis-2.11.1.so
7f39103b3000-7f39103b4000 r--p 00009000 08:15 402031                     /lib/libnss_nis-2.11.1.so
7f39103b4000-7f39103b5000 rw-p 0000a000 08:15 402031                     /lib/libnss_nis-2.11.1.so
7f39103b5000-7f39103bd000 r-xp 00000000 08:15 402030                     /lib/libnss_compat-2.11.1.so
7f39103bd000-7f39105bc000 ---p 00008000 08:15 402030                     /lib/libnss_compat-2.11.1.so
7f39105bc000-7f39105bd000 r--p 00007000 08:15 402030                     /lib/libnss_compat-2.11.1.so
7f39105bd000-7f39105be000 rw-p 00008000 08:15 402030                     /lib/libnss_compat-2.11.1.so
7f39105be000-7f39106dc000 r--p 00000000 08:15 268908                     /usr/lib/locale/de_CH.utf8/LC_COLLATE
7f39106dc000-7f39106df000 r-xp 00000000 08:15 274929                     /usr/lib/jvm/java-6-openjdk/jre/lib/amd64/libnpt.so
7f39106df000-7f39108de000 ---p 00003000 08:15 274929                     /usr/lib/jvm/java-6-openjdk/jre/lib/amd64/libnpt.so
7f39108de000-7f39108df000 r--p 00002000 08:15 274929                     /usr/lib/jvm/java-6-openjdk/jre/lib/amd64/libnpt.so
7f39108df000-7f39108e0000 rw-p 00003000 08:15 274929                     /usr/lib/jvm/java-6-openjdk/jre/lib/amd64/libnpt.so
7f39108e0000-7f39108e9000 r-xp 00000000 08:15 274912                     /usr/lib/jvm/java-6-openjdk/jre/lib/amd64/libinstrument.so
7f39108e9000-7f3910ae9000 ---p 00009000 08:15 274912                     /usr/lib/jvm/java-6-openjdk/jre/lib/amd64/libinstrument.so
7f3910ae9000-7f3910aea000 r--p 00009000 08:15 274912                     /usr/lib/jvm/java-6-openjdk/jre/lib/amd64/libinstrument.so
7f3910aea000-7f3910aeb000 rw-p 0000a000 08:15 274912                     /usr/lib/jvm/java-6-openjdk/jre/lib/amd64/libinstrument.so
7f3910aeb000-7f3910b24000 r-xp 00000000 08:15 274920                     /usr/lib/jvm/java-6-openjdk/jre/lib/amd64/libjdwp.so
7f3910b24000-7f3910d23000 ---p 00039000 08:15 274920                     /usr/lib/jvm/java-6-openjdk/jre/lib/amd64/libjdwp.so
7f3910d23000-7f3910d24000 r--p 00038000 08:15 274920                     /usr/lib/jvm/java-6-openjdk/jre/lib/amd64/libjdwp.so
7f3910d24000-7f3910d25000 rw-p 00039000 08:15 274920                     /usr/lib/jvm/java-6-openjdk/jre/lib/amd64/libjdwp.so
7f3910d25000-7f3910d2d000 r-xp 00000000 08:15 274936                     /usr/lib/jvm/java-6-openjdk/jre/lib/amd64/native_threads/libhpi.so
7f3910d2d000-7f3910f2c000 ---p 00008000 08:15 274936                     /usr/lib/jvm/java-6-openjdk/jre/lib/amd64/native_threads/libhpi.so
7f3910f2c000-7f3910f2d000 r--p 00007000 08:15 274936                     /usr/lib/jvm/java-6-openjdk/jre/lib/amd64/native_threads/libhpi.so
7f3910f2d000-7f3910f2e000 rw-p 00008000 08:15 274936                     /usr/lib/jvm/java-6-openjdk/jre/lib/amd64/native_threads/libhpi.so
7f3910f2e000-7f3910f45000 r-xp 00000000 08:15 402010                     /lib/libnsl-2.11.1.so
7f3910f45000-7f3911144000 ---p 00017000 08:15 402010                     /lib/libnsl-2.11.1.so
7f3911144000-7f3911145000 r--p 00016000 08:15 402010                     /lib/libnsl-2.11.1.so
7f3911145000-7f3911146000 rw-p 00017000 08:15 402010                     /lib/libnsl-2.11.1.so
7f3911146000-7f3911148000 rw-p 00000000 00:00 0 
7f3911148000-7f3911175000 r-xp 00000000 08:15 274917                     /usr/lib/jvm/java-6-openjdk/jre/lib/amd64/libjava.so
7f3911175000-7f3911374000 ---p 0002d000 08:15 274917                     /usr/lib/jvm/java-6-openjdk/jre/lib/amd64/libjava.so
7f3911374000-7f3911375000 r--p 0002c000 08:15 274917                     /usr/lib/jvm/java-6-openjdk/jre/lib/amd64/libjava.so
7f3911375000-7f3911378000 rw-p 0002d000 08:15 274917                     /usr/lib/jvm/java-6-openjdk/jre/lib/amd64/libjava.so
7f3911378000-7f3911387000 r-xp 00000000 08:15 274933                     /usr/lib/jvm/java-6-openjdk/jre/lib/amd64/libverify.so
7f3911387000-7f3911586000 ---p 0000f000 08:15 274933                     /usr/lib/jvm/java-6-openjdk/jre/lib/amd64/libverify.so
7f3911586000-7f3911588000 r--p 0000e000 08:15 274933                     /usr/lib/jvm/java-6-openjdk/jre/lib/amd64/libverify.so
7f3911588000-7f3911589000 rw-p 00010000 08:15 274933                     /usr/lib/jvm/java-6-openjdk/jre/lib/amd64/libverify.so
7f3911589000-7f3911590000 r-xp 00000000 08:15 402024                     /lib/librt-2.11.1.so
7f3911590000-7f391178f000 ---p 00007000 08:15 402024                     /lib/librt-2.11.1.so
7f391178f000-7f3911790000 r--p 00006000 08:15 402024                     /lib/librt-2.11.1.so
7f3911790000-7f3911791000 rw-p 00007000 08:15 402024                     /lib/librt-2.11.1.so
7f3911791000-7f3911813000 r-xp 00000000 08:15 400119                     /lib/libm-2.11.1.so
7f3911813000-7f3911a12000 ---p 00082000 08:15 400119                     /lib/libm-2.11.1.so
7f3911a12000-7f3911a13000 r--p 00081000 08:15 400119                     /lib/libm-2.11.1.so
7f3911a13000-7f3911a14000 rw-p 00082000 08:15 400119                     /lib/libm-2.11.1.so
7f3911a14000-7f391222f000 r-xp 00000000 08:15 274938                     /usr/lib/jvm/java-6-openjdk/jre/lib/amd64/server/libjvm.so
7f391222f000-7f391242e000 ---p 0081b000 08:15 274938                     /usr/lib/jvm/java-6-openjdk/jre/lib/amd64/server/libjvm.so
7f391242e000-7f39124a2000 r--p 0081a000 08:15 274938                     /usr/lib/jvm/java-6-openjdk/jre/lib/amd64/server/libjvm.so
7f39124a2000-7f39124bc000 rw-p 0088e000 08:15 274938                     /usr/lib/jvm/java-6-openjdk/jre/lib/amd64/server/libjvm.so
7f39124bc000-7f39124f5000 rw-p 00000000 00:00 0 
7f39124f5000-7f391266f000 r-xp 00000000 08:15 402042                     /lib/libc-2.11.1.so
7f391266f000-7f391286e000 ---p 0017a000 08:15 402042                     /lib/libc-2.11.1.so
7f391286e000-7f3912872000 r--p 00179000 08:15 402042                     /lib/libc-2.11.1.so
7f3912872000-7f3912873000 rw-p 0017d000 08:15 402042                     /lib/libc-2.11.1.so
7f3912873000-7f3912878000 rw-p 00000000 00:00 0 
7f3912878000-7f391287a000 r-xp 00000000 08:15 402049                     /lib/libdl-2.11.1.so
7f391287a000-7f3912a7a000 ---p 00002000 08:15 402049                     /lib/libdl-2.11.1.so
7f3912a7a000-7f3912a7b000 r--p 00002000 08:15 402049                     /lib/libdl-2.11.1.so
7f3912a7b000-7f3912a7c000 rw-p 00003000 08:15 402049                     /lib/libdl-2.11.1.so
7f3912a7c000-7f3912a80000 r-xp 00000000 08:15 274899                     /usr/lib/jvm/java-6-openjdk/jre/lib/amd64/jli/libjli.so
7f3912a80000-7f3912c7f000 ---p 00004000 08:15 274899                     /usr/lib/jvm/java-6-openjdk/jre/lib/amd64/jli/libjli.so
7f3912c7f000-7f3912c80000 r--p 00003000 08:15 274899                     /usr/lib/jvm/java-6-openjdk/jre/lib/amd64/jli/libjli.so
7f3912c80000-7f3912c81000 rw-p 00004000 08:15 274899                     /usr/lib/jvm/java-6-openjdk/jre/lib/amd64/jli/libjli.so
7f3912c81000-7f3912c99000 r-xp 00000000 08:15 402039                     /lib/libpthread-2.11.1.so
7f3912c99000-7f3912e98000 ---p 00018000 08:15 402039                     /lib/libpthread-2.11.1.so
7f3912e98000-7f3912e99000 r--p 00017000 08:15 402039                     /lib/libpthread-2.11.1.so
7f3912e99000-7f3912e9a000 rw-p 00018000 08:15 402039                     /lib/libpthread-2.11.1.so
7f3912e9a000-7f3912e9e000 rw-p 00000000 00:00 0 
7f3912e9e000-7f3912eb4000 r-xp 00000000 08:15 391874                     /lib/libz.so.1.2.3.3
7f3912eb4000-7f39130b3000 ---p 00016000 08:15 391874                     /lib/libz.so.1.2.3.3
7f39130b3000-7f39130b4000 r--p 00015000 08:15 391874                     /lib/libz.so.1.2.3.3
7f39130b4000-7f39130b5000 rw-p 00016000 08:15 391874                     /lib/libz.so.1.2.3.3
7f39130b5000-7f39130d5000 r-xp 00000000 08:15 402018                     /lib/ld-2.11.1.so
7f39130d5000-7f39130d7000 r--s 00009000 08:15 798152                     /home/alexander/frameworks/play-1.0.3.2/modules/cobertura-2.0/lib/asm-3.0.jar
7f39130d7000-7f39130da000 r--s 00030000 08:15 798149                     /home/alexander/frameworks/play-1.0.3.2/modules/cobertura-2.0/lib/cobertura-main.jar
7f39130da000-7f39130dc000 r--s 00004000 08:15 798150                     /home/alexander/frameworks/play-1.0.3.2/modules/cobertura-2.0/lib/asm-tree-3.0.jar
7f39130dc000-7f39130de000 r--s 00009000 08:15 535753                     /home/alexander/ESE/ese2010-team2/qa/lib/markdownj-1.0.2b4-0.3.0.jar
7f39130de000-7f39130e1000 r--s 0007a000 08:15 273837                     /usr/lib/jvm/java-6-openjdk/jre/lib/jsse.jar
7f39130e1000-7f39130e8000 r--s 00079000 08:15 142501                     /home/alexander/frameworks/play-1.0.3.2/framework/play.jar
7f39130e8000-7f39130f1000 r--s 00065000 08:15 672110                     /usr/share/java/gnome-java-bridge.jar
7f39130f1000-7f39130f4000 r--s 0000f000 08:15 273820                     /usr/lib/jvm/java-6-openjdk/jre/lib/ext/pulse-java.jar
7f39130f4000-7f3913129000 rw-p 00000000 00:00 0 
7f3913129000-7f3913170000 rw-p 00000000 00:00 0 
7f3913170000-7f39131af000 r--p 00000000 08:15 279196                     /usr/lib/locale/de_CH.utf8/LC_CTYPE
7f39131af000-7f39131b2000 ---p 00000000 00:00 0 
7f39131b2000-7f39132b5000 rw-p 00000000 00:00 0 
7f39132b5000-7f39132b6000 r--s 00001000 08:15 798153                     /home/alexander/frameworks/play-1.0.3.2/modules/cobertura-2.0/lib/play-cobertura.jar
7f39132b6000-7f39132b7000 rw-p 00000000 00:00 0 
7f39132b7000-7f39132bf000 rw-s 00000000 08:15 146034                     /tmp/hsperfdata_alexander/3911
7f39132bf000-7f39132c0000 r--p 00000000 08:15 269039                     /usr/lib/locale/de_CH.utf8/LC_NUMERIC
7f39132c0000-7f39132c1000 r--p 00000000 08:15 269040                     /usr/lib/locale/de_CH.utf8/LC_TIME
7f39132c1000-7f39132c2000 r--p 00000000 08:15 269041                     /usr/lib/locale/de_CH.utf8/LC_MONETARY
7f39132c2000-7f39132c3000 r--p 00000000 08:15 279201                     /usr/lib/locale/de_CH.utf8/LC_MESSAGES/SYS_LC_MESSAGES
7f39132c3000-7f39132c4000 r--p 00000000 08:15 269058                     /usr/lib/locale/de_CH.utf8/LC_PAPER
7f39132c4000-7f39132c5000 r--p 00000000 08:15 268848                     /usr/lib/locale/de_CH.utf8/LC_NAME
7f39132c5000-7f39132c6000 r--p 00000000 08:15 269042                     /usr/lib/locale/de_CH.utf8/LC_ADDRESS
7f39132c6000-7f39132c7000 r--p 00000000 08:15 269043                     /usr/lib/locale/de_CH.utf8/LC_TELEPHONE
7f39132c7000-7f39132c8000 r--p 00000000 08:15 269067                     /usr/lib/locale/de_CH.utf8/LC_MEASUREMENT
7f39132c8000-7f39132cf000 r--s 00000000 08:15 276772                     /usr/lib/gconv/gconv-modules.cache
7f39132cf000-7f39132d0000 r--p 00000000 08:15 269045                     /usr/lib/locale/de_CH.utf8/LC_IDENTIFICATION
7f39132d0000-7f39132d1000 rw-p 00000000 00:00 0 
7f39132d1000-7f39132d2000 r--p 00000000 00:00 0 
7f39132d2000-7f39132d4000 rw-p 00000000 00:00 0 
7f39132d4000-7f39132d5000 r--p 0001f000 08:15 402018                     /lib/ld-2.11.1.so
7f39132d5000-7f39132d6000 rw-p 00020000 08:15 402018                     /lib/ld-2.11.1.so
7f39132d6000-7f39132d7000 rw-p 00000000 00:00 0 
7fff12283000-7fff12299000 rw-p 00000000 00:00 0                          [stack]
7fff12371000-7fff12372000 r-xp 00000000 00:00 0                          [vdso]
ffffffffff600000-ffffffffff601000 r-xp 00000000 00:00 0                  [vsyscall]

VM Arguments:
jvm_args: -javaagent:/home/alexander/frameworks/play-1.0.3.2/framework/play.jar -Dplay.debug=yes -Xrunjdwp:transport=dt_socket,address=8000,server=y,suspend=n -Xdebug -Dapplication.path=/home/alexander/ESE/ese2010-team2/qa -Dplay.id= 
java_command: play.server.Server
Launcher Type: SUN_STANDARD

Environment Variables:
PATH=/usr/local/sbin:/usr/local/bin:/usr/sbin:/usr/bin:/sbin:/bin:/usr/games:/home/alexander/frameworks/play-1.0.3.2/
USERNAME=alexander
LD_LIBRARY_PATH=/usr/lib/jvm/java-6-openjdk/jre/lib/amd64/server:/usr/lib/jvm/java-6-openjdk/jre/lib/amd64:/usr/lib/jvm/java-6-openjdk/jre/../lib/amd64
SHELL=/bin/bash
DISPLAY=:0.0

Signal Handlers:
SIGSEGV: [libjvm.so+0x6c1f70], sa_mask[0]=0x7ffbfeff, sa_flags=0x10000004
SIGBUS: [libjvm.so+0x6c1f70], sa_mask[0]=0x7ffbfeff, sa_flags=0x10000004
SIGFPE: [libjvm.so+0x58ca00], sa_mask[0]=0x7ffbfeff, sa_flags=0x10000004
SIGPIPE: [libjvm.so+0x58ca00], sa_mask[0]=0x7ffbfeff, sa_flags=0x10000004
SIGXFSZ: [libjvm.so+0x58ca00], sa_mask[0]=0x7ffbfeff, sa_flags=0x10000004
SIGILL: [libjvm.so+0x58ca00], sa_mask[0]=0x7ffbfeff, sa_flags=0x10000004
SIGUSR1: SIG_DFL, sa_mask[0]=0x00000000, sa_flags=0x00000000
SIGUSR2: [libjvm.so+0x58c150], sa_mask[0]=0x00000000, sa_flags=0x10000004
SIGHUP: [libjvm.so+0x58e840], sa_mask[0]=0x7ffbfeff, sa_flags=0x10000004
SIGINT: [libjvm.so+0x58e840], sa_mask[0]=0x7ffbfeff, sa_flags=0x10000004
SIGTERM: [libjvm.so+0x58e840], sa_mask[0]=0x7ffbfeff, sa_flags=0x10000004
SIGQUIT: [libjvm.so+0x58e840], sa_mask[0]=0x7ffbfeff, sa_flags=0x10000004


---------------  S Y S T E M  ---------------

OS:Ubuntu 10.04 (lucid)
uname:Linux 2.6.32-24-generic #43-Ubuntu SMP Thu Sep 16 14:58:24 UTC 2010 x86_64
libc:glibc 2.11.1 NPTL 2.11.1 
rlimit: STACK 8192k, CORE 0k, NPROC infinity, NOFILE 1024, AS infinity
load average:1.46 1.37 1.30

CPU:total 8 (8 cores per cpu, 2 threads per core) family 6 model 30 stepping 5, cmov, cx8, fxsr, mmx, sse, sse2, sse3, ssse3, sse4.1, sse4.2, popcnt, ht

Memory: 4k page, physical 4051124k(1920484k free), swap 1055736k(1055736k free)

vm_info: OpenJDK 64-Bit Server VM (16.0-b13) for linux-amd64 JRE (1.6.0_18-b18), built on Jul 26 2010 23:34:55 by "buildd" with gcc 4.4.3

time: Wed Oct 27 20:58:25 2010
elapsed time: 1327 seconds

