#
# A fatal error has been detected by the Java Runtime Environment:
#
#  SIGSEGV (0xb) at pc=0x00007f88ae470ca0, pid=3246, tid=140223615174416
#
# JRE version: 6.0_18-b18
# Java VM: OpenJDK 64-Bit Server VM (16.0-b13 mixed mode linux-amd64 )
# Derivative: IcedTea6 1.8.2
# Distribution: Ubuntu 10.04.1 LTS, package 6b18-1.8.2-4ubuntu2
# Problematic frame:
# V  [libjvm.so+0x50bca0]
#
# If you would like to submit a bug report, please include
# instructions how to reproduce the bug and visit:
#   https://bugs.launchpad.net/ubuntu/+source/openjdk-6/
#

---------------  T H R E A D  ---------------

Current thread (0x0000000001518000):  JavaThread "CompilerThread1" daemon [_thread_in_native, id=3263, stack(0x00007f885ab58000,0x00007f885ac59000)]

siginfo:si_signo=SIGSEGV: si_errno=0, si_code=1 (SEGV_MAPERR), si_addr=0x0000000000000008

Registers:
RAX=0x0000000000000000, RBX=0x00007f885ac55b00, RCX=0x00000000020af0b0, RDX=0x0000000000002000
RSP=0x00007f885ac54310, RBP=0x00007f885ac54350, RSI=0x0000000001651540, RDI=0x0000000000000000
R8 =0x000000000209f090, R9 =0x0000000001532810, R10=0x0000000000000000, R11=0x00007f88aeacbe53
R12=0x0000000001a7f7a8, R13=0x0000000001eb3d30, R14=0x00007f885ac55b20, R15=0x00000000015353c8
RIP=0x00007f88ae470ca0, EFL=0x0000000000010202, CSGSFS=0x0000000000000033, ERR=0x0000000000000004
  TRAPNO=0x000000000000000e

Top of Stack: (sp=0x00007f885ac54310)
0x00007f885ac54310:   00007f885ac54630 00000000000011d9
0x00007f885ac54320:   00007f885ac54350 00007f885ac545f0
0x00007f885ac54330:   00007f885ac55b00 0000000001a7f7a8
0x00007f885ac54340:   0000000000000002 00000000016bbd28
0x00007f885ac54350:   00007f885ac543c0 00007f88ae471207
0x00007f885ac54360:   0000000000000020 00007f8800000001
0x00007f885ac54370:   00007f885ac56490 0000000000000000
0x00007f885ac54380:   00007f885ac545d0 00007f885ac54630
0x00007f885ac54390:   00000000000013ee 00007f885ac55b00
0x00007f885ac543a0:   00007f885ac550f0 00007f885ac54630
0x00007f885ac543b0:   00007f885ac545d0 0000000000000000
0x00007f885ac543c0:   00007f885ac54690 00007f88ae474750
0x00007f885ac543d0:   00007f88aea13888 00007f88aea2ead8
0x00007f885ac543e0:   00007f885ac54410 00007f88000013ed
0x00007f885ac543f0:   000000000000a060 00007f88ae9f5d7c
0x00007f885ac54400:   0100000001485090 00007f885ac545f0
0x00007f885ac54410:   00007f885ac54430 00007f88ae5f6fb6
0x00007f885ac54420:   00000000014da080 00007f885c17ac90
0x00007f885ac54430:   00007f885ac54450 00007f88ae5f6fb6
0x00007f885ac54440:   00000000014da080 00007f885c17ac90
0x00007f885ac54450:   000000000185ce10 00007f885c17ac90
0x00007f885ac54460:   00007f885ac54470 00007f88ae5f624d
0x00007f885ac54470:   00007f885ac54490 00007f88ae5f6fb6
0x00007f885ac54480:   00000000014da080 00007f885c17ac90
0x00007f885ac54490:   00007f885ac544b0 00007f88ae5f6fb6
0x00007f885ac544a0:   00000000014da080 00007f885c17ac90
0x00007f885ac544b0:   000000000185ce10 00007f885c17ac90
0x00007f885ac544c0:   00007f885ac544d0 00007f88ae5f624d
0x00007f885ac544d0:   00007f885ac54530 00007f88ae29240e
0x00007f885ac544e0:   0000000000000000 8a180c85000b3760
0x00007f885ac544f0:   0000000000000000 00000000ae5fa818
0x00007f885ac54500:   0000000088ca6bff 00007f885c0b3760 

Instructions: (pc=0x00007f88ae470ca0)
0x00007f88ae470c90:   89 f6 48 c1 e6 03 48 03 b3 d0 09 00 00 48 8b 06
0x00007f88ae470ca0:   48 8b 50 08 48 83 3a 00 75 27 8b 4b 28 0f 1f 00 

Stack: [0x00007f885ab58000,0x00007f885ac59000],  sp=0x00007f885ac54310,  free space=3f00000000000000030k
Native frames: (J=compiled Java code, j=interpreted, Vv=VM code, C=native code)
V  [libjvm.so+0x50bca0]
V  [libjvm.so+0x50c207]
V  [libjvm.so+0x50f750]
V  [libjvm.so+0x2b7a9b]
V  [libjvm.so+0x2b85ea]
V  [libjvm.so+0x246f7c]
V  [libjvm.so+0x2bd4ca]
V  [libjvm.so+0x2bdaef]
V  [libjvm.so+0x687d0b]
V  [libjvm.so+0x58fff2]


Current CompileTask:
C2:382      jregex.Pretokenizer.next()V (1064 bytes)


---------------  P R O C E S S  ---------------

Java Threads: ( => current thread )
  0x000000000185b000 JavaThread "pool-3-thread-1" [_thread_in_Java, id=3269, stack(0x00007f885a010000,0x00007f885a111000)]
  0x00000000018a3000 JavaThread "NioProcessor-1" [_thread_in_native, id=3268, stack(0x00007f885a111000,0x00007f885a212000)]
  0x0000000001489800 JavaThread "DestroyJavaVM" [_thread_blocked, id=3247, stack(0x00007f88af700000,0x00007f88af801000)]
  0x00000000018be800 JavaThread "NioSocketAcceptor-1" [_thread_in_native, id=3267, stack(0x00007f885a212000,0x00007f885a313000)]
  0x0000000001b70800 JavaThread "NioSocketAcceptor-1-idleStatusChecker" [_thread_blocked, id=3266, stack(0x00007f885a313000,0x00007f885a414000)]
  0x00007f885c05e000 JavaThread "Low Memory Detector" daemon [_thread_blocked, id=3264, stack(0x00007f885aa57000,0x00007f885ab58000)]
=>0x0000000001518000 JavaThread "CompilerThread1" daemon [_thread_in_native, id=3263, stack(0x00007f885ab58000,0x00007f885ac59000)]
  0x00007f885c059000 JavaThread "CompilerThread0" daemon [_thread_in_native, id=3262, stack(0x00007f885ac59000,0x00007f885ad5a000)]
  0x00007f885c056800 JavaThread "JDWP Event Helper Thread" daemon [_thread_blocked, id=3261, stack(0x00007f885ad5a000,0x00007f885ae5b000)]
  0x00007f885c053000 JavaThread "JDWP Transport Listener: dt_socket" daemon [_thread_in_native, id=3260, stack(0x00007f885ae5b000,0x00007f885af5c000)]
  0x00007f885c01f800 JavaThread "Signal Dispatcher" daemon [_thread_blocked, id=3259, stack(0x00007f885b161000,0x00007f885b262000)]
  0x00007f885c001000 JavaThread "Finalizer" daemon [_thread_blocked, id=3258, stack(0x00007f885b262000,0x00007f885b363000)]
  0x00000000014fd800 JavaThread "Reference Handler" daemon [_thread_blocked, id=3257, stack(0x00007f885b363000,0x00007f885b464000)]

Other Threads:
  0x00000000014f9000 VMThread [stack: 0x00007f885b464000,0x00007f885b565000] [id=3256]
  0x00007f885c069000 WatcherThread [stack: 0x00007f885a956000,0x00007f885aa57000] [id=3265]

VM state:not at safepoint (normal execution)

VM Mutex/Monitor currently owned by a thread: None

Heap
 PSYoungGen      total 14912K, used 9796K [0x00007f8894820000, 0x00007f8896230000, 0x00007f88a9220000)
  eden space 12736K, 59% used [0x00007f8894820000,0x00007f8894f91280,0x00007f8895490000)
  from space 2176K, 100% used [0x00007f88954d0000,0x00007f88956f0000,0x00007f88956f0000)
  to   space 6976K, 0% used [0x00007f8895b60000,0x00007f8895b60000,0x00007f8896230000)
 PSOldGen        total 42240K, used 12666K [0x00007f886b420000, 0x00007f886dd60000, 0x00007f8894820000)
  object space 42240K, 29% used [0x00007f886b420000,0x00007f886c07e8b8,0x00007f886dd60000)
 PSPermGen       total 27392K, used 27348K [0x00007f8860c20000, 0x00007f88626e0000, 0x00007f886b420000)
  object space 27392K, 99% used [0x00007f8860c20000,0x00007f88626d5230,0x00007f88626e0000)

Dynamic libraries:
00400000-00409000 r-xp 00000000 08:15 262976                             /usr/lib/jvm/java-6-openjdk/jre/bin/java
00608000-00609000 r--p 00008000 08:15 262976                             /usr/lib/jvm/java-6-openjdk/jre/bin/java
00609000-0060a000 rw-p 00009000 08:15 262976                             /usr/lib/jvm/java-6-openjdk/jre/bin/java
01476000-0312d000 rw-p 00000000 00:00 0                                  [heap]
7f8854000000-7f8854c5e000 rw-p 00000000 00:00 0 
7f8854c5e000-7f8858000000 ---p 00000000 00:00 0 
7f885a00d000-7f885a010000 r--s 00031000 08:15 262724                     /usr/lib/jvm/java-6-openjdk/jre/lib/ext/sunjce_provider.jar
7f885a010000-7f885a013000 ---p 00000000 00:00 0 
7f885a013000-7f885a111000 rw-p 00000000 00:00 0 
7f885a111000-7f885a114000 ---p 00000000 00:00 0 
7f885a114000-7f885a212000 rw-p 00000000 00:00 0 
7f885a212000-7f885a215000 ---p 00000000 00:00 0 
7f885a215000-7f885a313000 rw-p 00000000 00:00 0 
7f885a313000-7f885a316000 ---p 00000000 00:00 0 
7f885a316000-7f885a414000 rw-p 00000000 00:00 0 
7f885a414000-7f885a41c000 r-xp 00000000 08:15 262772                     /usr/lib/jvm/java-6-openjdk/jre/lib/amd64/libnio.so
7f885a41c000-7f885a61b000 ---p 00008000 08:15 262772                     /usr/lib/jvm/java-6-openjdk/jre/lib/amd64/libnio.so
7f885a61b000-7f885a61c000 r--p 00007000 08:15 262772                     /usr/lib/jvm/java-6-openjdk/jre/lib/amd64/libnio.so
7f885a61c000-7f885a61d000 rw-p 00008000 08:15 262772                     /usr/lib/jvm/java-6-openjdk/jre/lib/amd64/libnio.so
7f885a61d000-7f885a632000 r-xp 00000000 08:15 262771                     /usr/lib/jvm/java-6-openjdk/jre/lib/amd64/libnet.so
7f885a632000-7f885a831000 ---p 00015000 08:15 262771                     /usr/lib/jvm/java-6-openjdk/jre/lib/amd64/libnet.so
7f885a831000-7f885a832000 r--p 00014000 08:15 262771                     /usr/lib/jvm/java-6-openjdk/jre/lib/amd64/libnet.so
7f885a832000-7f885a833000 rw-p 00015000 08:15 262771                     /usr/lib/jvm/java-6-openjdk/jre/lib/amd64/libnet.so
7f885a833000-7f885a842000 r--s 00074000 08:15 142482                     /home/alexander/frameworks/play-1.0.3.2/framework/lib/joda-time-1.6.jar
7f885a842000-7f885a849000 r--s 00038000 08:15 142500                     /home/alexander/frameworks/play-1.0.3.2/framework/lib/wikitext.core_1.1.1.jar
7f885a849000-7f885a86d000 r--s 00473000 08:15 142477                     /home/alexander/frameworks/play-1.0.3.2/framework/lib/hibernate3.jar
7f885a86d000-7f885a872000 r--s 00040000 08:15 142472                     /home/alexander/frameworks/play-1.0.3.2/framework/lib/hibernate-annotations.jar
7f885a872000-7f885a875000 r--s 0001b000 08:15 142474                     /home/alexander/frameworks/play-1.0.3.2/framework/lib/hibernate-entitymanager.jar
7f885a875000-7f885a87c000 r--s 00059000 08:15 142487                     /home/alexander/frameworks/play-1.0.3.2/framework/lib/log4j-1.2.15.jar
7f885a87c000-7f885a881000 r--s 0003c000 08:15 142467                     /home/alexander/frameworks/play-1.0.3.2/framework/lib/ehcache-1.5.0.jar
7f885a881000-7f885a883000 r--s 0000c000 08:15 142451                     /home/alexander/frameworks/play-1.0.3.2/framework/lib/activation.jar
7f885a883000-7f885a889000 r--s 00067000 08:15 142452                     /home/alexander/frameworks/play-1.0.3.2/framework/lib/antlr-2.7.6.jar
7f885a889000-7f885a88b000 r--s 00001000 08:15 142485                     /home/alexander/frameworks/play-1.0.3.2/framework/lib/jta.jar
7f885a88b000-7f885a894000 r--s 00048000 08:15 142454                     /home/alexander/frameworks/play-1.0.3.2/framework/lib/backport-util-concurrent-3.0.jar
7f885a894000-7f885a896000 r--s 00001000 08:15 142484                     /home/alexander/frameworks/play-1.0.3.2/framework/lib/jsr107cache-1.0.jar
7f885a896000-7f885a899000 r--s 0000a000 08:15 142468                     /home/alexander/frameworks/play-1.0.3.2/framework/lib/ejb3-persistence.jar
7f885a899000-7f885a89e000 r--s 00037000 08:15 142491                     /home/alexander/frameworks/play-1.0.3.2/framework/lib/memcached-2.4.2.jar
7f885a89e000-7f885a8a3000 r--s 0002a000 08:15 142457                     /home/alexander/frameworks/play-1.0.3.2/framework/lib/commons-beanutils.jar
7f885a8a3000-7f885a8a8000 r--s 00048000 08:15 142466                     /home/alexander/frameworks/play-1.0.3.2/framework/lib/dom4j-1.6.1.jar
7f885a8a8000-7f885a8ae000 r--s 00024000 08:15 142453                     /home/alexander/frameworks/play-1.0.3.2/framework/lib/asyncweb-common-0.9.0-SNAPSHOT.jar
7f885a8ae000-7f885a8b5000 r--s 000aa000 08:15 142493                     /home/alexander/frameworks/play-1.0.3.2/framework/lib/mysql-connector-java-5.1.8-bin.jar
7f885a8b5000-7f885a8ba000 r--s 00023000 08:15 142486                     /home/alexander/frameworks/play-1.0.3.2/framework/lib/junit-4.4.jar
7f885a8ba000-7f885a8bf000 r--s 00040000 08:15 142461                     /home/alexander/frameworks/play-1.0.3.2/framework/lib/commons-httpclient.jar
7f885a8bf000-7f885a8c7000 r--s 000a3000 08:15 142478                     /home/alexander/frameworks/play-1.0.3.2/framework/lib/hsqldb.jar
7f885a8c7000-7f885a8c9000 r--s 0000a000 08:15 142458                     /home/alexander/frameworks/play-1.0.3.2/framework/lib/commons-codec.jar
7f885a8c9000-7f885a8cc000 r--s 00011000 08:15 142469                     /home/alexander/frameworks/play-1.0.3.2/framework/lib/ezmorph-1.0.3.jar
7f885a8cc000-7f885a8d2000 r--s 00032000 08:15 142481                     /home/alexander/frameworks/play-1.0.3.2/framework/lib/jaxen-1.1.jar
7f885a8d2000-7f885a8d4000 r--s 00001000 08:15 142499                     /home/alexander/frameworks/play-1.0.3.2/framework/lib/slf4j-log4j12-1.5.0.jar
7f885a8d4000-7f885a8dc000 r--s 0008a000 08:15 142480                     /home/alexander/frameworks/play-1.0.3.2/framework/lib/javassist.jar
7f885a8dc000-7f885a8de000 r--s 00017000 08:15 142449                     /home/alexander/frameworks/play-1.0.3.2/framework/lib/WikiText.jar
7f885a8de000-7f885a8e0000 r--s 00003000 08:15 142498                     /home/alexander/frameworks/play-1.0.3.2/framework/lib/slf4j-api-1.5.0.jar
7f885a8e0000-7f885a8e6000 r--s 00041000 08:15 142494                     /home/alexander/frameworks/play-1.0.3.2/framework/lib/oval-1.31.jar
7f885a8e6000-7f885a8f1000 r--s 0008a000 08:15 142455                     /home/alexander/frameworks/play-1.0.3.2/framework/lib/c3p0-0.9.1.jar
7f885a8f1000-7f885a8f3000 r--s 0000b000 08:15 142460                     /home/alexander/frameworks/play-1.0.3.2/framework/lib/commons-fileupload-1.2.jar
7f885a8f3000-7f885a8f7000 r--s 0002f000 08:15 142463                     /home/alexander/frameworks/play-1.0.3.2/framework/lib/commons-lang.jar
7f885a8f7000-7f885a946000 r--s 004b1000 08:15 142470                     /home/alexander/frameworks/play-1.0.3.2/framework/lib/groovy-all-1.7.1.jar
7f885a946000-7f885a94a000 r--s 00023000 08:15 142471                     /home/alexander/frameworks/play-1.0.3.2/framework/lib/gson-1.3.jar
7f885a94a000-7f885a956000 r--s 0014c000 08:15 142465                     /home/alexander/frameworks/play-1.0.3.2/framework/lib/compiler-jdt.jar
7f885a956000-7f885a957000 ---p 00000000 00:00 0 
7f885a957000-7f885aa57000 rw-p 00000000 00:00 0 
7f885aa57000-7f885aa5a000 ---p 00000000 00:00 0 
7f885aa5a000-7f885ab58000 rw-p 00000000 00:00 0 
7f885ab58000-7f885ab5b000 ---p 00000000 00:00 0 
7f885ab5b000-7f885ac59000 rw-p 00000000 00:00 0 
7f885ac59000-7f885ac5c000 ---p 00000000 00:00 0 
7f885ac5c000-7f885ad5a000 rw-p 00000000 00:00 0 
7f885ad5a000-7f885ad5d000 ---p 00000000 00:00 0 
7f885ad5d000-7f885ae5b000 rw-p 00000000 00:00 0 
7f885ae5b000-7f885ae5e000 ---p 00000000 00:00 0 
7f885ae5e000-7f885af5c000 rw-p 00000000 00:00 0 
7f885af5c000-7f885af60000 r-xp 00000000 08:15 262753                     /usr/lib/jvm/java-6-openjdk/jre/lib/amd64/libdt_socket.so
7f885af60000-7f885b15f000 ---p 00004000 08:15 262753                     /usr/lib/jvm/java-6-openjdk/jre/lib/amd64/libdt_socket.so
7f885b15f000-7f885b160000 r--p 00003000 08:15 262753                     /usr/lib/jvm/java-6-openjdk/jre/lib/amd64/libdt_socket.so
7f885b160000-7f885b161000 rw-p 00004000 08:15 262753                     /usr/lib/jvm/java-6-openjdk/jre/lib/amd64/libdt_socket.so
7f885b161000-7f885b164000 ---p 00000000 00:00 0 
7f885b164000-7f885b262000 rw-p 00000000 00:00 0 
7f885b262000-7f885b265000 ---p 00000000 00:00 0 
7f885b265000-7f885b363000 rw-p 00000000 00:00 0 
7f885b363000-7f885b366000 ---p 00000000 00:00 0 
7f885b366000-7f885b464000 rw-p 00000000 00:00 0 
7f885b464000-7f885b465000 ---p 00000000 00:00 0 
7f885b465000-7f885be6e000 rw-p 00000000 00:00 0 
7f885be6e000-7f885c000000 r--s 03916000 08:15 262747                     /usr/lib/jvm/java-6-openjdk/jre/lib/rt.jar
7f885c000000-7f885e2d3000 rw-p 00000000 00:00 0 
7f885e2d3000-7f8860000000 ---p 00000000 00:00 0 
7f8860000000-7f8860006000 r--s 00055000 08:15 142490                     /home/alexander/frameworks/play-1.0.3.2/framework/lib/mail.jar
7f8860006000-7f8860009000 r--s 0000f000 08:15 142497                     /home/alexander/frameworks/play-1.0.3.2/framework/lib/provided-geronimo-servlet_2.5_spec-1.2.jar
7f8860009000-7f886000f000 r--s 0002c000 08:15 142448                     /home/alexander/frameworks/play-1.0.3.2/framework/lib/SnakeYAML-1.2.jar
7f886000f000-7f8860012000 r--s 00018000 08:15 142462                     /home/alexander/frameworks/play-1.0.3.2/framework/lib/commons-io.jar
7f8860012000-7f886001f000 r--s 0007c000 08:15 142459                     /home/alexander/frameworks/play-1.0.3.2/framework/lib/commons-collections-3.1.jar
7f886001f000-7f8860025000 r--s 00049000 08:15 142456                     /home/alexander/frameworks/play-1.0.3.2/framework/lib/cglib-nodep-2.2.jar
7f8860025000-7f8860027000 r--s 00015000 08:15 142483                     /home/alexander/frameworks/play-1.0.3.2/framework/lib/jregex1.2_01.jar
7f8860027000-7f8860029000 r--s 0000d000 08:15 142464                     /home/alexander/frameworks/play-1.0.3.2/framework/lib/commons-logging-1.1.1.jar
7f8860029000-7f886002c000 r--s 0000d000 08:15 142475                     /home/alexander/frameworks/play-1.0.3.2/framework/lib/hibernate-validator.jar
7f886002c000-7f886002e000 r--s 00012000 08:15 142488                     /home/alexander/frameworks/play-1.0.3.2/framework/lib/lucene-analyzers-2.3.1.jar
7f886002e000-7f8860030000 r--s 00011000 08:15 142450                     /home/alexander/frameworks/play-1.0.3.2/framework/lib/ZDB.jar
7f8860030000-7f886003b000 r--s 00071000 08:15 142492                     /home/alexander/frameworks/play-1.0.3.2/framework/lib/mina-core-2.0.0-M2-SNAPSHOT.jar
7f886003b000-7f886003e000 r--s 00022000 08:15 142479                     /home/alexander/frameworks/play-1.0.3.2/framework/lib/jamon-2.7.jar
7f886003e000-7f8860044000 r--s 00056000 08:15 142476                     /home/alexander/frameworks/play-1.0.3.2/framework/lib/hibernate3-ast.jar
7f8860044000-7f8860048000 r--s 00020000 08:15 142496                     /home/alexander/frameworks/play-1.0.3.2/framework/lib/play-imaging.jar
7f8860048000-7f8860054000 r--s 00097000 08:15 142489                     /home/alexander/frameworks/play-1.0.3.2/framework/lib/lucene-core-2.3.1.jar
7f8860054000-7f8860057000 r--s 0000e000 08:15 142473                     /home/alexander/frameworks/play-1.0.3.2/framework/lib/hibernate-commons-annotations.jar
7f8860057000-7f886008a000 rw-p 00000000 00:00 0 
7f886008a000-7f886008b000 ---p 00000000 00:00 0 
7f886008b000-7f886018b000 rw-p 00000000 00:00 0 
7f886018b000-7f886018c000 ---p 00000000 00:00 0 
7f886018c000-7f886028c000 rw-p 00000000 00:00 0 
7f886028c000-7f886028d000 ---p 00000000 00:00 0 
7f886028d000-7f886038d000 rw-p 00000000 00:00 0 
7f886038d000-7f886038e000 ---p 00000000 00:00 0 
7f886038e000-7f886048e000 rw-p 00000000 00:00 0 
7f886048e000-7f886048f000 ---p 00000000 00:00 0 
7f886048f000-7f886058f000 rw-p 00000000 00:00 0 
7f886058f000-7f8860590000 ---p 00000000 00:00 0 
7f8860590000-7f8860690000 rw-p 00000000 00:00 0 
7f8860690000-7f8860691000 ---p 00000000 00:00 0 
7f8860691000-7f8860791000 rw-p 00000000 00:00 0 
7f8860791000-7f8860792000 ---p 00000000 00:00 0 
7f8860792000-7f88608a7000 rw-p 00000000 00:00 0 
7f88608a7000-7f88609dc000 rw-p 00000000 00:00 0 
7f88609dc000-7f88609ea000 rw-p 00000000 00:00 0 
7f88609ea000-7f8860a30000 rw-p 00000000 00:00 0 
7f8860a30000-7f8860a45000 rw-p 00000000 00:00 0 
7f8860a45000-7f8860b7a000 rw-p 00000000 00:00 0 
7f8860b7a000-7f8860b88000 rw-p 00000000 00:00 0 
7f8860b88000-7f8860b90000 ---p 00000000 00:00 0 
7f8860b90000-7f8860c1f000 rw-p 00000000 00:00 0 
7f8860c1f000-7f88626e0000 rw-p 00000000 00:00 0 
7f88626e0000-7f886b420000 rw-p 00000000 00:00 0 
7f886b420000-7f886dd60000 rw-p 00000000 00:00 0 
7f886dd60000-7f8894820000 rw-p 00000000 00:00 0 
7f8894820000-7f8896230000 rw-p 00000000 00:00 0 
7f8896230000-7f8897300000 ---p 00000000 00:00 0 
7f8897300000-7f88a9220000 rw-p 00000000 00:00 0 
7f88a9220000-7f88a9222000 r--s 00013000 08:15 262736                     /usr/lib/jvm/java-6-openjdk/jre/lib/jce.jar
7f88a9222000-7f88a9224000 r--s 0000e000 08:15 798151                     /home/alexander/frameworks/play-1.0.3.2/modules/cobertura-2.0/lib/jakarta-oro-2.0.8.jar
7f88a9224000-7f88a9226000 r--s 00009000 08:15 798152                     /home/alexander/frameworks/play-1.0.3.2/modules/cobertura-2.0/lib/asm-3.0.jar
7f88a9226000-7f88a9233000 rw-p 00000000 00:00 0 
7f88a9233000-7f88a92e6000 rw-p 00000000 00:00 0 
7f88a92e6000-7f88a9606000 rwxp 00000000 00:00 0 
7f88a9606000-7f88ac2e6000 rw-p 00000000 00:00 0 
7f88ac2e6000-7f88ac2ed000 r-xp 00000000 08:15 262865                     /usr/lib/jvm/java-6-openjdk/jre/lib/amd64/libzip.so
7f88ac2ed000-7f88ac4ec000 ---p 00007000 08:15 262865                     /usr/lib/jvm/java-6-openjdk/jre/lib/amd64/libzip.so
7f88ac4ec000-7f88ac4ed000 r--p 00006000 08:15 262865                     /usr/lib/jvm/java-6-openjdk/jre/lib/amd64/libzip.so
7f88ac4ed000-7f88ac4ee000 rw-p 00007000 08:15 262865                     /usr/lib/jvm/java-6-openjdk/jre/lib/amd64/libzip.so
7f88ac4ee000-7f88ac4fa000 r-xp 00000000 08:15 402047                     /lib/libnss_files-2.11.1.so
7f88ac4fa000-7f88ac6f9000 ---p 0000c000 08:15 402047                     /lib/libnss_files-2.11.1.so
7f88ac6f9000-7f88ac6fa000 r--p 0000b000 08:15 402047                     /lib/libnss_files-2.11.1.so
7f88ac6fa000-7f88ac6fb000 rw-p 0000c000 08:15 402047                     /lib/libnss_files-2.11.1.so
7f88ac6fb000-7f88ac705000 r-xp 00000000 08:15 402031                     /lib/libnss_nis-2.11.1.so
7f88ac705000-7f88ac904000 ---p 0000a000 08:15 402031                     /lib/libnss_nis-2.11.1.so
7f88ac904000-7f88ac905000 r--p 00009000 08:15 402031                     /lib/libnss_nis-2.11.1.so
7f88ac905000-7f88ac906000 rw-p 0000a000 08:15 402031                     /lib/libnss_nis-2.11.1.so
7f88ac906000-7f88ac90e000 r-xp 00000000 08:15 402030                     /lib/libnss_compat-2.11.1.so
7f88ac90e000-7f88acb0d000 ---p 00008000 08:15 402030                     /lib/libnss_compat-2.11.1.so
7f88acb0d000-7f88acb0e000 r--p 00007000 08:15 402030                     /lib/libnss_compat-2.11.1.so
7f88acb0e000-7f88acb0f000 rw-p 00008000 08:15 402030                     /lib/libnss_compat-2.11.1.so
7f88acb0f000-7f88acc2d000 r--p 00000000 08:15 268908                     /usr/lib/locale/de_CH.utf8/LC_COLLATE
7f88acc2d000-7f88acc30000 r-xp 00000000 08:15 262773                     /usr/lib/jvm/java-6-openjdk/jre/lib/amd64/libnpt.so
7f88acc30000-7f88ace2f000 ---p 00003000 08:15 262773                     /usr/lib/jvm/java-6-openjdk/jre/lib/amd64/libnpt.so
7f88ace2f000-7f88ace30000 r--p 00002000 08:15 262773                     /usr/lib/jvm/java-6-openjdk/jre/lib/amd64/libnpt.so
7f88ace30000-7f88ace31000 rw-p 00003000 08:15 262773                     /usr/lib/jvm/java-6-openjdk/jre/lib/amd64/libnpt.so
7f88ace31000-7f88ace3a000 r-xp 00000000 08:15 262756                     /usr/lib/jvm/java-6-openjdk/jre/lib/amd64/libinstrument.so
7f88ace3a000-7f88ad03a000 ---p 00009000 08:15 262756                     /usr/lib/jvm/java-6-openjdk/jre/lib/amd64/libinstrument.so
7f88ad03a000-7f88ad03b000 r--p 00009000 08:15 262756                     /usr/lib/jvm/java-6-openjdk/jre/lib/amd64/libinstrument.so
7f88ad03b000-7f88ad03c000 rw-p 0000a000 08:15 262756                     /usr/lib/jvm/java-6-openjdk/jre/lib/amd64/libinstrument.so
7f88ad03c000-7f88ad075000 r-xp 00000000 08:15 262764                     /usr/lib/jvm/java-6-openjdk/jre/lib/amd64/libjdwp.so
7f88ad075000-7f88ad274000 ---p 00039000 08:15 262764                     /usr/lib/jvm/java-6-openjdk/jre/lib/amd64/libjdwp.so
7f88ad274000-7f88ad275000 r--p 00038000 08:15 262764                     /usr/lib/jvm/java-6-openjdk/jre/lib/amd64/libjdwp.so
7f88ad275000-7f88ad276000 rw-p 00039000 08:15 262764                     /usr/lib/jvm/java-6-openjdk/jre/lib/amd64/libjdwp.so
7f88ad276000-7f88ad27e000 r-xp 00000000 08:15 262866                     /usr/lib/jvm/java-6-openjdk/jre/lib/amd64/native_threads/libhpi.so
7f88ad27e000-7f88ad47d000 ---p 00008000 08:15 262866                     /usr/lib/jvm/java-6-openjdk/jre/lib/amd64/native_threads/libhpi.so
7f88ad47d000-7f88ad47e000 r--p 00007000 08:15 262866                     /usr/lib/jvm/java-6-openjdk/jre/lib/amd64/native_threads/libhpi.so
7f88ad47e000-7f88ad47f000 rw-p 00008000 08:15 262866                     /usr/lib/jvm/java-6-openjdk/jre/lib/amd64/native_threads/libhpi.so
7f88ad47f000-7f88ad496000 r-xp 00000000 08:15 402010                     /lib/libnsl-2.11.1.so
7f88ad496000-7f88ad695000 ---p 00017000 08:15 402010                     /lib/libnsl-2.11.1.so
7f88ad695000-7f88ad696000 r--p 00016000 08:15 402010                     /lib/libnsl-2.11.1.so
7f88ad696000-7f88ad697000 rw-p 00017000 08:15 402010                     /lib/libnsl-2.11.1.so
7f88ad697000-7f88ad699000 rw-p 00000000 00:00 0 
7f88ad699000-7f88ad6c6000 r-xp 00000000 08:15 262761                     /usr/lib/jvm/java-6-openjdk/jre/lib/amd64/libjava.so
7f88ad6c6000-7f88ad8c5000 ---p 0002d000 08:15 262761                     /usr/lib/jvm/java-6-openjdk/jre/lib/amd64/libjava.so
7f88ad8c5000-7f88ad8c6000 r--p 0002c000 08:15 262761                     /usr/lib/jvm/java-6-openjdk/jre/lib/amd64/libjava.so
7f88ad8c6000-7f88ad8c9000 rw-p 0002d000 08:15 262761                     /usr/lib/jvm/java-6-openjdk/jre/lib/amd64/libjava.so
7f88ad8c9000-7f88ad8d8000 r-xp 00000000 08:15 262777                     /usr/lib/jvm/java-6-openjdk/jre/lib/amd64/libverify.so
7f88ad8d8000-7f88adad7000 ---p 0000f000 08:15 262777                     /usr/lib/jvm/java-6-openjdk/jre/lib/amd64/libverify.so
7f88adad7000-7f88adad9000 r--p 0000e000 08:15 262777                     /usr/lib/jvm/java-6-openjdk/jre/lib/amd64/libverify.so
7f88adad9000-7f88adada000 rw-p 00010000 08:15 262777                     /usr/lib/jvm/java-6-openjdk/jre/lib/amd64/libverify.so
7f88adada000-7f88adae1000 r-xp 00000000 08:15 402024                     /lib/librt-2.11.1.so
7f88adae1000-7f88adce0000 ---p 00007000 08:15 402024                     /lib/librt-2.11.1.so
7f88adce0000-7f88adce1000 r--p 00006000 08:15 402024                     /lib/librt-2.11.1.so
7f88adce1000-7f88adce2000 rw-p 00007000 08:15 402024                     /lib/librt-2.11.1.so
7f88adce2000-7f88add64000 r-xp 00000000 08:15 400119                     /lib/libm-2.11.1.so
7f88add64000-7f88adf63000 ---p 00082000 08:15 400119                     /lib/libm-2.11.1.so
7f88adf63000-7f88adf64000 r--p 00081000 08:15 400119                     /lib/libm-2.11.1.so
7f88adf64000-7f88adf65000 rw-p 00082000 08:15 400119                     /lib/libm-2.11.1.so
7f88adf65000-7f88ae780000 r-xp 00000000 08:15 262867                     /usr/lib/jvm/java-6-openjdk/jre/lib/amd64/server/libjvm.so
7f88ae780000-7f88ae97f000 ---p 0081b000 08:15 262867                     /usr/lib/jvm/java-6-openjdk/jre/lib/amd64/server/libjvm.so
7f88ae97f000-7f88ae9f3000 r--p 0081a000 08:15 262867                     /usr/lib/jvm/java-6-openjdk/jre/lib/amd64/server/libjvm.so
7f88ae9f3000-7f88aea0d000 rw-p 0088e000 08:15 262867                     /usr/lib/jvm/java-6-openjdk/jre/lib/amd64/server/libjvm.so
7f88aea0d000-7f88aea46000 rw-p 00000000 00:00 0 
7f88aea46000-7f88aebc0000 r-xp 00000000 08:15 402042                     /lib/libc-2.11.1.so
7f88aebc0000-7f88aedbf000 ---p 0017a000 08:15 402042                     /lib/libc-2.11.1.so
7f88aedbf000-7f88aedc3000 r--p 00179000 08:15 402042                     /lib/libc-2.11.1.so
7f88aedc3000-7f88aedc4000 rw-p 0017d000 08:15 402042                     /lib/libc-2.11.1.so
7f88aedc4000-7f88aedc9000 rw-p 00000000 00:00 0 
7f88aedc9000-7f88aedcb000 r-xp 00000000 08:15 402049                     /lib/libdl-2.11.1.so
7f88aedcb000-7f88aefcb000 ---p 00002000 08:15 402049                     /lib/libdl-2.11.1.so
7f88aefcb000-7f88aefcc000 r--p 00002000 08:15 402049                     /lib/libdl-2.11.1.so
7f88aefcc000-7f88aefcd000 rw-p 00003000 08:15 402049                     /lib/libdl-2.11.1.so
7f88aefcd000-7f88aefd1000 r-xp 00000000 08:15 262749                     /usr/lib/jvm/java-6-openjdk/jre/lib/amd64/jli/libjli.so
7f88aefd1000-7f88af1d0000 ---p 00004000 08:15 262749                     /usr/lib/jvm/java-6-openjdk/jre/lib/amd64/jli/libjli.so
7f88af1d0000-7f88af1d1000 r--p 00003000 08:15 262749                     /usr/lib/jvm/java-6-openjdk/jre/lib/amd64/jli/libjli.so
7f88af1d1000-7f88af1d2000 rw-p 00004000 08:15 262749                     /usr/lib/jvm/java-6-openjdk/jre/lib/amd64/jli/libjli.so
7f88af1d2000-7f88af1ea000 r-xp 00000000 08:15 402039                     /lib/libpthread-2.11.1.so
7f88af1ea000-7f88af3e9000 ---p 00018000 08:15 402039                     /lib/libpthread-2.11.1.so
7f88af3e9000-7f88af3ea000 r--p 00017000 08:15 402039                     /lib/libpthread-2.11.1.so
7f88af3ea000-7f88af3eb000 rw-p 00018000 08:15 402039                     /lib/libpthread-2.11.1.so
7f88af3eb000-7f88af3ef000 rw-p 00000000 00:00 0 
7f88af3ef000-7f88af405000 r-xp 00000000 08:15 391874                     /lib/libz.so.1.2.3.3
7f88af405000-7f88af604000 ---p 00016000 08:15 391874                     /lib/libz.so.1.2.3.3
7f88af604000-7f88af605000 r--p 00015000 08:15 391874                     /lib/libz.so.1.2.3.3
7f88af605000-7f88af606000 rw-p 00016000 08:15 391874                     /lib/libz.so.1.2.3.3
7f88af606000-7f88af626000 r-xp 00000000 08:15 402018                     /lib/ld-2.11.1.so
7f88af626000-7f88af627000 r--s 00015000 08:15 142495                     /home/alexander/frameworks/play-1.0.3.2/framework/lib/play-SimpleCaptcha.jar
7f88af627000-7f88af62a000 r--s 00030000 08:15 798149                     /home/alexander/frameworks/play-1.0.3.2/modules/cobertura-2.0/lib/cobertura-main.jar
7f88af62a000-7f88af62c000 r--s 00004000 08:15 798150                     /home/alexander/frameworks/play-1.0.3.2/modules/cobertura-2.0/lib/asm-tree-3.0.jar
7f88af62c000-7f88af62e000 r--s 00009000 08:15 535753                     /home/alexander/ESE/ese2010-team2/qa/lib/markdownj-1.0.2b4-0.3.0.jar
7f88af62e000-7f88af632000 r--s 0007c000 08:15 262737                     /usr/lib/jvm/java-6-openjdk/jre/lib/jsse.jar
7f88af632000-7f88af639000 r--s 00079000 08:15 142501                     /home/alexander/frameworks/play-1.0.3.2/framework/play.jar
7f88af639000-7f88af642000 r--s 00065000 08:15 672110                     /usr/share/java/gnome-java-bridge.jar
7f88af642000-7f88af645000 r--s 0000f000 08:15 262726                     /usr/lib/jvm/java-6-openjdk/jre/lib/ext/pulse-java.jar
7f88af645000-7f88af67b000 rw-p 00000000 00:00 0 
7f88af67b000-7f88af6c1000 rw-p 00000000 00:00 0 
7f88af6c1000-7f88af700000 r--p 00000000 08:15 279196                     /usr/lib/locale/de_CH.utf8/LC_CTYPE
7f88af700000-7f88af703000 ---p 00000000 00:00 0 
7f88af703000-7f88af806000 rw-p 00000000 00:00 0 
7f88af806000-7f88af807000 r--s 00001000 08:15 798153                     /home/alexander/frameworks/play-1.0.3.2/modules/cobertura-2.0/lib/play-cobertura.jar
7f88af807000-7f88af808000 rw-p 00000000 00:00 0 
7f88af808000-7f88af810000 rw-s 00000000 08:15 132484                     /tmp/hsperfdata_alexander/3246
7f88af810000-7f88af811000 r--p 00000000 08:15 269039                     /usr/lib/locale/de_CH.utf8/LC_NUMERIC
7f88af811000-7f88af812000 r--p 00000000 08:15 269040                     /usr/lib/locale/de_CH.utf8/LC_TIME
7f88af812000-7f88af813000 r--p 00000000 08:15 269041                     /usr/lib/locale/de_CH.utf8/LC_MONETARY
7f88af813000-7f88af814000 r--p 00000000 08:15 279201                     /usr/lib/locale/de_CH.utf8/LC_MESSAGES/SYS_LC_MESSAGES
7f88af814000-7f88af815000 r--p 00000000 08:15 269058                     /usr/lib/locale/de_CH.utf8/LC_PAPER
7f88af815000-7f88af816000 r--p 00000000 08:15 268848                     /usr/lib/locale/de_CH.utf8/LC_NAME
7f88af816000-7f88af817000 r--p 00000000 08:15 269042                     /usr/lib/locale/de_CH.utf8/LC_ADDRESS
7f88af817000-7f88af818000 r--p 00000000 08:15 269043                     /usr/lib/locale/de_CH.utf8/LC_TELEPHONE
7f88af818000-7f88af819000 r--p 00000000 08:15 269067                     /usr/lib/locale/de_CH.utf8/LC_MEASUREMENT
7f88af819000-7f88af820000 r--s 00000000 08:15 276772                     /usr/lib/gconv/gconv-modules.cache
7f88af820000-7f88af821000 r--p 00000000 08:15 269045                     /usr/lib/locale/de_CH.utf8/LC_IDENTIFICATION
7f88af821000-7f88af822000 rw-p 00000000 00:00 0 
7f88af822000-7f88af823000 r--p 00000000 00:00 0 
7f88af823000-7f88af825000 rw-p 00000000 00:00 0 
7f88af825000-7f88af826000 r--p 0001f000 08:15 402018                     /lib/ld-2.11.1.so
7f88af826000-7f88af827000 rw-p 00020000 08:15 402018                     /lib/ld-2.11.1.so
7f88af827000-7f88af828000 rw-p 00000000 00:00 0 
7fffcbdfe000-7fffcbe14000 rw-p 00000000 00:00 0                          [stack]
7fffcbeb0000-7fffcbeb1000 r-xp 00000000 00:00 0                          [vdso]
ffffffffff600000-ffffffffff601000 r-xp 00000000 00:00 0                  [vsyscall]

VM Arguments:
jvm_args: -javaagent:/home/alexander/frameworks/play-1.0.3.2/framework/play.jar -Dplay.debug=yes -Xrunjdwp:transport=dt_socket,address=8000,server=y,suspend=n -Xdebug -Dapplication.path=/home/alexander/ESE/ese2010-team2/qa -Dplay.id= 
java_command: play.server.Server
Launcher Type: SUN_STANDARD

Environment Variables:
PATH=/usr/local/sbin:/usr/local/bin:/usr/sbin:/usr/bin:/sbin:/bin:/usr/games:/home/alexander/frameworks/play-1.0.3.2/
USERNAME=alexander
LD_LIBRARY_PATH=/usr/lib/jvm/java-6-openjdk/jre/lib/amd64/server:/usr/lib/jvm/java-6-openjdk/jre/lib/amd64:/usr/lib/jvm/java-6-openjdk/jre/../lib/amd64
SHELL=/bin/bash
DISPLAY=:0.0

Signal Handlers:
SIGSEGV: [libjvm.so+0x6c2030], sa_mask[0]=0x7ffbfeff, sa_flags=0x10000004
SIGBUS: [libjvm.so+0x6c2030], sa_mask[0]=0x7ffbfeff, sa_flags=0x10000004
SIGFPE: [libjvm.so+0x58ca90], sa_mask[0]=0x7ffbfeff, sa_flags=0x10000004
SIGPIPE: [libjvm.so+0x58ca90], sa_mask[0]=0x7ffbfeff, sa_flags=0x10000004
SIGXFSZ: [libjvm.so+0x58ca90], sa_mask[0]=0x7ffbfeff, sa_flags=0x10000004
SIGILL: [libjvm.so+0x58ca90], sa_mask[0]=0x7ffbfeff, sa_flags=0x10000004
SIGUSR1: SIG_DFL, sa_mask[0]=0x00000000, sa_flags=0x00000000
SIGUSR2: [libjvm.so+0x58c1e0], sa_mask[0]=0x00000000, sa_flags=0x10000004
SIGHUP: [libjvm.so+0x58e8d0], sa_mask[0]=0x7ffbfeff, sa_flags=0x10000004
SIGINT: [libjvm.so+0x58e8d0], sa_mask[0]=0x7ffbfeff, sa_flags=0x10000004
SIGTERM: [libjvm.so+0x58e8d0], sa_mask[0]=0x7ffbfeff, sa_flags=0x10000004
SIGQUIT: [libjvm.so+0x58e8d0], sa_mask[0]=0x7ffbfeff, sa_flags=0x10000004


---------------  S Y S T E M  ---------------

OS:Ubuntu 10.04 (lucid)
uname:Linux 2.6.32-24-generic #43-Ubuntu SMP Thu Sep 16 14:58:24 UTC 2010 x86_64
libc:glibc 2.11.1 NPTL 2.11.1 
rlimit: STACK 8192k, CORE 0k, NPROC infinity, NOFILE 1024, AS infinity
load average:1.14 0.90 0.72

CPU:total 8 (8 cores per cpu, 2 threads per core) family 6 model 30 stepping 5, cmov, cx8, fxsr, mmx, sse, sse2, sse3, ssse3, sse4.1, sse4.2, popcnt, ht

Memory: 4k page, physical 4051124k(1887512k free), swap 1055736k(1055736k free)

vm_info: OpenJDK 64-Bit Server VM (16.0-b13) for linux-amd64 JRE (1.6.0_18-b18), built on Oct 25 2010 18:07:10 by "buildd" with gcc 4.4.3

time: Tue Nov  2 19:08:00 2010
elapsed time: 61 seconds

