#
# A fatal error has been detected by the Java Runtime Environment:
#
#  SIGSEGV (0xb) at pc=0x00007f902df5bc40, pid=7282, tid=140255890634512
#
# JRE version: 6.0_18-b18
# Java VM: OpenJDK 64-Bit Server VM (16.0-b13 mixed mode linux-amd64 )
# Derivative: IcedTea6 1.8.1
# Distribution: Ubuntu 10.04 LTS, package 6b18-1.8.1-0ubuntu1
# Problematic frame:
# V  [libjvm.so+0x50bc40]
#
# If you would like to submit a bug report, please include
# instructions how to reproduce the bug and visit:
#   https://bugs.launchpad.net/ubuntu/+source/openjdk-6/
#

---------------  T H R E A D  ---------------

Current thread (0x00007f8fd80b4800):  JavaThread "CompilerThread0" daemon [_thread_in_native, id=7298, stack(0x00007f8fde79f000,0x00007f8fde8a0000)]

siginfo:si_signo=SIGSEGV: si_errno=0, si_code=1 (SEGV_MAPERR), si_addr=0x0000000000000008

Registers:
RAX=0x0000000000000000, RBX=0x00007f8fde89c980, RCX=0x00007f8fd0c3ccf0, RDX=0x0000000000002000
RSP=0x00007f8fde89b190, RBP=0x00007f8fde89b1d0, RSI=0x00007f8fd8a62f20, RDI=0x0000000000000000
R8 =0x00007f8fd98d2bf0, R9 =0x00007f8fd83574d0, R10=0x0000000000000000, R11=0x00007f902e5b6e53
R12=0x00007f8fd0239b88, R13=0x00007f8fd8507248, R14=0x00007f8fde89c9a0, R15=0x00007f8fd835a088
RIP=0x00007f902df5bc40, EFL=0x0000000000010202, CSGSFS=0x0000000000000033, ERR=0x0000000000000004
  TRAPNO=0x000000000000000e

Top of Stack: (sp=0x00007f8fde89b190)
0x00007f8fde89b190:   00007f8fde89b4b0 000000000000138a
0x00007f8fde89b1a0:   00007f8fde89b1d0 00007f8fde89b470
0x00007f8fde89b1b0:   00007f8fde89c980 00007f8fd0239b88
0x00007f8fde89b1c0:   0000000000000002 00007f8fd03c2788
0x00007f8fde89b1d0:   00007f8fde89b240 00007f902df5c1a7
0x00007f8fde89b1e0:   0000000000000020 00007f8f00000001
0x00007f8fde89b1f0:   00007f8fde89d310 0000000000000000
0x00007f8fde89b200:   00007f8fde89b450 00007f8fde89b4b0
0x00007f8fde89b210:   0000000000001687 00007f8fde89c980
0x00007f8fde89b220:   00007f8fde89bf70 00007f8fde89b4b0
0x00007f8fde89b230:   00007f8fde89b450 0000000000000000
0x00007f8fde89b240:   00007f8fde89b510 00007f902df5f6f0
0x00007f8fde89b250:   00007f902e4fe888 00007f902e519ad8
0x00007f8fde89b260:   00007f8fde89b290 00007f9000001675
0x00007f8fde89b270:   000000000000b4a0 00007f902e4e0d7c
0x00007f8fde89b280:   01007f8fde89e0c0 00007f8fde89b470
0x00007f8fde89b290:   00007f8fde89b2b0 00007f902e0e1ef6
0x00007f8fde89b2a0:   00000000d80378e0 00007f8fd8656730
0x00007f8fde89b2b0:   00007f8fde89b2d0 00007f902e0e1ef6
0x00007f8fde89b2c0:   00000000d80378e0 00007f8fd8656730
0x00007f8fde89b2d0:   00007f8fd000f9a0 00007f8fd8656730
0x00007f8fde89b2e0:   00007f8fde89b2f0 00007f902e0e118d
0x00007f8fde89b2f0:   00007f8fde89b350 00007f902dd7d3de
0x00007f8fde89b300:   0000000000000000 60cde4e500380f10
0x00007f8fde89b310:   0000000000000000 000000002e0e5758
0x00007f8fde89b320:   00007f8f88ca6bff 00007f8fd9380f10
0x00007f8fde89b330:   00007f8fde89b390 00007f902de03f61
0x00007f8fde89b340:   00007f8fde89b360 00007f8fd0ca1570
0x00007f8fde89b350:   00007f8fd18fa388 00000000d0045f68
0x00007f8fde89b360:   00007f8fde89b380 00007f8fd18fa438
0x00007f8fde89b370:   00007f8fde89bf70 00007f8fde89bf70
0x00007f8fde89b380:   00007f8fd00464c0 00007f8fd18fa438 

Instructions: (pc=0x00007f902df5bc40)
0x00007f902df5bc30:   89 f6 48 c1 e6 03 48 03 b3 d0 09 00 00 48 8b 06
0x00007f902df5bc40:   48 8b 50 08 48 83 3a 00 75 27 8b 4b 28 0f 1f 00 

Stack: [0x00007f8fde79f000,0x00007f8fde8a0000],  sp=0x00007f8fde89b190,  free space=3f00000000000000030k
Native frames: (J=compiled Java code, j=interpreted, Vv=VM code, C=native code)
V  [libjvm.so+0x50bc40]
V  [libjvm.so+0x50c1a7]
V  [libjvm.so+0x50f6f0]
V  [libjvm.so+0x2b7a6b]
V  [libjvm.so+0x2b85ba]
V  [libjvm.so+0x246f7c]
V  [libjvm.so+0x2bd49a]
V  [libjvm.so+0x2bdabf]
V  [libjvm.so+0x687c4b]
V  [libjvm.so+0x58ff62]


Current CompileTask:
C2:562      jregex.Pretokenizer.next()V (1064 bytes)


---------------  P R O C E S S  ---------------

Java Threads: ( => current thread )
  0x0000000002611800 JavaThread "pool-3-thread-1" [_thread_in_Java, id=7305, stack(0x00007f8fddafc000,0x00007f8fddbfd000)]
  0x00000000026c3800 JavaThread "NioProcessor-1" [_thread_in_native, id=7304, stack(0x00007f8fddbfd000,0x00007f8fddcfe000)]
  0x00007f8fd82c8000 JavaThread "DestroyJavaVM" [_thread_blocked, id=7283, stack(0x00007f902f1eb000,0x00007f902f2ec000)]
  0x00007f8fd82c7000 JavaThread "NioSocketAcceptor-1" [_thread_in_native, id=7303, stack(0x00007f8fddcfe000,0x00007f8fdddff000)]
  0x00007f8fd839c000 JavaThread "NioSocketAcceptor-1-idleStatusChecker" [_thread_blocked, id=7302, stack(0x00007f8fdddff000,0x00007f8fddf00000)]
  0x00007f8fd80ba000 JavaThread "Low Memory Detector" daemon [_thread_blocked, id=7300, stack(0x00007f8fde59d000,0x00007f8fde69e000)]
  0x00007f8fd80b7800 JavaThread "CompilerThread1" daemon [_thread_blocked, id=7299, stack(0x00007f8fde69e000,0x00007f8fde79f000)]
=>0x00007f8fd80b4800 JavaThread "CompilerThread0" daemon [_thread_in_native, id=7298, stack(0x00007f8fde79f000,0x00007f8fde8a0000)]
  0x00007f8fd80b2000 JavaThread "JDWP Event Helper Thread" daemon [_thread_blocked, id=7297, stack(0x00007f8fde8a0000,0x00007f8fde9a1000)]
  0x00007f8fd80ae800 JavaThread "JDWP Transport Listener: dt_socket" daemon [_thread_in_native, id=7296, stack(0x00007f8fde9a1000,0x00007f8fdeaa2000)]
  0x00007f8fd807b000 JavaThread "Signal Dispatcher" daemon [_thread_blocked, id=7295, stack(0x00007f8fdeca7000,0x00007f8fdeda8000)]
  0x00007f8fd805d000 JavaThread "Finalizer" daemon [_thread_blocked, id=7294, stack(0x00007f8fdeda8000,0x00007f8fdeea9000)]
  0x00007f8fd805b000 JavaThread "Reference Handler" daemon [_thread_blocked, id=7293, stack(0x00007f8fdeea9000,0x00007f8fdefaa000)]

Other Threads:
  0x00007f8fd8056800 VMThread [stack: 0x00007f8fdefaa000,0x00007f8fdf0ab000] [id=7292]
  0x00007f8fd80c5000 WatcherThread [stack: 0x00007f8fde49c000,0x00007f8fde59d000] [id=7301]

VM state:not at safepoint (normal execution)

VM Mutex/Monitor currently owned by a thread: None

Heap
 PSYoungGen      total 8704K, used 3893K [0x00007f9014310000, 0x00007f9015000000, 0x00007f9028d10000)
  eden space 8512K, 43% used [0x00007f9014310000,0x00007f90146b54f8,0x00007f9014b60000)
  from space 192K, 83% used [0x00007f9014b80000,0x00007f9014ba8000,0x00007f9014bb0000)
  to   space 2368K, 0% used [0x00007f9014db0000,0x00007f9014db0000,0x00007f9015000000)
 PSOldGen        total 42240K, used 15977K [0x00007f8feaf10000, 0x00007f8fed850000, 0x00007f9014310000)
  object space 42240K, 37% used [0x00007f8feaf10000,0x00007f8febeaa530,0x00007f8fed850000)
 PSPermGen       total 26240K, used 26072K [0x00007f8fe0710000, 0x00007f8fe20b0000, 0x00007f8feaf10000)
  object space 26240K, 99% used [0x00007f8fe0710000,0x00007f8fe2086358,0x00007f8fe20b0000)

Dynamic libraries:
00400000-00409000 r-xp 00000000 08:15 274966                             /usr/lib/jvm/java-6-openjdk/jre/bin/java
00608000-00609000 r--p 00008000 08:15 274966                             /usr/lib/jvm/java-6-openjdk/jre/bin/java
00609000-0060a000 rw-p 00009000 08:15 274966                             /usr/lib/jvm/java-6-openjdk/jre/bin/java
02196000-02b89000 rw-p 00000000 00:00 0                                  [heap]
7f8fd0000000-7f8fd26a5000 rw-p 00000000 00:00 0 
7f8fd26a5000-7f8fd4000000 ---p 00000000 00:00 0 
7f8fd8000000-7f8fdadf9000 rw-p 00000000 00:00 0 
7f8fdadf9000-7f8fdc000000 ---p 00000000 00:00 0 
7f8fddaf7000-7f8fddafa000 r--s 00031000 08:15 273818                     /usr/lib/jvm/java-6-openjdk/jre/lib/ext/sunjce_provider.jar
7f8fddafa000-7f8fddafc000 r--s 00013000 08:15 273836                     /usr/lib/jvm/java-6-openjdk/jre/lib/jce.jar
7f8fddafc000-7f8fddaff000 ---p 00000000 00:00 0 
7f8fddaff000-7f8fddbfd000 rw-p 00000000 00:00 0 
7f8fddbfd000-7f8fddc00000 ---p 00000000 00:00 0 
7f8fddc00000-7f8fddcfe000 rw-p 00000000 00:00 0 
7f8fddcfe000-7f8fddd01000 ---p 00000000 00:00 0 
7f8fddd01000-7f8fdddff000 rw-p 00000000 00:00 0 
7f8fdddff000-7f8fdde02000 ---p 00000000 00:00 0 
7f8fdde02000-7f8fddf00000 rw-p 00000000 00:00 0 
7f8fddf00000-7f8fddf08000 r-xp 00000000 08:15 274928                     /usr/lib/jvm/java-6-openjdk/jre/lib/amd64/libnio.so
7f8fddf08000-7f8fde107000 ---p 00008000 08:15 274928                     /usr/lib/jvm/java-6-openjdk/jre/lib/amd64/libnio.so
7f8fde107000-7f8fde108000 r--p 00007000 08:15 274928                     /usr/lib/jvm/java-6-openjdk/jre/lib/amd64/libnio.so
7f8fde108000-7f8fde109000 rw-p 00008000 08:15 274928                     /usr/lib/jvm/java-6-openjdk/jre/lib/amd64/libnio.so
7f8fde109000-7f8fde11e000 r-xp 00000000 08:15 274927                     /usr/lib/jvm/java-6-openjdk/jre/lib/amd64/libnet.so
7f8fde11e000-7f8fde31d000 ---p 00015000 08:15 274927                     /usr/lib/jvm/java-6-openjdk/jre/lib/amd64/libnet.so
7f8fde31d000-7f8fde31e000 r--p 00014000 08:15 274927                     /usr/lib/jvm/java-6-openjdk/jre/lib/amd64/libnet.so
7f8fde31e000-7f8fde31f000 rw-p 00015000 08:15 274927                     /usr/lib/jvm/java-6-openjdk/jre/lib/amd64/libnet.so
7f8fde31f000-7f8fde32e000 r--s 00074000 08:15 142482                     /home/alexander/frameworks/play-1.0.3.2/framework/lib/joda-time-1.6.jar
7f8fde32e000-7f8fde335000 r--s 00038000 08:15 142500                     /home/alexander/frameworks/play-1.0.3.2/framework/lib/wikitext.core_1.1.1.jar
7f8fde335000-7f8fde359000 r--s 00473000 08:15 142477                     /home/alexander/frameworks/play-1.0.3.2/framework/lib/hibernate3.jar
7f8fde359000-7f8fde35e000 r--s 00040000 08:15 142472                     /home/alexander/frameworks/play-1.0.3.2/framework/lib/hibernate-annotations.jar
7f8fde35e000-7f8fde365000 r--s 00059000 08:15 142487                     /home/alexander/frameworks/play-1.0.3.2/framework/lib/log4j-1.2.15.jar
7f8fde365000-7f8fde36a000 r--s 0003c000 08:15 142467                     /home/alexander/frameworks/play-1.0.3.2/framework/lib/ehcache-1.5.0.jar
7f8fde36a000-7f8fde370000 r--s 00024000 08:15 142453                     /home/alexander/frameworks/play-1.0.3.2/framework/lib/asyncweb-common-0.9.0-SNAPSHOT.jar
7f8fde370000-7f8fde377000 r--s 000aa000 08:15 142493                     /home/alexander/frameworks/play-1.0.3.2/framework/lib/mysql-connector-java-5.1.8-bin.jar
7f8fde377000-7f8fde37c000 r--s 00023000 08:15 142486                     /home/alexander/frameworks/play-1.0.3.2/framework/lib/junit-4.4.jar
7f8fde37c000-7f8fde381000 r--s 00040000 08:15 142461                     /home/alexander/frameworks/play-1.0.3.2/framework/lib/commons-httpclient.jar
7f8fde381000-7f8fde389000 r--s 000a3000 08:15 142478                     /home/alexander/frameworks/play-1.0.3.2/framework/lib/hsqldb.jar
7f8fde389000-7f8fde38b000 r--s 0000a000 08:15 142458                     /home/alexander/frameworks/play-1.0.3.2/framework/lib/commons-codec.jar
7f8fde38b000-7f8fde38e000 r--s 00011000 08:15 142469                     /home/alexander/frameworks/play-1.0.3.2/framework/lib/ezmorph-1.0.3.jar
7f8fde38e000-7f8fde394000 r--s 00032000 08:15 142481                     /home/alexander/frameworks/play-1.0.3.2/framework/lib/jaxen-1.1.jar
7f8fde394000-7f8fde396000 r--s 00001000 08:15 142499                     /home/alexander/frameworks/play-1.0.3.2/framework/lib/slf4j-log4j12-1.5.0.jar
7f8fde396000-7f8fde39e000 r--s 0008a000 08:15 142480                     /home/alexander/frameworks/play-1.0.3.2/framework/lib/javassist.jar
7f8fde39e000-7f8fde3a0000 r--s 00017000 08:15 142449                     /home/alexander/frameworks/play-1.0.3.2/framework/lib/WikiText.jar
7f8fde3a0000-7f8fde3a2000 r--s 00003000 08:15 142498                     /home/alexander/frameworks/play-1.0.3.2/framework/lib/slf4j-api-1.5.0.jar
7f8fde3a2000-7f8fde3a8000 r--s 00041000 08:15 142494                     /home/alexander/frameworks/play-1.0.3.2/framework/lib/oval-1.31.jar
7f8fde3a8000-7f8fde3ab000 r--s 0001b000 08:15 142474                     /home/alexander/frameworks/play-1.0.3.2/framework/lib/hibernate-entitymanager.jar
7f8fde3ab000-7f8fde3ad000 r--s 0000c000 08:15 142451                     /home/alexander/frameworks/play-1.0.3.2/framework/lib/activation.jar
7f8fde3ad000-7f8fde3b3000 r--s 00067000 08:15 142452                     /home/alexander/frameworks/play-1.0.3.2/framework/lib/antlr-2.7.6.jar
7f8fde3b3000-7f8fde3b5000 r--s 00001000 08:15 142485                     /home/alexander/frameworks/play-1.0.3.2/framework/lib/jta.jar
7f8fde3b5000-7f8fde3be000 r--s 00048000 08:15 142454                     /home/alexander/frameworks/play-1.0.3.2/framework/lib/backport-util-concurrent-3.0.jar
7f8fde3be000-7f8fde3c0000 r--s 00001000 08:15 142484                     /home/alexander/frameworks/play-1.0.3.2/framework/lib/jsr107cache-1.0.jar
7f8fde3c0000-7f8fde3c3000 r--s 0000a000 08:15 142468                     /home/alexander/frameworks/play-1.0.3.2/framework/lib/ejb3-persistence.jar
7f8fde3c3000-7f8fde3c8000 r--s 00037000 08:15 142491                     /home/alexander/frameworks/play-1.0.3.2/framework/lib/memcached-2.4.2.jar
7f8fde3c8000-7f8fde3cd000 r--s 0002a000 08:15 142457                     /home/alexander/frameworks/play-1.0.3.2/framework/lib/commons-beanutils.jar
7f8fde3cd000-7f8fde3d2000 r--s 00048000 08:15 142466                     /home/alexander/frameworks/play-1.0.3.2/framework/lib/dom4j-1.6.1.jar
7f8fde3d2000-7f8fde3dd000 r--s 0008a000 08:15 142455                     /home/alexander/frameworks/play-1.0.3.2/framework/lib/c3p0-0.9.1.jar
7f8fde3dd000-7f8fde42c000 r--s 004b1000 08:15 142470                     /home/alexander/frameworks/play-1.0.3.2/framework/lib/groovy-all-1.7.1.jar
7f8fde42c000-7f8fde439000 r--s 0007c000 08:15 142459                     /home/alexander/frameworks/play-1.0.3.2/framework/lib/commons-collections-3.1.jar
7f8fde43a000-7f8fde43c000 r--s 0000b000 08:15 142460                     /home/alexander/frameworks/play-1.0.3.2/framework/lib/commons-fileupload-1.2.jar
7f8fde43c000-7f8fde440000 r--s 0002f000 08:15 142463                     /home/alexander/frameworks/play-1.0.3.2/framework/lib/commons-lang.jar
7f8fde440000-7f8fde444000 r--s 00023000 08:15 142471                     /home/alexander/frameworks/play-1.0.3.2/framework/lib/gson-1.3.jar
7f8fde444000-7f8fde44a000 r--s 00055000 08:15 142490                     /home/alexander/frameworks/play-1.0.3.2/framework/lib/mail.jar
7f8fde44a000-7f8fde44d000 r--s 0000f000 08:15 142497                     /home/alexander/frameworks/play-1.0.3.2/framework/lib/provided-geronimo-servlet_2.5_spec-1.2.jar
7f8fde44d000-7f8fde459000 r--s 0014c000 08:15 142465                     /home/alexander/frameworks/play-1.0.3.2/framework/lib/compiler-jdt.jar
7f8fde459000-7f8fde45c000 r--s 00018000 08:15 142462                     /home/alexander/frameworks/play-1.0.3.2/framework/lib/commons-io.jar
7f8fde45c000-7f8fde462000 r--s 00049000 08:15 142456                     /home/alexander/frameworks/play-1.0.3.2/framework/lib/cglib-nodep-2.2.jar
7f8fde462000-7f8fde464000 r--s 00015000 08:15 142483                     /home/alexander/frameworks/play-1.0.3.2/framework/lib/jregex1.2_01.jar
7f8fde464000-7f8fde466000 r--s 0000d000 08:15 142464                     /home/alexander/frameworks/play-1.0.3.2/framework/lib/commons-logging-1.1.1.jar
7f8fde466000-7f8fde469000 r--s 0000d000 08:15 142475                     /home/alexander/frameworks/play-1.0.3.2/framework/lib/hibernate-validator.jar
7f8fde469000-7f8fde46b000 r--s 00012000 08:15 142488                     /home/alexander/frameworks/play-1.0.3.2/framework/lib/lucene-analyzers-2.3.1.jar
7f8fde46b000-7f8fde46d000 r--s 00011000 08:15 142450                     /home/alexander/frameworks/play-1.0.3.2/framework/lib/ZDB.jar
7f8fde46d000-7f8fde473000 r--s 0002c000 08:15 142448                     /home/alexander/frameworks/play-1.0.3.2/framework/lib/SnakeYAML-1.2.jar
7f8fde473000-7f8fde47e000 r--s 00071000 08:15 142492                     /home/alexander/frameworks/play-1.0.3.2/framework/lib/mina-core-2.0.0-M2-SNAPSHOT.jar
7f8fde47e000-7f8fde481000 r--s 00022000 08:15 142479                     /home/alexander/frameworks/play-1.0.3.2/framework/lib/jamon-2.7.jar
7f8fde481000-7f8fde487000 r--s 00056000 08:15 142476                     /home/alexander/frameworks/play-1.0.3.2/framework/lib/hibernate3-ast.jar
7f8fde487000-7f8fde48b000 r--s 00020000 08:15 142496                     /home/alexander/frameworks/play-1.0.3.2/framework/lib/play-imaging.jar
7f8fde48b000-7f8fde497000 r--s 00097000 08:15 142489                     /home/alexander/frameworks/play-1.0.3.2/framework/lib/lucene-core-2.3.1.jar
7f8fde497000-7f8fde49a000 r--s 0000e000 08:15 142473                     /home/alexander/frameworks/play-1.0.3.2/framework/lib/hibernate-commons-annotations.jar
7f8fde49a000-7f8fde49c000 r--s 0000e000 08:15 798151                     /home/alexander/frameworks/play-1.0.3.2/modules/cobertura-2.0/lib/jakarta-oro-2.0.8.jar
7f8fde49c000-7f8fde49d000 ---p 00000000 00:00 0 
7f8fde49d000-7f8fde59d000 rw-p 00000000 00:00 0 
7f8fde59d000-7f8fde5a0000 ---p 00000000 00:00 0 
7f8fde5a0000-7f8fde69e000 rw-p 00000000 00:00 0 
7f8fde69e000-7f8fde6a1000 ---p 00000000 00:00 0 
7f8fde6a1000-7f8fde79f000 rw-p 00000000 00:00 0 
7f8fde79f000-7f8fde7a2000 ---p 00000000 00:00 0 
7f8fde7a2000-7f8fde8a0000 rw-p 00000000 00:00 0 
7f8fde8a0000-7f8fde8a3000 ---p 00000000 00:00 0 
7f8fde8a3000-7f8fde9a1000 rw-p 00000000 00:00 0 
7f8fde9a1000-7f8fde9a4000 ---p 00000000 00:00 0 
7f8fde9a4000-7f8fdeaa2000 rw-p 00000000 00:00 0 
7f8fdeaa2000-7f8fdeaa6000 r-xp 00000000 08:15 274909                     /usr/lib/jvm/java-6-openjdk/jre/lib/amd64/libdt_socket.so
7f8fdeaa6000-7f8fdeca5000 ---p 00004000 08:15 274909                     /usr/lib/jvm/java-6-openjdk/jre/lib/amd64/libdt_socket.so
7f8fdeca5000-7f8fdeca6000 r--p 00003000 08:15 274909                     /usr/lib/jvm/java-6-openjdk/jre/lib/amd64/libdt_socket.so
7f8fdeca6000-7f8fdeca7000 rw-p 00004000 08:15 274909                     /usr/lib/jvm/java-6-openjdk/jre/lib/amd64/libdt_socket.so
7f8fdeca7000-7f8fdecaa000 ---p 00000000 00:00 0 
7f8fdecaa000-7f8fdeda8000 rw-p 00000000 00:00 0 
7f8fdeda8000-7f8fdedab000 ---p 00000000 00:00 0 
7f8fdedab000-7f8fdeea9000 rw-p 00000000 00:00 0 
7f8fdeea9000-7f8fdeeac000 ---p 00000000 00:00 0 
7f8fdeeac000-7f8fdefaa000 rw-p 00000000 00:00 0 
7f8fdefaa000-7f8fdefab000 ---p 00000000 00:00 0 
7f8fdefab000-7f8fdf9e7000 rw-p 00000000 00:00 0 
7f8fdf9e7000-7f8fdfb7a000 r--s 03918000 08:15 274886                     /usr/lib/jvm/java-6-openjdk/jre/lib/rt.jar
7f8fdfb7a000-7f8fdfb7b000 ---p 00000000 00:00 0 
7f8fdfb7b000-7f8fdfc7b000 rw-p 00000000 00:00 0 
7f8fdfc7b000-7f8fdfc7c000 ---p 00000000 00:00 0 
7f8fdfc7c000-7f8fdfd7c000 rw-p 00000000 00:00 0 
7f8fdfd7c000-7f8fdfd7d000 ---p 00000000 00:00 0 
7f8fdfd7d000-7f8fdfe7d000 rw-p 00000000 00:00 0 
7f8fdfe7d000-7f8fdfe7e000 ---p 00000000 00:00 0 
7f8fdfe7e000-7f8fdff7e000 rw-p 00000000 00:00 0 
7f8fdff7e000-7f8fdff7f000 ---p 00000000 00:00 0 
7f8fdff7f000-7f8fe007f000 rw-p 00000000 00:00 0 
7f8fe007f000-7f8fe0080000 ---p 00000000 00:00 0 
7f8fe0080000-7f8fe0180000 rw-p 00000000 00:00 0 
7f8fe0180000-7f8fe0181000 ---p 00000000 00:00 0 
7f8fe0181000-7f8fe0281000 rw-p 00000000 00:00 0 
7f8fe0281000-7f8fe0282000 ---p 00000000 00:00 0 
7f8fe0282000-7f8fe0397000 rw-p 00000000 00:00 0 
7f8fe0397000-7f8fe04cc000 rw-p 00000000 00:00 0 
7f8fe04cc000-7f8fe04d9000 rw-p 00000000 00:00 0 
7f8fe04d9000-7f8fe0520000 rw-p 00000000 00:00 0 
7f8fe0520000-7f8fe0535000 rw-p 00000000 00:00 0 
7f8fe0535000-7f8fe066a000 rw-p 00000000 00:00 0 
7f8fe066a000-7f8fe0671000 rw-p 00000000 00:00 0 
7f8fe0671000-7f8fe0679000 ---p 00000000 00:00 0 
7f8fe0679000-7f8fe070f000 rw-p 00000000 00:00 0 
7f8fe070f000-7f8fe20b0000 rw-p 00000000 00:00 0 
7f8fe20b0000-7f8feaf10000 rw-p 00000000 00:00 0 
7f8feaf10000-7f8fed850000 rw-p 00000000 00:00 0 
7f8fed850000-7f9014310000 rw-p 00000000 00:00 0 
7f9014310000-7f9015000000 rw-p 00000000 00:00 0 
7f9015000000-7f9015f50000 ---p 00000000 00:00 0 
7f9015f50000-7f9028d10000 rw-p 00000000 00:00 0 
7f9028d10000-7f9028d11000 r--s 00015000 08:15 142495                     /home/alexander/frameworks/play-1.0.3.2/framework/lib/play-SimpleCaptcha.jar
7f9028d11000-7f9028d20000 rw-p 00000000 00:00 0 
7f9028d20000-7f9028dd1000 rw-p 00000000 00:00 0 
7f9028dd1000-7f9029181000 rwxp 00000000 00:00 0 
7f9029181000-7f902bdd1000 rw-p 00000000 00:00 0 
7f902bdd1000-7f902bdd8000 r-xp 00000000 08:15 274934                     /usr/lib/jvm/java-6-openjdk/jre/lib/amd64/libzip.so
7f902bdd8000-7f902bfd7000 ---p 00007000 08:15 274934                     /usr/lib/jvm/java-6-openjdk/jre/lib/amd64/libzip.so
7f902bfd7000-7f902bfd8000 r--p 00006000 08:15 274934                     /usr/lib/jvm/java-6-openjdk/jre/lib/amd64/libzip.so
7f902bfd8000-7f902bfd9000 rw-p 00007000 08:15 274934                     /usr/lib/jvm/java-6-openjdk/jre/lib/amd64/libzip.so
7f902bfd9000-7f902bfe5000 r-xp 00000000 08:15 402047                     /lib/libnss_files-2.11.1.so
7f902bfe5000-7f902c1e4000 ---p 0000c000 08:15 402047                     /lib/libnss_files-2.11.1.so
7f902c1e4000-7f902c1e5000 r--p 0000b000 08:15 402047                     /lib/libnss_files-2.11.1.so
7f902c1e5000-7f902c1e6000 rw-p 0000c000 08:15 402047                     /lib/libnss_files-2.11.1.so
7f902c1e6000-7f902c1f0000 r-xp 00000000 08:15 402031                     /lib/libnss_nis-2.11.1.so
7f902c1f0000-7f902c3ef000 ---p 0000a000 08:15 402031                     /lib/libnss_nis-2.11.1.so
7f902c3ef000-7f902c3f0000 r--p 00009000 08:15 402031                     /lib/libnss_nis-2.11.1.so
7f902c3f0000-7f902c3f1000 rw-p 0000a000 08:15 402031                     /lib/libnss_nis-2.11.1.so
7f902c3f1000-7f902c3f9000 r-xp 00000000 08:15 402030                     /lib/libnss_compat-2.11.1.so
7f902c3f9000-7f902c5f8000 ---p 00008000 08:15 402030                     /lib/libnss_compat-2.11.1.so
7f902c5f8000-7f902c5f9000 r--p 00007000 08:15 402030                     /lib/libnss_compat-2.11.1.so
7f902c5f9000-7f902c5fa000 rw-p 00008000 08:15 402030                     /lib/libnss_compat-2.11.1.so
7f902c5fa000-7f902c718000 r--p 00000000 08:15 268908                     /usr/lib/locale/de_CH.utf8/LC_COLLATE
7f902c718000-7f902c71b000 r-xp 00000000 08:15 274929                     /usr/lib/jvm/java-6-openjdk/jre/lib/amd64/libnpt.so
7f902c71b000-7f902c91a000 ---p 00003000 08:15 274929                     /usr/lib/jvm/java-6-openjdk/jre/lib/amd64/libnpt.so
7f902c91a000-7f902c91b000 r--p 00002000 08:15 274929                     /usr/lib/jvm/java-6-openjdk/jre/lib/amd64/libnpt.so
7f902c91b000-7f902c91c000 rw-p 00003000 08:15 274929                     /usr/lib/jvm/java-6-openjdk/jre/lib/amd64/libnpt.so
7f902c91c000-7f902c925000 r-xp 00000000 08:15 274912                     /usr/lib/jvm/java-6-openjdk/jre/lib/amd64/libinstrument.so
7f902c925000-7f902cb25000 ---p 00009000 08:15 274912                     /usr/lib/jvm/java-6-openjdk/jre/lib/amd64/libinstrument.so
7f902cb25000-7f902cb26000 r--p 00009000 08:15 274912                     /usr/lib/jvm/java-6-openjdk/jre/lib/amd64/libinstrument.so
7f902cb26000-7f902cb27000 rw-p 0000a000 08:15 274912                     /usr/lib/jvm/java-6-openjdk/jre/lib/amd64/libinstrument.so
7f902cb27000-7f902cb60000 r-xp 00000000 08:15 274920                     /usr/lib/jvm/java-6-openjdk/jre/lib/amd64/libjdwp.so
7f902cb60000-7f902cd5f000 ---p 00039000 08:15 274920                     /usr/lib/jvm/java-6-openjdk/jre/lib/amd64/libjdwp.so
7f902cd5f000-7f902cd60000 r--p 00038000 08:15 274920                     /usr/lib/jvm/java-6-openjdk/jre/lib/amd64/libjdwp.so
7f902cd60000-7f902cd61000 rw-p 00039000 08:15 274920                     /usr/lib/jvm/java-6-openjdk/jre/lib/amd64/libjdwp.so
7f902cd61000-7f902cd69000 r-xp 00000000 08:15 274936                     /usr/lib/jvm/java-6-openjdk/jre/lib/amd64/native_threads/libhpi.so
7f902cd69000-7f902cf68000 ---p 00008000 08:15 274936                     /usr/lib/jvm/java-6-openjdk/jre/lib/amd64/native_threads/libhpi.so
7f902cf68000-7f902cf69000 r--p 00007000 08:15 274936                     /usr/lib/jvm/java-6-openjdk/jre/lib/amd64/native_threads/libhpi.so
7f902cf69000-7f902cf6a000 rw-p 00008000 08:15 274936                     /usr/lib/jvm/java-6-openjdk/jre/lib/amd64/native_threads/libhpi.so
7f902cf6a000-7f902cf81000 r-xp 00000000 08:15 402010                     /lib/libnsl-2.11.1.so
7f902cf81000-7f902d180000 ---p 00017000 08:15 402010                     /lib/libnsl-2.11.1.so
7f902d180000-7f902d181000 r--p 00016000 08:15 402010                     /lib/libnsl-2.11.1.so
7f902d181000-7f902d182000 rw-p 00017000 08:15 402010                     /lib/libnsl-2.11.1.so
7f902d182000-7f902d184000 rw-p 00000000 00:00 0 
7f902d184000-7f902d1b1000 r-xp 00000000 08:15 274917                     /usr/lib/jvm/java-6-openjdk/jre/lib/amd64/libjava.so
7f902d1b1000-7f902d3b0000 ---p 0002d000 08:15 274917                     /usr/lib/jvm/java-6-openjdk/jre/lib/amd64/libjava.so
7f902d3b0000-7f902d3b1000 r--p 0002c000 08:15 274917                     /usr/lib/jvm/java-6-openjdk/jre/lib/amd64/libjava.so
7f902d3b1000-7f902d3b4000 rw-p 0002d000 08:15 274917                     /usr/lib/jvm/java-6-openjdk/jre/lib/amd64/libjava.so
7f902d3b4000-7f902d3c3000 r-xp 00000000 08:15 274933                     /usr/lib/jvm/java-6-openjdk/jre/lib/amd64/libverify.so
7f902d3c3000-7f902d5c2000 ---p 0000f000 08:15 274933                     /usr/lib/jvm/java-6-openjdk/jre/lib/amd64/libverify.so
7f902d5c2000-7f902d5c4000 r--p 0000e000 08:15 274933                     /usr/lib/jvm/java-6-openjdk/jre/lib/amd64/libverify.so
7f902d5c4000-7f902d5c5000 rw-p 00010000 08:15 274933                     /usr/lib/jvm/java-6-openjdk/jre/lib/amd64/libverify.so
7f902d5c5000-7f902d5cc000 r-xp 00000000 08:15 402024                     /lib/librt-2.11.1.so
7f902d5cc000-7f902d7cb000 ---p 00007000 08:15 402024                     /lib/librt-2.11.1.so
7f902d7cb000-7f902d7cc000 r--p 00006000 08:15 402024                     /lib/librt-2.11.1.so
7f902d7cc000-7f902d7cd000 rw-p 00007000 08:15 402024                     /lib/librt-2.11.1.so
7f902d7cd000-7f902d84f000 r-xp 00000000 08:15 400119                     /lib/libm-2.11.1.so
7f902d84f000-7f902da4e000 ---p 00082000 08:15 400119                     /lib/libm-2.11.1.so
7f902da4e000-7f902da4f000 r--p 00081000 08:15 400119                     /lib/libm-2.11.1.so
7f902da4f000-7f902da50000 rw-p 00082000 08:15 400119                     /lib/libm-2.11.1.so
7f902da50000-7f902e26b000 r-xp 00000000 08:15 274938                     /usr/lib/jvm/java-6-openjdk/jre/lib/amd64/server/libjvm.so
7f902e26b000-7f902e46a000 ---p 0081b000 08:15 274938                     /usr/lib/jvm/java-6-openjdk/jre/lib/amd64/server/libjvm.so
7f902e46a000-7f902e4de000 r--p 0081a000 08:15 274938                     /usr/lib/jvm/java-6-openjdk/jre/lib/amd64/server/libjvm.so
7f902e4de000-7f902e4f8000 rw-p 0088e000 08:15 274938                     /usr/lib/jvm/java-6-openjdk/jre/lib/amd64/server/libjvm.so
7f902e4f8000-7f902e531000 rw-p 00000000 00:00 0 
7f902e531000-7f902e6ab000 r-xp 00000000 08:15 402042                     /lib/libc-2.11.1.so
7f902e6ab000-7f902e8aa000 ---p 0017a000 08:15 402042                     /lib/libc-2.11.1.so
7f902e8aa000-7f902e8ae000 r--p 00179000 08:15 402042                     /lib/libc-2.11.1.so
7f902e8ae000-7f902e8af000 rw-p 0017d000 08:15 402042                     /lib/libc-2.11.1.so
7f902e8af000-7f902e8b4000 rw-p 00000000 00:00 0 
7f902e8b4000-7f902e8b6000 r-xp 00000000 08:15 402049                     /lib/libdl-2.11.1.so
7f902e8b6000-7f902eab6000 ---p 00002000 08:15 402049                     /lib/libdl-2.11.1.so
7f902eab6000-7f902eab7000 r--p 00002000 08:15 402049                     /lib/libdl-2.11.1.so
7f902eab7000-7f902eab8000 rw-p 00003000 08:15 402049                     /lib/libdl-2.11.1.so
7f902eab8000-7f902eabc000 r-xp 00000000 08:15 274899                     /usr/lib/jvm/java-6-openjdk/jre/lib/amd64/jli/libjli.so
7f902eabc000-7f902ecbb000 ---p 00004000 08:15 274899                     /usr/lib/jvm/java-6-openjdk/jre/lib/amd64/jli/libjli.so
7f902ecbb000-7f902ecbc000 r--p 00003000 08:15 274899                     /usr/lib/jvm/java-6-openjdk/jre/lib/amd64/jli/libjli.so
7f902ecbc000-7f902ecbd000 rw-p 00004000 08:15 274899                     /usr/lib/jvm/java-6-openjdk/jre/lib/amd64/jli/libjli.so
7f902ecbd000-7f902ecd5000 r-xp 00000000 08:15 402039                     /lib/libpthread-2.11.1.so
7f902ecd5000-7f902eed4000 ---p 00018000 08:15 402039                     /lib/libpthread-2.11.1.so
7f902eed4000-7f902eed5000 r--p 00017000 08:15 402039                     /lib/libpthread-2.11.1.so
7f902eed5000-7f902eed6000 rw-p 00018000 08:15 402039                     /lib/libpthread-2.11.1.so
7f902eed6000-7f902eeda000 rw-p 00000000 00:00 0 
7f902eeda000-7f902eef0000 r-xp 00000000 08:15 391874                     /lib/libz.so.1.2.3.3
7f902eef0000-7f902f0ef000 ---p 00016000 08:15 391874                     /lib/libz.so.1.2.3.3
7f902f0ef000-7f902f0f0000 r--p 00015000 08:15 391874                     /lib/libz.so.1.2.3.3
7f902f0f0000-7f902f0f1000 rw-p 00016000 08:15 391874                     /lib/libz.so.1.2.3.3
7f902f0f1000-7f902f111000 r-xp 00000000 08:15 402018                     /lib/ld-2.11.1.so
7f902f111000-7f902f113000 r--s 00009000 08:15 798152                     /home/alexander/frameworks/play-1.0.3.2/modules/cobertura-2.0/lib/asm-3.0.jar
7f902f113000-7f902f116000 r--s 00030000 08:15 798149                     /home/alexander/frameworks/play-1.0.3.2/modules/cobertura-2.0/lib/cobertura-main.jar
7f902f116000-7f902f118000 r--s 00004000 08:15 798150                     /home/alexander/frameworks/play-1.0.3.2/modules/cobertura-2.0/lib/asm-tree-3.0.jar
7f902f118000-7f902f11a000 r--s 00009000 08:15 535753                     /home/alexander/ESE/ese2010-team2/qa/lib/markdownj-1.0.2b4-0.3.0.jar
7f902f11a000-7f902f11d000 r--s 0007a000 08:15 273837                     /usr/lib/jvm/java-6-openjdk/jre/lib/jsse.jar
7f902f11d000-7f902f124000 r--s 00079000 08:15 142501                     /home/alexander/frameworks/play-1.0.3.2/framework/play.jar
7f902f124000-7f902f12d000 r--s 00065000 08:15 672110                     /usr/share/java/gnome-java-bridge.jar
7f902f12d000-7f902f130000 r--s 0000f000 08:15 273820                     /usr/lib/jvm/java-6-openjdk/jre/lib/ext/pulse-java.jar
7f902f130000-7f902f165000 rw-p 00000000 00:00 0 
7f902f165000-7f902f1ac000 rw-p 00000000 00:00 0 
7f902f1ac000-7f902f1eb000 r--p 00000000 08:15 279196                     /usr/lib/locale/de_CH.utf8/LC_CTYPE
7f902f1eb000-7f902f1ee000 ---p 00000000 00:00 0 
7f902f1ee000-7f902f2f1000 rw-p 00000000 00:00 0 
7f902f2f1000-7f902f2f2000 r--s 00001000 08:15 798153                     /home/alexander/frameworks/play-1.0.3.2/modules/cobertura-2.0/lib/play-cobertura.jar
7f902f2f2000-7f902f2f3000 rw-p 00000000 00:00 0 
7f902f2f3000-7f902f2fb000 rw-s 00000000 08:15 132716                     /tmp/hsperfdata_alexander/7282
7f902f2fb000-7f902f2fc000 r--p 00000000 08:15 269039                     /usr/lib/locale/de_CH.utf8/LC_NUMERIC
7f902f2fc000-7f902f2fd000 r--p 00000000 08:15 269040                     /usr/lib/locale/de_CH.utf8/LC_TIME
7f902f2fd000-7f902f2fe000 r--p 00000000 08:15 269041                     /usr/lib/locale/de_CH.utf8/LC_MONETARY
7f902f2fe000-7f902f2ff000 r--p 00000000 08:15 279201                     /usr/lib/locale/de_CH.utf8/LC_MESSAGES/SYS_LC_MESSAGES
7f902f2ff000-7f902f300000 r--p 00000000 08:15 269058                     /usr/lib/locale/de_CH.utf8/LC_PAPER
7f902f300000-7f902f301000 r--p 00000000 08:15 268848                     /usr/lib/locale/de_CH.utf8/LC_NAME
7f902f301000-7f902f302000 r--p 00000000 08:15 269042                     /usr/lib/locale/de_CH.utf8/LC_ADDRESS
7f902f302000-7f902f303000 r--p 00000000 08:15 269043                     /usr/lib/locale/de_CH.utf8/LC_TELEPHONE
7f902f303000-7f902f304000 r--p 00000000 08:15 269067                     /usr/lib/locale/de_CH.utf8/LC_MEASUREMENT
7f902f304000-7f902f30b000 r--s 00000000 08:15 276772                     /usr/lib/gconv/gconv-modules.cache
7f902f30b000-7f902f30c000 r--p 00000000 08:15 269045                     /usr/lib/locale/de_CH.utf8/LC_IDENTIFICATION
7f902f30c000-7f902f30d000 rw-p 00000000 00:00 0 
7f902f30d000-7f902f30e000 r--p 00000000 00:00 0 
7f902f30e000-7f902f310000 rw-p 00000000 00:00 0 
7f902f310000-7f902f311000 r--p 0001f000 08:15 402018                     /lib/ld-2.11.1.so
7f902f311000-7f902f312000 rw-p 00020000 08:15 402018                     /lib/ld-2.11.1.so
7f902f312000-7f902f313000 rw-p 00000000 00:00 0 
7fffedac8000-7fffedade000 rw-p 00000000 00:00 0                          [stack]
7fffedb2e000-7fffedb2f000 r-xp 00000000 00:00 0                          [vdso]
ffffffffff600000-ffffffffff601000 r-xp 00000000 00:00 0                  [vsyscall]

VM Arguments:
jvm_args: -javaagent:/home/alexander/frameworks/play-1.0.3.2/framework/play.jar -Dplay.debug=yes -Xrunjdwp:transport=dt_socket,address=8000,server=y,suspend=n -Xdebug -Dapplication.path=/home/alexander/ESE/ese2010-team2/qa -Dplay.id= 
java_command: play.server.Server
Launcher Type: SUN_STANDARD

Environment Variables:
PATH=/usr/local/sbin:/usr/local/bin:/usr/sbin:/usr/bin:/sbin:/bin:/usr/games:/home/alexander/frameworks/play-1.0.3.2/
USERNAME=alexander
LD_LIBRARY_PATH=/usr/lib/jvm/java-6-openjdk/jre/lib/amd64/server:/usr/lib/jvm/java-6-openjdk/jre/lib/amd64:/usr/lib/jvm/java-6-openjdk/jre/../lib/amd64
SHELL=/bin/bash
DISPLAY=:0.0

Signal Handlers:
SIGSEGV: [libjvm.so+0x6c1f70], sa_mask[0]=0x7ffbfeff, sa_flags=0x10000004
SIGBUS: [libjvm.so+0x6c1f70], sa_mask[0]=0x7ffbfeff, sa_flags=0x10000004
SIGFPE: [libjvm.so+0x58ca00], sa_mask[0]=0x7ffbfeff, sa_flags=0x10000004
SIGPIPE: [libjvm.so+0x58ca00], sa_mask[0]=0x7ffbfeff, sa_flags=0x10000004
SIGXFSZ: [libjvm.so+0x58ca00], sa_mask[0]=0x7ffbfeff, sa_flags=0x10000004
SIGILL: [libjvm.so+0x58ca00], sa_mask[0]=0x7ffbfeff, sa_flags=0x10000004
SIGUSR1: SIG_DFL, sa_mask[0]=0x00000000, sa_flags=0x00000000
SIGUSR2: [libjvm.so+0x58c150], sa_mask[0]=0x00000000, sa_flags=0x10000004
SIGHUP: [libjvm.so+0x58e840], sa_mask[0]=0x7ffbfeff, sa_flags=0x10000004
SIGINT: [libjvm.so+0x58e840], sa_mask[0]=0x7ffbfeff, sa_flags=0x10000004
SIGTERM: [libjvm.so+0x58e840], sa_mask[0]=0x7ffbfeff, sa_flags=0x10000004
SIGQUIT: [libjvm.so+0x58e840], sa_mask[0]=0x7ffbfeff, sa_flags=0x10000004


---------------  S Y S T E M  ---------------

OS:Ubuntu 10.04 (lucid)
uname:Linux 2.6.32-24-generic #43-Ubuntu SMP Thu Sep 16 14:58:24 UTC 2010 x86_64
libc:glibc 2.11.1 NPTL 2.11.1 
rlimit: STACK 8192k, CORE 0k, NPROC infinity, NOFILE 1024, AS infinity
load average:1.21 1.39 1.43

CPU:total 8 (8 cores per cpu, 2 threads per core) family 6 model 30 stepping 5, cmov, cx8, fxsr, mmx, sse, sse2, sse3, ssse3, sse4.1, sse4.2, popcnt, ht

Memory: 4k page, physical 4051124k(1799832k free), swap 1055736k(1055736k free)

vm_info: OpenJDK 64-Bit Server VM (16.0-b13) for linux-amd64 JRE (1.6.0_18-b18), built on Jul 26 2010 23:34:55 by "buildd" with gcc 4.4.3

time: Thu Oct 28 00:04:30 2010
elapsed time: 340 seconds

