#
# A fatal error has been detected by the Java Runtime Environment:
#
#  SIGSEGV (0xb) at pc=0x00007f84d4f19c40, pid=5540, tid=140207152494352
#
# JRE version: 6.0_18-b18
# Java VM: OpenJDK 64-Bit Server VM (16.0-b13 mixed mode linux-amd64 )
# Derivative: IcedTea6 1.8.1
# Distribution: Ubuntu 10.04 LTS, package 6b18-1.8.1-0ubuntu1
# Problematic frame:
# V  [libjvm.so+0x50bc40]
#
# If you would like to submit a bug report, please include
# instructions how to reproduce the bug and visit:
#   https://bugs.launchpad.net/ubuntu/+source/openjdk-6/
#

---------------  T H R E A D  ---------------

Current thread (0x00007f84800b4800):  JavaThread "CompilerThread0" daemon [_thread_in_native, id=5556, stack(0x00007f848574f000,0x00007f8485850000)]

siginfo:si_signo=SIGSEGV: si_errno=0, si_code=1 (SEGV_MAPERR), si_addr=0x0000000000000008

Registers:
RAX=0x0000000000000000, RBX=0x00007f848584ca80, RCX=0x0000000001315860, RDX=0x0000000000002000
RSP=0x00007f848584b290, RBP=0x00007f848584b2d0, RSI=0x0000000001acde70, RDI=0x0000000000000000
R8 =0x0000000000df7ac0, R9 =0x00000000013078a0, R10=0x0000000000000000, R11=0x00007f84d5574e53
R12=0x00000000011adfc8, R13=0x00000000016376c8, R14=0x00007f848584caa0, R15=0x000000000130a458
RIP=0x00007f84d4f19c40, EFL=0x0000000000010202, CSGSFS=0x0000000000000033, ERR=0x0000000000000004
  TRAPNO=0x000000000000000e

Top of Stack: (sp=0x00007f848584b290)
0x00007f848584b290:   00007f848584b5b0 000000000000138a
0x00007f848584b2a0:   00007f848584b2d0 00007f848584b570
0x00007f848584b2b0:   00007f848584ca80 00000000011adfc8
0x00007f848584b2c0:   0000000000000002 0000000001029b48
0x00007f848584b2d0:   00007f848584b340 00007f84d4f1a1a7
0x00007f848584b2e0:   0000000000000020 00007f8400000001
0x00007f848584b2f0:   00007f848584d410 0000000000000000
0x00007f848584b300:   00007f848584b550 00007f848584b5b0
0x00007f848584b310:   0000000000001687 00007f848584ca80
0x00007f848584b320:   00007f848584c070 00007f848584b5b0
0x00007f848584b330:   00007f848584b550 0000000000000000
0x00007f848584b340:   00007f848584b610 00007f84d4f1d6f0
0x00007f848584b350:   00007f84d54bc888 00007f84d54d7ad8
0x00007f848584b360:   00007f848584b390 00007f8400001675
0x00007f848584b370:   000000000000b4a0 00007f84d549ed7c
0x00007f848584b380:   01007f848584e1c0 00007f848584b570
0x00007f848584b390:   00007f848584b3b0 00007f84d509fef6
0x00007f848584b3a0:   0000000080037860 0000000000956bd0
0x00007f848584b3b0:   00007f848584b3d0 00007f84d509fef6
0x00007f848584b3c0:   0000000080037860 0000000000956bd0
0x00007f848584b3d0:   0000000000b70060 0000000000956bd0
0x00007f848584b3e0:   00007f848584b3f0 00007f84d509f18d
0x00007f848584b3f0:   00007f848584b450 00007f84d4d3b3de
0x00007f848584b400:   0000000000000000 08cde46500e97800
0x00007f848584b410:   0000000000000000 00000000d50a3758
0x00007f848584b420:   00007f8488ca6bff 0000000000e97800
0x00007f848584b430:   00007f848584b490 00007f84d4dc1f61
0x00007f848584b440:   00007f848584b460 00007f84808c7bb0
0x00007f848584b450:   000000000134da18 0000000001db3468
0x00007f848584b460:   00007f848584b480 000000000134dac8
0x00007f848584b470:   00007f848584c070 00007f848584c070
0x00007f848584b480:   0000000001db39c0 000000000134dac8 

Instructions: (pc=0x00007f84d4f19c40)
0x00007f84d4f19c30:   89 f6 48 c1 e6 03 48 03 b3 d0 09 00 00 48 8b 06
0x00007f84d4f19c40:   48 8b 50 08 48 83 3a 00 75 27 8b 4b 28 0f 1f 00 

Stack: [0x00007f848574f000,0x00007f8485850000],  sp=0x00007f848584b290,  free space=3f00000000000000030k
Native frames: (J=compiled Java code, j=interpreted, Vv=VM code, C=native code)
V  [libjvm.so+0x50bc40]
V  [libjvm.so+0x50c1a7]
V  [libjvm.so+0x50f6f0]
V  [libjvm.so+0x2b7a6b]
V  [libjvm.so+0x2b85ba]
V  [libjvm.so+0x246f7c]
V  [libjvm.so+0x2bd49a]
V  [libjvm.so+0x2bdabf]
V  [libjvm.so+0x687c4b]
V  [libjvm.so+0x58ff62]


Current CompileTask:
C2:673      jregex.Pretokenizer.next()V (1064 bytes)


---------------  P R O C E S S  ---------------

Java Threads: ( => current thread )
  0x0000000001076800 JavaThread "NioProcessor-1" [_thread_in_native, id=6503, stack(0x00007f8484b92000,0x00007f8484c93000)]
  0x0000000000ff1000 JavaThread "pool-3-thread-1" [_thread_in_native, id=5563, stack(0x00007f8484a91000,0x00007f8484b92000)]
  0x0000000000895800 JavaThread "DestroyJavaVM" [_thread_blocked, id=5541, stack(0x00007f84d61a9000,0x00007f84d62aa000)]
  0x000000000127c800 JavaThread "NioSocketAcceptor-1" [_thread_in_native, id=5561, stack(0x00007f8484c93000,0x00007f8484d94000)]
  0x0000000000a11000 JavaThread "NioSocketAcceptor-1-idleStatusChecker" [_thread_blocked, id=5560, stack(0x00007f8484d94000,0x00007f8484e95000)]
  0x00007f84800ba000 JavaThread "Low Memory Detector" daemon [_thread_blocked, id=5558, stack(0x00007f848554d000,0x00007f848564e000)]
  0x00007f84800b7800 JavaThread "CompilerThread1" daemon [_thread_in_native, id=5557, stack(0x00007f848564e000,0x00007f848574f000)]
=>0x00007f84800b4800 JavaThread "CompilerThread0" daemon [_thread_in_native, id=5556, stack(0x00007f848574f000,0x00007f8485850000)]
  0x00007f84800b2000 JavaThread "JDWP Event Helper Thread" daemon [_thread_blocked, id=5555, stack(0x00007f8485850000,0x00007f8485951000)]
  0x00007f84800ae800 JavaThread "JDWP Transport Listener: dt_socket" daemon [_thread_in_native, id=5554, stack(0x00007f8485951000,0x00007f8485a52000)]
  0x00007f848007b000 JavaThread "Signal Dispatcher" daemon [_thread_blocked, id=5553, stack(0x00007f8485c57000,0x00007f8485d58000)]
  0x00007f848005d000 JavaThread "Finalizer" daemon [_thread_blocked, id=5552, stack(0x00007f8485d58000,0x00007f8485e59000)]
  0x00007f848005b000 JavaThread "Reference Handler" daemon [_thread_blocked, id=5551, stack(0x00007f8485e59000,0x00007f8485f5a000)]

Other Threads:
  0x00007f8480056800 VMThread [stack: 0x00007f8485f5a000,0x00007f848605b000] [id=5550]
  0x00007f84800c5000 WatcherThread [stack: 0x00007f848544c000,0x00007f848554d000] [id=5559]

VM state:not at safepoint (normal execution)

VM Mutex/Monitor currently owned by a thread: None

Heap
 PSYoungGen      total 8640K, used 3228K [0x00007f84bb2c0000, 0x00007f84bbe10000, 0x00007f84cfcc0000)
  eden space 7104K, 41% used [0x00007f84bb2c0000,0x00007f84bb5a70f0,0x00007f84bb9b0000)
  from space 1536K, 16% used [0x00007f84bb9b0000,0x00007f84bb9f0000,0x00007f84bbb30000)
  to   space 1472K, 0% used [0x00007f84bbca0000,0x00007f84bbca0000,0x00007f84bbe10000)
 PSOldGen        total 42240K, used 21510K [0x00007f8491ec0000, 0x00007f8494800000, 0x00007f84bb2c0000)
  object space 42240K, 50% used [0x00007f8491ec0000,0x00007f84933c19c0,0x00007f8494800000)
 PSPermGen       total 28928K, used 28903K [0x00007f84876c0000, 0x00007f8489300000, 0x00007f8491ec0000)
  object space 28928K, 99% used [0x00007f84876c0000,0x00007f84892f9ed0,0x00007f8489300000)

Dynamic libraries:
00400000-00409000 r-xp 00000000 08:15 274966                             /usr/lib/jvm/java-6-openjdk/jre/bin/java
00608000-00609000 r--p 00008000 08:15 274966                             /usr/lib/jvm/java-6-openjdk/jre/bin/java
00609000-0060a000 rw-p 00009000 08:15 274966                             /usr/lib/jvm/java-6-openjdk/jre/bin/java
00882000-02a7e000 rw-p 00000000 00:00 0                                  [heap]
7f8480000000-7f848272a000 rw-p 00000000 00:00 0 
7f848272a000-7f8484000000 ---p 00000000 00:00 0 
7f8484a91000-7f8484a94000 ---p 00000000 00:00 0 
7f8484a94000-7f8484b92000 rw-p 00000000 00:00 0 
7f8484b92000-7f8484b95000 ---p 00000000 00:00 0 
7f8484b95000-7f8484c93000 rw-p 00000000 00:00 0 
7f8484c93000-7f8484c96000 ---p 00000000 00:00 0 
7f8484c96000-7f8484d94000 rw-p 00000000 00:00 0 
7f8484d94000-7f8484d97000 ---p 00000000 00:00 0 
7f8484d97000-7f8484e95000 rw-p 00000000 00:00 0 
7f8484e95000-7f8484e9d000 r-xp 00000000 08:15 274928                     /usr/lib/jvm/java-6-openjdk/jre/lib/amd64/libnio.so
7f8484e9d000-7f848509c000 ---p 00008000 08:15 274928                     /usr/lib/jvm/java-6-openjdk/jre/lib/amd64/libnio.so
7f848509c000-7f848509d000 r--p 00007000 08:15 274928                     /usr/lib/jvm/java-6-openjdk/jre/lib/amd64/libnio.so
7f848509d000-7f848509e000 rw-p 00008000 08:15 274928                     /usr/lib/jvm/java-6-openjdk/jre/lib/amd64/libnio.so
7f848509e000-7f84850b3000 r-xp 00000000 08:15 274927                     /usr/lib/jvm/java-6-openjdk/jre/lib/amd64/libnet.so
7f84850b3000-7f84852b2000 ---p 00015000 08:15 274927                     /usr/lib/jvm/java-6-openjdk/jre/lib/amd64/libnet.so
7f84852b2000-7f84852b3000 r--p 00014000 08:15 274927                     /usr/lib/jvm/java-6-openjdk/jre/lib/amd64/libnet.so
7f84852b3000-7f84852b4000 rw-p 00015000 08:15 274927                     /usr/lib/jvm/java-6-openjdk/jre/lib/amd64/libnet.so
7f84852b4000-7f84852c3000 r--s 00074000 08:15 142482                     /home/alexander/frameworks/play-1.0.3.2/framework/lib/joda-time-1.6.jar
7f84852c3000-7f84852c4000 r--s 00015000 08:15 142495                     /home/alexander/frameworks/play-1.0.3.2/framework/lib/play-SimpleCaptcha.jar
7f84852c4000-7f84852cb000 r--s 00038000 08:15 142500                     /home/alexander/frameworks/play-1.0.3.2/framework/lib/wikitext.core_1.1.1.jar
7f84852cb000-7f84852ef000 r--s 00473000 08:15 142477                     /home/alexander/frameworks/play-1.0.3.2/framework/lib/hibernate3.jar
7f84852ef000-7f84852f4000 r--s 00040000 08:15 142472                     /home/alexander/frameworks/play-1.0.3.2/framework/lib/hibernate-annotations.jar
7f84852f4000-7f84852f7000 r--s 0001b000 08:15 142474                     /home/alexander/frameworks/play-1.0.3.2/framework/lib/hibernate-entitymanager.jar
7f84852f7000-7f84852fe000 r--s 00059000 08:15 142487                     /home/alexander/frameworks/play-1.0.3.2/framework/lib/log4j-1.2.15.jar
7f84852fe000-7f8485303000 r--s 0003c000 08:15 142467                     /home/alexander/frameworks/play-1.0.3.2/framework/lib/ehcache-1.5.0.jar
7f8485303000-7f8485305000 r--s 0000c000 08:15 142451                     /home/alexander/frameworks/play-1.0.3.2/framework/lib/activation.jar
7f848532a000-7f848532d000 r--s 00031000 08:15 273818                     /usr/lib/jvm/java-6-openjdk/jre/lib/ext/sunjce_provider.jar
7f848532d000-7f848532f000 r--s 00013000 08:15 273836                     /usr/lib/jvm/java-6-openjdk/jre/lib/jce.jar
7f848532f000-7f8485335000 r--s 00067000 08:15 142452                     /home/alexander/frameworks/play-1.0.3.2/framework/lib/antlr-2.7.6.jar
7f8485335000-7f8485337000 r--s 00001000 08:15 142485                     /home/alexander/frameworks/play-1.0.3.2/framework/lib/jta.jar
7f8485337000-7f8485340000 r--s 00048000 08:15 142454                     /home/alexander/frameworks/play-1.0.3.2/framework/lib/backport-util-concurrent-3.0.jar
7f8485340000-7f8485342000 r--s 00001000 08:15 142484                     /home/alexander/frameworks/play-1.0.3.2/framework/lib/jsr107cache-1.0.jar
7f8485342000-7f8485345000 r--s 0000a000 08:15 142468                     /home/alexander/frameworks/play-1.0.3.2/framework/lib/ejb3-persistence.jar
7f8485345000-7f848534a000 r--s 00037000 08:15 142491                     /home/alexander/frameworks/play-1.0.3.2/framework/lib/memcached-2.4.2.jar
7f848534a000-7f848534f000 r--s 0002a000 08:15 142457                     /home/alexander/frameworks/play-1.0.3.2/framework/lib/commons-beanutils.jar
7f848534f000-7f8485354000 r--s 00048000 08:15 142466                     /home/alexander/frameworks/play-1.0.3.2/framework/lib/dom4j-1.6.1.jar
7f8485354000-7f848535a000 r--s 00024000 08:15 142453                     /home/alexander/frameworks/play-1.0.3.2/framework/lib/asyncweb-common-0.9.0-SNAPSHOT.jar
7f848535a000-7f8485361000 r--s 000aa000 08:15 142493                     /home/alexander/frameworks/play-1.0.3.2/framework/lib/mysql-connector-java-5.1.8-bin.jar
7f8485361000-7f8485366000 r--s 00023000 08:15 142486                     /home/alexander/frameworks/play-1.0.3.2/framework/lib/junit-4.4.jar
7f8485366000-7f848536b000 r--s 00040000 08:15 142461                     /home/alexander/frameworks/play-1.0.3.2/framework/lib/commons-httpclient.jar
7f848536b000-7f8485373000 r--s 000a3000 08:15 142478                     /home/alexander/frameworks/play-1.0.3.2/framework/lib/hsqldb.jar
7f8485373000-7f8485375000 r--s 0000a000 08:15 142458                     /home/alexander/frameworks/play-1.0.3.2/framework/lib/commons-codec.jar
7f8485375000-7f8485378000 r--s 00011000 08:15 142469                     /home/alexander/frameworks/play-1.0.3.2/framework/lib/ezmorph-1.0.3.jar
7f8485378000-7f848537e000 r--s 00032000 08:15 142481                     /home/alexander/frameworks/play-1.0.3.2/framework/lib/jaxen-1.1.jar
7f848537e000-7f8485380000 r--s 00001000 08:15 142499                     /home/alexander/frameworks/play-1.0.3.2/framework/lib/slf4j-log4j12-1.5.0.jar
7f8485380000-7f8485388000 r--s 0008a000 08:15 142480                     /home/alexander/frameworks/play-1.0.3.2/framework/lib/javassist.jar
7f8485388000-7f848538a000 r--s 00017000 08:15 142449                     /home/alexander/frameworks/play-1.0.3.2/framework/lib/WikiText.jar
7f848538a000-7f848538c000 r--s 00003000 08:15 142498                     /home/alexander/frameworks/play-1.0.3.2/framework/lib/slf4j-api-1.5.0.jar
7f848538c000-7f8485392000 r--s 00041000 08:15 142494                     /home/alexander/frameworks/play-1.0.3.2/framework/lib/oval-1.31.jar
7f8485392000-7f848539d000 r--s 0008a000 08:15 142455                     /home/alexander/frameworks/play-1.0.3.2/framework/lib/c3p0-0.9.1.jar
7f848539d000-7f848539f000 r--s 0000b000 08:15 142460                     /home/alexander/frameworks/play-1.0.3.2/framework/lib/commons-fileupload-1.2.jar
7f848539f000-7f84853a3000 r--s 0002f000 08:15 142463                     /home/alexander/frameworks/play-1.0.3.2/framework/lib/commons-lang.jar
7f84853a3000-7f84853f2000 r--s 004b1000 08:15 142470                     /home/alexander/frameworks/play-1.0.3.2/framework/lib/groovy-all-1.7.1.jar
7f84853f2000-7f84853f6000 r--s 00023000 08:15 142471                     /home/alexander/frameworks/play-1.0.3.2/framework/lib/gson-1.3.jar
7f84853f6000-7f84853fc000 r--s 00055000 08:15 142490                     /home/alexander/frameworks/play-1.0.3.2/framework/lib/mail.jar
7f84853fc000-7f84853ff000 r--s 0000f000 08:15 142497                     /home/alexander/frameworks/play-1.0.3.2/framework/lib/provided-geronimo-servlet_2.5_spec-1.2.jar
7f84853ff000-7f848540b000 r--s 0014c000 08:15 142465                     /home/alexander/frameworks/play-1.0.3.2/framework/lib/compiler-jdt.jar
7f848540b000-7f848540e000 r--s 00018000 08:15 142462                     /home/alexander/frameworks/play-1.0.3.2/framework/lib/commons-io.jar
7f848540e000-7f848541b000 r--s 0007c000 08:15 142459                     /home/alexander/frameworks/play-1.0.3.2/framework/lib/commons-collections-3.1.jar
7f848541b000-7f8485421000 r--s 00049000 08:15 142456                     /home/alexander/frameworks/play-1.0.3.2/framework/lib/cglib-nodep-2.2.jar
7f8485421000-7f8485423000 r--s 00015000 08:15 142483                     /home/alexander/frameworks/play-1.0.3.2/framework/lib/jregex1.2_01.jar
7f8485423000-7f8485425000 r--s 0000d000 08:15 142464                     /home/alexander/frameworks/play-1.0.3.2/framework/lib/commons-logging-1.1.1.jar
7f8485425000-7f8485428000 r--s 0000d000 08:15 142475                     /home/alexander/frameworks/play-1.0.3.2/framework/lib/hibernate-validator.jar
7f8485428000-7f848542a000 r--s 00012000 08:15 142488                     /home/alexander/frameworks/play-1.0.3.2/framework/lib/lucene-analyzers-2.3.1.jar
7f848542a000-7f848542c000 r--s 00011000 08:15 142450                     /home/alexander/frameworks/play-1.0.3.2/framework/lib/ZDB.jar
7f848542c000-7f8485432000 r--s 0002c000 08:15 142448                     /home/alexander/frameworks/play-1.0.3.2/framework/lib/SnakeYAML-1.2.jar
7f8485432000-7f848543d000 r--s 00071000 08:15 142492                     /home/alexander/frameworks/play-1.0.3.2/framework/lib/mina-core-2.0.0-M2-SNAPSHOT.jar
7f848543d000-7f8485440000 r--s 00022000 08:15 142479                     /home/alexander/frameworks/play-1.0.3.2/framework/lib/jamon-2.7.jar
7f8485440000-7f848544c000 r--s 00097000 08:15 142489                     /home/alexander/frameworks/play-1.0.3.2/framework/lib/lucene-core-2.3.1.jar
7f848544c000-7f848544d000 ---p 00000000 00:00 0 
7f848544d000-7f848554d000 rw-p 00000000 00:00 0 
7f848554d000-7f8485550000 ---p 00000000 00:00 0 
7f8485550000-7f848564e000 rw-p 00000000 00:00 0 
7f848564e000-7f8485651000 ---p 00000000 00:00 0 
7f8485651000-7f848574f000 rw-p 00000000 00:00 0 
7f848574f000-7f8485752000 ---p 00000000 00:00 0 
7f8485752000-7f8485850000 rw-p 00000000 00:00 0 
7f8485850000-7f8485853000 ---p 00000000 00:00 0 
7f8485853000-7f8485951000 rw-p 00000000 00:00 0 
7f8485951000-7f8485954000 ---p 00000000 00:00 0 
7f8485954000-7f8485a52000 rw-p 00000000 00:00 0 
7f8485a52000-7f8485a56000 r-xp 00000000 08:15 274909                     /usr/lib/jvm/java-6-openjdk/jre/lib/amd64/libdt_socket.so
7f8485a56000-7f8485c55000 ---p 00004000 08:15 274909                     /usr/lib/jvm/java-6-openjdk/jre/lib/amd64/libdt_socket.so
7f8485c55000-7f8485c56000 r--p 00003000 08:15 274909                     /usr/lib/jvm/java-6-openjdk/jre/lib/amd64/libdt_socket.so
7f8485c56000-7f8485c57000 rw-p 00004000 08:15 274909                     /usr/lib/jvm/java-6-openjdk/jre/lib/amd64/libdt_socket.so
7f8485c57000-7f8485c5a000 ---p 00000000 00:00 0 
7f8485c5a000-7f8485d58000 rw-p 00000000 00:00 0 
7f8485d58000-7f8485d5b000 ---p 00000000 00:00 0 
7f8485d5b000-7f8485e59000 rw-p 00000000 00:00 0 
7f8485e59000-7f8485e5c000 ---p 00000000 00:00 0 
7f8485e5c000-7f8485f5a000 rw-p 00000000 00:00 0 
7f8485f5a000-7f8485f5b000 ---p 00000000 00:00 0 
7f8485f5b000-7f8486997000 rw-p 00000000 00:00 0 
7f8486997000-7f8486b2a000 r--s 03918000 08:15 274886                     /usr/lib/jvm/java-6-openjdk/jre/lib/rt.jar
7f8486b2a000-7f8486b2b000 ---p 00000000 00:00 0 
7f8486b2b000-7f8486c2b000 rw-p 00000000 00:00 0 
7f8486c2b000-7f8486c2c000 ---p 00000000 00:00 0 
7f8486c2c000-7f8486d2c000 rw-p 00000000 00:00 0 
7f8486d2c000-7f8486d2d000 ---p 00000000 00:00 0 
7f8486d2d000-7f8486e2d000 rw-p 00000000 00:00 0 
7f8486e2d000-7f8486e2e000 ---p 00000000 00:00 0 
7f8486e2e000-7f8486f2e000 rw-p 00000000 00:00 0 
7f8486f2e000-7f8486f2f000 ---p 00000000 00:00 0 
7f8486f2f000-7f848702f000 rw-p 00000000 00:00 0 
7f848702f000-7f8487030000 ---p 00000000 00:00 0 
7f8487030000-7f8487130000 rw-p 00000000 00:00 0 
7f8487130000-7f8487131000 ---p 00000000 00:00 0 
7f8487131000-7f8487231000 rw-p 00000000 00:00 0 
7f8487231000-7f8487232000 ---p 00000000 00:00 0 
7f8487232000-7f8487347000 rw-p 00000000 00:00 0 
7f8487347000-7f848747c000 rw-p 00000000 00:00 0 
7f848747c000-7f848748b000 rw-p 00000000 00:00 0 
7f848748b000-7f84874d0000 rw-p 00000000 00:00 0 
7f84874d0000-7f84874e5000 rw-p 00000000 00:00 0 
7f84874e5000-7f848761a000 rw-p 00000000 00:00 0 
7f848761a000-7f8487620000 rw-p 00000000 00:00 0 
7f8487620000-7f8487629000 ---p 00000000 00:00 0 
7f8487629000-7f84876bf000 rw-p 00000000 00:00 0 
7f84876bf000-7f8489300000 rw-p 00000000 00:00 0 
7f8489300000-7f8491ec0000 rw-p 00000000 00:00 0 
7f8491ec0000-7f8494800000 rw-p 00000000 00:00 0 
7f8494800000-7f84bb2c0000 rw-p 00000000 00:00 0 
7f84bb2c0000-7f84bbe10000 rw-p 00000000 00:00 0 
7f84bbe10000-7f84bcf20000 ---p 00000000 00:00 0 
7f84bcf20000-7f84cfcc0000 rw-p 00000000 00:00 0 
7f84cfcc0000-7f84cfcc6000 r--s 00056000 08:15 142476                     /home/alexander/frameworks/play-1.0.3.2/framework/lib/hibernate3-ast.jar
7f84cfcc6000-7f84cfcca000 r--s 00020000 08:15 142496                     /home/alexander/frameworks/play-1.0.3.2/framework/lib/play-imaging.jar
7f84cfcca000-7f84cfccd000 r--s 0000e000 08:15 142473                     /home/alexander/frameworks/play-1.0.3.2/framework/lib/hibernate-commons-annotations.jar
7f84cfccd000-7f84cfccf000 r--s 0000e000 08:15 798151                     /home/alexander/frameworks/play-1.0.3.2/modules/cobertura-2.0/lib/jakarta-oro-2.0.8.jar
7f84cfccf000-7f84cfce0000 rw-p 00000000 00:00 0 
7f84cfce0000-7f84cfd8f000 rw-p 00000000 00:00 0 
7f84cfd8f000-7f84d01af000 rwxp 00000000 00:00 0 
7f84d01af000-7f84d2d8f000 rw-p 00000000 00:00 0 
7f84d2d8f000-7f84d2d96000 r-xp 00000000 08:15 274934                     /usr/lib/jvm/java-6-openjdk/jre/lib/amd64/libzip.so
7f84d2d96000-7f84d2f95000 ---p 00007000 08:15 274934                     /usr/lib/jvm/java-6-openjdk/jre/lib/amd64/libzip.so
7f84d2f95000-7f84d2f96000 r--p 00006000 08:15 274934                     /usr/lib/jvm/java-6-openjdk/jre/lib/amd64/libzip.so
7f84d2f96000-7f84d2f97000 rw-p 00007000 08:15 274934                     /usr/lib/jvm/java-6-openjdk/jre/lib/amd64/libzip.so
7f84d2f97000-7f84d2fa3000 r-xp 00000000 08:15 402047                     /lib/libnss_files-2.11.1.so
7f84d2fa3000-7f84d31a2000 ---p 0000c000 08:15 402047                     /lib/libnss_files-2.11.1.so
7f84d31a2000-7f84d31a3000 r--p 0000b000 08:15 402047                     /lib/libnss_files-2.11.1.so
7f84d31a3000-7f84d31a4000 rw-p 0000c000 08:15 402047                     /lib/libnss_files-2.11.1.so
7f84d31a4000-7f84d31ae000 r-xp 00000000 08:15 402031                     /lib/libnss_nis-2.11.1.so
7f84d31ae000-7f84d33ad000 ---p 0000a000 08:15 402031                     /lib/libnss_nis-2.11.1.so
7f84d33ad000-7f84d33ae000 r--p 00009000 08:15 402031                     /lib/libnss_nis-2.11.1.so
7f84d33ae000-7f84d33af000 rw-p 0000a000 08:15 402031                     /lib/libnss_nis-2.11.1.so
7f84d33af000-7f84d33b7000 r-xp 00000000 08:15 402030                     /lib/libnss_compat-2.11.1.so
7f84d33b7000-7f84d35b6000 ---p 00008000 08:15 402030                     /lib/libnss_compat-2.11.1.so
7f84d35b6000-7f84d35b7000 r--p 00007000 08:15 402030                     /lib/libnss_compat-2.11.1.so
7f84d35b7000-7f84d35b8000 rw-p 00008000 08:15 402030                     /lib/libnss_compat-2.11.1.so
7f84d35b8000-7f84d36d6000 r--p 00000000 08:15 268908                     /usr/lib/locale/de_CH.utf8/LC_COLLATE
7f84d36d6000-7f84d36d9000 r-xp 00000000 08:15 274929                     /usr/lib/jvm/java-6-openjdk/jre/lib/amd64/libnpt.so
7f84d36d9000-7f84d38d8000 ---p 00003000 08:15 274929                     /usr/lib/jvm/java-6-openjdk/jre/lib/amd64/libnpt.so
7f84d38d8000-7f84d38d9000 r--p 00002000 08:15 274929                     /usr/lib/jvm/java-6-openjdk/jre/lib/amd64/libnpt.so
7f84d38d9000-7f84d38da000 rw-p 00003000 08:15 274929                     /usr/lib/jvm/java-6-openjdk/jre/lib/amd64/libnpt.so
7f84d38da000-7f84d38e3000 r-xp 00000000 08:15 274912                     /usr/lib/jvm/java-6-openjdk/jre/lib/amd64/libinstrument.so
7f84d38e3000-7f84d3ae3000 ---p 00009000 08:15 274912                     /usr/lib/jvm/java-6-openjdk/jre/lib/amd64/libinstrument.so
7f84d3ae3000-7f84d3ae4000 r--p 00009000 08:15 274912                     /usr/lib/jvm/java-6-openjdk/jre/lib/amd64/libinstrument.so
7f84d3ae4000-7f84d3ae5000 rw-p 0000a000 08:15 274912                     /usr/lib/jvm/java-6-openjdk/jre/lib/amd64/libinstrument.so
7f84d3ae5000-7f84d3b1e000 r-xp 00000000 08:15 274920                     /usr/lib/jvm/java-6-openjdk/jre/lib/amd64/libjdwp.so
7f84d3b1e000-7f84d3d1d000 ---p 00039000 08:15 274920                     /usr/lib/jvm/java-6-openjdk/jre/lib/amd64/libjdwp.so
7f84d3d1d000-7f84d3d1e000 r--p 00038000 08:15 274920                     /usr/lib/jvm/java-6-openjdk/jre/lib/amd64/libjdwp.so
7f84d3d1e000-7f84d3d1f000 rw-p 00039000 08:15 274920                     /usr/lib/jvm/java-6-openjdk/jre/lib/amd64/libjdwp.so
7f84d3d1f000-7f84d3d27000 r-xp 00000000 08:15 274936                     /usr/lib/jvm/java-6-openjdk/jre/lib/amd64/native_threads/libhpi.so
7f84d3d27000-7f84d3f26000 ---p 00008000 08:15 274936                     /usr/lib/jvm/java-6-openjdk/jre/lib/amd64/native_threads/libhpi.so
7f84d3f26000-7f84d3f27000 r--p 00007000 08:15 274936                     /usr/lib/jvm/java-6-openjdk/jre/lib/amd64/native_threads/libhpi.so
7f84d3f27000-7f84d3f28000 rw-p 00008000 08:15 274936                     /usr/lib/jvm/java-6-openjdk/jre/lib/amd64/native_threads/libhpi.so
7f84d3f28000-7f84d3f3f000 r-xp 00000000 08:15 402010                     /lib/libnsl-2.11.1.so
7f84d3f3f000-7f84d413e000 ---p 00017000 08:15 402010                     /lib/libnsl-2.11.1.so
7f84d413e000-7f84d413f000 r--p 00016000 08:15 402010                     /lib/libnsl-2.11.1.so
7f84d413f000-7f84d4140000 rw-p 00017000 08:15 402010                     /lib/libnsl-2.11.1.so
7f84d4140000-7f84d4142000 rw-p 00000000 00:00 0 
7f84d4142000-7f84d416f000 r-xp 00000000 08:15 274917                     /usr/lib/jvm/java-6-openjdk/jre/lib/amd64/libjava.so
7f84d416f000-7f84d436e000 ---p 0002d000 08:15 274917                     /usr/lib/jvm/java-6-openjdk/jre/lib/amd64/libjava.so
7f84d436e000-7f84d436f000 r--p 0002c000 08:15 274917                     /usr/lib/jvm/java-6-openjdk/jre/lib/amd64/libjava.so
7f84d436f000-7f84d4372000 rw-p 0002d000 08:15 274917                     /usr/lib/jvm/java-6-openjdk/jre/lib/amd64/libjava.so
7f84d4372000-7f84d4381000 r-xp 00000000 08:15 274933                     /usr/lib/jvm/java-6-openjdk/jre/lib/amd64/libverify.so
7f84d4381000-7f84d4580000 ---p 0000f000 08:15 274933                     /usr/lib/jvm/java-6-openjdk/jre/lib/amd64/libverify.so
7f84d4580000-7f84d4582000 r--p 0000e000 08:15 274933                     /usr/lib/jvm/java-6-openjdk/jre/lib/amd64/libverify.so
7f84d4582000-7f84d4583000 rw-p 00010000 08:15 274933                     /usr/lib/jvm/java-6-openjdk/jre/lib/amd64/libverify.so
7f84d4583000-7f84d458a000 r-xp 00000000 08:15 402024                     /lib/librt-2.11.1.so
7f84d458a000-7f84d4789000 ---p 00007000 08:15 402024                     /lib/librt-2.11.1.so
7f84d4789000-7f84d478a000 r--p 00006000 08:15 402024                     /lib/librt-2.11.1.so
7f84d478a000-7f84d478b000 rw-p 00007000 08:15 402024                     /lib/librt-2.11.1.so
7f84d478b000-7f84d480d000 r-xp 00000000 08:15 400119                     /lib/libm-2.11.1.so
7f84d480d000-7f84d4a0c000 ---p 00082000 08:15 400119                     /lib/libm-2.11.1.so
7f84d4a0c000-7f84d4a0d000 r--p 00081000 08:15 400119                     /lib/libm-2.11.1.so
7f84d4a0d000-7f84d4a0e000 rw-p 00082000 08:15 400119                     /lib/libm-2.11.1.so
7f84d4a0e000-7f84d5229000 r-xp 00000000 08:15 274938                     /usr/lib/jvm/java-6-openjdk/jre/lib/amd64/server/libjvm.so
7f84d5229000-7f84d5428000 ---p 0081b000 08:15 274938                     /usr/lib/jvm/java-6-openjdk/jre/lib/amd64/server/libjvm.so
7f84d5428000-7f84d549c000 r--p 0081a000 08:15 274938                     /usr/lib/jvm/java-6-openjdk/jre/lib/amd64/server/libjvm.so
7f84d549c000-7f84d54b6000 rw-p 0088e000 08:15 274938                     /usr/lib/jvm/java-6-openjdk/jre/lib/amd64/server/libjvm.so
7f84d54b6000-7f84d54ef000 rw-p 00000000 00:00 0 
7f84d54ef000-7f84d5669000 r-xp 00000000 08:15 402042                     /lib/libc-2.11.1.so
7f84d5669000-7f84d5868000 ---p 0017a000 08:15 402042                     /lib/libc-2.11.1.so
7f84d5868000-7f84d586c000 r--p 00179000 08:15 402042                     /lib/libc-2.11.1.so
7f84d586c000-7f84d586d000 rw-p 0017d000 08:15 402042                     /lib/libc-2.11.1.so
7f84d586d000-7f84d5872000 rw-p 00000000 00:00 0 
7f84d5872000-7f84d5874000 r-xp 00000000 08:15 402049                     /lib/libdl-2.11.1.so
7f84d5874000-7f84d5a74000 ---p 00002000 08:15 402049                     /lib/libdl-2.11.1.so
7f84d5a74000-7f84d5a75000 r--p 00002000 08:15 402049                     /lib/libdl-2.11.1.so
7f84d5a75000-7f84d5a76000 rw-p 00003000 08:15 402049                     /lib/libdl-2.11.1.so
7f84d5a76000-7f84d5a7a000 r-xp 00000000 08:15 274899                     /usr/lib/jvm/java-6-openjdk/jre/lib/amd64/jli/libjli.so
7f84d5a7a000-7f84d5c79000 ---p 00004000 08:15 274899                     /usr/lib/jvm/java-6-openjdk/jre/lib/amd64/jli/libjli.so
7f84d5c79000-7f84d5c7a000 r--p 00003000 08:15 274899                     /usr/lib/jvm/java-6-openjdk/jre/lib/amd64/jli/libjli.so
7f84d5c7a000-7f84d5c7b000 rw-p 00004000 08:15 274899                     /usr/lib/jvm/java-6-openjdk/jre/lib/amd64/jli/libjli.so
7f84d5c7b000-7f84d5c93000 r-xp 00000000 08:15 402039                     /lib/libpthread-2.11.1.so
7f84d5c93000-7f84d5e92000 ---p 00018000 08:15 402039                     /lib/libpthread-2.11.1.so
7f84d5e92000-7f84d5e93000 r--p 00017000 08:15 402039                     /lib/libpthread-2.11.1.so
7f84d5e93000-7f84d5e94000 rw-p 00018000 08:15 402039                     /lib/libpthread-2.11.1.so
7f84d5e94000-7f84d5e98000 rw-p 00000000 00:00 0 
7f84d5e98000-7f84d5eae000 r-xp 00000000 08:15 391874                     /lib/libz.so.1.2.3.3
7f84d5eae000-7f84d60ad000 ---p 00016000 08:15 391874                     /lib/libz.so.1.2.3.3
7f84d60ad000-7f84d60ae000 r--p 00015000 08:15 391874                     /lib/libz.so.1.2.3.3
7f84d60ae000-7f84d60af000 rw-p 00016000 08:15 391874                     /lib/libz.so.1.2.3.3
7f84d60af000-7f84d60cf000 r-xp 00000000 08:15 402018                     /lib/ld-2.11.1.so
7f84d60cf000-7f84d60d1000 r--s 00009000 08:15 798152                     /home/alexander/frameworks/play-1.0.3.2/modules/cobertura-2.0/lib/asm-3.0.jar
7f84d60d1000-7f84d60d4000 r--s 00030000 08:15 798149                     /home/alexander/frameworks/play-1.0.3.2/modules/cobertura-2.0/lib/cobertura-main.jar
7f84d60d4000-7f84d60d6000 r--s 00004000 08:15 798150                     /home/alexander/frameworks/play-1.0.3.2/modules/cobertura-2.0/lib/asm-tree-3.0.jar
7f84d60d6000-7f84d60d8000 r--s 00009000 08:15 535753                     /home/alexander/ESE/ese2010-team2/qa/lib/markdownj-1.0.2b4-0.3.0.jar
7f84d60d8000-7f84d60db000 r--s 0007a000 08:15 273837                     /usr/lib/jvm/java-6-openjdk/jre/lib/jsse.jar
7f84d60db000-7f84d60e2000 r--s 00079000 08:15 142501                     /home/alexander/frameworks/play-1.0.3.2/framework/play.jar
7f84d60e2000-7f84d60eb000 r--s 00065000 08:15 672110                     /usr/share/java/gnome-java-bridge.jar
7f84d60eb000-7f84d60ee000 r--s 0000f000 08:15 273820                     /usr/lib/jvm/java-6-openjdk/jre/lib/ext/pulse-java.jar
7f84d60ee000-7f84d6125000 rw-p 00000000 00:00 0 
7f84d6125000-7f84d616a000 rw-p 00000000 00:00 0 
7f84d616a000-7f84d61a9000 r--p 00000000 08:15 279196                     /usr/lib/locale/de_CH.utf8/LC_CTYPE
7f84d61a9000-7f84d61ac000 ---p 00000000 00:00 0 
7f84d61ac000-7f84d62af000 rw-p 00000000 00:00 0 
7f84d62af000-7f84d62b0000 r--s 00001000 08:15 798153                     /home/alexander/frameworks/play-1.0.3.2/modules/cobertura-2.0/lib/play-cobertura.jar
7f84d62b0000-7f84d62b1000 rw-p 00000000 00:00 0 
7f84d62b1000-7f84d62b9000 rw-s 00000000 08:15 132354                     /tmp/hsperfdata_alexander/5540
7f84d62b9000-7f84d62ba000 r--p 00000000 08:15 269039                     /usr/lib/locale/de_CH.utf8/LC_NUMERIC
7f84d62ba000-7f84d62bb000 r--p 00000000 08:15 269040                     /usr/lib/locale/de_CH.utf8/LC_TIME
7f84d62bb000-7f84d62bc000 r--p 00000000 08:15 269041                     /usr/lib/locale/de_CH.utf8/LC_MONETARY
7f84d62bc000-7f84d62bd000 r--p 00000000 08:15 279201                     /usr/lib/locale/de_CH.utf8/LC_MESSAGES/SYS_LC_MESSAGES
7f84d62bd000-7f84d62be000 r--p 00000000 08:15 269058                     /usr/lib/locale/de_CH.utf8/LC_PAPER
7f84d62be000-7f84d62bf000 r--p 00000000 08:15 268848                     /usr/lib/locale/de_CH.utf8/LC_NAME
7f84d62bf000-7f84d62c0000 r--p 00000000 08:15 269042                     /usr/lib/locale/de_CH.utf8/LC_ADDRESS
7f84d62c0000-7f84d62c1000 r--p 00000000 08:15 269043                     /usr/lib/locale/de_CH.utf8/LC_TELEPHONE
7f84d62c1000-7f84d62c2000 r--p 00000000 08:15 269067                     /usr/lib/locale/de_CH.utf8/LC_MEASUREMENT
7f84d62c2000-7f84d62c9000 r--s 00000000 08:15 276772                     /usr/lib/gconv/gconv-modules.cache
7f84d62c9000-7f84d62ca000 r--p 00000000 08:15 269045                     /usr/lib/locale/de_CH.utf8/LC_IDENTIFICATION
7f84d62ca000-7f84d62cb000 rw-p 00000000 00:00 0 
7f84d62cb000-7f84d62cc000 r--p 00000000 00:00 0 
7f84d62cc000-7f84d62ce000 rw-p 00000000 00:00 0 
7f84d62ce000-7f84d62cf000 r--p 0001f000 08:15 402018                     /lib/ld-2.11.1.so
7f84d62cf000-7f84d62d0000 rw-p 00020000 08:15 402018                     /lib/ld-2.11.1.so
7f84d62d0000-7f84d62d1000 rw-p 00000000 00:00 0 
7fff5a195000-7fff5a1ab000 rw-p 00000000 00:00 0                          [stack]
7fff5a1ff000-7fff5a200000 r-xp 00000000 00:00 0                          [vdso]
ffffffffff600000-ffffffffff601000 r-xp 00000000 00:00 0                  [vsyscall]

VM Arguments:
jvm_args: -javaagent:/home/alexander/frameworks/play-1.0.3.2/framework/play.jar -Dplay.debug=yes -Xrunjdwp:transport=dt_socket,address=8000,server=y,suspend=n -Xdebug -Dapplication.path=/home/alexander/ESE/ese2010-team2/qa -Dplay.id= 
java_command: play.server.Server
Launcher Type: SUN_STANDARD

Environment Variables:
PATH=/usr/local/sbin:/usr/local/bin:/usr/sbin:/usr/bin:/sbin:/bin:/usr/games:/home/alexander/frameworks/play-1.0.3.2/
USERNAME=alexander
LD_LIBRARY_PATH=/usr/lib/jvm/java-6-openjdk/jre/lib/amd64/server:/usr/lib/jvm/java-6-openjdk/jre/lib/amd64:/usr/lib/jvm/java-6-openjdk/jre/../lib/amd64
SHELL=/bin/bash
DISPLAY=:0.0

Signal Handlers:
SIGSEGV: [libjvm.so+0x6c1f70], sa_mask[0]=0x7ffbfeff, sa_flags=0x10000004
SIGBUS: [libjvm.so+0x6c1f70], sa_mask[0]=0x7ffbfeff, sa_flags=0x10000004
SIGFPE: [libjvm.so+0x58ca00], sa_mask[0]=0x7ffbfeff, sa_flags=0x10000004
SIGPIPE: [libjvm.so+0x58ca00], sa_mask[0]=0x7ffbfeff, sa_flags=0x10000004
SIGXFSZ: [libjvm.so+0x58ca00], sa_mask[0]=0x7ffbfeff, sa_flags=0x10000004
SIGILL: [libjvm.so+0x58ca00], sa_mask[0]=0x7ffbfeff, sa_flags=0x10000004
SIGUSR1: SIG_DFL, sa_mask[0]=0x00000000, sa_flags=0x00000000
SIGUSR2: [libjvm.so+0x58c150], sa_mask[0]=0x00000000, sa_flags=0x10000004
SIGHUP: [libjvm.so+0x58e840], sa_mask[0]=0x7ffbfeff, sa_flags=0x10000004
SIGINT: [libjvm.so+0x58e840], sa_mask[0]=0x7ffbfeff, sa_flags=0x10000004
SIGTERM: [libjvm.so+0x58e840], sa_mask[0]=0x7ffbfeff, sa_flags=0x10000004
SIGQUIT: [libjvm.so+0x58e840], sa_mask[0]=0x7ffbfeff, sa_flags=0x10000004


---------------  S Y S T E M  ---------------

OS:Ubuntu 10.04 (lucid)
uname:Linux 2.6.32-24-generic #43-Ubuntu SMP Thu Sep 16 14:58:24 UTC 2010 x86_64
libc:glibc 2.11.1 NPTL 2.11.1 
rlimit: STACK 8192k, CORE 0k, NPROC infinity, NOFILE 1024, AS infinity
load average:1.54 1.50 1.40

CPU:total 8 (8 cores per cpu, 2 threads per core) family 6 model 30 stepping 5, cmov, cx8, fxsr, mmx, sse, sse2, sse3, ssse3, sse4.1, sse4.2, popcnt, ht

Memory: 4k page, physical 4051124k(1815468k free), swap 1055736k(1055736k free)

vm_info: OpenJDK 64-Bit Server VM (16.0-b13) for linux-amd64 JRE (1.6.0_18-b18), built on Jul 26 2010 23:34:55 by "buildd" with gcc 4.4.3

time: Wed Oct 27 23:23:39 2010
elapsed time: 3839 seconds

