#
# A fatal error has been detected by the Java Runtime Environment:
#
#  SIGSEGV (0xb) at pc=0x00007f71f1df6ca0, pid=2277, tid=140126032426768
#
# JRE version: 6.0_18-b18
# Java VM: OpenJDK 64-Bit Server VM (16.0-b13 mixed mode linux-amd64 )
# Derivative: IcedTea6 1.8.2
# Distribution: Ubuntu 10.04.1 LTS, package 6b18-1.8.2-4ubuntu2
# Problematic frame:
# V  [libjvm.so+0x50bca0]
#
# If you would like to submit a bug report, please include
# instructions how to reproduce the bug and visit:
#   https://bugs.launchpad.net/ubuntu/+source/openjdk-6/
#

---------------  T H R E A D  ---------------

Current thread (0x00007f719c05c000):  JavaThread "CompilerThread1" daemon [_thread_in_native, id=2294, stack(0x00007f71a252f000,0x00007f71a2630000)]

siginfo:si_signo=SIGSEGV: si_errno=0, si_code=1 (SEGV_MAPERR), si_addr=0x0000000000000008

Registers:
RAX=0x0000000000000000, RBX=0x00007f71a262ca80, RCX=0x00007f719c6c6750, RDX=0x0000000000002000
RSP=0x00007f71a262b290, RBP=0x00007f71a262b2d0, RSI=0x00007f719cb55050, RDI=0x0000000000000000
R8 =0x00007f719c9c6c30, R9 =0x00007f719c349288, R10=0x0000000000000000, R11=0x00007f71f2451e53
R12=0x00007f719c18c748, R13=0x00007f719c840df0, R14=0x00007f71a262caa0, R15=0x00007f719c34be40
RIP=0x00007f71f1df6ca0, EFL=0x0000000000010206, CSGSFS=0x0000000000000033, ERR=0x0000000000000004
  TRAPNO=0x000000000000000e

Top of Stack: (sp=0x00007f71a262b290)
0x00007f71a262b290:   00007f71a262b5b0 0000000000001268
0x00007f71a262b2a0:   00007f71a262b2d0 00007f71a262b570
0x00007f71a262b2b0:   00007f71a262ca80 00007f719c18c748
0x00007f71a262b2c0:   0000000000000002 00007f719c6d01c8
0x00007f71a262b2d0:   00007f71a262b340 00007f71f1df7207
0x00007f71a262b2e0:   0000000000000020 00007f7100000001
0x00007f71a262b2f0:   00007f71a262d410 0000000000000000
0x00007f71a262b300:   00007f71a262b550 00007f71a262b5b0
0x00007f71a262b310:   0000000000001565 00007f71a262ca80
0x00007f71a262b320:   00007f71a262c070 00007f71a262b5b0
0x00007f71a262b330:   00007f71a262b550 0000000000000000
0x00007f71a262b340:   00007f71a262b610 00007f71f1dfa750
0x00007f71a262b350:   00007f71a262c070 00007f71f23b4660
0x00007f71a262b360:   0000000000000000 00007f7100001553
0x00007f71a262b370:   000000000000ab90 00007f71f237bd7c
0x00007f71a262b380:   0100000001e90090 00007f71a262b570
0x00007f71a262b390:   00007f71a262b3b0 00007f71f1f7cfb6
0x00007f71a262b3a0:   0000000001ee5080 00007f719c1d2650
0x00007f71a262b3b0:   00007f71a262b3d0 00007f71f1f7cfb6
0x00007f71a262b3c0:   0000000001ee5080 00007f719c1d2650
0x00007f71a262b3d0:   00007f719cb72d90 00007f719c1d2650
0x00007f71a262b3e0:   00007f71a262b3f0 00007f71f1f7c24d
0x00007f71a262b3f0:   00007f71a262b450 00007f71f1c1840e
0x00007f71a262b400:   0000000000000000 8ab8bc85001f8600
0x00007f71a262b410:   0000000000000000 00000000f1f80818
0x00007f71a262b420:   00007f7188ca6bff 00007f719c1f8600
0x00007f71a262b430:   00007f71f2386758 00007f719c1d2650
0x00007f71a262b440:   00007f719c471bb0 0000000001ee5130
0x00007f71a262b450:   00007f719c1f8600 00007f71f1f7da03
0x00007f71a262b460:   0000000001ee5130 0000000000000000
0x00007f71a262b470:   0000000000000001 00007f719c34d9b8
0x00007f71a262b480:   00007f71a262b510 00007f71f1e2c24c 

Instructions: (pc=0x00007f71f1df6ca0)
0x00007f71f1df6c90:   89 f6 48 c1 e6 03 48 03 b3 d0 09 00 00 48 8b 06
0x00007f71f1df6ca0:   48 8b 50 08 48 83 3a 00 75 27 8b 4b 28 0f 1f 00 

Stack: [0x00007f71a252f000,0x00007f71a2630000],  sp=0x00007f71a262b290,  free space=3f00000000000000030k
Native frames: (J=compiled Java code, j=interpreted, Vv=VM code, C=native code)
V  [libjvm.so+0x50bca0]
V  [libjvm.so+0x50c207]
V  [libjvm.so+0x50f750]
V  [libjvm.so+0x2b7a9b]
V  [libjvm.so+0x2b85ea]
V  [libjvm.so+0x246f7c]
V  [libjvm.so+0x2bd4ca]
V  [libjvm.so+0x2bdaef]
V  [libjvm.so+0x687d0b]
V  [libjvm.so+0x58fff2]


Current CompileTask:
C2:827      jregex.Pretokenizer.next()V (1064 bytes)


---------------  P R O C E S S  ---------------

Java Threads: ( => current thread )
  0x00000000022d7000 JavaThread "NioProcessor-1" [_thread_in_native, id=3214, stack(0x00007f71a1a98000,0x00007f71a1b99000)]
  0x0000000001f57000 JavaThread "pool-3-thread-1" [_thread_in_Java, id=2301, stack(0x00007f71a1997000,0x00007f71a1a98000)]
  0x0000000001e94800 JavaThread "DestroyJavaVM" [_thread_blocked, id=2278, stack(0x00007f71f3086000,0x00007f71f3187000)]
  0x0000000002341000 JavaThread "NioSocketAcceptor-1" [_thread_in_native, id=2298, stack(0x00007f71a1b99000,0x00007f71a1c9a000)]
  0x00000000022d8000 JavaThread "NioSocketAcceptor-1-idleStatusChecker" [_thread_blocked, id=2297, stack(0x00007f71a1c9a000,0x00007f71a1d9b000)]
  0x00007f719c05e800 JavaThread "Low Memory Detector" daemon [_thread_blocked, id=2295, stack(0x00007f71a242e000,0x00007f71a252f000)]
=>0x00007f719c05c000 JavaThread "CompilerThread1" daemon [_thread_in_native, id=2294, stack(0x00007f71a252f000,0x00007f71a2630000)]
  0x00007f719c059000 JavaThread "CompilerThread0" daemon [_thread_blocked, id=2293, stack(0x00007f71a2630000,0x00007f71a2731000)]
  0x00007f719c056800 JavaThread "JDWP Event Helper Thread" daemon [_thread_blocked, id=2292, stack(0x00007f71a2731000,0x00007f71a2832000)]
  0x00007f719c053000 JavaThread "JDWP Transport Listener: dt_socket" daemon [_thread_in_native, id=2291, stack(0x00007f71a2832000,0x00007f71a2933000)]
  0x00007f719c01f800 JavaThread "Signal Dispatcher" daemon [_thread_blocked, id=2290, stack(0x00007f71a2b38000,0x00007f71a2c39000)]
  0x00007f719c001000 JavaThread "Finalizer" daemon [_thread_blocked, id=2289, stack(0x00007f71a2c39000,0x00007f71a2d3a000)]
  0x0000000001f08800 JavaThread "Reference Handler" daemon [_thread_blocked, id=2288, stack(0x00007f71a2d3a000,0x00007f71a2e3b000)]

Other Threads:
  0x0000000001f04000 VMThread [stack: 0x00007f71a2e3b000,0x00007f71a2f3c000] [id=2287]
  0x00007f719c069800 WatcherThread [stack: 0x00007f71a232d000,0x00007f71a242e000] [id=2296]

VM state:not at safepoint (normal execution)

VM Mutex/Monitor currently owned by a thread: None

Heap
 PSYoungGen      total 26048K, used 23954K [0x00007f71d81a0000, 0x00007f71da500000, 0x00007f71ecba0000)
  eden space 25280K, 91% used [0x00007f71d81a0000,0x00007f71d98507f8,0x00007f71d9a50000)
  from space 768K, 93% used [0x00007f71da1a0000,0x00007f71da254018,0x00007f71da260000)
  to   space 2176K, 0% used [0x00007f71da2e0000,0x00007f71da2e0000,0x00007f71da500000)
 PSOldGen        total 42240K, used 22171K [0x00007f71aeda0000, 0x00007f71b16e0000, 0x00007f71d81a0000)
  object space 42240K, 52% used [0x00007f71aeda0000,0x00007f71b0346ca8,0x00007f71b16e0000)
 PSPermGen       total 29504K, used 29341K [0x00007f71a45a0000, 0x00007f71a6270000, 0x00007f71aeda0000)
  object space 29504K, 99% used [0x00007f71a45a0000,0x00007f71a6247640,0x00007f71a6270000)

Dynamic libraries:
00400000-00409000 r-xp 00000000 08:15 262976                             /usr/lib/jvm/java-6-openjdk/jre/bin/java
00608000-00609000 r--p 00008000 08:15 262976                             /usr/lib/jvm/java-6-openjdk/jre/bin/java
00609000-0060a000 rw-p 00009000 08:15 262976                             /usr/lib/jvm/java-6-openjdk/jre/bin/java
01e81000-05669000 rw-p 00000000 00:00 0                                  [heap]
7f719c000000-7f719df8e000 rw-p 00000000 00:00 0 
7f719df8e000-7f71a0000000 ---p 00000000 00:00 0 
7f71a1992000-7f71a1995000 r--s 00031000 08:15 262724                     /usr/lib/jvm/java-6-openjdk/jre/lib/ext/sunjce_provider.jar
7f71a1995000-7f71a1997000 r--s 00013000 08:15 262736                     /usr/lib/jvm/java-6-openjdk/jre/lib/jce.jar
7f71a1997000-7f71a199a000 ---p 00000000 00:00 0 
7f71a199a000-7f71a1a98000 rw-p 00000000 00:00 0 
7f71a1a98000-7f71a1a9b000 ---p 00000000 00:00 0 
7f71a1a9b000-7f71a1b99000 rw-p 00000000 00:00 0 
7f71a1b99000-7f71a1b9c000 ---p 00000000 00:00 0 
7f71a1b9c000-7f71a1c9a000 rw-p 00000000 00:00 0 
7f71a1c9a000-7f71a1c9d000 ---p 00000000 00:00 0 
7f71a1c9d000-7f71a1d9b000 rw-p 00000000 00:00 0 
7f71a1d9b000-7f71a1da3000 r-xp 00000000 08:15 262772                     /usr/lib/jvm/java-6-openjdk/jre/lib/amd64/libnio.so
7f71a1da3000-7f71a1fa2000 ---p 00008000 08:15 262772                     /usr/lib/jvm/java-6-openjdk/jre/lib/amd64/libnio.so
7f71a1fa2000-7f71a1fa3000 r--p 00007000 08:15 262772                     /usr/lib/jvm/java-6-openjdk/jre/lib/amd64/libnio.so
7f71a1fa3000-7f71a1fa4000 rw-p 00008000 08:15 262772                     /usr/lib/jvm/java-6-openjdk/jre/lib/amd64/libnio.so
7f71a1fa4000-7f71a1fb9000 r-xp 00000000 08:15 262771                     /usr/lib/jvm/java-6-openjdk/jre/lib/amd64/libnet.so
7f71a1fb9000-7f71a21b8000 ---p 00015000 08:15 262771                     /usr/lib/jvm/java-6-openjdk/jre/lib/amd64/libnet.so
7f71a21b8000-7f71a21b9000 r--p 00014000 08:15 262771                     /usr/lib/jvm/java-6-openjdk/jre/lib/amd64/libnet.so
7f71a21b9000-7f71a21ba000 rw-p 00015000 08:15 262771                     /usr/lib/jvm/java-6-openjdk/jre/lib/amd64/libnet.so
7f71a21ba000-7f71a21c9000 r--s 00074000 08:15 142482                     /home/alexander/frameworks/play-1.0.3.2/framework/lib/joda-time-1.6.jar
7f71a21c9000-7f71a21d0000 r--s 00038000 08:15 142500                     /home/alexander/frameworks/play-1.0.3.2/framework/lib/wikitext.core_1.1.1.jar
7f71a21d0000-7f71a21f4000 r--s 00473000 08:15 142477                     /home/alexander/frameworks/play-1.0.3.2/framework/lib/hibernate3.jar
7f71a21f4000-7f71a21f9000 r--s 00040000 08:15 142472                     /home/alexander/frameworks/play-1.0.3.2/framework/lib/hibernate-annotations.jar
7f71a21f9000-7f71a21fc000 r--s 0001b000 08:15 142474                     /home/alexander/frameworks/play-1.0.3.2/framework/lib/hibernate-entitymanager.jar
7f71a21fc000-7f71a2203000 r--s 00059000 08:15 142487                     /home/alexander/frameworks/play-1.0.3.2/framework/lib/log4j-1.2.15.jar
7f71a2203000-7f71a2208000 r--s 0003c000 08:15 142467                     /home/alexander/frameworks/play-1.0.3.2/framework/lib/ehcache-1.5.0.jar
7f71a2208000-7f71a220a000 r--s 0000c000 08:15 142451                     /home/alexander/frameworks/play-1.0.3.2/framework/lib/activation.jar
7f71a220a000-7f71a2210000 r--s 00067000 08:15 142452                     /home/alexander/frameworks/play-1.0.3.2/framework/lib/antlr-2.7.6.jar
7f71a2210000-7f71a2212000 r--s 00001000 08:15 142485                     /home/alexander/frameworks/play-1.0.3.2/framework/lib/jta.jar
7f71a2212000-7f71a221b000 r--s 00048000 08:15 142454                     /home/alexander/frameworks/play-1.0.3.2/framework/lib/backport-util-concurrent-3.0.jar
7f71a221b000-7f71a221d000 r--s 00001000 08:15 142484                     /home/alexander/frameworks/play-1.0.3.2/framework/lib/jsr107cache-1.0.jar
7f71a221d000-7f71a2220000 r--s 0000a000 08:15 142468                     /home/alexander/frameworks/play-1.0.3.2/framework/lib/ejb3-persistence.jar
7f71a2220000-7f71a2225000 r--s 00037000 08:15 142491                     /home/alexander/frameworks/play-1.0.3.2/framework/lib/memcached-2.4.2.jar
7f71a2225000-7f71a222a000 r--s 0002a000 08:15 142457                     /home/alexander/frameworks/play-1.0.3.2/framework/lib/commons-beanutils.jar
7f71a222a000-7f71a222f000 r--s 00048000 08:15 142466                     /home/alexander/frameworks/play-1.0.3.2/framework/lib/dom4j-1.6.1.jar
7f71a222f000-7f71a2235000 r--s 00024000 08:15 142453                     /home/alexander/frameworks/play-1.0.3.2/framework/lib/asyncweb-common-0.9.0-SNAPSHOT.jar
7f71a2235000-7f71a223c000 r--s 000aa000 08:15 142493                     /home/alexander/frameworks/play-1.0.3.2/framework/lib/mysql-connector-java-5.1.8-bin.jar
7f71a223c000-7f71a2241000 r--s 00023000 08:15 142486                     /home/alexander/frameworks/play-1.0.3.2/framework/lib/junit-4.4.jar
7f71a2241000-7f71a2246000 r--s 00040000 08:15 142461                     /home/alexander/frameworks/play-1.0.3.2/framework/lib/commons-httpclient.jar
7f71a2246000-7f71a224e000 r--s 000a3000 08:15 142478                     /home/alexander/frameworks/play-1.0.3.2/framework/lib/hsqldb.jar
7f71a224e000-7f71a2250000 r--s 0000a000 08:15 142458                     /home/alexander/frameworks/play-1.0.3.2/framework/lib/commons-codec.jar
7f71a2250000-7f71a2253000 r--s 00011000 08:15 142469                     /home/alexander/frameworks/play-1.0.3.2/framework/lib/ezmorph-1.0.3.jar
7f71a2253000-7f71a2259000 r--s 00032000 08:15 142481                     /home/alexander/frameworks/play-1.0.3.2/framework/lib/jaxen-1.1.jar
7f71a2259000-7f71a225b000 r--s 00001000 08:15 142499                     /home/alexander/frameworks/play-1.0.3.2/framework/lib/slf4j-log4j12-1.5.0.jar
7f71a225b000-7f71a2263000 r--s 0008a000 08:15 142480                     /home/alexander/frameworks/play-1.0.3.2/framework/lib/javassist.jar
7f71a2263000-7f71a2265000 r--s 00017000 08:15 142449                     /home/alexander/frameworks/play-1.0.3.2/framework/lib/WikiText.jar
7f71a2265000-7f71a2267000 r--s 00003000 08:15 142498                     /home/alexander/frameworks/play-1.0.3.2/framework/lib/slf4j-api-1.5.0.jar
7f71a2267000-7f71a226d000 r--s 00041000 08:15 142494                     /home/alexander/frameworks/play-1.0.3.2/framework/lib/oval-1.31.jar
7f71a226d000-7f71a2278000 r--s 0008a000 08:15 142455                     /home/alexander/frameworks/play-1.0.3.2/framework/lib/c3p0-0.9.1.jar
7f71a2278000-7f71a227a000 r--s 0000b000 08:15 142460                     /home/alexander/frameworks/play-1.0.3.2/framework/lib/commons-fileupload-1.2.jar
7f71a227a000-7f71a227e000 r--s 0002f000 08:15 142463                     /home/alexander/frameworks/play-1.0.3.2/framework/lib/commons-lang.jar
7f71a227e000-7f71a22cd000 r--s 004b1000 08:15 142470                     /home/alexander/frameworks/play-1.0.3.2/framework/lib/groovy-all-1.7.1.jar
7f71a22cd000-7f71a22d1000 r--s 00023000 08:15 142471                     /home/alexander/frameworks/play-1.0.3.2/framework/lib/gson-1.3.jar
7f71a22d1000-7f71a22d7000 r--s 00055000 08:15 142490                     /home/alexander/frameworks/play-1.0.3.2/framework/lib/mail.jar
7f71a22d7000-7f71a22da000 r--s 0000f000 08:15 142497                     /home/alexander/frameworks/play-1.0.3.2/framework/lib/provided-geronimo-servlet_2.5_spec-1.2.jar
7f71a22da000-7f71a22e6000 r--s 0014c000 08:15 142465                     /home/alexander/frameworks/play-1.0.3.2/framework/lib/compiler-jdt.jar
7f71a22e6000-7f71a22e9000 r--s 00018000 08:15 142462                     /home/alexander/frameworks/play-1.0.3.2/framework/lib/commons-io.jar
7f71a22e9000-7f71a22f6000 r--s 0007c000 08:15 142459                     /home/alexander/frameworks/play-1.0.3.2/framework/lib/commons-collections-3.1.jar
7f71a22f6000-7f71a22fc000 r--s 00049000 08:15 142456                     /home/alexander/frameworks/play-1.0.3.2/framework/lib/cglib-nodep-2.2.jar
7f71a22fc000-7f71a22fe000 r--s 00015000 08:15 142483                     /home/alexander/frameworks/play-1.0.3.2/framework/lib/jregex1.2_01.jar
7f71a22fe000-7f71a2300000 r--s 0000d000 08:15 142464                     /home/alexander/frameworks/play-1.0.3.2/framework/lib/commons-logging-1.1.1.jar
7f71a2300000-7f71a2303000 r--s 0000d000 08:15 142475                     /home/alexander/frameworks/play-1.0.3.2/framework/lib/hibernate-validator.jar
7f71a2303000-7f71a2305000 r--s 00012000 08:15 142488                     /home/alexander/frameworks/play-1.0.3.2/framework/lib/lucene-analyzers-2.3.1.jar
7f71a2305000-7f71a2307000 r--s 00011000 08:15 142450                     /home/alexander/frameworks/play-1.0.3.2/framework/lib/ZDB.jar
7f71a2307000-7f71a230d000 r--s 0002c000 08:15 142448                     /home/alexander/frameworks/play-1.0.3.2/framework/lib/SnakeYAML-1.2.jar
7f71a230d000-7f71a2318000 r--s 00071000 08:15 142492                     /home/alexander/frameworks/play-1.0.3.2/framework/lib/mina-core-2.0.0-M2-SNAPSHOT.jar
7f71a2318000-7f71a231b000 r--s 00022000 08:15 142479                     /home/alexander/frameworks/play-1.0.3.2/framework/lib/jamon-2.7.jar
7f71a231b000-7f71a2321000 r--s 00056000 08:15 142476                     /home/alexander/frameworks/play-1.0.3.2/framework/lib/hibernate3-ast.jar
7f71a2321000-7f71a232d000 r--s 00097000 08:15 142489                     /home/alexander/frameworks/play-1.0.3.2/framework/lib/lucene-core-2.3.1.jar
7f71a232d000-7f71a232e000 ---p 00000000 00:00 0 
7f71a232e000-7f71a242e000 rw-p 00000000 00:00 0 
7f71a242e000-7f71a2431000 ---p 00000000 00:00 0 
7f71a2431000-7f71a252f000 rw-p 00000000 00:00 0 
7f71a252f000-7f71a2532000 ---p 00000000 00:00 0 
7f71a2532000-7f71a2630000 rw-p 00000000 00:00 0 
7f71a2630000-7f71a2633000 ---p 00000000 00:00 0 
7f71a2633000-7f71a2731000 rw-p 00000000 00:00 0 
7f71a2731000-7f71a2734000 ---p 00000000 00:00 0 
7f71a2734000-7f71a2832000 rw-p 00000000 00:00 0 
7f71a2832000-7f71a2835000 ---p 00000000 00:00 0 
7f71a2835000-7f71a2933000 rw-p 00000000 00:00 0 
7f71a2933000-7f71a2937000 r-xp 00000000 08:15 262753                     /usr/lib/jvm/java-6-openjdk/jre/lib/amd64/libdt_socket.so
7f71a2937000-7f71a2b36000 ---p 00004000 08:15 262753                     /usr/lib/jvm/java-6-openjdk/jre/lib/amd64/libdt_socket.so
7f71a2b36000-7f71a2b37000 r--p 00003000 08:15 262753                     /usr/lib/jvm/java-6-openjdk/jre/lib/amd64/libdt_socket.so
7f71a2b37000-7f71a2b38000 rw-p 00004000 08:15 262753                     /usr/lib/jvm/java-6-openjdk/jre/lib/amd64/libdt_socket.so
7f71a2b38000-7f71a2b3b000 ---p 00000000 00:00 0 
7f71a2b3b000-7f71a2c39000 rw-p 00000000 00:00 0 
7f71a2c39000-7f71a2c3c000 ---p 00000000 00:00 0 
7f71a2c3c000-7f71a2d3a000 rw-p 00000000 00:00 0 
7f71a2d3a000-7f71a2d3d000 ---p 00000000 00:00 0 
7f71a2d3d000-7f71a2e3b000 rw-p 00000000 00:00 0 
7f71a2e3b000-7f71a2e3c000 ---p 00000000 00:00 0 
7f71a2e3c000-7f71a3878000 rw-p 00000000 00:00 0 
7f71a3878000-7f71a3a0a000 r--s 03916000 08:15 262747                     /usr/lib/jvm/java-6-openjdk/jre/lib/rt.jar
7f71a3a0a000-7f71a3a0b000 ---p 00000000 00:00 0 
7f71a3a0b000-7f71a3b0b000 rw-p 00000000 00:00 0 
7f71a3b0b000-7f71a3b0c000 ---p 00000000 00:00 0 
7f71a3b0c000-7f71a3c0c000 rw-p 00000000 00:00 0 
7f71a3c0c000-7f71a3c0d000 ---p 00000000 00:00 0 
7f71a3c0d000-7f71a3d0d000 rw-p 00000000 00:00 0 
7f71a3d0d000-7f71a3d0e000 ---p 00000000 00:00 0 
7f71a3d0e000-7f71a3e0e000 rw-p 00000000 00:00 0 
7f71a3e0e000-7f71a3e0f000 ---p 00000000 00:00 0 
7f71a3e0f000-7f71a3f0f000 rw-p 00000000 00:00 0 
7f71a3f0f000-7f71a3f10000 ---p 00000000 00:00 0 
7f71a3f10000-7f71a4010000 rw-p 00000000 00:00 0 
7f71a4010000-7f71a4011000 ---p 00000000 00:00 0 
7f71a4011000-7f71a4111000 rw-p 00000000 00:00 0 
7f71a4111000-7f71a4112000 ---p 00000000 00:00 0 
7f71a4112000-7f71a4227000 rw-p 00000000 00:00 0 
7f71a4227000-7f71a435c000 rw-p 00000000 00:00 0 
7f71a435c000-7f71a436b000 rw-p 00000000 00:00 0 
7f71a436b000-7f71a43b0000 rw-p 00000000 00:00 0 
7f71a43b0000-7f71a43c5000 rw-p 00000000 00:00 0 
7f71a43c5000-7f71a44fa000 rw-p 00000000 00:00 0 
7f71a44fa000-7f71a450c000 rw-p 00000000 00:00 0 
7f71a450c000-7f71a4510000 ---p 00000000 00:00 0 
7f71a4510000-7f71a459f000 rw-p 00000000 00:00 0 
7f71a459f000-7f71a6270000 rw-p 00000000 00:00 0 
7f71a6270000-7f71aeda0000 rw-p 00000000 00:00 0 
7f71aeda0000-7f71b16e0000 rw-p 00000000 00:00 0 
7f71b16e0000-7f71d81a0000 rw-p 00000000 00:00 0 
7f71d81a0000-7f71da500000 rw-p 00000000 00:00 0 
7f71da500000-7f71dabb0000 ---p 00000000 00:00 0 
7f71dabb0000-7f71ecba0000 rw-p 00000000 00:00 0 
7f71ecba1000-7f71ecba5000 r--s 00020000 08:15 142496                     /home/alexander/frameworks/play-1.0.3.2/framework/lib/play-imaging.jar
7f71ecba5000-7f71ecba8000 r--s 0000e000 08:15 142473                     /home/alexander/frameworks/play-1.0.3.2/framework/lib/hibernate-commons-annotations.jar
7f71ecba8000-7f71ecbaa000 r--s 0000e000 08:15 798151                     /home/alexander/frameworks/play-1.0.3.2/modules/cobertura-2.0/lib/jakarta-oro-2.0.8.jar
7f71ecbaa000-7f71ecbac000 r--s 00009000 08:15 798152                     /home/alexander/frameworks/play-1.0.3.2/modules/cobertura-2.0/lib/asm-3.0.jar
7f71ecbac000-7f71ecbbf000 rw-p 00000000 00:00 0 
7f71ecbbf000-7f71ecc6c000 rw-p 00000000 00:00 0 
7f71ecc6c000-7f71ed10c000 rwxp 00000000 00:00 0 
7f71ed10c000-7f71efc6c000 rw-p 00000000 00:00 0 
7f71efc6c000-7f71efc73000 r-xp 00000000 08:15 262865                     /usr/lib/jvm/java-6-openjdk/jre/lib/amd64/libzip.so
7f71efc73000-7f71efe72000 ---p 00007000 08:15 262865                     /usr/lib/jvm/java-6-openjdk/jre/lib/amd64/libzip.so
7f71efe72000-7f71efe73000 r--p 00006000 08:15 262865                     /usr/lib/jvm/java-6-openjdk/jre/lib/amd64/libzip.so
7f71efe73000-7f71efe74000 rw-p 00007000 08:15 262865                     /usr/lib/jvm/java-6-openjdk/jre/lib/amd64/libzip.so
7f71efe74000-7f71efe80000 r-xp 00000000 08:15 402047                     /lib/libnss_files-2.11.1.so
7f71efe80000-7f71f007f000 ---p 0000c000 08:15 402047                     /lib/libnss_files-2.11.1.so
7f71f007f000-7f71f0080000 r--p 0000b000 08:15 402047                     /lib/libnss_files-2.11.1.so
7f71f0080000-7f71f0081000 rw-p 0000c000 08:15 402047                     /lib/libnss_files-2.11.1.so
7f71f0081000-7f71f008b000 r-xp 00000000 08:15 402031                     /lib/libnss_nis-2.11.1.so
7f71f008b000-7f71f028a000 ---p 0000a000 08:15 402031                     /lib/libnss_nis-2.11.1.so
7f71f028a000-7f71f028b000 r--p 00009000 08:15 402031                     /lib/libnss_nis-2.11.1.so
7f71f028b000-7f71f028c000 rw-p 0000a000 08:15 402031                     /lib/libnss_nis-2.11.1.so
7f71f028c000-7f71f0294000 r-xp 00000000 08:15 402030                     /lib/libnss_compat-2.11.1.so
7f71f0294000-7f71f0493000 ---p 00008000 08:15 402030                     /lib/libnss_compat-2.11.1.so
7f71f0493000-7f71f0494000 r--p 00007000 08:15 402030                     /lib/libnss_compat-2.11.1.so
7f71f0494000-7f71f0495000 rw-p 00008000 08:15 402030                     /lib/libnss_compat-2.11.1.so
7f71f0495000-7f71f05b3000 r--p 00000000 08:15 268908                     /usr/lib/locale/de_CH.utf8/LC_COLLATE
7f71f05b3000-7f71f05b6000 r-xp 00000000 08:15 262773                     /usr/lib/jvm/java-6-openjdk/jre/lib/amd64/libnpt.so
7f71f05b6000-7f71f07b5000 ---p 00003000 08:15 262773                     /usr/lib/jvm/java-6-openjdk/jre/lib/amd64/libnpt.so
7f71f07b5000-7f71f07b6000 r--p 00002000 08:15 262773                     /usr/lib/jvm/java-6-openjdk/jre/lib/amd64/libnpt.so
7f71f07b6000-7f71f07b7000 rw-p 00003000 08:15 262773                     /usr/lib/jvm/java-6-openjdk/jre/lib/amd64/libnpt.so
7f71f07b7000-7f71f07c0000 r-xp 00000000 08:15 262756                     /usr/lib/jvm/java-6-openjdk/jre/lib/amd64/libinstrument.so
7f71f07c0000-7f71f09c0000 ---p 00009000 08:15 262756                     /usr/lib/jvm/java-6-openjdk/jre/lib/amd64/libinstrument.so
7f71f09c0000-7f71f09c1000 r--p 00009000 08:15 262756                     /usr/lib/jvm/java-6-openjdk/jre/lib/amd64/libinstrument.so
7f71f09c1000-7f71f09c2000 rw-p 0000a000 08:15 262756                     /usr/lib/jvm/java-6-openjdk/jre/lib/amd64/libinstrument.so
7f71f09c2000-7f71f09fb000 r-xp 00000000 08:15 262764                     /usr/lib/jvm/java-6-openjdk/jre/lib/amd64/libjdwp.so
7f71f09fb000-7f71f0bfa000 ---p 00039000 08:15 262764                     /usr/lib/jvm/java-6-openjdk/jre/lib/amd64/libjdwp.so
7f71f0bfa000-7f71f0bfb000 r--p 00038000 08:15 262764                     /usr/lib/jvm/java-6-openjdk/jre/lib/amd64/libjdwp.so
7f71f0bfb000-7f71f0bfc000 rw-p 00039000 08:15 262764                     /usr/lib/jvm/java-6-openjdk/jre/lib/amd64/libjdwp.so
7f71f0bfc000-7f71f0c04000 r-xp 00000000 08:15 262866                     /usr/lib/jvm/java-6-openjdk/jre/lib/amd64/native_threads/libhpi.so
7f71f0c04000-7f71f0e03000 ---p 00008000 08:15 262866                     /usr/lib/jvm/java-6-openjdk/jre/lib/amd64/native_threads/libhpi.so
7f71f0e03000-7f71f0e04000 r--p 00007000 08:15 262866                     /usr/lib/jvm/java-6-openjdk/jre/lib/amd64/native_threads/libhpi.so
7f71f0e04000-7f71f0e05000 rw-p 00008000 08:15 262866                     /usr/lib/jvm/java-6-openjdk/jre/lib/amd64/native_threads/libhpi.so
7f71f0e05000-7f71f0e1c000 r-xp 00000000 08:15 402010                     /lib/libnsl-2.11.1.so
7f71f0e1c000-7f71f101b000 ---p 00017000 08:15 402010                     /lib/libnsl-2.11.1.so
7f71f101b000-7f71f101c000 r--p 00016000 08:15 402010                     /lib/libnsl-2.11.1.so
7f71f101c000-7f71f101d000 rw-p 00017000 08:15 402010                     /lib/libnsl-2.11.1.so
7f71f101d000-7f71f101f000 rw-p 00000000 00:00 0 
7f71f101f000-7f71f104c000 r-xp 00000000 08:15 262761                     /usr/lib/jvm/java-6-openjdk/jre/lib/amd64/libjava.so
7f71f104c000-7f71f124b000 ---p 0002d000 08:15 262761                     /usr/lib/jvm/java-6-openjdk/jre/lib/amd64/libjava.so
7f71f124b000-7f71f124c000 r--p 0002c000 08:15 262761                     /usr/lib/jvm/java-6-openjdk/jre/lib/amd64/libjava.so
7f71f124c000-7f71f124f000 rw-p 0002d000 08:15 262761                     /usr/lib/jvm/java-6-openjdk/jre/lib/amd64/libjava.so
7f71f124f000-7f71f125e000 r-xp 00000000 08:15 262777                     /usr/lib/jvm/java-6-openjdk/jre/lib/amd64/libverify.so
7f71f125e000-7f71f145d000 ---p 0000f000 08:15 262777                     /usr/lib/jvm/java-6-openjdk/jre/lib/amd64/libverify.so
7f71f145d000-7f71f145f000 r--p 0000e000 08:15 262777                     /usr/lib/jvm/java-6-openjdk/jre/lib/amd64/libverify.so
7f71f145f000-7f71f1460000 rw-p 00010000 08:15 262777                     /usr/lib/jvm/java-6-openjdk/jre/lib/amd64/libverify.so
7f71f1460000-7f71f1467000 r-xp 00000000 08:15 402024                     /lib/librt-2.11.1.so
7f71f1467000-7f71f1666000 ---p 00007000 08:15 402024                     /lib/librt-2.11.1.so
7f71f1666000-7f71f1667000 r--p 00006000 08:15 402024                     /lib/librt-2.11.1.so
7f71f1667000-7f71f1668000 rw-p 00007000 08:15 402024                     /lib/librt-2.11.1.so
7f71f1668000-7f71f16ea000 r-xp 00000000 08:15 400119                     /lib/libm-2.11.1.so
7f71f16ea000-7f71f18e9000 ---p 00082000 08:15 400119                     /lib/libm-2.11.1.so
7f71f18e9000-7f71f18ea000 r--p 00081000 08:15 400119                     /lib/libm-2.11.1.so
7f71f18ea000-7f71f18eb000 rw-p 00082000 08:15 400119                     /lib/libm-2.11.1.so
7f71f18eb000-7f71f2106000 r-xp 00000000 08:15 262867                     /usr/lib/jvm/java-6-openjdk/jre/lib/amd64/server/libjvm.so
7f71f2106000-7f71f2305000 ---p 0081b000 08:15 262867                     /usr/lib/jvm/java-6-openjdk/jre/lib/amd64/server/libjvm.so
7f71f2305000-7f71f2379000 r--p 0081a000 08:15 262867                     /usr/lib/jvm/java-6-openjdk/jre/lib/amd64/server/libjvm.so
7f71f2379000-7f71f2393000 rw-p 0088e000 08:15 262867                     /usr/lib/jvm/java-6-openjdk/jre/lib/amd64/server/libjvm.so
7f71f2393000-7f71f23cc000 rw-p 00000000 00:00 0 
7f71f23cc000-7f71f2546000 r-xp 00000000 08:15 402042                     /lib/libc-2.11.1.so
7f71f2546000-7f71f2745000 ---p 0017a000 08:15 402042                     /lib/libc-2.11.1.so
7f71f2745000-7f71f2749000 r--p 00179000 08:15 402042                     /lib/libc-2.11.1.so
7f71f2749000-7f71f274a000 rw-p 0017d000 08:15 402042                     /lib/libc-2.11.1.so
7f71f274a000-7f71f274f000 rw-p 00000000 00:00 0 
7f71f274f000-7f71f2751000 r-xp 00000000 08:15 402049                     /lib/libdl-2.11.1.so
7f71f2751000-7f71f2951000 ---p 00002000 08:15 402049                     /lib/libdl-2.11.1.so
7f71f2951000-7f71f2952000 r--p 00002000 08:15 402049                     /lib/libdl-2.11.1.so
7f71f2952000-7f71f2953000 rw-p 00003000 08:15 402049                     /lib/libdl-2.11.1.so
7f71f2953000-7f71f2957000 r-xp 00000000 08:15 262749                     /usr/lib/jvm/java-6-openjdk/jre/lib/amd64/jli/libjli.so
7f71f2957000-7f71f2b56000 ---p 00004000 08:15 262749                     /usr/lib/jvm/java-6-openjdk/jre/lib/amd64/jli/libjli.so
7f71f2b56000-7f71f2b57000 r--p 00003000 08:15 262749                     /usr/lib/jvm/java-6-openjdk/jre/lib/amd64/jli/libjli.so
7f71f2b57000-7f71f2b58000 rw-p 00004000 08:15 262749                     /usr/lib/jvm/java-6-openjdk/jre/lib/amd64/jli/libjli.so
7f71f2b58000-7f71f2b70000 r-xp 00000000 08:15 402039                     /lib/libpthread-2.11.1.so
7f71f2b70000-7f71f2d6f000 ---p 00018000 08:15 402039                     /lib/libpthread-2.11.1.so
7f71f2d6f000-7f71f2d70000 r--p 00017000 08:15 402039                     /lib/libpthread-2.11.1.so
7f71f2d70000-7f71f2d71000 rw-p 00018000 08:15 402039                     /lib/libpthread-2.11.1.so
7f71f2d71000-7f71f2d75000 rw-p 00000000 00:00 0 
7f71f2d75000-7f71f2d8b000 r-xp 00000000 08:15 391874                     /lib/libz.so.1.2.3.3
7f71f2d8b000-7f71f2f8a000 ---p 00016000 08:15 391874                     /lib/libz.so.1.2.3.3
7f71f2f8a000-7f71f2f8b000 r--p 00015000 08:15 391874                     /lib/libz.so.1.2.3.3
7f71f2f8b000-7f71f2f8c000 rw-p 00016000 08:15 391874                     /lib/libz.so.1.2.3.3
7f71f2f8c000-7f71f2fac000 r-xp 00000000 08:15 402018                     /lib/ld-2.11.1.so
7f71f2fac000-7f71f2fad000 r--s 00015000 08:15 142495                     /home/alexander/frameworks/play-1.0.3.2/framework/lib/play-SimpleCaptcha.jar
7f71f2fad000-7f71f2fb0000 r--s 00030000 08:15 798149                     /home/alexander/frameworks/play-1.0.3.2/modules/cobertura-2.0/lib/cobertura-main.jar
7f71f2fb0000-7f71f2fb2000 r--s 00004000 08:15 798150                     /home/alexander/frameworks/play-1.0.3.2/modules/cobertura-2.0/lib/asm-tree-3.0.jar
7f71f2fb2000-7f71f2fb4000 r--s 00009000 08:15 535753                     /home/alexander/ESE/ese2010-team2/qa/lib/markdownj-1.0.2b4-0.3.0.jar
7f71f2fb4000-7f71f2fb8000 r--s 0007c000 08:15 262737                     /usr/lib/jvm/java-6-openjdk/jre/lib/jsse.jar
7f71f2fb8000-7f71f2fbf000 r--s 00079000 08:15 142501                     /home/alexander/frameworks/play-1.0.3.2/framework/play.jar
7f71f2fbf000-7f71f2fc8000 r--s 00065000 08:15 672110                     /usr/share/java/gnome-java-bridge.jar
7f71f2fc8000-7f71f2fcb000 r--s 0000f000 08:15 262726                     /usr/lib/jvm/java-6-openjdk/jre/lib/ext/pulse-java.jar
7f71f2fcb000-7f71f3002000 rw-p 00000000 00:00 0 
7f71f3002000-7f71f3047000 rw-p 00000000 00:00 0 
7f71f3047000-7f71f3086000 r--p 00000000 08:15 279196                     /usr/lib/locale/de_CH.utf8/LC_CTYPE
7f71f3086000-7f71f3089000 ---p 00000000 00:00 0 
7f71f3089000-7f71f318c000 rw-p 00000000 00:00 0 
7f71f318c000-7f71f318d000 r--s 00001000 08:15 798153                     /home/alexander/frameworks/play-1.0.3.2/modules/cobertura-2.0/lib/play-cobertura.jar
7f71f318d000-7f71f318e000 rw-p 00000000 00:00 0 
7f71f318e000-7f71f3196000 rw-s 00000000 08:15 146350                     /tmp/hsperfdata_alexander/2277
7f71f3196000-7f71f3197000 r--p 00000000 08:15 269039                     /usr/lib/locale/de_CH.utf8/LC_NUMERIC
7f71f3197000-7f71f3198000 r--p 00000000 08:15 269040                     /usr/lib/locale/de_CH.utf8/LC_TIME
7f71f3198000-7f71f3199000 r--p 00000000 08:15 269041                     /usr/lib/locale/de_CH.utf8/LC_MONETARY
7f71f3199000-7f71f319a000 r--p 00000000 08:15 279201                     /usr/lib/locale/de_CH.utf8/LC_MESSAGES/SYS_LC_MESSAGES
7f71f319a000-7f71f319b000 r--p 00000000 08:15 269058                     /usr/lib/locale/de_CH.utf8/LC_PAPER
7f71f319b000-7f71f319c000 r--p 00000000 08:15 268848                     /usr/lib/locale/de_CH.utf8/LC_NAME
7f71f319c000-7f71f319d000 r--p 00000000 08:15 269042                     /usr/lib/locale/de_CH.utf8/LC_ADDRESS
7f71f319d000-7f71f319e000 r--p 00000000 08:15 269043                     /usr/lib/locale/de_CH.utf8/LC_TELEPHONE
7f71f319e000-7f71f319f000 r--p 00000000 08:15 269067                     /usr/lib/locale/de_CH.utf8/LC_MEASUREMENT
7f71f319f000-7f71f31a6000 r--s 00000000 08:15 276772                     /usr/lib/gconv/gconv-modules.cache
7f71f31a6000-7f71f31a7000 r--p 00000000 08:15 269045                     /usr/lib/locale/de_CH.utf8/LC_IDENTIFICATION
7f71f31a7000-7f71f31a8000 rw-p 00000000 00:00 0 
7f71f31a8000-7f71f31a9000 r--p 00000000 00:00 0 
7f71f31a9000-7f71f31ab000 rw-p 00000000 00:00 0 
7f71f31ab000-7f71f31ac000 r--p 0001f000 08:15 402018                     /lib/ld-2.11.1.so
7f71f31ac000-7f71f31ad000 rw-p 00020000 08:15 402018                     /lib/ld-2.11.1.so
7f71f31ad000-7f71f31ae000 rw-p 00000000 00:00 0 
7fff95c1f000-7fff95c35000 rw-p 00000000 00:00 0                          [stack]
7fff95df5000-7fff95df6000 r-xp 00000000 00:00 0                          [vdso]
ffffffffff600000-ffffffffff601000 r-xp 00000000 00:00 0                  [vsyscall]

VM Arguments:
jvm_args: -javaagent:/home/alexander/frameworks/play-1.0.3.2/framework/play.jar -Dplay.debug=yes -Xrunjdwp:transport=dt_socket,address=8000,server=y,suspend=n -Xdebug -Dapplication.path=/home/alexander/ESE/ese2010-team2/qa -Dplay.id= 
java_command: play.server.Server
Launcher Type: SUN_STANDARD

Environment Variables:
PATH=/usr/local/sbin:/usr/local/bin:/usr/sbin:/usr/bin:/sbin:/bin:/usr/games:/home/alexander/frameworks/play-1.0.3.2/
USERNAME=alexander
LD_LIBRARY_PATH=/usr/lib/jvm/java-6-openjdk/jre/lib/amd64/server:/usr/lib/jvm/java-6-openjdk/jre/lib/amd64:/usr/lib/jvm/java-6-openjdk/jre/../lib/amd64
SHELL=/bin/bash
DISPLAY=:0.0

Signal Handlers:
SIGSEGV: [libjvm.so+0x6c2030], sa_mask[0]=0x7ffbfeff, sa_flags=0x10000004
SIGBUS: [libjvm.so+0x6c2030], sa_mask[0]=0x7ffbfeff, sa_flags=0x10000004
SIGFPE: [libjvm.so+0x58ca90], sa_mask[0]=0x7ffbfeff, sa_flags=0x10000004
SIGPIPE: [libjvm.so+0x58ca90], sa_mask[0]=0x7ffbfeff, sa_flags=0x10000004
SIGXFSZ: [libjvm.so+0x58ca90], sa_mask[0]=0x7ffbfeff, sa_flags=0x10000004
SIGILL: [libjvm.so+0x58ca90], sa_mask[0]=0x7ffbfeff, sa_flags=0x10000004
SIGUSR1: SIG_DFL, sa_mask[0]=0x00000000, sa_flags=0x00000000
SIGUSR2: [libjvm.so+0x58c1e0], sa_mask[0]=0x00000000, sa_flags=0x10000004
SIGHUP: [libjvm.so+0x58e8d0], sa_mask[0]=0x7ffbfeff, sa_flags=0x10000004
SIGINT: [libjvm.so+0x58e8d0], sa_mask[0]=0x7ffbfeff, sa_flags=0x10000004
SIGTERM: [libjvm.so+0x58e8d0], sa_mask[0]=0x7ffbfeff, sa_flags=0x10000004
SIGQUIT: [libjvm.so+0x58e8d0], sa_mask[0]=0x7ffbfeff, sa_flags=0x10000004


---------------  S Y S T E M  ---------------

OS:Ubuntu 10.04 (lucid)
uname:Linux 2.6.32-24-generic #43-Ubuntu SMP Thu Sep 16 14:58:24 UTC 2010 x86_64
libc:glibc 2.11.1 NPTL 2.11.1 
rlimit: STACK 8192k, CORE 0k, NPROC infinity, NOFILE 1024, AS infinity
load average:1.39 0.81 0.68

CPU:total 8 (8 cores per cpu, 2 threads per core) family 6 model 30 stepping 5, cmov, cx8, fxsr, mmx, sse, sse2, sse3, ssse3, sse4.1, sse4.2, popcnt, ht

Memory: 4k page, physical 4051124k(1850296k free), swap 1055736k(1055736k free)

vm_info: OpenJDK 64-Bit Server VM (16.0-b13) for linux-amd64 JRE (1.6.0_18-b18), built on Oct 25 2010 18:07:10 by "buildd" with gcc 4.4.3

time: Tue Nov  2 19:06:53 2010
elapsed time: 4398 seconds

