#
# A fatal error has been detected by the Java Runtime Environment:
#
#  SIGSEGV (0xb) at pc=0x00007fb0127bdc40, pid=5127, tid=140392801425168
#
# JRE version: 6.0_18-b18
# Java VM: OpenJDK 64-Bit Server VM (16.0-b13 mixed mode linux-amd64 )
# Derivative: IcedTea6 1.8.1
# Distribution: Ubuntu 10.04 LTS, package 6b18-1.8.1-0ubuntu1
# Problematic frame:
# V  [libjvm.so+0x50bc40]
#
# If you would like to submit a bug report, please include
# instructions how to reproduce the bug and visit:
#   https://bugs.launchpad.net/ubuntu/+source/openjdk-6/
#

---------------  T H R E A D  ---------------

Current thread (0x00000000008db000):  JavaThread "CompilerThread0" daemon [_thread_in_native, id=5143, stack(0x00007fafbefed000,0x00007fafbf0ee000)]

siginfo:si_signo=SIGSEGV: si_errno=0, si_code=1 (SEGV_MAPERR), si_addr=0x0000000000000008

Registers:
RAX=0x0000000000000000, RBX=0x00007fafbf0eab00, RCX=0x00007fafb8a54db0, RDX=0x0000000000002000
RSP=0x00007fafbf0e9310, RBP=0x00007fafbf0e9350, RSI=0x00007fafc0ce8a10, RDI=0x0000000000000000
R8 =0x00007fafc00bf200, R9 =0x00007fafb87fb798, R10=0x0000000000000000, R11=0x00007fb012e18e53
R12=0x00007fafb890fc38, R13=0x00007fafc0d9a848, R14=0x00007fafbf0eab20, R15=0x00007fafb87fe4e0
RIP=0x00007fb0127bdc40, EFL=0x0000000000010202, CSGSFS=0x0000000000000033, ERR=0x0000000000000004
  TRAPNO=0x000000000000000e

Top of Stack: (sp=0x00007fafbf0e9310)
0x00007fafbf0e9310:   00007fafbf0e9630 0000000000001272
0x00007fafbf0e9320:   00007fafbf0e9350 00007fafbf0e95f0
0x00007fafbf0e9330:   00007fafbf0eab00 00007fafb890fc38
0x00007fafbf0e9340:   0000000000000002 00007fafb83de688
0x00007fafbf0e9350:   00007fafbf0e93c0 00007fb0127be1a7
0x00007fafbf0e9360:   0000000000000020 00007faf00000001
0x00007fafbf0e9370:   00007fafbf0eb490 0000000000000000
0x00007fafbf0e9380:   00007fafbf0e95d0 00007fafbf0e9630
0x00007fafbf0e9390:   0000000000001573 00007fafbf0eab00
0x00007fafbf0e93a0:   00007fafbf0ea0f0 00007fafbf0e9630
0x00007fafbf0e93b0:   00007fafbf0e95d0 0000000000000000
0x00007fafbf0e93c0:   00007fafbf0e9690 00007fb0127c16f0
0x00007fafbf0e93d0:   00007fafbf0ea0f0 00007fafb8267160
0x00007fafbf0e93e0:   00007fafbf0ea0f0 0000000000001561
0x00007fafbf0e93f0:   000000000000ac00 00007fb012d42d7c
0x00007fafbf0e9400:   01007fafbf0e9460 00007fafbf0e95f0
0x00007fafbf0e9410:   00007fafbf0e9430 00007fb012943ef6
0x00007fafbf0e9420:   0000000000845060 00007fafc035d6d0
0x00007fafbf0e9430:   00007fafbf0e9450 00007fb012943ef6
0x00007fafbf0e9440:   0000000000845060 00007fafc035d6d0
0x00007fafbf0e9450:   00007fafb88e0d80 00007fafc035d6d0
0x00007fafbf0e9460:   00007fafbf0e9470 00007fb01294318d
0x00007fafbf0e9470:   00007fafbf0e94d0 00007fb0125df3de
0x00007fafbf0e9480:   0000000000000000 894ebc6500929460
0x00007fafbf0e9490:   0000000000000000 0000000012947758
0x00007fafbf0e94a0:   00007faf88ca6bff 0000000000929460
0x00007fafbf0e94b0:   00007fafbf0e9510 00007fb012665f61
0x00007fafbf0e94c0:   00007fafc002ebc0 00000000008450b0
0x00007fafbf0e94d0:   00007fafc0165f98 00007fb012944943
0x00007fafbf0e94e0:   00000000008450b0 00000000009a4390
0x00007fafbf0e94f0:   00007fafbf0ea0f0 00007fafbf0ea0f0
0x00007fafbf0e9500:   00007fafc01653e0 00000000009a4390 

Instructions: (pc=0x00007fb0127bdc40)
0x00007fb0127bdc30:   89 f6 48 c1 e6 03 48 03 b3 d0 09 00 00 48 8b 06
0x00007fb0127bdc40:   48 8b 50 08 48 83 3a 00 75 27 8b 4b 28 0f 1f 00 

Stack: [0x00007fafbefed000,0x00007fafbf0ee000],  sp=0x00007fafbf0e9310,  free space=3f00000000000000030k
Native frames: (J=compiled Java code, j=interpreted, Vv=VM code, C=native code)
V  [libjvm.so+0x50bc40]
V  [libjvm.so+0x50c1a7]
V  [libjvm.so+0x50f6f0]
V  [libjvm.so+0x2b7a6b]
V  [libjvm.so+0x2b85ba]
V  [libjvm.so+0x246f7c]
V  [libjvm.so+0x2bd49a]
V  [libjvm.so+0x2bdabf]
V  [libjvm.so+0x687c4b]
V  [libjvm.so+0x58ff62]


Current CompileTask:
C2:996      jregex.Pretokenizer.next()V (1064 bytes)


---------------  P R O C E S S  ---------------

Java Threads: ( => current thread )
  0x0000000000a93800 JavaThread "NioProcessor-1" [_thread_in_native, id=5500, stack(0x00007fafbe432000,0x00007fafbe533000)]
  0x00000000008ff000 JavaThread "pool-3-thread-1" [_thread_in_Java, id=5151, stack(0x00007fafbe331000,0x00007fafbe432000)]
  0x00007fafb8248800 JavaThread "DestroyJavaVM" [_thread_blocked, id=5128, stack(0x00007fb013a4d000,0x00007fb013b4e000)]
  0x00007fafb81ed800 JavaThread "NioSocketAcceptor-1" [_thread_in_native, id=5148, stack(0x00007fafbe533000,0x00007fafbe634000)]
  0x00007fafb81b4000 JavaThread "NioSocketAcceptor-1-idleStatusChecker" [_thread_blocked, id=5147, stack(0x00007fafbe634000,0x00007fafbe735000)]
  0x00000000008e0800 JavaThread "Low Memory Detector" daemon [_thread_blocked, id=5145, stack(0x00007fafbedeb000,0x00007fafbeeec000)]
  0x00000000008de000 JavaThread "CompilerThread1" daemon [_thread_in_native, id=5144, stack(0x00007fafbeeec000,0x00007fafbefed000)]
=>0x00000000008db000 JavaThread "CompilerThread0" daemon [_thread_in_native, id=5143, stack(0x00007fafbefed000,0x00007fafbf0ee000)]
  0x00000000008c5800 JavaThread "JDWP Event Helper Thread" daemon [_thread_blocked, id=5142, stack(0x00007fafbf0ee000,0x00007fafbf1ef000)]
  0x00000000008c2000 JavaThread "JDWP Transport Listener: dt_socket" daemon [_thread_in_native, id=5141, stack(0x00007fafbf1ef000,0x00007fafbf2f0000)]
  0x000000000088e000 JavaThread "Signal Dispatcher" daemon [_thread_blocked, id=5140, stack(0x00007fafbf4f5000,0x00007fafbf5f6000)]
  0x0000000000870000 JavaThread "Finalizer" daemon [_thread_blocked, id=5139, stack(0x00007fafbf5f6000,0x00007fafbf6f7000)]
  0x0000000000868800 JavaThread "Reference Handler" daemon [_thread_blocked, id=5138, stack(0x00007fafbf6f7000,0x00007fafbf7f8000)]

Other Threads:
  0x0000000000864000 VMThread [stack: 0x00007fafbf7f8000,0x00007fafbf8f9000] [id=5137]
  0x00000000008eb800 WatcherThread [stack: 0x00007fafbecea000,0x00007fafbedeb000] [id=5146]

VM state:not at safepoint (normal execution)

VM Mutex/Monitor currently owned by a thread: None

Heap
 PSYoungGen      total 11328K, used 11011K [0x00007faff8b70000, 0x00007faff9860000, 0x00007fb00d570000)
  eden space 10496K, 96% used [0x00007faff8b70000,0x00007faff9560f10,0x00007faff95b0000)
  from space 832K, 100% used [0x00007faff9790000,0x00007faff9860000,0x00007faff9860000)
  to   space 1088K, 0% used [0x00007faff9640000,0x00007faff9640000,0x00007faff9750000)
 PSOldGen        total 42240K, used 30306K [0x00007fafcf770000, 0x00007fafd20b0000, 0x00007faff8b70000)
  object space 42240K, 71% used [0x00007fafcf770000,0x00007fafd1508a48,0x00007fafd20b0000)
 PSPermGen       total 29888K, used 29885K [0x00007fafc4f70000, 0x00007fafc6ca0000, 0x00007fafcf770000)
  object space 29888K, 99% used [0x00007fafc4f70000,0x00007fafc6c9f5e8,0x00007fafc6ca0000)

Dynamic libraries:
00400000-00409000 r-xp 00000000 08:15 274966                             /usr/lib/jvm/java-6-openjdk/jre/bin/java
00608000-00609000 r--p 00008000 08:15 274966                             /usr/lib/jvm/java-6-openjdk/jre/bin/java
00609000-0060a000 rw-p 00009000 08:15 274966                             /usr/lib/jvm/java-6-openjdk/jre/bin/java
007e1000-013a9000 rw-p 00000000 00:00 0                                  [heap]
7fafb8000000-7fafba3a1000 rw-p 00000000 00:00 0 
7fafba3a1000-7fafbc000000 ---p 00000000 00:00 0 
7fafbe331000-7fafbe334000 ---p 00000000 00:00 0 
7fafbe334000-7fafbe432000 rw-p 00000000 00:00 0 
7fafbe432000-7fafbe435000 ---p 00000000 00:00 0 
7fafbe435000-7fafbe533000 rw-p 00000000 00:00 0 
7fafbe533000-7fafbe536000 ---p 00000000 00:00 0 
7fafbe536000-7fafbe634000 rw-p 00000000 00:00 0 
7fafbe634000-7fafbe637000 ---p 00000000 00:00 0 
7fafbe637000-7fafbe735000 rw-p 00000000 00:00 0 
7fafbe735000-7fafbe73d000 r-xp 00000000 08:15 274928                     /usr/lib/jvm/java-6-openjdk/jre/lib/amd64/libnio.so
7fafbe73d000-7fafbe93c000 ---p 00008000 08:15 274928                     /usr/lib/jvm/java-6-openjdk/jre/lib/amd64/libnio.so
7fafbe93c000-7fafbe93d000 r--p 00007000 08:15 274928                     /usr/lib/jvm/java-6-openjdk/jre/lib/amd64/libnio.so
7fafbe93d000-7fafbe93e000 rw-p 00008000 08:15 274928                     /usr/lib/jvm/java-6-openjdk/jre/lib/amd64/libnio.so
7fafbe93e000-7fafbe953000 r-xp 00000000 08:15 274927                     /usr/lib/jvm/java-6-openjdk/jre/lib/amd64/libnet.so
7fafbe953000-7fafbeb52000 ---p 00015000 08:15 274927                     /usr/lib/jvm/java-6-openjdk/jre/lib/amd64/libnet.so
7fafbeb52000-7fafbeb53000 r--p 00014000 08:15 274927                     /usr/lib/jvm/java-6-openjdk/jre/lib/amd64/libnet.so
7fafbeb53000-7fafbeb54000 rw-p 00015000 08:15 274927                     /usr/lib/jvm/java-6-openjdk/jre/lib/amd64/libnet.so
7fafbeb54000-7fafbeb63000 r--s 00074000 08:15 142482                     /home/alexander/frameworks/play-1.0.3.2/framework/lib/joda-time-1.6.jar
7fafbeb63000-7fafbeb6a000 r--s 00038000 08:15 142500                     /home/alexander/frameworks/play-1.0.3.2/framework/lib/wikitext.core_1.1.1.jar
7fafbeb6a000-7fafbeb8e000 r--s 00473000 08:15 142477                     /home/alexander/frameworks/play-1.0.3.2/framework/lib/hibernate3.jar
7fafbeb8e000-7fafbeb93000 r--s 00040000 08:15 142472                     /home/alexander/frameworks/play-1.0.3.2/framework/lib/hibernate-annotations.jar
7fafbeb93000-7fafbeb96000 r--s 0001b000 08:15 142474                     /home/alexander/frameworks/play-1.0.3.2/framework/lib/hibernate-entitymanager.jar
7fafbeb96000-7fafbeb9d000 r--s 00059000 08:15 142487                     /home/alexander/frameworks/play-1.0.3.2/framework/lib/log4j-1.2.15.jar
7fafbeb9d000-7fafbeba2000 r--s 0003c000 08:15 142467                     /home/alexander/frameworks/play-1.0.3.2/framework/lib/ehcache-1.5.0.jar
7fafbeba2000-7fafbeba4000 r--s 0000c000 08:15 142451                     /home/alexander/frameworks/play-1.0.3.2/framework/lib/activation.jar
7fafbeba4000-7fafbebaa000 r--s 00067000 08:15 142452                     /home/alexander/frameworks/play-1.0.3.2/framework/lib/antlr-2.7.6.jar
7fafbebaa000-7fafbebac000 r--s 00001000 08:15 142485                     /home/alexander/frameworks/play-1.0.3.2/framework/lib/jta.jar
7fafbebac000-7fafbebb5000 r--s 00048000 08:15 142454                     /home/alexander/frameworks/play-1.0.3.2/framework/lib/backport-util-concurrent-3.0.jar
7fafbebb5000-7fafbebb7000 r--s 00001000 08:15 142484                     /home/alexander/frameworks/play-1.0.3.2/framework/lib/jsr107cache-1.0.jar
7fafbebb7000-7fafbebba000 r--s 0000a000 08:15 142468                     /home/alexander/frameworks/play-1.0.3.2/framework/lib/ejb3-persistence.jar
7fafbebba000-7fafbebbf000 r--s 00037000 08:15 142491                     /home/alexander/frameworks/play-1.0.3.2/framework/lib/memcached-2.4.2.jar
7fafbebe6000-7fafbebe9000 r--s 00031000 08:15 273818                     /usr/lib/jvm/java-6-openjdk/jre/lib/ext/sunjce_provider.jar
7fafbebe9000-7fafbebee000 r--s 0002a000 08:15 142457                     /home/alexander/frameworks/play-1.0.3.2/framework/lib/commons-beanutils.jar
7fafbebee000-7fafbebf3000 r--s 00048000 08:15 142466                     /home/alexander/frameworks/play-1.0.3.2/framework/lib/dom4j-1.6.1.jar
7fafbebf3000-7fafbebf9000 r--s 00024000 08:15 142453                     /home/alexander/frameworks/play-1.0.3.2/framework/lib/asyncweb-common-0.9.0-SNAPSHOT.jar
7fafbebf9000-7fafbec00000 r--s 000aa000 08:15 142493                     /home/alexander/frameworks/play-1.0.3.2/framework/lib/mysql-connector-java-5.1.8-bin.jar
7fafbec00000-7fafbec05000 r--s 00023000 08:15 142486                     /home/alexander/frameworks/play-1.0.3.2/framework/lib/junit-4.4.jar
7fafbec05000-7fafbec54000 r--s 004b1000 08:15 142470                     /home/alexander/frameworks/play-1.0.3.2/framework/lib/groovy-all-1.7.1.jar
7fafbec54000-7fafbec58000 r--s 00023000 08:15 142471                     /home/alexander/frameworks/play-1.0.3.2/framework/lib/gson-1.3.jar
7fafbec5a000-7fafbec5f000 r--s 00040000 08:15 142461                     /home/alexander/frameworks/play-1.0.3.2/framework/lib/commons-httpclient.jar
7fafbec5f000-7fafbec67000 r--s 000a3000 08:15 142478                     /home/alexander/frameworks/play-1.0.3.2/framework/lib/hsqldb.jar
7fafbec67000-7fafbec69000 r--s 0000a000 08:15 142458                     /home/alexander/frameworks/play-1.0.3.2/framework/lib/commons-codec.jar
7fafbec69000-7fafbec6c000 r--s 00011000 08:15 142469                     /home/alexander/frameworks/play-1.0.3.2/framework/lib/ezmorph-1.0.3.jar
7fafbec6c000-7fafbec72000 r--s 00032000 08:15 142481                     /home/alexander/frameworks/play-1.0.3.2/framework/lib/jaxen-1.1.jar
7fafbec72000-7fafbec74000 r--s 00001000 08:15 142499                     /home/alexander/frameworks/play-1.0.3.2/framework/lib/slf4j-log4j12-1.5.0.jar
7fafbec74000-7fafbec7c000 r--s 0008a000 08:15 142480                     /home/alexander/frameworks/play-1.0.3.2/framework/lib/javassist.jar
7fafbec7c000-7fafbec7f000 r--s 0000f000 08:15 142497                     /home/alexander/frameworks/play-1.0.3.2/framework/lib/provided-geronimo-servlet_2.5_spec-1.2.jar
7fafbec7f000-7fafbec81000 r--s 00013000 08:15 273836                     /usr/lib/jvm/java-6-openjdk/jre/lib/jce.jar
7fafbec81000-7fafbec83000 r--s 00017000 08:15 142449                     /home/alexander/frameworks/play-1.0.3.2/framework/lib/WikiText.jar
7fafbec83000-7fafbec85000 r--s 00003000 08:15 142498                     /home/alexander/frameworks/play-1.0.3.2/framework/lib/slf4j-api-1.5.0.jar
7fafbec85000-7fafbec8b000 r--s 00041000 08:15 142494                     /home/alexander/frameworks/play-1.0.3.2/framework/lib/oval-1.31.jar
7fafbec8b000-7fafbec96000 r--s 0008a000 08:15 142455                     /home/alexander/frameworks/play-1.0.3.2/framework/lib/c3p0-0.9.1.jar
7fafbec96000-7fafbec98000 r--s 0000b000 08:15 142460                     /home/alexander/frameworks/play-1.0.3.2/framework/lib/commons-fileupload-1.2.jar
7fafbec98000-7fafbec9c000 r--s 0002f000 08:15 142463                     /home/alexander/frameworks/play-1.0.3.2/framework/lib/commons-lang.jar
7fafbec9c000-7fafbeca2000 r--s 00055000 08:15 142490                     /home/alexander/frameworks/play-1.0.3.2/framework/lib/mail.jar
7fafbeca2000-7fafbecae000 r--s 0014c000 08:15 142465                     /home/alexander/frameworks/play-1.0.3.2/framework/lib/compiler-jdt.jar
7fafbecae000-7fafbecb1000 r--s 00018000 08:15 142462                     /home/alexander/frameworks/play-1.0.3.2/framework/lib/commons-io.jar
7fafbecb1000-7fafbecbe000 r--s 0007c000 08:15 142459                     /home/alexander/frameworks/play-1.0.3.2/framework/lib/commons-collections-3.1.jar
7fafbecbe000-7fafbecc4000 r--s 00049000 08:15 142456                     /home/alexander/frameworks/play-1.0.3.2/framework/lib/cglib-nodep-2.2.jar
7fafbecc4000-7fafbecc6000 r--s 00015000 08:15 142483                     /home/alexander/frameworks/play-1.0.3.2/framework/lib/jregex1.2_01.jar
7fafbecc6000-7fafbecc8000 r--s 0000d000 08:15 142464                     /home/alexander/frameworks/play-1.0.3.2/framework/lib/commons-logging-1.1.1.jar
7fafbecc8000-7fafbeccb000 r--s 0000d000 08:15 142475                     /home/alexander/frameworks/play-1.0.3.2/framework/lib/hibernate-validator.jar
7fafbeccb000-7fafbeccd000 r--s 00012000 08:15 142488                     /home/alexander/frameworks/play-1.0.3.2/framework/lib/lucene-analyzers-2.3.1.jar
7fafbeccd000-7fafbeccf000 r--s 00011000 08:15 142450                     /home/alexander/frameworks/play-1.0.3.2/framework/lib/ZDB.jar
7fafbeccf000-7fafbecd5000 r--s 0002c000 08:15 142448                     /home/alexander/frameworks/play-1.0.3.2/framework/lib/SnakeYAML-1.2.jar
7fafbecd5000-7fafbece0000 r--s 00071000 08:15 142492                     /home/alexander/frameworks/play-1.0.3.2/framework/lib/mina-core-2.0.0-M2-SNAPSHOT.jar
7fafbece0000-7fafbece6000 r--s 00056000 08:15 142476                     /home/alexander/frameworks/play-1.0.3.2/framework/lib/hibernate3-ast.jar
7fafbece6000-7fafbecea000 r--s 00020000 08:15 142496                     /home/alexander/frameworks/play-1.0.3.2/framework/lib/play-imaging.jar
7fafbecea000-7fafbeceb000 ---p 00000000 00:00 0 
7fafbeceb000-7fafbedeb000 rw-p 00000000 00:00 0 
7fafbedeb000-7fafbedee000 ---p 00000000 00:00 0 
7fafbedee000-7fafbeeec000 rw-p 00000000 00:00 0 
7fafbeeec000-7fafbeeef000 ---p 00000000 00:00 0 
7fafbeeef000-7fafbefed000 rw-p 00000000 00:00 0 
7fafbefed000-7fafbeff0000 ---p 00000000 00:00 0 
7fafbeff0000-7fafbf0ee000 rw-p 00000000 00:00 0 
7fafbf0ee000-7fafbf0f1000 ---p 00000000 00:00 0 
7fafbf0f1000-7fafbf1ef000 rw-p 00000000 00:00 0 
7fafbf1ef000-7fafbf1f2000 ---p 00000000 00:00 0 
7fafbf1f2000-7fafbf2f0000 rw-p 00000000 00:00 0 
7fafbf2f0000-7fafbf2f4000 r-xp 00000000 08:15 274909                     /usr/lib/jvm/java-6-openjdk/jre/lib/amd64/libdt_socket.so
7fafbf2f4000-7fafbf4f3000 ---p 00004000 08:15 274909                     /usr/lib/jvm/java-6-openjdk/jre/lib/amd64/libdt_socket.so
7fafbf4f3000-7fafbf4f4000 r--p 00003000 08:15 274909                     /usr/lib/jvm/java-6-openjdk/jre/lib/amd64/libdt_socket.so
7fafbf4f4000-7fafbf4f5000 rw-p 00004000 08:15 274909                     /usr/lib/jvm/java-6-openjdk/jre/lib/amd64/libdt_socket.so
7fafbf4f5000-7fafbf4f8000 ---p 00000000 00:00 0 
7fafbf4f8000-7fafbf5f6000 rw-p 00000000 00:00 0 
7fafbf5f6000-7fafbf5f9000 ---p 00000000 00:00 0 
7fafbf5f9000-7fafbf6f7000 rw-p 00000000 00:00 0 
7fafbf6f7000-7fafbf6fa000 ---p 00000000 00:00 0 
7fafbf6fa000-7fafbf7f8000 rw-p 00000000 00:00 0 
7fafbf7f8000-7fafbf7f9000 ---p 00000000 00:00 0 
7fafbf7f9000-7fafc0000000 rw-p 00000000 00:00 0 
7fafc0000000-7fafc2d58000 rw-p 00000000 00:00 0 
7fafc2d58000-7fafc4000000 ---p 00000000 00:00 0 
7fafc4000000-7fafc4003000 r--s 00022000 08:15 142479                     /home/alexander/frameworks/play-1.0.3.2/framework/lib/jamon-2.7.jar
7fafc4003000-7fafc400f000 r--s 00097000 08:15 142489                     /home/alexander/frameworks/play-1.0.3.2/framework/lib/lucene-core-2.3.1.jar
7fafc400f000-7fafc4012000 r--s 0000e000 08:15 142473                     /home/alexander/frameworks/play-1.0.3.2/framework/lib/hibernate-commons-annotations.jar
7fafc4012000-7fafc4247000 rw-p 00000000 00:00 0 
7fafc4247000-7fafc43da000 r--s 03918000 08:15 274886                     /usr/lib/jvm/java-6-openjdk/jre/lib/rt.jar
7fafc43da000-7fafc43db000 ---p 00000000 00:00 0 
7fafc43db000-7fafc44db000 rw-p 00000000 00:00 0 
7fafc44db000-7fafc44dc000 ---p 00000000 00:00 0 
7fafc44dc000-7fafc45dc000 rw-p 00000000 00:00 0 
7fafc45dc000-7fafc45dd000 ---p 00000000 00:00 0 
7fafc45dd000-7fafc46dd000 rw-p 00000000 00:00 0 
7fafc46dd000-7fafc46de000 ---p 00000000 00:00 0 
7fafc46de000-7fafc47de000 rw-p 00000000 00:00 0 
7fafc47de000-7fafc47df000 ---p 00000000 00:00 0 
7fafc47df000-7fafc48df000 rw-p 00000000 00:00 0 
7fafc48df000-7fafc48e0000 ---p 00000000 00:00 0 
7fafc48e0000-7fafc49e0000 rw-p 00000000 00:00 0 
7fafc49e0000-7fafc49e1000 ---p 00000000 00:00 0 
7fafc49e1000-7fafc4ae1000 rw-p 00000000 00:00 0 
7fafc4ae1000-7fafc4ae2000 ---p 00000000 00:00 0 
7fafc4ae2000-7fafc4bf7000 rw-p 00000000 00:00 0 
7fafc4bf7000-7fafc4d2c000 rw-p 00000000 00:00 0 
7fafc4d2c000-7fafc4d3b000 rw-p 00000000 00:00 0 
7fafc4d3b000-7fafc4d80000 rw-p 00000000 00:00 0 
7fafc4d80000-7fafc4d95000 rw-p 00000000 00:00 0 
7fafc4d95000-7fafc4eca000 rw-p 00000000 00:00 0 
7fafc4eca000-7fafc4ed1000 rw-p 00000000 00:00 0 
7fafc4ed1000-7fafc4eda000 ---p 00000000 00:00 0 
7fafc4eda000-7fafc4f6f000 rw-p 00000000 00:00 0 
7fafc4f6f000-7fafc6ca0000 rw-p 00000000 00:00 0 
7fafc6ca0000-7fafcf770000 rw-p 00000000 00:00 0 
7fafcf770000-7fafd20b0000 rw-p 00000000 00:00 0 
7fafd20b0000-7faff8b70000 rw-p 00000000 00:00 0 
7faff8b70000-7faff9860000 rw-p 00000000 00:00 0 
7faff9860000-7faffaa30000 ---p 00000000 00:00 0 
7faffaa30000-7fb00d570000 rw-p 00000000 00:00 0 
7fb00d570000-7fb00d571000 r--s 00015000 08:15 142495                     /home/alexander/frameworks/play-1.0.3.2/framework/lib/play-SimpleCaptcha.jar
7fb00d571000-7fb00d573000 r--s 0000e000 08:15 798151                     /home/alexander/frameworks/play-1.0.3.2/modules/cobertura-2.0/lib/jakarta-oro-2.0.8.jar
7fb00d573000-7fb00d588000 rw-p 00000000 00:00 0 
7fb00d588000-7fb00d633000 rw-p 00000000 00:00 0 
7fb00d633000-7fb00db73000 rwxp 00000000 00:00 0 
7fb00db73000-7fb010633000 rw-p 00000000 00:00 0 
7fb010633000-7fb01063a000 r-xp 00000000 08:15 274934                     /usr/lib/jvm/java-6-openjdk/jre/lib/amd64/libzip.so
7fb01063a000-7fb010839000 ---p 00007000 08:15 274934                     /usr/lib/jvm/java-6-openjdk/jre/lib/amd64/libzip.so
7fb010839000-7fb01083a000 r--p 00006000 08:15 274934                     /usr/lib/jvm/java-6-openjdk/jre/lib/amd64/libzip.so
7fb01083a000-7fb01083b000 rw-p 00007000 08:15 274934                     /usr/lib/jvm/java-6-openjdk/jre/lib/amd64/libzip.so
7fb01083b000-7fb010847000 r-xp 00000000 08:15 402047                     /lib/libnss_files-2.11.1.so
7fb010847000-7fb010a46000 ---p 0000c000 08:15 402047                     /lib/libnss_files-2.11.1.so
7fb010a46000-7fb010a47000 r--p 0000b000 08:15 402047                     /lib/libnss_files-2.11.1.so
7fb010a47000-7fb010a48000 rw-p 0000c000 08:15 402047                     /lib/libnss_files-2.11.1.so
7fb010a48000-7fb010a52000 r-xp 00000000 08:15 402031                     /lib/libnss_nis-2.11.1.so
7fb010a52000-7fb010c51000 ---p 0000a000 08:15 402031                     /lib/libnss_nis-2.11.1.so
7fb010c51000-7fb010c52000 r--p 00009000 08:15 402031                     /lib/libnss_nis-2.11.1.so
7fb010c52000-7fb010c53000 rw-p 0000a000 08:15 402031                     /lib/libnss_nis-2.11.1.so
7fb010c53000-7fb010c5b000 r-xp 00000000 08:15 402030                     /lib/libnss_compat-2.11.1.so
7fb010c5b000-7fb010e5a000 ---p 00008000 08:15 402030                     /lib/libnss_compat-2.11.1.so
7fb010e5a000-7fb010e5b000 r--p 00007000 08:15 402030                     /lib/libnss_compat-2.11.1.so
7fb010e5b000-7fb010e5c000 rw-p 00008000 08:15 402030                     /lib/libnss_compat-2.11.1.so
7fb010e5c000-7fb010f7a000 r--p 00000000 08:15 268908                     /usr/lib/locale/de_CH.utf8/LC_COLLATE
7fb010f7a000-7fb010f7d000 r-xp 00000000 08:15 274929                     /usr/lib/jvm/java-6-openjdk/jre/lib/amd64/libnpt.so
7fb010f7d000-7fb01117c000 ---p 00003000 08:15 274929                     /usr/lib/jvm/java-6-openjdk/jre/lib/amd64/libnpt.so
7fb01117c000-7fb01117d000 r--p 00002000 08:15 274929                     /usr/lib/jvm/java-6-openjdk/jre/lib/amd64/libnpt.so
7fb01117d000-7fb01117e000 rw-p 00003000 08:15 274929                     /usr/lib/jvm/java-6-openjdk/jre/lib/amd64/libnpt.so
7fb01117e000-7fb011187000 r-xp 00000000 08:15 274912                     /usr/lib/jvm/java-6-openjdk/jre/lib/amd64/libinstrument.so
7fb011187000-7fb011387000 ---p 00009000 08:15 274912                     /usr/lib/jvm/java-6-openjdk/jre/lib/amd64/libinstrument.so
7fb011387000-7fb011388000 r--p 00009000 08:15 274912                     /usr/lib/jvm/java-6-openjdk/jre/lib/amd64/libinstrument.so
7fb011388000-7fb011389000 rw-p 0000a000 08:15 274912                     /usr/lib/jvm/java-6-openjdk/jre/lib/amd64/libinstrument.so
7fb011389000-7fb0113c2000 r-xp 00000000 08:15 274920                     /usr/lib/jvm/java-6-openjdk/jre/lib/amd64/libjdwp.so
7fb0113c2000-7fb0115c1000 ---p 00039000 08:15 274920                     /usr/lib/jvm/java-6-openjdk/jre/lib/amd64/libjdwp.so
7fb0115c1000-7fb0115c2000 r--p 00038000 08:15 274920                     /usr/lib/jvm/java-6-openjdk/jre/lib/amd64/libjdwp.so
7fb0115c2000-7fb0115c3000 rw-p 00039000 08:15 274920                     /usr/lib/jvm/java-6-openjdk/jre/lib/amd64/libjdwp.so
7fb0115c3000-7fb0115cb000 r-xp 00000000 08:15 274936                     /usr/lib/jvm/java-6-openjdk/jre/lib/amd64/native_threads/libhpi.so
7fb0115cb000-7fb0117ca000 ---p 00008000 08:15 274936                     /usr/lib/jvm/java-6-openjdk/jre/lib/amd64/native_threads/libhpi.so
7fb0117ca000-7fb0117cb000 r--p 00007000 08:15 274936                     /usr/lib/jvm/java-6-openjdk/jre/lib/amd64/native_threads/libhpi.so
7fb0117cb000-7fb0117cc000 rw-p 00008000 08:15 274936                     /usr/lib/jvm/java-6-openjdk/jre/lib/amd64/native_threads/libhpi.so
7fb0117cc000-7fb0117e3000 r-xp 00000000 08:15 402010                     /lib/libnsl-2.11.1.so
7fb0117e3000-7fb0119e2000 ---p 00017000 08:15 402010                     /lib/libnsl-2.11.1.so
7fb0119e2000-7fb0119e3000 r--p 00016000 08:15 402010                     /lib/libnsl-2.11.1.so
7fb0119e3000-7fb0119e4000 rw-p 00017000 08:15 402010                     /lib/libnsl-2.11.1.so
7fb0119e4000-7fb0119e6000 rw-p 00000000 00:00 0 
7fb0119e6000-7fb011a13000 r-xp 00000000 08:15 274917                     /usr/lib/jvm/java-6-openjdk/jre/lib/amd64/libjava.so
7fb011a13000-7fb011c12000 ---p 0002d000 08:15 274917                     /usr/lib/jvm/java-6-openjdk/jre/lib/amd64/libjava.so
7fb011c12000-7fb011c13000 r--p 0002c000 08:15 274917                     /usr/lib/jvm/java-6-openjdk/jre/lib/amd64/libjava.so
7fb011c13000-7fb011c16000 rw-p 0002d000 08:15 274917                     /usr/lib/jvm/java-6-openjdk/jre/lib/amd64/libjava.so
7fb011c16000-7fb011c25000 r-xp 00000000 08:15 274933                     /usr/lib/jvm/java-6-openjdk/jre/lib/amd64/libverify.so
7fb011c25000-7fb011e24000 ---p 0000f000 08:15 274933                     /usr/lib/jvm/java-6-openjdk/jre/lib/amd64/libverify.so
7fb011e24000-7fb011e26000 r--p 0000e000 08:15 274933                     /usr/lib/jvm/java-6-openjdk/jre/lib/amd64/libverify.so
7fb011e26000-7fb011e27000 rw-p 00010000 08:15 274933                     /usr/lib/jvm/java-6-openjdk/jre/lib/amd64/libverify.so
7fb011e27000-7fb011e2e000 r-xp 00000000 08:15 402024                     /lib/librt-2.11.1.so
7fb011e2e000-7fb01202d000 ---p 00007000 08:15 402024                     /lib/librt-2.11.1.so
7fb01202d000-7fb01202e000 r--p 00006000 08:15 402024                     /lib/librt-2.11.1.so
7fb01202e000-7fb01202f000 rw-p 00007000 08:15 402024                     /lib/librt-2.11.1.so
7fb01202f000-7fb0120b1000 r-xp 00000000 08:15 400119                     /lib/libm-2.11.1.so
7fb0120b1000-7fb0122b0000 ---p 00082000 08:15 400119                     /lib/libm-2.11.1.so
7fb0122b0000-7fb0122b1000 r--p 00081000 08:15 400119                     /lib/libm-2.11.1.so
7fb0122b1000-7fb0122b2000 rw-p 00082000 08:15 400119                     /lib/libm-2.11.1.so
7fb0122b2000-7fb012acd000 r-xp 00000000 08:15 274938                     /usr/lib/jvm/java-6-openjdk/jre/lib/amd64/server/libjvm.so
7fb012acd000-7fb012ccc000 ---p 0081b000 08:15 274938                     /usr/lib/jvm/java-6-openjdk/jre/lib/amd64/server/libjvm.so
7fb012ccc000-7fb012d40000 r--p 0081a000 08:15 274938                     /usr/lib/jvm/java-6-openjdk/jre/lib/amd64/server/libjvm.so
7fb012d40000-7fb012d5a000 rw-p 0088e000 08:15 274938                     /usr/lib/jvm/java-6-openjdk/jre/lib/amd64/server/libjvm.so
7fb012d5a000-7fb012d93000 rw-p 00000000 00:00 0 
7fb012d93000-7fb012f0d000 r-xp 00000000 08:15 402042                     /lib/libc-2.11.1.so
7fb012f0d000-7fb01310c000 ---p 0017a000 08:15 402042                     /lib/libc-2.11.1.so
7fb01310c000-7fb013110000 r--p 00179000 08:15 402042                     /lib/libc-2.11.1.so
7fb013110000-7fb013111000 rw-p 0017d000 08:15 402042                     /lib/libc-2.11.1.so
7fb013111000-7fb013116000 rw-p 00000000 00:00 0 
7fb013116000-7fb013118000 r-xp 00000000 08:15 402049                     /lib/libdl-2.11.1.so
7fb013118000-7fb013318000 ---p 00002000 08:15 402049                     /lib/libdl-2.11.1.so
7fb013318000-7fb013319000 r--p 00002000 08:15 402049                     /lib/libdl-2.11.1.so
7fb013319000-7fb01331a000 rw-p 00003000 08:15 402049                     /lib/libdl-2.11.1.so
7fb01331a000-7fb01331e000 r-xp 00000000 08:15 274899                     /usr/lib/jvm/java-6-openjdk/jre/lib/amd64/jli/libjli.so
7fb01331e000-7fb01351d000 ---p 00004000 08:15 274899                     /usr/lib/jvm/java-6-openjdk/jre/lib/amd64/jli/libjli.so
7fb01351d000-7fb01351e000 r--p 00003000 08:15 274899                     /usr/lib/jvm/java-6-openjdk/jre/lib/amd64/jli/libjli.so
7fb01351e000-7fb01351f000 rw-p 00004000 08:15 274899                     /usr/lib/jvm/java-6-openjdk/jre/lib/amd64/jli/libjli.so
7fb01351f000-7fb013537000 r-xp 00000000 08:15 402039                     /lib/libpthread-2.11.1.so
7fb013537000-7fb013736000 ---p 00018000 08:15 402039                     /lib/libpthread-2.11.1.so
7fb013736000-7fb013737000 r--p 00017000 08:15 402039                     /lib/libpthread-2.11.1.so
7fb013737000-7fb013738000 rw-p 00018000 08:15 402039                     /lib/libpthread-2.11.1.so
7fb013738000-7fb01373c000 rw-p 00000000 00:00 0 
7fb01373c000-7fb013752000 r-xp 00000000 08:15 391874                     /lib/libz.so.1.2.3.3
7fb013752000-7fb013951000 ---p 00016000 08:15 391874                     /lib/libz.so.1.2.3.3
7fb013951000-7fb013952000 r--p 00015000 08:15 391874                     /lib/libz.so.1.2.3.3
7fb013952000-7fb013953000 rw-p 00016000 08:15 391874                     /lib/libz.so.1.2.3.3
7fb013953000-7fb013973000 r-xp 00000000 08:15 402018                     /lib/ld-2.11.1.so
7fb013973000-7fb013975000 r--s 00009000 08:15 798152                     /home/alexander/frameworks/play-1.0.3.2/modules/cobertura-2.0/lib/asm-3.0.jar
7fb013975000-7fb013978000 r--s 00030000 08:15 798149                     /home/alexander/frameworks/play-1.0.3.2/modules/cobertura-2.0/lib/cobertura-main.jar
7fb013978000-7fb01397a000 r--s 00004000 08:15 798150                     /home/alexander/frameworks/play-1.0.3.2/modules/cobertura-2.0/lib/asm-tree-3.0.jar
7fb01397a000-7fb01397c000 r--s 00009000 08:15 535753                     /home/alexander/ESE/ese2010-team2/qa/lib/markdownj-1.0.2b4-0.3.0.jar
7fb01397c000-7fb01397f000 r--s 0007a000 08:15 273837                     /usr/lib/jvm/java-6-openjdk/jre/lib/jsse.jar
7fb01397f000-7fb013986000 r--s 00079000 08:15 142501                     /home/alexander/frameworks/play-1.0.3.2/framework/play.jar
7fb013986000-7fb01398f000 r--s 00065000 08:15 672110                     /usr/share/java/gnome-java-bridge.jar
7fb01398f000-7fb013992000 r--s 0000f000 08:15 273820                     /usr/lib/jvm/java-6-openjdk/jre/lib/ext/pulse-java.jar
7fb013992000-7fb0139c9000 rw-p 00000000 00:00 0 
7fb0139c9000-7fb013a0e000 rw-p 00000000 00:00 0 
7fb013a0e000-7fb013a4d000 r--p 00000000 08:15 279196                     /usr/lib/locale/de_CH.utf8/LC_CTYPE
7fb013a4d000-7fb013a50000 ---p 00000000 00:00 0 
7fb013a50000-7fb013b53000 rw-p 00000000 00:00 0 
7fb013b53000-7fb013b54000 r--s 00001000 08:15 798153                     /home/alexander/frameworks/play-1.0.3.2/modules/cobertura-2.0/lib/play-cobertura.jar
7fb013b54000-7fb013b55000 rw-p 00000000 00:00 0 
7fb013b55000-7fb013b5d000 rw-s 00000000 08:15 132140                     /tmp/hsperfdata_alexander/5127
7fb013b5d000-7fb013b5e000 r--p 00000000 08:15 269039                     /usr/lib/locale/de_CH.utf8/LC_NUMERIC
7fb013b5e000-7fb013b5f000 r--p 00000000 08:15 269040                     /usr/lib/locale/de_CH.utf8/LC_TIME
7fb013b5f000-7fb013b60000 r--p 00000000 08:15 269041                     /usr/lib/locale/de_CH.utf8/LC_MONETARY
7fb013b60000-7fb013b61000 r--p 00000000 08:15 279201                     /usr/lib/locale/de_CH.utf8/LC_MESSAGES/SYS_LC_MESSAGES
7fb013b61000-7fb013b62000 r--p 00000000 08:15 269058                     /usr/lib/locale/de_CH.utf8/LC_PAPER
7fb013b62000-7fb013b63000 r--p 00000000 08:15 268848                     /usr/lib/locale/de_CH.utf8/LC_NAME
7fb013b63000-7fb013b64000 r--p 00000000 08:15 269042                     /usr/lib/locale/de_CH.utf8/LC_ADDRESS
7fb013b64000-7fb013b65000 r--p 00000000 08:15 269043                     /usr/lib/locale/de_CH.utf8/LC_TELEPHONE
7fb013b65000-7fb013b66000 r--p 00000000 08:15 269067                     /usr/lib/locale/de_CH.utf8/LC_MEASUREMENT
7fb013b66000-7fb013b6d000 r--s 00000000 08:15 276772                     /usr/lib/gconv/gconv-modules.cache
7fb013b6d000-7fb013b6e000 r--p 00000000 08:15 269045                     /usr/lib/locale/de_CH.utf8/LC_IDENTIFICATION
7fb013b6e000-7fb013b6f000 rw-p 00000000 00:00 0 
7fb013b6f000-7fb013b70000 r--p 00000000 00:00 0 
7fb013b70000-7fb013b72000 rw-p 00000000 00:00 0 
7fb013b72000-7fb013b73000 r--p 0001f000 08:15 402018                     /lib/ld-2.11.1.so
7fb013b73000-7fb013b74000 rw-p 00020000 08:15 402018                     /lib/ld-2.11.1.so
7fb013b74000-7fb013b75000 rw-p 00000000 00:00 0 
7fff39013000-7fff39029000 rw-p 00000000 00:00 0                          [stack]
7fff3913a000-7fff3913b000 r-xp 00000000 00:00 0                          [vdso]
ffffffffff600000-ffffffffff601000 r-xp 00000000 00:00 0                  [vsyscall]

VM Arguments:
jvm_args: -javaagent:/home/alexander/frameworks/play-1.0.3.2/framework/play.jar -Dplay.debug=yes -Xrunjdwp:transport=dt_socket,address=8000,server=y,suspend=n -Xdebug -Dapplication.path=/home/alexander/ESE/ese2010-team2/qa -Dplay.id= 
java_command: play.server.Server
Launcher Type: SUN_STANDARD

Environment Variables:
PATH=/usr/local/sbin:/usr/local/bin:/usr/sbin:/usr/bin:/sbin:/bin:/usr/games:/home/alexander/frameworks/play-1.0.3.2/
USERNAME=alexander
LD_LIBRARY_PATH=/usr/lib/jvm/java-6-openjdk/jre/lib/amd64/server:/usr/lib/jvm/java-6-openjdk/jre/lib/amd64:/usr/lib/jvm/java-6-openjdk/jre/../lib/amd64
SHELL=/bin/bash
DISPLAY=:0.0

Signal Handlers:
SIGSEGV: [libjvm.so+0x6c1f70], sa_mask[0]=0x7ffbfeff, sa_flags=0x10000004
SIGBUS: [libjvm.so+0x6c1f70], sa_mask[0]=0x7ffbfeff, sa_flags=0x10000004
SIGFPE: [libjvm.so+0x58ca00], sa_mask[0]=0x7ffbfeff, sa_flags=0x10000004
SIGPIPE: [libjvm.so+0x58ca00], sa_mask[0]=0x7ffbfeff, sa_flags=0x10000004
SIGXFSZ: [libjvm.so+0x58ca00], sa_mask[0]=0x7ffbfeff, sa_flags=0x10000004
SIGILL: [libjvm.so+0x58ca00], sa_mask[0]=0x7ffbfeff, sa_flags=0x10000004
SIGUSR1: SIG_DFL, sa_mask[0]=0x00000000, sa_flags=0x00000000
SIGUSR2: [libjvm.so+0x58c150], sa_mask[0]=0x00000000, sa_flags=0x10000004
SIGHUP: [libjvm.so+0x58e840], sa_mask[0]=0x7ffbfeff, sa_flags=0x10000004
SIGINT: [libjvm.so+0x58e840], sa_mask[0]=0x7ffbfeff, sa_flags=0x10000004
SIGTERM: [libjvm.so+0x58e840], sa_mask[0]=0x7ffbfeff, sa_flags=0x10000004
SIGQUIT: [libjvm.so+0x58e840], sa_mask[0]=0x7ffbfeff, sa_flags=0x10000004


---------------  S Y S T E M  ---------------

OS:Ubuntu 10.04 (lucid)
uname:Linux 2.6.32-24-generic #43-Ubuntu SMP Thu Sep 16 14:58:24 UTC 2010 x86_64
libc:glibc 2.11.1 NPTL 2.11.1 
rlimit: STACK 8192k, CORE 0k, NPROC infinity, NOFILE 1024, AS infinity
load average:1.64 1.47 1.38

CPU:total 8 (8 cores per cpu, 2 threads per core) family 6 model 30 stepping 5, cmov, cx8, fxsr, mmx, sse, sse2, sse3, ssse3, sse4.1, sse4.2, popcnt, ht

Memory: 4k page, physical 4051124k(1822468k free), swap 1055736k(1055736k free)

vm_info: OpenJDK 64-Bit Server VM (16.0-b13) for linux-amd64 JRE (1.6.0_18-b18), built on Jul 26 2010 23:34:55 by "buildd" with gcc 4.4.3

time: Wed Oct 27 22:19:30 2010
elapsed time: 2042 seconds

