#
# A fatal error has been detected by the Java Runtime Environment:
#
#  SIGSEGV (0xb) at pc=0x00007fbacc471c40, pid=7142, tid=140438935369488
#
# JRE version: 6.0_18-b18
# Java VM: OpenJDK 64-Bit Server VM (16.0-b13 mixed mode linux-amd64 )
# Derivative: IcedTea6 1.8.1
# Distribution: Ubuntu 10.04 LTS, package 6b18-1.8.1-0ubuntu1
# Problematic frame:
# V  [libjvm.so+0x50bc40]
#
# If you would like to submit a bug report, please include
# instructions how to reproduce the bug and visit:
#   https://bugs.launchpad.net/ubuntu/+source/openjdk-6/
#

---------------  T H R E A D  ---------------

Current thread (0x00007fba780b4800):  JavaThread "CompilerThread0" daemon [_thread_in_native, id=7158, stack(0x00007fba7ccaf000,0x00007fba7cdb0000)]

siginfo:si_signo=SIGSEGV: si_errno=0, si_code=1 (SEGV_MAPERR), si_addr=0x0000000000000008

Registers:
RAX=0x0000000000000000, RBX=0x00007fba7cdacb80, RCX=0x00000000022e5d80, RDX=0x0000000000002000
RSP=0x00007fba7cdab390, RBP=0x00007fba7cdab3d0, RSI=0x00007fba79168360, RDI=0x0000000000000000
R8 =0x00007fba79141ab0, R9 =0x00000000022d2350, R10=0x0000000000000000, R11=0x00007fbaccacce53
R12=0x00007fba7925e498, R13=0x00007fba784c2e78, R14=0x00007fba7cdacba0, R15=0x00000000022d4f08
RIP=0x00007fbacc471c40, EFL=0x0000000000010206, CSGSFS=0x0000000000000033, ERR=0x0000000000000004
  TRAPNO=0x000000000000000e

Top of Stack: (sp=0x00007fba7cdab390)
0x00007fba7cdab390:   00007fba7cdab6b0 000000000000138a
0x00007fba7cdab3a0:   00007fba7cdab3d0 00007fba7cdab670
0x00007fba7cdab3b0:   00007fba7cdacb80 00007fba7925e498
0x00007fba7cdab3c0:   0000000000000002 0000000002af6ca8
0x00007fba7cdab3d0:   00007fba7cdab440 00007fbacc4721a7
0x00007fba7cdab3e0:   0000000000000020 00007fba00000001
0x00007fba7cdab3f0:   00007fba7cdad510 0000000000000000
0x00007fba7cdab400:   00007fba7cdab650 00007fba7cdab6b0
0x00007fba7cdab410:   0000000000001687 00007fba7cdacb80
0x00007fba7cdab420:   00007fba7cdac170 00007fba7cdab6b0
0x00007fba7cdab430:   00007fba7cdab650 0000000000000000
0x00007fba7cdab440:   00007fba7cdab710 00007fbacc4756f0
0x00007fba7cdab450:   00007fbacca14888 00007fbacca2fad8
0x00007fba7cdab460:   00007fba7cdab490 00007fba00001675
0x00007fba7cdab470:   000000000000b4a0 00007fbacc9f6d7c
0x00007fba7cdab480:   01007fba7cdae2c0 00007fba7cdab670
0x00007fba7cdab490:   00007fba7cdab4b0 00007fbacc5f7ef6
0x00007fba7cdab4a0:   00000000780378b0 00007fba78b85dc0
0x00007fba7cdab4b0:   00007fba7cdab4d0 00007fbacc5f7ef6
0x00007fba7cdab4c0:   00000000780378b0 00007fba78b85dc0
0x00007fba7cdab4d0:   00007fba7923c880 00007fba78b85dc0
0x00007fba7cdab4e0:   00007fba7cdab4f0 00007fbacc5f718d
0x00007fba7cdab4f0:   00007fba7cdab550 00007fbacc2933de
0x00007fba7cdab500:   0000000000000000 00cde4b5008049a8
0x00007fba7cdab510:   0000000000000000 00000000cc5fb758
0x00007fba7cdab520:   00007fba88ca6bff 00007fba788049a8
0x00007fba7cdab530:   00007fba7cdab590 00007fbacc319f61
0x00007fba7cdab540:   00007fba7cdab560 00007fba79407950
0x00007fba7cdab550:   000000000224e048 00000000790d8528
0x00007fba7cdab560:   00007fba7cdab580 000000000224e0f8
0x00007fba7cdab570:   00007fba7cdac170 00007fba7cdac170
0x00007fba7cdab580:   00007fba790d8a80 000000000224e0f8 

Instructions: (pc=0x00007fbacc471c40)
0x00007fbacc471c30:   89 f6 48 c1 e6 03 48 03 b3 d0 09 00 00 48 8b 06
0x00007fbacc471c40:   48 8b 50 08 48 83 3a 00 75 27 8b 4b 28 0f 1f 00 

Stack: [0x00007fba7ccaf000,0x00007fba7cdb0000],  sp=0x00007fba7cdab390,  free space=3f00000000000000030k
Native frames: (J=compiled Java code, j=interpreted, Vv=VM code, C=native code)
V  [libjvm.so+0x50bc40]
V  [libjvm.so+0x50c1a7]
V  [libjvm.so+0x50f6f0]
V  [libjvm.so+0x2b7a6b]
V  [libjvm.so+0x2b85ba]
V  [libjvm.so+0x246f7c]
V  [libjvm.so+0x2bd49a]
V  [libjvm.so+0x2bdabf]
V  [libjvm.so+0x687c4b]
V  [libjvm.so+0x58ff62]


Current CompileTask:
C2:589      jregex.Pretokenizer.next()V (1064 bytes)


---------------  P R O C E S S  ---------------

Java Threads: ( => current thread )
  0x00000000014ef800 JavaThread "pool-3-thread-1" [_thread_blocked, id=7165, stack(0x00007fba77eff000,0x00007fba78000000)]
  0x00000000011d7800 JavaThread "pool-1-thread-1" [_thread_blocked, id=7164, stack(0x00007fba7c0e8000,0x00007fba7c1e9000)]
  0x00007fba7826c800 JavaThread "DestroyJavaVM" [_thread_blocked, id=7143, stack(0x00007fbacd701000,0x00007fbacd802000)]
  0x00007fba783b0000 JavaThread "NioSocketAcceptor-1" [_thread_in_native, id=7163, stack(0x00007fba7c1e9000,0x00007fba7c2ea000)]
  0x00007fba7824b000 JavaThread "NioSocketAcceptor-1-idleStatusChecker" [_thread_blocked, id=7162, stack(0x00007fba7c2ea000,0x00007fba7c3eb000)]
  0x00007fba780bb000 JavaThread "Low Memory Detector" daemon [_thread_blocked, id=7160, stack(0x00007fba7caad000,0x00007fba7cbae000)]
  0x00007fba780b8800 JavaThread "CompilerThread1" daemon [_thread_blocked, id=7159, stack(0x00007fba7cbae000,0x00007fba7ccaf000)]
=>0x00007fba780b4800 JavaThread "CompilerThread0" daemon [_thread_in_native, id=7158, stack(0x00007fba7ccaf000,0x00007fba7cdb0000)]
  0x00007fba780b2000 JavaThread "JDWP Event Helper Thread" daemon [_thread_blocked, id=7157, stack(0x00007fba7cdb0000,0x00007fba7ceb1000)]
  0x00007fba780ae800 JavaThread "JDWP Transport Listener: dt_socket" daemon [_thread_in_native, id=7156, stack(0x00007fba7ceb1000,0x00007fba7cfb2000)]
  0x00007fba7807b000 JavaThread "Signal Dispatcher" daemon [_thread_blocked, id=7155, stack(0x00007fba7d1b7000,0x00007fba7d2b8000)]
  0x00007fba7805d000 JavaThread "Finalizer" daemon [_thread_blocked, id=7154, stack(0x00007fba7d2b8000,0x00007fba7d3b9000)]
  0x00007fba7805b000 JavaThread "Reference Handler" daemon [_thread_blocked, id=7153, stack(0x00007fba7d3b9000,0x00007fba7d4ba000)]

Other Threads:
  0x00007fba78056800 VMThread [stack: 0x00007fba7d4ba000,0x00007fba7d5bb000] [id=7152]
  0x00007fba780c6000 WatcherThread [stack: 0x00007fba7c9ac000,0x00007fba7caad000] [id=7161]

VM state:not at safepoint (normal execution)

VM Mutex/Monitor currently owned by a thread: None

Heap
 PSYoungGen      total 34240K, used 23591K [0x00007fbab2820000, 0x00007fbab5120000, 0x00007fbac7220000)
  eden space 29184K, 75% used [0x00007fbab2820000,0x00007fbab3d851f0,0x00007fbab44a0000)
  from space 5056K, 33% used [0x00007fbab4c30000,0x00007fbab4dd4c20,0x00007fbab5120000)
  to   space 6400K, 0% used [0x00007fbab44a0000,0x00007fbab44a0000,0x00007fbab4ae0000)
 PSOldGen        total 42240K, used 16089K [0x00007fba89420000, 0x00007fba8bd60000, 0x00007fbab2820000)
  object space 42240K, 38% used [0x00007fba89420000,0x00007fba8a3d6548,0x00007fba8bd60000)
 PSPermGen       total 28736K, used 28710K [0x00007fba7ec20000, 0x00007fba80830000, 0x00007fba89420000)
  object space 28736K, 99% used [0x00007fba7ec20000,0x00007fba80829b68,0x00007fba80830000)

Dynamic libraries:
00400000-00409000 r-xp 00000000 08:15 274966                             /usr/lib/jvm/java-6-openjdk/jre/bin/java
00608000-00609000 r--p 00008000 08:15 274966                             /usr/lib/jvm/java-6-openjdk/jre/bin/java
00609000-0060a000 rw-p 00009000 08:15 274966                             /usr/lib/jvm/java-6-openjdk/jre/bin/java
00f4a000-034b1000 rw-p 00000000 00:00 0                                  [heap]
7fba77eff000-7fba77f02000 ---p 00000000 00:00 0 
7fba77f02000-7fba78000000 rw-p 00000000 00:00 0 
7fba78000000-7fba7aead000 rw-p 00000000 00:00 0 
7fba7aead000-7fba7c000000 ---p 00000000 00:00 0 
7fba7c0e8000-7fba7c0eb000 ---p 00000000 00:00 0 
7fba7c0eb000-7fba7c1e9000 rw-p 00000000 00:00 0 
7fba7c1e9000-7fba7c1ec000 ---p 00000000 00:00 0 
7fba7c1ec000-7fba7c2ea000 rw-p 00000000 00:00 0 
7fba7c2ea000-7fba7c2ed000 ---p 00000000 00:00 0 
7fba7c2ed000-7fba7c3eb000 rw-p 00000000 00:00 0 
7fba7c3eb000-7fba7c3f3000 r-xp 00000000 08:15 274928                     /usr/lib/jvm/java-6-openjdk/jre/lib/amd64/libnio.so
7fba7c3f3000-7fba7c5f2000 ---p 00008000 08:15 274928                     /usr/lib/jvm/java-6-openjdk/jre/lib/amd64/libnio.so
7fba7c5f2000-7fba7c5f3000 r--p 00007000 08:15 274928                     /usr/lib/jvm/java-6-openjdk/jre/lib/amd64/libnio.so
7fba7c5f3000-7fba7c5f4000 rw-p 00008000 08:15 274928                     /usr/lib/jvm/java-6-openjdk/jre/lib/amd64/libnio.so
7fba7c5f4000-7fba7c609000 r-xp 00000000 08:15 274927                     /usr/lib/jvm/java-6-openjdk/jre/lib/amd64/libnet.so
7fba7c609000-7fba7c808000 ---p 00015000 08:15 274927                     /usr/lib/jvm/java-6-openjdk/jre/lib/amd64/libnet.so
7fba7c808000-7fba7c809000 r--p 00014000 08:15 274927                     /usr/lib/jvm/java-6-openjdk/jre/lib/amd64/libnet.so
7fba7c809000-7fba7c80a000 rw-p 00015000 08:15 274927                     /usr/lib/jvm/java-6-openjdk/jre/lib/amd64/libnet.so
7fba7c80a000-7fba7c819000 r--s 00074000 08:15 142482                     /home/alexander/frameworks/play-1.0.3.2/framework/lib/joda-time-1.6.jar
7fba7c819000-7fba7c81a000 r--s 00015000 08:15 142495                     /home/alexander/frameworks/play-1.0.3.2/framework/lib/play-SimpleCaptcha.jar
7fba7c81a000-7fba7c821000 r--s 00038000 08:15 142500                     /home/alexander/frameworks/play-1.0.3.2/framework/lib/wikitext.core_1.1.1.jar
7fba7c821000-7fba7c845000 r--s 00473000 08:15 142477                     /home/alexander/frameworks/play-1.0.3.2/framework/lib/hibernate3.jar
7fba7c845000-7fba7c84a000 r--s 00040000 08:15 142472                     /home/alexander/frameworks/play-1.0.3.2/framework/lib/hibernate-annotations.jar
7fba7c84a000-7fba7c84d000 r--s 0001b000 08:15 142474                     /home/alexander/frameworks/play-1.0.3.2/framework/lib/hibernate-entitymanager.jar
7fba7c84d000-7fba7c854000 r--s 00059000 08:15 142487                     /home/alexander/frameworks/play-1.0.3.2/framework/lib/log4j-1.2.15.jar
7fba7c87b000-7fba7c87e000 r--s 00031000 08:15 273818                     /usr/lib/jvm/java-6-openjdk/jre/lib/ext/sunjce_provider.jar
7fba7c87e000-7fba7c883000 r--s 0003c000 08:15 142467                     /home/alexander/frameworks/play-1.0.3.2/framework/lib/ehcache-1.5.0.jar
7fba7c883000-7fba7c885000 r--s 0000c000 08:15 142451                     /home/alexander/frameworks/play-1.0.3.2/framework/lib/activation.jar
7fba7c885000-7fba7c88b000 r--s 00067000 08:15 142452                     /home/alexander/frameworks/play-1.0.3.2/framework/lib/antlr-2.7.6.jar
7fba7c88b000-7fba7c88d000 r--s 00001000 08:15 142485                     /home/alexander/frameworks/play-1.0.3.2/framework/lib/jta.jar
7fba7c88d000-7fba7c896000 r--s 00048000 08:15 142454                     /home/alexander/frameworks/play-1.0.3.2/framework/lib/backport-util-concurrent-3.0.jar
7fba7c896000-7fba7c898000 r--s 00001000 08:15 142484                     /home/alexander/frameworks/play-1.0.3.2/framework/lib/jsr107cache-1.0.jar
7fba7c898000-7fba7c89b000 r--s 0000a000 08:15 142468                     /home/alexander/frameworks/play-1.0.3.2/framework/lib/ejb3-persistence.jar
7fba7c89b000-7fba7c8a0000 r--s 00037000 08:15 142491                     /home/alexander/frameworks/play-1.0.3.2/framework/lib/memcached-2.4.2.jar
7fba7c8a0000-7fba7c8a5000 r--s 0002a000 08:15 142457                     /home/alexander/frameworks/play-1.0.3.2/framework/lib/commons-beanutils.jar
7fba7c8a5000-7fba7c8aa000 r--s 00048000 08:15 142466                     /home/alexander/frameworks/play-1.0.3.2/framework/lib/dom4j-1.6.1.jar
7fba7c8aa000-7fba7c8b0000 r--s 00024000 08:15 142453                     /home/alexander/frameworks/play-1.0.3.2/framework/lib/asyncweb-common-0.9.0-SNAPSHOT.jar
7fba7c8b0000-7fba7c8b7000 r--s 000aa000 08:15 142493                     /home/alexander/frameworks/play-1.0.3.2/framework/lib/mysql-connector-java-5.1.8-bin.jar
7fba7c8b7000-7fba7c8bc000 r--s 00023000 08:15 142486                     /home/alexander/frameworks/play-1.0.3.2/framework/lib/junit-4.4.jar
7fba7c8bc000-7fba7c8c1000 r--s 00040000 08:15 142461                     /home/alexander/frameworks/play-1.0.3.2/framework/lib/commons-httpclient.jar
7fba7c8c1000-7fba7c8c9000 r--s 000a3000 08:15 142478                     /home/alexander/frameworks/play-1.0.3.2/framework/lib/hsqldb.jar
7fba7c8c9000-7fba7c8cb000 r--s 0000a000 08:15 142458                     /home/alexander/frameworks/play-1.0.3.2/framework/lib/commons-codec.jar
7fba7c8cb000-7fba7c8ce000 r--s 00011000 08:15 142469                     /home/alexander/frameworks/play-1.0.3.2/framework/lib/ezmorph-1.0.3.jar
7fba7c8ce000-7fba7c8d4000 r--s 00032000 08:15 142481                     /home/alexander/frameworks/play-1.0.3.2/framework/lib/jaxen-1.1.jar
7fba7c8d4000-7fba7c8d6000 r--s 00001000 08:15 142499                     /home/alexander/frameworks/play-1.0.3.2/framework/lib/slf4j-log4j12-1.5.0.jar
7fba7c8d6000-7fba7c8de000 r--s 0008a000 08:15 142480                     /home/alexander/frameworks/play-1.0.3.2/framework/lib/javassist.jar
7fba7c8de000-7fba7c8e0000 r--s 00017000 08:15 142449                     /home/alexander/frameworks/play-1.0.3.2/framework/lib/WikiText.jar
7fba7c8e0000-7fba7c8e2000 r--s 00003000 08:15 142498                     /home/alexander/frameworks/play-1.0.3.2/framework/lib/slf4j-api-1.5.0.jar
7fba7c8e2000-7fba7c8e8000 r--s 00041000 08:15 142494                     /home/alexander/frameworks/play-1.0.3.2/framework/lib/oval-1.31.jar
7fba7c8e8000-7fba7c8f3000 r--s 0008a000 08:15 142455                     /home/alexander/frameworks/play-1.0.3.2/framework/lib/c3p0-0.9.1.jar
7fba7c8f3000-7fba7c8f5000 r--s 0000b000 08:15 142460                     /home/alexander/frameworks/play-1.0.3.2/framework/lib/commons-fileupload-1.2.jar
7fba7c8f5000-7fba7c8f9000 r--s 0002f000 08:15 142463                     /home/alexander/frameworks/play-1.0.3.2/framework/lib/commons-lang.jar
7fba7c8f9000-7fba7c948000 r--s 004b1000 08:15 142470                     /home/alexander/frameworks/play-1.0.3.2/framework/lib/groovy-all-1.7.1.jar
7fba7c948000-7fba7c94c000 r--s 00023000 08:15 142471                     /home/alexander/frameworks/play-1.0.3.2/framework/lib/gson-1.3.jar
7fba7c94c000-7fba7c952000 r--s 00055000 08:15 142490                     /home/alexander/frameworks/play-1.0.3.2/framework/lib/mail.jar
7fba7c952000-7fba7c955000 r--s 0000f000 08:15 142497                     /home/alexander/frameworks/play-1.0.3.2/framework/lib/provided-geronimo-servlet_2.5_spec-1.2.jar
7fba7c955000-7fba7c961000 r--s 0014c000 08:15 142465                     /home/alexander/frameworks/play-1.0.3.2/framework/lib/compiler-jdt.jar
7fba7c961000-7fba7c964000 r--s 00018000 08:15 142462                     /home/alexander/frameworks/play-1.0.3.2/framework/lib/commons-io.jar
7fba7c964000-7fba7c971000 r--s 0007c000 08:15 142459                     /home/alexander/frameworks/play-1.0.3.2/framework/lib/commons-collections-3.1.jar
7fba7c971000-7fba7c977000 r--s 00049000 08:15 142456                     /home/alexander/frameworks/play-1.0.3.2/framework/lib/cglib-nodep-2.2.jar
7fba7c977000-7fba7c979000 r--s 00015000 08:15 142483                     /home/alexander/frameworks/play-1.0.3.2/framework/lib/jregex1.2_01.jar
7fba7c979000-7fba7c97b000 r--s 0000d000 08:15 142464                     /home/alexander/frameworks/play-1.0.3.2/framework/lib/commons-logging-1.1.1.jar
7fba7c97b000-7fba7c97e000 r--s 0000d000 08:15 142475                     /home/alexander/frameworks/play-1.0.3.2/framework/lib/hibernate-validator.jar
7fba7c97e000-7fba7c980000 r--s 00012000 08:15 142488                     /home/alexander/frameworks/play-1.0.3.2/framework/lib/lucene-analyzers-2.3.1.jar
7fba7c980000-7fba7c982000 r--s 00011000 08:15 142450                     /home/alexander/frameworks/play-1.0.3.2/framework/lib/ZDB.jar
7fba7c982000-7fba7c988000 r--s 0002c000 08:15 142448                     /home/alexander/frameworks/play-1.0.3.2/framework/lib/SnakeYAML-1.2.jar
7fba7c988000-7fba7c993000 r--s 00071000 08:15 142492                     /home/alexander/frameworks/play-1.0.3.2/framework/lib/mina-core-2.0.0-M2-SNAPSHOT.jar
7fba7c993000-7fba7c996000 r--s 00022000 08:15 142479                     /home/alexander/frameworks/play-1.0.3.2/framework/lib/jamon-2.7.jar
7fba7c996000-7fba7c99c000 r--s 00056000 08:15 142476                     /home/alexander/frameworks/play-1.0.3.2/framework/lib/hibernate3-ast.jar
7fba7c99c000-7fba7c9a0000 r--s 00020000 08:15 142496                     /home/alexander/frameworks/play-1.0.3.2/framework/lib/play-imaging.jar
7fba7c9a0000-7fba7c9ac000 r--s 00097000 08:15 142489                     /home/alexander/frameworks/play-1.0.3.2/framework/lib/lucene-core-2.3.1.jar
7fba7c9ac000-7fba7c9ad000 ---p 00000000 00:00 0 
7fba7c9ad000-7fba7caad000 rw-p 00000000 00:00 0 
7fba7caad000-7fba7cab0000 ---p 00000000 00:00 0 
7fba7cab0000-7fba7cbae000 rw-p 00000000 00:00 0 
7fba7cbae000-7fba7cbb1000 ---p 00000000 00:00 0 
7fba7cbb1000-7fba7ccaf000 rw-p 00000000 00:00 0 
7fba7ccaf000-7fba7ccb2000 ---p 00000000 00:00 0 
7fba7ccb2000-7fba7cdb0000 rw-p 00000000 00:00 0 
7fba7cdb0000-7fba7cdb3000 ---p 00000000 00:00 0 
7fba7cdb3000-7fba7ceb1000 rw-p 00000000 00:00 0 
7fba7ceb1000-7fba7ceb4000 ---p 00000000 00:00 0 
7fba7ceb4000-7fba7cfb2000 rw-p 00000000 00:00 0 
7fba7cfb2000-7fba7cfb6000 r-xp 00000000 08:15 274909                     /usr/lib/jvm/java-6-openjdk/jre/lib/amd64/libdt_socket.so
7fba7cfb6000-7fba7d1b5000 ---p 00004000 08:15 274909                     /usr/lib/jvm/java-6-openjdk/jre/lib/amd64/libdt_socket.so
7fba7d1b5000-7fba7d1b6000 r--p 00003000 08:15 274909                     /usr/lib/jvm/java-6-openjdk/jre/lib/amd64/libdt_socket.so
7fba7d1b6000-7fba7d1b7000 rw-p 00004000 08:15 274909                     /usr/lib/jvm/java-6-openjdk/jre/lib/amd64/libdt_socket.so
7fba7d1b7000-7fba7d1ba000 ---p 00000000 00:00 0 
7fba7d1ba000-7fba7d2b8000 rw-p 00000000 00:00 0 
7fba7d2b8000-7fba7d2bb000 ---p 00000000 00:00 0 
7fba7d2bb000-7fba7d3b9000 rw-p 00000000 00:00 0 
7fba7d3b9000-7fba7d3bc000 ---p 00000000 00:00 0 
7fba7d3bc000-7fba7d4ba000 rw-p 00000000 00:00 0 
7fba7d4ba000-7fba7d4bb000 ---p 00000000 00:00 0 
7fba7d4bb000-7fba7def7000 rw-p 00000000 00:00 0 
7fba7def7000-7fba7e08a000 r--s 03918000 08:15 274886                     /usr/lib/jvm/java-6-openjdk/jre/lib/rt.jar
7fba7e08a000-7fba7e08b000 ---p 00000000 00:00 0 
7fba7e08b000-7fba7e18b000 rw-p 00000000 00:00 0 
7fba7e18b000-7fba7e18c000 ---p 00000000 00:00 0 
7fba7e18c000-7fba7e28c000 rw-p 00000000 00:00 0 
7fba7e28c000-7fba7e28d000 ---p 00000000 00:00 0 
7fba7e28d000-7fba7e38d000 rw-p 00000000 00:00 0 
7fba7e38d000-7fba7e38e000 ---p 00000000 00:00 0 
7fba7e38e000-7fba7e48e000 rw-p 00000000 00:00 0 
7fba7e48e000-7fba7e48f000 ---p 00000000 00:00 0 
7fba7e48f000-7fba7e58f000 rw-p 00000000 00:00 0 
7fba7e58f000-7fba7e590000 ---p 00000000 00:00 0 
7fba7e590000-7fba7e690000 rw-p 00000000 00:00 0 
7fba7e690000-7fba7e691000 ---p 00000000 00:00 0 
7fba7e691000-7fba7e791000 rw-p 00000000 00:00 0 
7fba7e791000-7fba7e792000 ---p 00000000 00:00 0 
7fba7e792000-7fba7e8a7000 rw-p 00000000 00:00 0 
7fba7e8a7000-7fba7e9dc000 rw-p 00000000 00:00 0 
7fba7e9dc000-7fba7e9eb000 rw-p 00000000 00:00 0 
7fba7e9eb000-7fba7ea30000 rw-p 00000000 00:00 0 
7fba7ea30000-7fba7ea45000 rw-p 00000000 00:00 0 
7fba7ea45000-7fba7eb7a000 rw-p 00000000 00:00 0 
7fba7eb7a000-7fba7eb8f000 rw-p 00000000 00:00 0 
7fba7eb8f000-7fba7eb92000 ---p 00000000 00:00 0 
7fba7eb92000-7fba7ec1f000 rw-p 00000000 00:00 0 
7fba7ec1f000-7fba80830000 rw-p 00000000 00:00 0 
7fba80830000-7fba89420000 rw-p 00000000 00:00 0 
7fba89420000-7fba8bd60000 rw-p 00000000 00:00 0 
7fba8bd60000-7fbab2820000 rw-p 00000000 00:00 0 
7fbab2820000-7fbab5120000 rw-p 00000000 00:00 0 
7fbab5120000-7fbab57c0000 ---p 00000000 00:00 0 
7fbab57c0000-7fbac7220000 rw-p 00000000 00:00 0 
7fbac7220000-7fbac7222000 r--s 00013000 08:15 273836                     /usr/lib/jvm/java-6-openjdk/jre/lib/jce.jar
7fbac7222000-7fbac7225000 r--s 0000e000 08:15 142473                     /home/alexander/frameworks/play-1.0.3.2/framework/lib/hibernate-commons-annotations.jar
7fbac7225000-7fbac7227000 r--s 0000e000 08:15 798151                     /home/alexander/frameworks/play-1.0.3.2/modules/cobertura-2.0/lib/jakarta-oro-2.0.8.jar
7fbac7227000-7fbac7238000 rw-p 00000000 00:00 0 
7fbac7238000-7fbac72e7000 rw-p 00000000 00:00 0 
7fbac72e7000-7fbac7707000 rwxp 00000000 00:00 0 
7fbac7707000-7fbaca2e7000 rw-p 00000000 00:00 0 
7fbaca2e7000-7fbaca2ee000 r-xp 00000000 08:15 274934                     /usr/lib/jvm/java-6-openjdk/jre/lib/amd64/libzip.so
7fbaca2ee000-7fbaca4ed000 ---p 00007000 08:15 274934                     /usr/lib/jvm/java-6-openjdk/jre/lib/amd64/libzip.so
7fbaca4ed000-7fbaca4ee000 r--p 00006000 08:15 274934                     /usr/lib/jvm/java-6-openjdk/jre/lib/amd64/libzip.so
7fbaca4ee000-7fbaca4ef000 rw-p 00007000 08:15 274934                     /usr/lib/jvm/java-6-openjdk/jre/lib/amd64/libzip.so
7fbaca4ef000-7fbaca4fb000 r-xp 00000000 08:15 402047                     /lib/libnss_files-2.11.1.so
7fbaca4fb000-7fbaca6fa000 ---p 0000c000 08:15 402047                     /lib/libnss_files-2.11.1.so
7fbaca6fa000-7fbaca6fb000 r--p 0000b000 08:15 402047                     /lib/libnss_files-2.11.1.so
7fbaca6fb000-7fbaca6fc000 rw-p 0000c000 08:15 402047                     /lib/libnss_files-2.11.1.so
7fbaca6fc000-7fbaca706000 r-xp 00000000 08:15 402031                     /lib/libnss_nis-2.11.1.so
7fbaca706000-7fbaca905000 ---p 0000a000 08:15 402031                     /lib/libnss_nis-2.11.1.so
7fbaca905000-7fbaca906000 r--p 00009000 08:15 402031                     /lib/libnss_nis-2.11.1.so
7fbaca906000-7fbaca907000 rw-p 0000a000 08:15 402031                     /lib/libnss_nis-2.11.1.so
7fbaca907000-7fbaca90f000 r-xp 00000000 08:15 402030                     /lib/libnss_compat-2.11.1.so
7fbaca90f000-7fbacab0e000 ---p 00008000 08:15 402030                     /lib/libnss_compat-2.11.1.so
7fbacab0e000-7fbacab0f000 r--p 00007000 08:15 402030                     /lib/libnss_compat-2.11.1.so
7fbacab0f000-7fbacab10000 rw-p 00008000 08:15 402030                     /lib/libnss_compat-2.11.1.so
7fbacab10000-7fbacac2e000 r--p 00000000 08:15 268908                     /usr/lib/locale/de_CH.utf8/LC_COLLATE
7fbacac2e000-7fbacac31000 r-xp 00000000 08:15 274929                     /usr/lib/jvm/java-6-openjdk/jre/lib/amd64/libnpt.so
7fbacac31000-7fbacae30000 ---p 00003000 08:15 274929                     /usr/lib/jvm/java-6-openjdk/jre/lib/amd64/libnpt.so
7fbacae30000-7fbacae31000 r--p 00002000 08:15 274929                     /usr/lib/jvm/java-6-openjdk/jre/lib/amd64/libnpt.so
7fbacae31000-7fbacae32000 rw-p 00003000 08:15 274929                     /usr/lib/jvm/java-6-openjdk/jre/lib/amd64/libnpt.so
7fbacae32000-7fbacae3b000 r-xp 00000000 08:15 274912                     /usr/lib/jvm/java-6-openjdk/jre/lib/amd64/libinstrument.so
7fbacae3b000-7fbacb03b000 ---p 00009000 08:15 274912                     /usr/lib/jvm/java-6-openjdk/jre/lib/amd64/libinstrument.so
7fbacb03b000-7fbacb03c000 r--p 00009000 08:15 274912                     /usr/lib/jvm/java-6-openjdk/jre/lib/amd64/libinstrument.so
7fbacb03c000-7fbacb03d000 rw-p 0000a000 08:15 274912                     /usr/lib/jvm/java-6-openjdk/jre/lib/amd64/libinstrument.so
7fbacb03d000-7fbacb076000 r-xp 00000000 08:15 274920                     /usr/lib/jvm/java-6-openjdk/jre/lib/amd64/libjdwp.so
7fbacb076000-7fbacb275000 ---p 00039000 08:15 274920                     /usr/lib/jvm/java-6-openjdk/jre/lib/amd64/libjdwp.so
7fbacb275000-7fbacb276000 r--p 00038000 08:15 274920                     /usr/lib/jvm/java-6-openjdk/jre/lib/amd64/libjdwp.so
7fbacb276000-7fbacb277000 rw-p 00039000 08:15 274920                     /usr/lib/jvm/java-6-openjdk/jre/lib/amd64/libjdwp.so
7fbacb277000-7fbacb27f000 r-xp 00000000 08:15 274936                     /usr/lib/jvm/java-6-openjdk/jre/lib/amd64/native_threads/libhpi.so
7fbacb27f000-7fbacb47e000 ---p 00008000 08:15 274936                     /usr/lib/jvm/java-6-openjdk/jre/lib/amd64/native_threads/libhpi.so
7fbacb47e000-7fbacb47f000 r--p 00007000 08:15 274936                     /usr/lib/jvm/java-6-openjdk/jre/lib/amd64/native_threads/libhpi.so
7fbacb47f000-7fbacb480000 rw-p 00008000 08:15 274936                     /usr/lib/jvm/java-6-openjdk/jre/lib/amd64/native_threads/libhpi.so
7fbacb480000-7fbacb497000 r-xp 00000000 08:15 402010                     /lib/libnsl-2.11.1.so
7fbacb497000-7fbacb696000 ---p 00017000 08:15 402010                     /lib/libnsl-2.11.1.so
7fbacb696000-7fbacb697000 r--p 00016000 08:15 402010                     /lib/libnsl-2.11.1.so
7fbacb697000-7fbacb698000 rw-p 00017000 08:15 402010                     /lib/libnsl-2.11.1.so
7fbacb698000-7fbacb69a000 rw-p 00000000 00:00 0 
7fbacb69a000-7fbacb6c7000 r-xp 00000000 08:15 274917                     /usr/lib/jvm/java-6-openjdk/jre/lib/amd64/libjava.so
7fbacb6c7000-7fbacb8c6000 ---p 0002d000 08:15 274917                     /usr/lib/jvm/java-6-openjdk/jre/lib/amd64/libjava.so
7fbacb8c6000-7fbacb8c7000 r--p 0002c000 08:15 274917                     /usr/lib/jvm/java-6-openjdk/jre/lib/amd64/libjava.so
7fbacb8c7000-7fbacb8ca000 rw-p 0002d000 08:15 274917                     /usr/lib/jvm/java-6-openjdk/jre/lib/amd64/libjava.so
7fbacb8ca000-7fbacb8d9000 r-xp 00000000 08:15 274933                     /usr/lib/jvm/java-6-openjdk/jre/lib/amd64/libverify.so
7fbacb8d9000-7fbacbad8000 ---p 0000f000 08:15 274933                     /usr/lib/jvm/java-6-openjdk/jre/lib/amd64/libverify.so
7fbacbad8000-7fbacbada000 r--p 0000e000 08:15 274933                     /usr/lib/jvm/java-6-openjdk/jre/lib/amd64/libverify.so
7fbacbada000-7fbacbadb000 rw-p 00010000 08:15 274933                     /usr/lib/jvm/java-6-openjdk/jre/lib/amd64/libverify.so
7fbacbadb000-7fbacbae2000 r-xp 00000000 08:15 402024                     /lib/librt-2.11.1.so
7fbacbae2000-7fbacbce1000 ---p 00007000 08:15 402024                     /lib/librt-2.11.1.so
7fbacbce1000-7fbacbce2000 r--p 00006000 08:15 402024                     /lib/librt-2.11.1.so
7fbacbce2000-7fbacbce3000 rw-p 00007000 08:15 402024                     /lib/librt-2.11.1.so
7fbacbce3000-7fbacbd65000 r-xp 00000000 08:15 400119                     /lib/libm-2.11.1.so
7fbacbd65000-7fbacbf64000 ---p 00082000 08:15 400119                     /lib/libm-2.11.1.so
7fbacbf64000-7fbacbf65000 r--p 00081000 08:15 400119                     /lib/libm-2.11.1.so
7fbacbf65000-7fbacbf66000 rw-p 00082000 08:15 400119                     /lib/libm-2.11.1.so
7fbacbf66000-7fbacc781000 r-xp 00000000 08:15 274938                     /usr/lib/jvm/java-6-openjdk/jre/lib/amd64/server/libjvm.so
7fbacc781000-7fbacc980000 ---p 0081b000 08:15 274938                     /usr/lib/jvm/java-6-openjdk/jre/lib/amd64/server/libjvm.so
7fbacc980000-7fbacc9f4000 r--p 0081a000 08:15 274938                     /usr/lib/jvm/java-6-openjdk/jre/lib/amd64/server/libjvm.so
7fbacc9f4000-7fbacca0e000 rw-p 0088e000 08:15 274938                     /usr/lib/jvm/java-6-openjdk/jre/lib/amd64/server/libjvm.so
7fbacca0e000-7fbacca47000 rw-p 00000000 00:00 0 
7fbacca47000-7fbaccbc1000 r-xp 00000000 08:15 402042                     /lib/libc-2.11.1.so
7fbaccbc1000-7fbaccdc0000 ---p 0017a000 08:15 402042                     /lib/libc-2.11.1.so
7fbaccdc0000-7fbaccdc4000 r--p 00179000 08:15 402042                     /lib/libc-2.11.1.so
7fbaccdc4000-7fbaccdc5000 rw-p 0017d000 08:15 402042                     /lib/libc-2.11.1.so
7fbaccdc5000-7fbaccdca000 rw-p 00000000 00:00 0 
7fbaccdca000-7fbaccdcc000 r-xp 00000000 08:15 402049                     /lib/libdl-2.11.1.so
7fbaccdcc000-7fbaccfcc000 ---p 00002000 08:15 402049                     /lib/libdl-2.11.1.so
7fbaccfcc000-7fbaccfcd000 r--p 00002000 08:15 402049                     /lib/libdl-2.11.1.so
7fbaccfcd000-7fbaccfce000 rw-p 00003000 08:15 402049                     /lib/libdl-2.11.1.so
7fbaccfce000-7fbaccfd2000 r-xp 00000000 08:15 274899                     /usr/lib/jvm/java-6-openjdk/jre/lib/amd64/jli/libjli.so
7fbaccfd2000-7fbacd1d1000 ---p 00004000 08:15 274899                     /usr/lib/jvm/java-6-openjdk/jre/lib/amd64/jli/libjli.so
7fbacd1d1000-7fbacd1d2000 r--p 00003000 08:15 274899                     /usr/lib/jvm/java-6-openjdk/jre/lib/amd64/jli/libjli.so
7fbacd1d2000-7fbacd1d3000 rw-p 00004000 08:15 274899                     /usr/lib/jvm/java-6-openjdk/jre/lib/amd64/jli/libjli.so
7fbacd1d3000-7fbacd1eb000 r-xp 00000000 08:15 402039                     /lib/libpthread-2.11.1.so
7fbacd1eb000-7fbacd3ea000 ---p 00018000 08:15 402039                     /lib/libpthread-2.11.1.so
7fbacd3ea000-7fbacd3eb000 r--p 00017000 08:15 402039                     /lib/libpthread-2.11.1.so
7fbacd3eb000-7fbacd3ec000 rw-p 00018000 08:15 402039                     /lib/libpthread-2.11.1.so
7fbacd3ec000-7fbacd3f0000 rw-p 00000000 00:00 0 
7fbacd3f0000-7fbacd406000 r-xp 00000000 08:15 391874                     /lib/libz.so.1.2.3.3
7fbacd406000-7fbacd605000 ---p 00016000 08:15 391874                     /lib/libz.so.1.2.3.3
7fbacd605000-7fbacd606000 r--p 00015000 08:15 391874                     /lib/libz.so.1.2.3.3
7fbacd606000-7fbacd607000 rw-p 00016000 08:15 391874                     /lib/libz.so.1.2.3.3
7fbacd607000-7fbacd627000 r-xp 00000000 08:15 402018                     /lib/ld-2.11.1.so
7fbacd627000-7fbacd629000 r--s 00009000 08:15 798152                     /home/alexander/frameworks/play-1.0.3.2/modules/cobertura-2.0/lib/asm-3.0.jar
7fbacd629000-7fbacd62c000 r--s 00030000 08:15 798149                     /home/alexander/frameworks/play-1.0.3.2/modules/cobertura-2.0/lib/cobertura-main.jar
7fbacd62c000-7fbacd62e000 r--s 00004000 08:15 798150                     /home/alexander/frameworks/play-1.0.3.2/modules/cobertura-2.0/lib/asm-tree-3.0.jar
7fbacd62e000-7fbacd630000 r--s 00009000 08:15 535753                     /home/alexander/ESE/ese2010-team2/qa/lib/markdownj-1.0.2b4-0.3.0.jar
7fbacd630000-7fbacd633000 r--s 0007a000 08:15 273837                     /usr/lib/jvm/java-6-openjdk/jre/lib/jsse.jar
7fbacd633000-7fbacd63a000 r--s 00079000 08:15 142501                     /home/alexander/frameworks/play-1.0.3.2/framework/play.jar
7fbacd63a000-7fbacd643000 r--s 00065000 08:15 672110                     /usr/share/java/gnome-java-bridge.jar
7fbacd643000-7fbacd646000 r--s 0000f000 08:15 273820                     /usr/lib/jvm/java-6-openjdk/jre/lib/ext/pulse-java.jar
7fbacd646000-7fbacd67d000 rw-p 00000000 00:00 0 
7fbacd67d000-7fbacd6c2000 rw-p 00000000 00:00 0 
7fbacd6c2000-7fbacd701000 r--p 00000000 08:15 279196                     /usr/lib/locale/de_CH.utf8/LC_CTYPE
7fbacd701000-7fbacd704000 ---p 00000000 00:00 0 
7fbacd704000-7fbacd807000 rw-p 00000000 00:00 0 
7fbacd807000-7fbacd808000 r--s 00001000 08:15 798153                     /home/alexander/frameworks/play-1.0.3.2/modules/cobertura-2.0/lib/play-cobertura.jar
7fbacd808000-7fbacd809000 rw-p 00000000 00:00 0 
7fbacd809000-7fbacd811000 rw-s 00000000 08:15 132631                     /tmp/hsperfdata_alexander/7142
7fbacd811000-7fbacd812000 r--p 00000000 08:15 269039                     /usr/lib/locale/de_CH.utf8/LC_NUMERIC
7fbacd812000-7fbacd813000 r--p 00000000 08:15 269040                     /usr/lib/locale/de_CH.utf8/LC_TIME
7fbacd813000-7fbacd814000 r--p 00000000 08:15 269041                     /usr/lib/locale/de_CH.utf8/LC_MONETARY
7fbacd814000-7fbacd815000 r--p 00000000 08:15 279201                     /usr/lib/locale/de_CH.utf8/LC_MESSAGES/SYS_LC_MESSAGES
7fbacd815000-7fbacd816000 r--p 00000000 08:15 269058                     /usr/lib/locale/de_CH.utf8/LC_PAPER
7fbacd816000-7fbacd817000 r--p 00000000 08:15 268848                     /usr/lib/locale/de_CH.utf8/LC_NAME
7fbacd817000-7fbacd818000 r--p 00000000 08:15 269042                     /usr/lib/locale/de_CH.utf8/LC_ADDRESS
7fbacd818000-7fbacd819000 r--p 00000000 08:15 269043                     /usr/lib/locale/de_CH.utf8/LC_TELEPHONE
7fbacd819000-7fbacd81a000 r--p 00000000 08:15 269067                     /usr/lib/locale/de_CH.utf8/LC_MEASUREMENT
7fbacd81a000-7fbacd821000 r--s 00000000 08:15 276772                     /usr/lib/gconv/gconv-modules.cache
7fbacd821000-7fbacd822000 r--p 00000000 08:15 269045                     /usr/lib/locale/de_CH.utf8/LC_IDENTIFICATION
7fbacd822000-7fbacd823000 rw-p 00000000 00:00 0 
7fbacd823000-7fbacd824000 r--p 00000000 00:00 0 
7fbacd824000-7fbacd826000 rw-p 00000000 00:00 0 
7fbacd826000-7fbacd827000 r--p 0001f000 08:15 402018                     /lib/ld-2.11.1.so
7fbacd827000-7fbacd828000 rw-p 00020000 08:15 402018                     /lib/ld-2.11.1.so
7fbacd828000-7fbacd829000 rw-p 00000000 00:00 0 
7fffa10e4000-7fffa10fa000 rw-p 00000000 00:00 0                          [stack]
7fffa11ff000-7fffa1200000 r-xp 00000000 00:00 0                          [vdso]
ffffffffff600000-ffffffffff601000 r-xp 00000000 00:00 0                  [vsyscall]

VM Arguments:
jvm_args: -javaagent:/home/alexander/frameworks/play-1.0.3.2/framework/play.jar -Dplay.debug=yes -Xrunjdwp:transport=dt_socket,address=8000,server=y,suspend=n -Xdebug -Dapplication.path=/home/alexander/ESE/ese2010-team2/qa -Dplay.id= 
java_command: play.server.Server
Launcher Type: SUN_STANDARD

Environment Variables:
PATH=/usr/local/sbin:/usr/local/bin:/usr/sbin:/usr/bin:/sbin:/bin:/usr/games:/home/alexander/frameworks/play-1.0.3.2/
USERNAME=alexander
LD_LIBRARY_PATH=/usr/lib/jvm/java-6-openjdk/jre/lib/amd64/server:/usr/lib/jvm/java-6-openjdk/jre/lib/amd64:/usr/lib/jvm/java-6-openjdk/jre/../lib/amd64
SHELL=/bin/bash
DISPLAY=:0.0

Signal Handlers:
SIGSEGV: [libjvm.so+0x6c1f70], sa_mask[0]=0x7ffbfeff, sa_flags=0x10000004
SIGBUS: [libjvm.so+0x6c1f70], sa_mask[0]=0x7ffbfeff, sa_flags=0x10000004
SIGFPE: [libjvm.so+0x58ca00], sa_mask[0]=0x7ffbfeff, sa_flags=0x10000004
SIGPIPE: [libjvm.so+0x58ca00], sa_mask[0]=0x7ffbfeff, sa_flags=0x10000004
SIGXFSZ: [libjvm.so+0x58ca00], sa_mask[0]=0x7ffbfeff, sa_flags=0x10000004
SIGILL: [libjvm.so+0x58ca00], sa_mask[0]=0x7ffbfeff, sa_flags=0x10000004
SIGUSR1: SIG_DFL, sa_mask[0]=0x00000000, sa_flags=0x00000000
SIGUSR2: [libjvm.so+0x58c150], sa_mask[0]=0x00000000, sa_flags=0x10000004
SIGHUP: [libjvm.so+0x58e840], sa_mask[0]=0x7ffbfeff, sa_flags=0x10000004
SIGINT: [libjvm.so+0x58e840], sa_mask[0]=0x7ffbfeff, sa_flags=0x10000004
SIGTERM: [libjvm.so+0x58e840], sa_mask[0]=0x7ffbfeff, sa_flags=0x10000004
SIGQUIT: [libjvm.so+0x58e840], sa_mask[0]=0x7ffbfeff, sa_flags=0x10000004


---------------  S Y S T E M  ---------------

OS:Ubuntu 10.04 (lucid)
uname:Linux 2.6.32-24-generic #43-Ubuntu SMP Thu Sep 16 14:58:24 UTC 2010 x86_64
libc:glibc 2.11.1 NPTL 2.11.1 
rlimit: STACK 8192k, CORE 0k, NPROC infinity, NOFILE 1024, AS infinity
load average:1.38 1.58 1.50

CPU:total 8 (8 cores per cpu, 2 threads per core) family 6 model 30 stepping 5, cmov, cx8, fxsr, mmx, sse, sse2, sse3, ssse3, sse4.1, sse4.2, popcnt, ht

Memory: 4k page, physical 4051124k(1781000k free), swap 1055736k(1055736k free)

vm_info: OpenJDK 64-Bit Server VM (16.0-b13) for linux-amd64 JRE (1.6.0_18-b18), built on Jul 26 2010 23:34:55 by "buildd" with gcc 4.4.3

time: Wed Oct 27 23:58:43 2010
elapsed time: 293 seconds

