#
# A fatal error has been detected by the Java Runtime Environment:
#
#  SIGSEGV (0xb) at pc=0x00007f69dc774c40, pid=2985, tid=140091314599696
#
# JRE version: 6.0_18-b18
# Java VM: OpenJDK 64-Bit Server VM (16.0-b13 mixed mode linux-amd64 )
# Derivative: IcedTea6 1.8.1
# Distribution: Ubuntu 10.04 LTS, package 6b18-1.8.1-0ubuntu1
# Problematic frame:
# V  [libjvm.so+0x50bc40]
#
# If you would like to submit a bug report, please include
# instructions how to reproduce the bug and visit:
#   https://bugs.launchpad.net/ubuntu/+source/openjdk-6/
#

---------------  T H R E A D  ---------------

Current thread (0x0000000001981000):  JavaThread "CompilerThread0" daemon [_thread_in_native, id=3001, stack(0x00007f698cfaf000,0x00007f698d0b0000)]

siginfo:si_signo=SIGSEGV: si_errno=0, si_code=1 (SEGV_MAPERR), si_addr=0x0000000000000008

Registers:
RAX=0x0000000000000000, RBX=0x00007f698d0ac800, RCX=0x00007f69887df4f0, RDX=0x0000000000002000
RSP=0x00007f698d0ab010, RBP=0x00007f698d0ab050, RSI=0x00007f698908c200, RDI=0x0000000000000000
R8 =0x00007f698907c1e0, R9 =0x00007f69892c7d48, R10=0x0000000000000000, R11=0x00007f69dcdcfe53
R12=0x00007f69808827a8, R13=0x00007f698870d220, R14=0x00007f698d0ac820, R15=0x00007f69892ca900
RIP=0x00007f69dc774c40, EFL=0x0000000000010206, CSGSFS=0x0000000000000033, ERR=0x0000000000000004
  TRAPNO=0x000000000000000e

Top of Stack: (sp=0x00007f698d0ab010)
0x00007f698d0ab010:   00007f698d0ab330 0000000000001268
0x00007f698d0ab020:   00007f698d0ab050 00007f698d0ab2f0
0x00007f698d0ab030:   00007f698d0ac800 00007f69808827a8
0x00007f698d0ab040:   0000000000000002 00007f6989b00ec8
0x00007f698d0ab050:   00007f698d0ab0c0 00007f69dc7751a7
0x00007f698d0ab060:   0000000000000020 00007f6900000001
0x00007f698d0ab070:   00007f698d0ad190 0000000000000000
0x00007f698d0ab080:   00007f698d0ab2d0 00007f698d0ab330
0x00007f698d0ab090:   0000000000001565 00007f698d0ac800
0x00007f698d0ab0a0:   00007f698d0abdf0 00007f698d0ab330
0x00007f698d0ab0b0:   00007f698d0ab2d0 0000000000000000
0x00007f698d0ab0c0:   00007f698d0ab390 00007f69dc7786f0
0x00007f698d0ab0d0:   00007f69dcd17888 00007f69dcd32ad8
0x00007f698d0ab0e0:   00007f698d0ab110 00007f6900001553
0x00007f698d0ab0f0:   000000000000ab90 00007f69dccf9d7c
0x00007f698d0ab100:   01007f698d0adf40 00007f698d0ab2f0
0x00007f698d0ab110:   00007f698d0ab130 00007f69dc8faef6
0x00007f698d0ab120:   00000000018eb060 00007f69887c21f0
0x00007f698d0ab130:   00007f698d0ab150 00007f69dc8faef6
0x00007f698d0ab140:   00000000018eb060 00007f69887c21f0
0x00007f698d0ab150:   00007f6989af7aa0 00007f69887c21f0
0x00007f698d0ab160:   00007f698d0ab170 00007f69dc8fa18d
0x00007f698d0ab170:   00007f698d0ab1d0 00007f69dc5963de
0x00007f698d0ab180:   0000000000000000 8a591c65007ca718
0x00007f698d0ab190:   0000000000000000 00000000dc8fe758
0x00007f698d0ab1a0:   00007f6988ca6bff 00007f69887ca718
0x00007f698d0ab1b0:   00007f69dcd04758 00007f69887c21f0
0x00007f698d0ab1c0:   00007f698875d340 00000000018eb0b0
0x00007f698d0ab1d0:   00007f69887ca718 00007f69dc8fb943
0x00007f698d0ab1e0:   00000000018eb0b0 0000000000000000
0x00007f698d0ab1f0:   0000000000000001 00007f69892cc478
0x00007f698d0ab200:   00007f698d0ab290 00007f69dc7aa1ec 

Instructions: (pc=0x00007f69dc774c40)
0x00007f69dc774c30:   89 f6 48 c1 e6 03 48 03 b3 d0 09 00 00 48 8b 06
0x00007f69dc774c40:   48 8b 50 08 48 83 3a 00 75 27 8b 4b 28 0f 1f 00 

Stack: [0x00007f698cfaf000,0x00007f698d0b0000],  sp=0x00007f698d0ab010,  free space=3f00000000000000030k
Native frames: (J=compiled Java code, j=interpreted, Vv=VM code, C=native code)
V  [libjvm.so+0x50bc40]
V  [libjvm.so+0x50c1a7]
V  [libjvm.so+0x50f6f0]
V  [libjvm.so+0x2b7a6b]
V  [libjvm.so+0x2b85ba]
V  [libjvm.so+0x246f7c]
V  [libjvm.so+0x2bd49a]
V  [libjvm.so+0x2bdabf]
V  [libjvm.so+0x687c4b]
V  [libjvm.so+0x58ff62]


Current CompileTask:
C2:708      jregex.Pretokenizer.next()V (1064 bytes)


---------------  P R O C E S S  ---------------

Java Threads: ( => current thread )
  0x0000000001c3e000 JavaThread "NioProcessor-1" [_thread_in_native, id=3294, stack(0x00007f698c40e000,0x00007f698c50f000)]
  0x0000000001bf1000 JavaThread "pool-3-thread-1" [_thread_in_vm, id=3008, stack(0x00007f698c30d000,0x00007f698c40e000)]
  0x00007f69883f3800 JavaThread "DestroyJavaVM" [_thread_blocked, id=2986, stack(0x00007f69dda04000,0x00007f69ddb05000)]
  0x0000000001dc1800 JavaThread "NioSocketAcceptor-1" [_thread_in_native, id=3006, stack(0x00007f698c50f000,0x00007f698c610000)]
  0x00007f69881d5800 JavaThread "NioSocketAcceptor-1-idleStatusChecker" [_thread_blocked, id=3005, stack(0x00007f698c610000,0x00007f698c711000)]
  0x00007f6988003800 JavaThread "Low Memory Detector" daemon [_thread_blocked, id=3003, stack(0x00007f698cdad000,0x00007f698ceae000)]
  0x0000000001984000 JavaThread "CompilerThread1" daemon [_thread_in_native, id=3002, stack(0x00007f698ceae000,0x00007f698cfaf000)]
=>0x0000000001981000 JavaThread "CompilerThread0" daemon [_thread_in_native, id=3001, stack(0x00007f698cfaf000,0x00007f698d0b0000)]
  0x000000000196b800 JavaThread "JDWP Event Helper Thread" daemon [_thread_blocked, id=3000, stack(0x00007f698d0b0000,0x00007f698d1b1000)]
  0x0000000001968000 JavaThread "JDWP Transport Listener: dt_socket" daemon [_thread_in_native, id=2999, stack(0x00007f698d1b1000,0x00007f698d2b2000)]
  0x0000000001934000 JavaThread "Signal Dispatcher" daemon [_thread_blocked, id=2998, stack(0x00007f698d4b7000,0x00007f698d5b8000)]
  0x0000000001916000 JavaThread "Finalizer" daemon [_thread_blocked, id=2997, stack(0x00007f698d5b8000,0x00007f698d6b9000)]
  0x000000000190e800 JavaThread "Reference Handler" daemon [_thread_blocked, id=2996, stack(0x00007f698d6b9000,0x00007f698d7ba000)]

Other Threads:
  0x000000000190a000 VMThread [stack: 0x00007f698d7ba000,0x00007f698d8bb000] [id=2995]
  0x00007f698801f800 WatcherThread [stack: 0x00007f698ccac000,0x00007f698cdad000] [id=3004]

VM state:not at safepoint (normal execution)

VM Mutex/Monitor currently owned by a thread: None

Heap
 PSYoungGen      total 14080K, used 3805K [0x00007f69c2b20000, 0x00007f69c3f30000, 0x00007f69d7520000)
  eden space 13888K, 26% used [0x00007f69c2b20000,0x00007f69c2ea76f0,0x00007f69c38b0000)
  from space 192K, 100% used [0x00007f69c3900000,0x00007f69c3930000,0x00007f69c3930000)
  to   space 3328K, 0% used [0x00007f69c3bf0000,0x00007f69c3bf0000,0x00007f69c3f30000)
 PSOldGen        total 42240K, used 19336K [0x00007f6999720000, 0x00007f699c060000, 0x00007f69c2b20000)
  object space 42240K, 45% used [0x00007f6999720000,0x00007f699aa02048,0x00007f699c060000)
 PSPermGen       total 28352K, used 28255K [0x00007f698ef20000, 0x00007f6990ad0000, 0x00007f6999720000)
  object space 28352K, 99% used [0x00007f698ef20000,0x00007f6990ab7de8,0x00007f6990ad0000)

Dynamic libraries:
00400000-00409000 r-xp 00000000 08:15 274966                             /usr/lib/jvm/java-6-openjdk/jre/bin/java
00608000-00609000 r--p 00008000 08:15 274966                             /usr/lib/jvm/java-6-openjdk/jre/bin/java
00609000-0060a000 rw-p 00009000 08:15 274966                             /usr/lib/jvm/java-6-openjdk/jre/bin/java
01887000-034c3000 rw-p 00000000 00:00 0                                  [heap]
7f6980000000-7f6981d98000 rw-p 00000000 00:00 0 
7f6981d98000-7f6984000000 ---p 00000000 00:00 0 
7f6988000000-7f698a3a0000 rw-p 00000000 00:00 0 
7f698a3a0000-7f698c000000 ---p 00000000 00:00 0 
7f698c30d000-7f698c310000 ---p 00000000 00:00 0 
7f698c310000-7f698c40e000 rw-p 00000000 00:00 0 
7f698c40e000-7f698c411000 ---p 00000000 00:00 0 
7f698c411000-7f698c50f000 rw-p 00000000 00:00 0 
7f698c50f000-7f698c512000 ---p 00000000 00:00 0 
7f698c512000-7f698c610000 rw-p 00000000 00:00 0 
7f698c610000-7f698c613000 ---p 00000000 00:00 0 
7f698c613000-7f698c711000 rw-p 00000000 00:00 0 
7f698c711000-7f698c719000 r-xp 00000000 08:15 274928                     /usr/lib/jvm/java-6-openjdk/jre/lib/amd64/libnio.so
7f698c719000-7f698c918000 ---p 00008000 08:15 274928                     /usr/lib/jvm/java-6-openjdk/jre/lib/amd64/libnio.so
7f698c918000-7f698c919000 r--p 00007000 08:15 274928                     /usr/lib/jvm/java-6-openjdk/jre/lib/amd64/libnio.so
7f698c919000-7f698c91a000 rw-p 00008000 08:15 274928                     /usr/lib/jvm/java-6-openjdk/jre/lib/amd64/libnio.so
7f698c91a000-7f698c92f000 r-xp 00000000 08:15 274927                     /usr/lib/jvm/java-6-openjdk/jre/lib/amd64/libnet.so
7f698c92f000-7f698cb2e000 ---p 00015000 08:15 274927                     /usr/lib/jvm/java-6-openjdk/jre/lib/amd64/libnet.so
7f698cb2e000-7f698cb2f000 r--p 00014000 08:15 274927                     /usr/lib/jvm/java-6-openjdk/jre/lib/amd64/libnet.so
7f698cb2f000-7f698cb30000 rw-p 00015000 08:15 274927                     /usr/lib/jvm/java-6-openjdk/jre/lib/amd64/libnet.so
7f698cb30000-7f698cb3f000 r--s 00074000 08:15 142482                     /home/alexander/frameworks/play-1.0.3.2/framework/lib/joda-time-1.6.jar
7f698cb3f000-7f698cb46000 r--s 00038000 08:15 142500                     /home/alexander/frameworks/play-1.0.3.2/framework/lib/wikitext.core_1.1.1.jar
7f698cb46000-7f698cb6a000 r--s 00473000 08:15 142477                     /home/alexander/frameworks/play-1.0.3.2/framework/lib/hibernate3.jar
7f698cb6a000-7f698cb6f000 r--s 00040000 08:15 142472                     /home/alexander/frameworks/play-1.0.3.2/framework/lib/hibernate-annotations.jar
7f698cb6f000-7f698cb72000 r--s 0001b000 08:15 142474                     /home/alexander/frameworks/play-1.0.3.2/framework/lib/hibernate-entitymanager.jar
7f698cb72000-7f698cb79000 r--s 00059000 08:15 142487                     /home/alexander/frameworks/play-1.0.3.2/framework/lib/log4j-1.2.15.jar
7f698cb79000-7f698cb7e000 r--s 0003c000 08:15 142467                     /home/alexander/frameworks/play-1.0.3.2/framework/lib/ehcache-1.5.0.jar
7f698cb7e000-7f698cb80000 r--s 0000c000 08:15 142451                     /home/alexander/frameworks/play-1.0.3.2/framework/lib/activation.jar
7f698cb80000-7f698cb86000 r--s 00067000 08:15 142452                     /home/alexander/frameworks/play-1.0.3.2/framework/lib/antlr-2.7.6.jar
7f698cb86000-7f698cb88000 r--s 00001000 08:15 142485                     /home/alexander/frameworks/play-1.0.3.2/framework/lib/jta.jar
7f698cb88000-7f698cb91000 r--s 00048000 08:15 142454                     /home/alexander/frameworks/play-1.0.3.2/framework/lib/backport-util-concurrent-3.0.jar
7f698cb91000-7f698cb93000 r--s 00001000 08:15 142484                     /home/alexander/frameworks/play-1.0.3.2/framework/lib/jsr107cache-1.0.jar
7f698cb93000-7f698cb96000 r--s 0000a000 08:15 142468                     /home/alexander/frameworks/play-1.0.3.2/framework/lib/ejb3-persistence.jar
7f698cb96000-7f698cb9b000 r--s 00037000 08:15 142491                     /home/alexander/frameworks/play-1.0.3.2/framework/lib/memcached-2.4.2.jar
7f698cb9b000-7f698cba0000 r--s 0002a000 08:15 142457                     /home/alexander/frameworks/play-1.0.3.2/framework/lib/commons-beanutils.jar
7f698cba0000-7f698cba5000 r--s 00048000 08:15 142466                     /home/alexander/frameworks/play-1.0.3.2/framework/lib/dom4j-1.6.1.jar
7f698cba5000-7f698cbab000 r--s 00024000 08:15 142453                     /home/alexander/frameworks/play-1.0.3.2/framework/lib/asyncweb-common-0.9.0-SNAPSHOT.jar
7f698cbab000-7f698cbb2000 r--s 000aa000 08:15 142493                     /home/alexander/frameworks/play-1.0.3.2/framework/lib/mysql-connector-java-5.1.8-bin.jar
7f698cbb2000-7f698cbb7000 r--s 00023000 08:15 142486                     /home/alexander/frameworks/play-1.0.3.2/framework/lib/junit-4.4.jar
7f698cbb7000-7f698cbbc000 r--s 00040000 08:15 142461                     /home/alexander/frameworks/play-1.0.3.2/framework/lib/commons-httpclient.jar
7f698cbbc000-7f698cbc4000 r--s 000a3000 08:15 142478                     /home/alexander/frameworks/play-1.0.3.2/framework/lib/hsqldb.jar
7f698cbc4000-7f698cbc6000 r--s 0000a000 08:15 142458                     /home/alexander/frameworks/play-1.0.3.2/framework/lib/commons-codec.jar
7f698cbc6000-7f698cbc9000 r--s 00011000 08:15 142469                     /home/alexander/frameworks/play-1.0.3.2/framework/lib/ezmorph-1.0.3.jar
7f698cbc9000-7f698cbcf000 r--s 00032000 08:15 142481                     /home/alexander/frameworks/play-1.0.3.2/framework/lib/jaxen-1.1.jar
7f698cbcf000-7f698cbd1000 r--s 00001000 08:15 142499                     /home/alexander/frameworks/play-1.0.3.2/framework/lib/slf4j-log4j12-1.5.0.jar
7f698cbd1000-7f698cbd9000 r--s 0008a000 08:15 142480                     /home/alexander/frameworks/play-1.0.3.2/framework/lib/javassist.jar
7f698cbd9000-7f698cbdb000 r--s 00017000 08:15 142449                     /home/alexander/frameworks/play-1.0.3.2/framework/lib/WikiText.jar
7f698cbdb000-7f698cbdd000 r--s 00003000 08:15 142498                     /home/alexander/frameworks/play-1.0.3.2/framework/lib/slf4j-api-1.5.0.jar
7f698cbdd000-7f698cbe3000 r--s 00041000 08:15 142494                     /home/alexander/frameworks/play-1.0.3.2/framework/lib/oval-1.31.jar
7f698cbe3000-7f698cbee000 r--s 0008a000 08:15 142455                     /home/alexander/frameworks/play-1.0.3.2/framework/lib/c3p0-0.9.1.jar
7f698cbee000-7f698cc3d000 r--s 004b1000 08:15 142470                     /home/alexander/frameworks/play-1.0.3.2/framework/lib/groovy-all-1.7.1.jar
7f698cc3d000-7f698cc40000 r--s 00018000 08:15 142462                     /home/alexander/frameworks/play-1.0.3.2/framework/lib/commons-io.jar
7f698cc44000-7f698cc47000 r--s 00031000 08:15 273818                     /usr/lib/jvm/java-6-openjdk/jre/lib/ext/sunjce_provider.jar
7f698cc47000-7f698cc49000 r--s 0000b000 08:15 142460                     /home/alexander/frameworks/play-1.0.3.2/framework/lib/commons-fileupload-1.2.jar
7f698cc49000-7f698cc4d000 r--s 0002f000 08:15 142463                     /home/alexander/frameworks/play-1.0.3.2/framework/lib/commons-lang.jar
7f698cc4d000-7f698cc51000 r--s 00023000 08:15 142471                     /home/alexander/frameworks/play-1.0.3.2/framework/lib/gson-1.3.jar
7f698cc51000-7f698cc57000 r--s 00055000 08:15 142490                     /home/alexander/frameworks/play-1.0.3.2/framework/lib/mail.jar
7f698cc57000-7f698cc63000 r--s 0014c000 08:15 142465                     /home/alexander/frameworks/play-1.0.3.2/framework/lib/compiler-jdt.jar
7f698cc63000-7f698cc65000 r--s 00011000 08:15 142450                     /home/alexander/frameworks/play-1.0.3.2/framework/lib/ZDB.jar
7f698cc65000-7f698cc67000 r--s 00013000 08:15 273836                     /usr/lib/jvm/java-6-openjdk/jre/lib/jce.jar
7f698cc67000-7f698cc6a000 r--s 0000f000 08:15 142497                     /home/alexander/frameworks/play-1.0.3.2/framework/lib/provided-geronimo-servlet_2.5_spec-1.2.jar
7f698cc6a000-7f698cc77000 r--s 0007c000 08:15 142459                     /home/alexander/frameworks/play-1.0.3.2/framework/lib/commons-collections-3.1.jar
7f698cc77000-7f698cc7d000 r--s 00049000 08:15 142456                     /home/alexander/frameworks/play-1.0.3.2/framework/lib/cglib-nodep-2.2.jar
7f698cc7d000-7f698cc7f000 r--s 00015000 08:15 142483                     /home/alexander/frameworks/play-1.0.3.2/framework/lib/jregex1.2_01.jar
7f698cc7f000-7f698cc81000 r--s 0000d000 08:15 142464                     /home/alexander/frameworks/play-1.0.3.2/framework/lib/commons-logging-1.1.1.jar
7f698cc81000-7f698cc84000 r--s 0000d000 08:15 142475                     /home/alexander/frameworks/play-1.0.3.2/framework/lib/hibernate-validator.jar
7f698cc84000-7f698cc86000 r--s 00012000 08:15 142488                     /home/alexander/frameworks/play-1.0.3.2/framework/lib/lucene-analyzers-2.3.1.jar
7f698cc86000-7f698cc8c000 r--s 0002c000 08:15 142448                     /home/alexander/frameworks/play-1.0.3.2/framework/lib/SnakeYAML-1.2.jar
7f698cc8c000-7f698cc97000 r--s 00071000 08:15 142492                     /home/alexander/frameworks/play-1.0.3.2/framework/lib/mina-core-2.0.0-M2-SNAPSHOT.jar
7f698cc97000-7f698cc9a000 r--s 00022000 08:15 142479                     /home/alexander/frameworks/play-1.0.3.2/framework/lib/jamon-2.7.jar
7f698cc9a000-7f698cca0000 r--s 00056000 08:15 142476                     /home/alexander/frameworks/play-1.0.3.2/framework/lib/hibernate3-ast.jar
7f698cca0000-7f698ccac000 r--s 00097000 08:15 142489                     /home/alexander/frameworks/play-1.0.3.2/framework/lib/lucene-core-2.3.1.jar
7f698ccac000-7f698ccad000 ---p 00000000 00:00 0 
7f698ccad000-7f698cdad000 rw-p 00000000 00:00 0 
7f698cdad000-7f698cdb0000 ---p 00000000 00:00 0 
7f698cdb0000-7f698ceae000 rw-p 00000000 00:00 0 
7f698ceae000-7f698ceb1000 ---p 00000000 00:00 0 
7f698ceb1000-7f698cfaf000 rw-p 00000000 00:00 0 
7f698cfaf000-7f698cfb2000 ---p 00000000 00:00 0 
7f698cfb2000-7f698d0b0000 rw-p 00000000 00:00 0 
7f698d0b0000-7f698d0b3000 ---p 00000000 00:00 0 
7f698d0b3000-7f698d1b1000 rw-p 00000000 00:00 0 
7f698d1b1000-7f698d1b4000 ---p 00000000 00:00 0 
7f698d1b4000-7f698d2b2000 rw-p 00000000 00:00 0 
7f698d2b2000-7f698d2b6000 r-xp 00000000 08:15 274909                     /usr/lib/jvm/java-6-openjdk/jre/lib/amd64/libdt_socket.so
7f698d2b6000-7f698d4b5000 ---p 00004000 08:15 274909                     /usr/lib/jvm/java-6-openjdk/jre/lib/amd64/libdt_socket.so
7f698d4b5000-7f698d4b6000 r--p 00003000 08:15 274909                     /usr/lib/jvm/java-6-openjdk/jre/lib/amd64/libdt_socket.so
7f698d4b6000-7f698d4b7000 rw-p 00004000 08:15 274909                     /usr/lib/jvm/java-6-openjdk/jre/lib/amd64/libdt_socket.so
7f698d4b7000-7f698d4ba000 ---p 00000000 00:00 0 
7f698d4ba000-7f698d5b8000 rw-p 00000000 00:00 0 
7f698d5b8000-7f698d5bb000 ---p 00000000 00:00 0 
7f698d5bb000-7f698d6b9000 rw-p 00000000 00:00 0 
7f698d6b9000-7f698d6bc000 ---p 00000000 00:00 0 
7f698d6bc000-7f698d7ba000 rw-p 00000000 00:00 0 
7f698d7ba000-7f698d7bb000 ---p 00000000 00:00 0 
7f698d7bb000-7f698e1f7000 rw-p 00000000 00:00 0 
7f698e1f7000-7f698e38a000 r--s 03918000 08:15 274886                     /usr/lib/jvm/java-6-openjdk/jre/lib/rt.jar
7f698e38a000-7f698e38b000 ---p 00000000 00:00 0 
7f698e38b000-7f698e48b000 rw-p 00000000 00:00 0 
7f698e48b000-7f698e48c000 ---p 00000000 00:00 0 
7f698e48c000-7f698e58c000 rw-p 00000000 00:00 0 
7f698e58c000-7f698e58d000 ---p 00000000 00:00 0 
7f698e58d000-7f698e68d000 rw-p 00000000 00:00 0 
7f698e68d000-7f698e68e000 ---p 00000000 00:00 0 
7f698e68e000-7f698e78e000 rw-p 00000000 00:00 0 
7f698e78e000-7f698e78f000 ---p 00000000 00:00 0 
7f698e78f000-7f698e88f000 rw-p 00000000 00:00 0 
7f698e88f000-7f698e890000 ---p 00000000 00:00 0 
7f698e890000-7f698e990000 rw-p 00000000 00:00 0 
7f698e990000-7f698e991000 ---p 00000000 00:00 0 
7f698e991000-7f698ea91000 rw-p 00000000 00:00 0 
7f698ea91000-7f698ea92000 ---p 00000000 00:00 0 
7f698ea92000-7f698eba7000 rw-p 00000000 00:00 0 
7f698eba7000-7f698ecdc000 rw-p 00000000 00:00 0 
7f698ecdc000-7f698ecea000 rw-p 00000000 00:00 0 
7f698ecea000-7f698ed30000 rw-p 00000000 00:00 0 
7f698ed30000-7f698ed45000 rw-p 00000000 00:00 0 
7f698ed45000-7f698ee7a000 rw-p 00000000 00:00 0 
7f698ee7a000-7f698ee85000 rw-p 00000000 00:00 0 
7f698ee85000-7f698ee92000 ---p 00000000 00:00 0 
7f698ee92000-7f698ef1f000 rw-p 00000000 00:00 0 
7f698ef1f000-7f6990ad0000 rw-p 00000000 00:00 0 
7f6990ad0000-7f6999720000 rw-p 00000000 00:00 0 
7f6999720000-7f699c060000 rw-p 00000000 00:00 0 
7f699c060000-7f69c2b20000 rw-p 00000000 00:00 0 
7f69c2b20000-7f69c3f30000 rw-p 00000000 00:00 0 
7f69c3f30000-7f69c5970000 ---p 00000000 00:00 0 
7f69c5970000-7f69d7520000 rw-p 00000000 00:00 0 
7f69d7520000-7f69d7521000 r--s 00015000 08:15 142495                     /home/alexander/frameworks/play-1.0.3.2/framework/lib/play-SimpleCaptcha.jar
7f69d7521000-7f69d7525000 r--s 00020000 08:15 142496                     /home/alexander/frameworks/play-1.0.3.2/framework/lib/play-imaging.jar
7f69d7525000-7f69d7528000 r--s 0000e000 08:15 142473                     /home/alexander/frameworks/play-1.0.3.2/framework/lib/hibernate-commons-annotations.jar
7f69d7528000-7f69d752a000 r--s 0000e000 08:15 798151                     /home/alexander/frameworks/play-1.0.3.2/modules/cobertura-2.0/lib/jakarta-oro-2.0.8.jar
7f69d752a000-7f69d753a000 rw-p 00000000 00:00 0 
7f69d753a000-7f69d75ea000 rw-p 00000000 00:00 0 
7f69d75ea000-7f69d79ea000 rwxp 00000000 00:00 0 
7f69d79ea000-7f69da5ea000 rw-p 00000000 00:00 0 
7f69da5ea000-7f69da5f1000 r-xp 00000000 08:15 274934                     /usr/lib/jvm/java-6-openjdk/jre/lib/amd64/libzip.so
7f69da5f1000-7f69da7f0000 ---p 00007000 08:15 274934                     /usr/lib/jvm/java-6-openjdk/jre/lib/amd64/libzip.so
7f69da7f0000-7f69da7f1000 r--p 00006000 08:15 274934                     /usr/lib/jvm/java-6-openjdk/jre/lib/amd64/libzip.so
7f69da7f1000-7f69da7f2000 rw-p 00007000 08:15 274934                     /usr/lib/jvm/java-6-openjdk/jre/lib/amd64/libzip.so
7f69da7f2000-7f69da7fe000 r-xp 00000000 08:15 402047                     /lib/libnss_files-2.11.1.so
7f69da7fe000-7f69da9fd000 ---p 0000c000 08:15 402047                     /lib/libnss_files-2.11.1.so
7f69da9fd000-7f69da9fe000 r--p 0000b000 08:15 402047                     /lib/libnss_files-2.11.1.so
7f69da9fe000-7f69da9ff000 rw-p 0000c000 08:15 402047                     /lib/libnss_files-2.11.1.so
7f69da9ff000-7f69daa09000 r-xp 00000000 08:15 402031                     /lib/libnss_nis-2.11.1.so
7f69daa09000-7f69dac08000 ---p 0000a000 08:15 402031                     /lib/libnss_nis-2.11.1.so
7f69dac08000-7f69dac09000 r--p 00009000 08:15 402031                     /lib/libnss_nis-2.11.1.so
7f69dac09000-7f69dac0a000 rw-p 0000a000 08:15 402031                     /lib/libnss_nis-2.11.1.so
7f69dac0a000-7f69dac12000 r-xp 00000000 08:15 402030                     /lib/libnss_compat-2.11.1.so
7f69dac12000-7f69dae11000 ---p 00008000 08:15 402030                     /lib/libnss_compat-2.11.1.so
7f69dae11000-7f69dae12000 r--p 00007000 08:15 402030                     /lib/libnss_compat-2.11.1.so
7f69dae12000-7f69dae13000 rw-p 00008000 08:15 402030                     /lib/libnss_compat-2.11.1.so
7f69dae13000-7f69daf31000 r--p 00000000 08:15 268908                     /usr/lib/locale/de_CH.utf8/LC_COLLATE
7f69daf31000-7f69daf34000 r-xp 00000000 08:15 274929                     /usr/lib/jvm/java-6-openjdk/jre/lib/amd64/libnpt.so
7f69daf34000-7f69db133000 ---p 00003000 08:15 274929                     /usr/lib/jvm/java-6-openjdk/jre/lib/amd64/libnpt.so
7f69db133000-7f69db134000 r--p 00002000 08:15 274929                     /usr/lib/jvm/java-6-openjdk/jre/lib/amd64/libnpt.so
7f69db134000-7f69db135000 rw-p 00003000 08:15 274929                     /usr/lib/jvm/java-6-openjdk/jre/lib/amd64/libnpt.so
7f69db135000-7f69db13e000 r-xp 00000000 08:15 274912                     /usr/lib/jvm/java-6-openjdk/jre/lib/amd64/libinstrument.so
7f69db13e000-7f69db33e000 ---p 00009000 08:15 274912                     /usr/lib/jvm/java-6-openjdk/jre/lib/amd64/libinstrument.so
7f69db33e000-7f69db33f000 r--p 00009000 08:15 274912                     /usr/lib/jvm/java-6-openjdk/jre/lib/amd64/libinstrument.so
7f69db33f000-7f69db340000 rw-p 0000a000 08:15 274912                     /usr/lib/jvm/java-6-openjdk/jre/lib/amd64/libinstrument.so
7f69db340000-7f69db379000 r-xp 00000000 08:15 274920                     /usr/lib/jvm/java-6-openjdk/jre/lib/amd64/libjdwp.so
7f69db379000-7f69db578000 ---p 00039000 08:15 274920                     /usr/lib/jvm/java-6-openjdk/jre/lib/amd64/libjdwp.so
7f69db578000-7f69db579000 r--p 00038000 08:15 274920                     /usr/lib/jvm/java-6-openjdk/jre/lib/amd64/libjdwp.so
7f69db579000-7f69db57a000 rw-p 00039000 08:15 274920                     /usr/lib/jvm/java-6-openjdk/jre/lib/amd64/libjdwp.so
7f69db57a000-7f69db582000 r-xp 00000000 08:15 274936                     /usr/lib/jvm/java-6-openjdk/jre/lib/amd64/native_threads/libhpi.so
7f69db582000-7f69db781000 ---p 00008000 08:15 274936                     /usr/lib/jvm/java-6-openjdk/jre/lib/amd64/native_threads/libhpi.so
7f69db781000-7f69db782000 r--p 00007000 08:15 274936                     /usr/lib/jvm/java-6-openjdk/jre/lib/amd64/native_threads/libhpi.so
7f69db782000-7f69db783000 rw-p 00008000 08:15 274936                     /usr/lib/jvm/java-6-openjdk/jre/lib/amd64/native_threads/libhpi.so
7f69db783000-7f69db79a000 r-xp 00000000 08:15 402010                     /lib/libnsl-2.11.1.so
7f69db79a000-7f69db999000 ---p 00017000 08:15 402010                     /lib/libnsl-2.11.1.so
7f69db999000-7f69db99a000 r--p 00016000 08:15 402010                     /lib/libnsl-2.11.1.so
7f69db99a000-7f69db99b000 rw-p 00017000 08:15 402010                     /lib/libnsl-2.11.1.so
7f69db99b000-7f69db99d000 rw-p 00000000 00:00 0 
7f69db99d000-7f69db9ca000 r-xp 00000000 08:15 274917                     /usr/lib/jvm/java-6-openjdk/jre/lib/amd64/libjava.so
7f69db9ca000-7f69dbbc9000 ---p 0002d000 08:15 274917                     /usr/lib/jvm/java-6-openjdk/jre/lib/amd64/libjava.so
7f69dbbc9000-7f69dbbca000 r--p 0002c000 08:15 274917                     /usr/lib/jvm/java-6-openjdk/jre/lib/amd64/libjava.so
7f69dbbca000-7f69dbbcd000 rw-p 0002d000 08:15 274917                     /usr/lib/jvm/java-6-openjdk/jre/lib/amd64/libjava.so
7f69dbbcd000-7f69dbbdc000 r-xp 00000000 08:15 274933                     /usr/lib/jvm/java-6-openjdk/jre/lib/amd64/libverify.so
7f69dbbdc000-7f69dbddb000 ---p 0000f000 08:15 274933                     /usr/lib/jvm/java-6-openjdk/jre/lib/amd64/libverify.so
7f69dbddb000-7f69dbddd000 r--p 0000e000 08:15 274933                     /usr/lib/jvm/java-6-openjdk/jre/lib/amd64/libverify.so
7f69dbddd000-7f69dbdde000 rw-p 00010000 08:15 274933                     /usr/lib/jvm/java-6-openjdk/jre/lib/amd64/libverify.so
7f69dbdde000-7f69dbde5000 r-xp 00000000 08:15 402024                     /lib/librt-2.11.1.so
7f69dbde5000-7f69dbfe4000 ---p 00007000 08:15 402024                     /lib/librt-2.11.1.so
7f69dbfe4000-7f69dbfe5000 r--p 00006000 08:15 402024                     /lib/librt-2.11.1.so
7f69dbfe5000-7f69dbfe6000 rw-p 00007000 08:15 402024                     /lib/librt-2.11.1.so
7f69dbfe6000-7f69dc068000 r-xp 00000000 08:15 400119                     /lib/libm-2.11.1.so
7f69dc068000-7f69dc267000 ---p 00082000 08:15 400119                     /lib/libm-2.11.1.so
7f69dc267000-7f69dc268000 r--p 00081000 08:15 400119                     /lib/libm-2.11.1.so
7f69dc268000-7f69dc269000 rw-p 00082000 08:15 400119                     /lib/libm-2.11.1.so
7f69dc269000-7f69dca84000 r-xp 00000000 08:15 274938                     /usr/lib/jvm/java-6-openjdk/jre/lib/amd64/server/libjvm.so
7f69dca84000-7f69dcc83000 ---p 0081b000 08:15 274938                     /usr/lib/jvm/java-6-openjdk/jre/lib/amd64/server/libjvm.so
7f69dcc83000-7f69dccf7000 r--p 0081a000 08:15 274938                     /usr/lib/jvm/java-6-openjdk/jre/lib/amd64/server/libjvm.so
7f69dccf7000-7f69dcd11000 rw-p 0088e000 08:15 274938                     /usr/lib/jvm/java-6-openjdk/jre/lib/amd64/server/libjvm.so
7f69dcd11000-7f69dcd4a000 rw-p 00000000 00:00 0 
7f69dcd4a000-7f69dcec4000 r-xp 00000000 08:15 402042                     /lib/libc-2.11.1.so
7f69dcec4000-7f69dd0c3000 ---p 0017a000 08:15 402042                     /lib/libc-2.11.1.so
7f69dd0c3000-7f69dd0c7000 r--p 00179000 08:15 402042                     /lib/libc-2.11.1.so
7f69dd0c7000-7f69dd0c8000 rw-p 0017d000 08:15 402042                     /lib/libc-2.11.1.so
7f69dd0c8000-7f69dd0cd000 rw-p 00000000 00:00 0 
7f69dd0cd000-7f69dd0cf000 r-xp 00000000 08:15 402049                     /lib/libdl-2.11.1.so
7f69dd0cf000-7f69dd2cf000 ---p 00002000 08:15 402049                     /lib/libdl-2.11.1.so
7f69dd2cf000-7f69dd2d0000 r--p 00002000 08:15 402049                     /lib/libdl-2.11.1.so
7f69dd2d0000-7f69dd2d1000 rw-p 00003000 08:15 402049                     /lib/libdl-2.11.1.so
7f69dd2d1000-7f69dd2d5000 r-xp 00000000 08:15 274899                     /usr/lib/jvm/java-6-openjdk/jre/lib/amd64/jli/libjli.so
7f69dd2d5000-7f69dd4d4000 ---p 00004000 08:15 274899                     /usr/lib/jvm/java-6-openjdk/jre/lib/amd64/jli/libjli.so
7f69dd4d4000-7f69dd4d5000 r--p 00003000 08:15 274899                     /usr/lib/jvm/java-6-openjdk/jre/lib/amd64/jli/libjli.so
7f69dd4d5000-7f69dd4d6000 rw-p 00004000 08:15 274899                     /usr/lib/jvm/java-6-openjdk/jre/lib/amd64/jli/libjli.so
7f69dd4d6000-7f69dd4ee000 r-xp 00000000 08:15 402039                     /lib/libpthread-2.11.1.so
7f69dd4ee000-7f69dd6ed000 ---p 00018000 08:15 402039                     /lib/libpthread-2.11.1.so
7f69dd6ed000-7f69dd6ee000 r--p 00017000 08:15 402039                     /lib/libpthread-2.11.1.so
7f69dd6ee000-7f69dd6ef000 rw-p 00018000 08:15 402039                     /lib/libpthread-2.11.1.so
7f69dd6ef000-7f69dd6f3000 rw-p 00000000 00:00 0 
7f69dd6f3000-7f69dd709000 r-xp 00000000 08:15 391874                     /lib/libz.so.1.2.3.3
7f69dd709000-7f69dd908000 ---p 00016000 08:15 391874                     /lib/libz.so.1.2.3.3
7f69dd908000-7f69dd909000 r--p 00015000 08:15 391874                     /lib/libz.so.1.2.3.3
7f69dd909000-7f69dd90a000 rw-p 00016000 08:15 391874                     /lib/libz.so.1.2.3.3
7f69dd90a000-7f69dd92a000 r-xp 00000000 08:15 402018                     /lib/ld-2.11.1.so
7f69dd92a000-7f69dd92c000 r--s 00009000 08:15 798152                     /home/alexander/frameworks/play-1.0.3.2/modules/cobertura-2.0/lib/asm-3.0.jar
7f69dd92c000-7f69dd92f000 r--s 00030000 08:15 798149                     /home/alexander/frameworks/play-1.0.3.2/modules/cobertura-2.0/lib/cobertura-main.jar
7f69dd92f000-7f69dd931000 r--s 00004000 08:15 798150                     /home/alexander/frameworks/play-1.0.3.2/modules/cobertura-2.0/lib/asm-tree-3.0.jar
7f69dd931000-7f69dd933000 r--s 00009000 08:15 535753                     /home/alexander/ESE/ese2010-team2/qa/lib/markdownj-1.0.2b4-0.3.0.jar
7f69dd933000-7f69dd936000 r--s 0007a000 08:15 273837                     /usr/lib/jvm/java-6-openjdk/jre/lib/jsse.jar
7f69dd936000-7f69dd93d000 r--s 00079000 08:15 142501                     /home/alexander/frameworks/play-1.0.3.2/framework/play.jar
7f69dd93d000-7f69dd946000 r--s 00065000 08:15 672110                     /usr/share/java/gnome-java-bridge.jar
7f69dd946000-7f69dd949000 r--s 0000f000 08:15 273820                     /usr/lib/jvm/java-6-openjdk/jre/lib/ext/pulse-java.jar
7f69dd949000-7f69dd97f000 rw-p 00000000 00:00 0 
7f69dd97f000-7f69dd9c5000 rw-p 00000000 00:00 0 
7f69dd9c5000-7f69dda04000 r--p 00000000 08:15 279196                     /usr/lib/locale/de_CH.utf8/LC_CTYPE
7f69dda04000-7f69dda07000 ---p 00000000 00:00 0 
7f69dda07000-7f69ddb0a000 rw-p 00000000 00:00 0 
7f69ddb0a000-7f69ddb0b000 r--s 00001000 08:15 798153                     /home/alexander/frameworks/play-1.0.3.2/modules/cobertura-2.0/lib/play-cobertura.jar
7f69ddb0b000-7f69ddb0c000 rw-p 00000000 00:00 0 
7f69ddb0c000-7f69ddb14000 rw-s 00000000 08:15 145422                     /tmp/hsperfdata_alexander/2985
7f69ddb14000-7f69ddb15000 r--p 00000000 08:15 269039                     /usr/lib/locale/de_CH.utf8/LC_NUMERIC
7f69ddb15000-7f69ddb16000 r--p 00000000 08:15 269040                     /usr/lib/locale/de_CH.utf8/LC_TIME
7f69ddb16000-7f69ddb17000 r--p 00000000 08:15 269041                     /usr/lib/locale/de_CH.utf8/LC_MONETARY
7f69ddb17000-7f69ddb18000 r--p 00000000 08:15 279201                     /usr/lib/locale/de_CH.utf8/LC_MESSAGES/SYS_LC_MESSAGES
7f69ddb18000-7f69ddb19000 r--p 00000000 08:15 269058                     /usr/lib/locale/de_CH.utf8/LC_PAPER
7f69ddb19000-7f69ddb1a000 r--p 00000000 08:15 268848                     /usr/lib/locale/de_CH.utf8/LC_NAME
7f69ddb1a000-7f69ddb1b000 r--p 00000000 08:15 269042                     /usr/lib/locale/de_CH.utf8/LC_ADDRESS
7f69ddb1b000-7f69ddb1c000 r--p 00000000 08:15 269043                     /usr/lib/locale/de_CH.utf8/LC_TELEPHONE
7f69ddb1c000-7f69ddb1d000 r--p 00000000 08:15 269067                     /usr/lib/locale/de_CH.utf8/LC_MEASUREMENT
7f69ddb1d000-7f69ddb24000 r--s 00000000 08:15 276772                     /usr/lib/gconv/gconv-modules.cache
7f69ddb24000-7f69ddb25000 r--p 00000000 08:15 269045                     /usr/lib/locale/de_CH.utf8/LC_IDENTIFICATION
7f69ddb25000-7f69ddb26000 rw-p 00000000 00:00 0 
7f69ddb26000-7f69ddb27000 r--p 00000000 00:00 0 
7f69ddb27000-7f69ddb29000 rw-p 00000000 00:00 0 
7f69ddb29000-7f69ddb2a000 r--p 0001f000 08:15 402018                     /lib/ld-2.11.1.so
7f69ddb2a000-7f69ddb2b000 rw-p 00020000 08:15 402018                     /lib/ld-2.11.1.so
7f69ddb2b000-7f69ddb2c000 rw-p 00000000 00:00 0 
7fffa92d2000-7fffa92e8000 rw-p 00000000 00:00 0                          [stack]
7fffa93ed000-7fffa93ee000 r-xp 00000000 00:00 0                          [vdso]
ffffffffff600000-ffffffffff601000 r-xp 00000000 00:00 0                  [vsyscall]

VM Arguments:
jvm_args: -javaagent:/home/alexander/frameworks/play-1.0.3.2/framework/play.jar -Dplay.debug=yes -Xrunjdwp:transport=dt_socket,address=8000,server=y,suspend=n -Xdebug -Dapplication.path=/home/alexander/ESE/ese2010-team2/qa -Dplay.id= 
java_command: play.server.Server
Launcher Type: SUN_STANDARD

Environment Variables:
PATH=/usr/local/sbin:/usr/local/bin:/usr/sbin:/usr/bin:/sbin:/bin:/usr/games:/home/alexander/frameworks/play-1.0.3.2/
USERNAME=alexander
LD_LIBRARY_PATH=/usr/lib/jvm/java-6-openjdk/jre/lib/amd64/server:/usr/lib/jvm/java-6-openjdk/jre/lib/amd64:/usr/lib/jvm/java-6-openjdk/jre/../lib/amd64
SHELL=/bin/bash
DISPLAY=:0.0

Signal Handlers:
SIGSEGV: [libjvm.so+0x6c1f70], sa_mask[0]=0x7ffbfeff, sa_flags=0x10000004
SIGBUS: [libjvm.so+0x6c1f70], sa_mask[0]=0x7ffbfeff, sa_flags=0x10000004
SIGFPE: [libjvm.so+0x58ca00], sa_mask[0]=0x7ffbfeff, sa_flags=0x10000004
SIGPIPE: [libjvm.so+0x58ca00], sa_mask[0]=0x7ffbfeff, sa_flags=0x10000004
SIGXFSZ: [libjvm.so+0x58ca00], sa_mask[0]=0x7ffbfeff, sa_flags=0x10000004
SIGILL: [libjvm.so+0x58ca00], sa_mask[0]=0x7ffbfeff, sa_flags=0x10000004
SIGUSR1: SIG_DFL, sa_mask[0]=0x00000000, sa_flags=0x00000000
SIGUSR2: [libjvm.so+0x58c150], sa_mask[0]=0x00000000, sa_flags=0x10000004
SIGHUP: [libjvm.so+0x58e840], sa_mask[0]=0x7ffbfeff, sa_flags=0x10000004
SIGINT: [libjvm.so+0x58e840], sa_mask[0]=0x7ffbfeff, sa_flags=0x10000004
SIGTERM: [libjvm.so+0x58e840], sa_mask[0]=0x7ffbfeff, sa_flags=0x10000004
SIGQUIT: [libjvm.so+0x58e840], sa_mask[0]=0x7ffbfeff, sa_flags=0x10000004


---------------  S Y S T E M  ---------------

OS:Ubuntu 10.04 (lucid)
uname:Linux 2.6.32-24-generic #43-Ubuntu SMP Thu Sep 16 14:58:24 UTC 2010 x86_64
libc:glibc 2.11.1 NPTL 2.11.1 
rlimit: STACK 8192k, CORE 0k, NPROC infinity, NOFILE 1024, AS infinity
load average:0.47 0.54 0.54

CPU:total 8 (8 cores per cpu, 2 threads per core) family 6 model 30 stepping 5, cmov, cx8, fxsr, mmx, sse, sse2, sse3, ssse3, sse4.1, sse4.2, popcnt, ht

Memory: 4k page, physical 4051124k(1865944k free), swap 1055736k(1055736k free)

vm_info: OpenJDK 64-Bit Server VM (16.0-b13) for linux-amd64 JRE (1.6.0_18-b18), built on Jul 26 2010 23:34:55 by "buildd" with gcc 4.4.3

time: Mon Oct 25 16:21:23 2010
elapsed time: 989 seconds

