#
# A fatal error has been detected by the Java Runtime Environment:
#
#  SIGSEGV (0xb) at pc=0x00007fcfcb44bc40, pid=6506, tid=140529111721744
#
# JRE version: 6.0_18-b18
# Java VM: OpenJDK 64-Bit Server VM (16.0-b13 mixed mode linux-amd64 )
# Derivative: IcedTea6 1.8.1
# Distribution: Ubuntu 10.04 LTS, package 6b18-1.8.1-0ubuntu1
# Problematic frame:
# V  [libjvm.so+0x50bc40]
#
# If you would like to submit a bug report, please include
# instructions how to reproduce the bug and visit:
#   https://bugs.launchpad.net/ubuntu/+source/openjdk-6/
#

---------------  T H R E A D  ---------------

Current thread (0x00007fcf74001000):  JavaThread "CompilerThread1" daemon [_thread_in_native, id=6523, stack(0x00007fcf7bb8e000,0x00007fcf7bc8f000)]

siginfo:si_signo=SIGSEGV: si_errno=0, si_code=1 (SEGV_MAPERR), si_addr=0x0000000000000008

Registers:
RAX=0x0000000000000000, RBX=0x00007fcf7bc8b900, RCX=0x00007fcf75d6ca80, RDX=0x0000000000002000
RSP=0x00007fcf7bc8a110, RBP=0x00007fcf7bc8a150, RSI=0x00007fcf744f7f50, RDI=0x0000000000000000
R8 =0x00007fcf75d5ca60, R9 =0x0000000002515990, R10=0x0000000000000000, R11=0x00007fcfcbaa6e53
R12=0x00007fcf75634428, R13=0x00007fcf742d1bc0, R14=0x00007fcf7bc8b920, R15=0x00007fcf74067ef8
RIP=0x00007fcfcb44bc40, EFL=0x0000000000010206, CSGSFS=0x0000000000000033, ERR=0x0000000000000004
  TRAPNO=0x000000000000000e

Top of Stack: (sp=0x00007fcf7bc8a110)
0x00007fcf7bc8a110:   00007fcf7bc8a430 00000000000012f9
0x00007fcf7bc8a120:   00007fcf7bc8a150 00007fcf7bc8a3f0
0x00007fcf7bc8a130:   00007fcf7bc8b900 00007fcf75634428
0x00007fcf7bc8a140:   0000000000000002 00007fcf744d9e38
0x00007fcf7bc8a150:   00007fcf7bc8a1c0 00007fcfcb44c1a7
0x00007fcf7bc8a160:   0000000000000020 00007fcf00000001
0x00007fcf7bc8a170:   00007fcf7bc8c290 0000000000000000
0x00007fcf7bc8a180:   00007fcf7bc8a3d0 00007fcf7bc8a430
0x00007fcf7bc8a190:   000000000000150e 00007fcf7bc8b900
0x00007fcf7bc8a1a0:   00007fcf7bc8aef0 00007fcf7bc8a430
0x00007fcf7bc8a1b0:   00007fcf7bc8a3d0 0000000000000000
0x00007fcf7bc8a1c0:   00007fcf7bc8a490 00007fcfcb44f6f0
0x00007fcf7bc8a1d0:   00007fcfcb9ee888 00007fcfcba09ad8
0x00007fcf7bc8a1e0:   00007fcf7bc8a210 00007fcf0000150d
0x00007fcf7bc8a1f0:   000000000000a960 00007fcfcb9d0d7c
0x00007fcf7bc8a200:   01007fcf7bc8d040 00007fcf7bc8a3f0
0x00007fcf7bc8a210:   00007fcf7bc8a230 00007fcfcb5d1ef6
0x00007fcf7bc8a220:   00000000023e8060 00007fcf74cefcb0
0x00007fcf7bc8a230:   00007fcf7bc8a250 00007fcfcb5d1ef6
0x00007fcf7bc8a240:   00000000023e8060 00007fcf74cefcb0
0x00007fcf7bc8a250:   00007fcf75852170 00007fcf74cefcb0
0x00007fcf7bc8a260:   00007fcf7bc8a270 00007fcfcb5d118d
0x00007fcf7bc8a270:   00007fcf7bc8a290 00007fcfcb5d1ef6
0x00007fcf7bc8a280:   00000000023e8060 00007fcf74cefcb0
0x00007fcf7bc8a290:   00007fcf7bc8a2b0 00007fcfcb5d1ef6
0x00007fcf7bc8a2a0:   00000000023e8060 00007fcf74cefcb0
0x00007fcf7bc8a2b0:   00007fcf7bc8a310 00007fcfcb2f3f61
0x00007fcf7bc8a2c0:   00007fcf7bc8a2e0 00007fcf743e8690
0x00007fcf7bc8a2d0:   00007fcf746fc828 00000000746fb538
0x00007fcf7bc8a2e0:   00007fcf7bc8a300 00007fcf746fc8d8
0x00007fcf7bc8a2f0:   00007fcf7bc8aef0 00007fcf7bc8aef0
0x00007fcf7bc8a300:   00007fcf746fba90 00007fcf746fc8d8 

Instructions: (pc=0x00007fcfcb44bc40)
0x00007fcfcb44bc30:   89 f6 48 c1 e6 03 48 03 b3 d0 09 00 00 48 8b 06
0x00007fcfcb44bc40:   48 8b 50 08 48 83 3a 00 75 27 8b 4b 28 0f 1f 00 

Stack: [0x00007fcf7bb8e000,0x00007fcf7bc8f000],  sp=0x00007fcf7bc8a110,  free space=3f00000000000000030k
Native frames: (J=compiled Java code, j=interpreted, Vv=VM code, C=native code)
V  [libjvm.so+0x50bc40]
V  [libjvm.so+0x50c1a7]
V  [libjvm.so+0x50f6f0]
V  [libjvm.so+0x2b7a6b]
V  [libjvm.so+0x2b85ba]
V  [libjvm.so+0x246f7c]
V  [libjvm.so+0x2bd49a]
V  [libjvm.so+0x2bdabf]
V  [libjvm.so+0x687c4b]
V  [libjvm.so+0x58ff62]


Current CompileTask:
C2:589      jregex.Pretokenizer.next()V (1064 bytes)


---------------  P R O C E S S  ---------------

Java Threads: ( => current thread )
  0x0000000002da9000 JavaThread "NioProcessor-1" [_thread_in_native, id=7109, stack(0x00007fcf7b0ee000,0x00007fcf7b1ef000)]
  0x0000000002951000 JavaThread "pool-3-thread-1" [_thread_in_vm, id=6529, stack(0x00007fcf7afed000,0x00007fcf7b0ee000)]
  0x0000000002397800 JavaThread "DestroyJavaVM" [_thread_blocked, id=6507, stack(0x00007fcfcc6db000,0x00007fcfcc7dc000)]
  0x00000000026c1800 JavaThread "NioSocketAcceptor-1" [_thread_in_native, id=6527, stack(0x00007fcf7b1ef000,0x00007fcf7b2f0000)]
  0x0000000002859000 JavaThread "NioSocketAcceptor-1-idleStatusChecker" [_thread_blocked, id=6526, stack(0x00007fcf7b2f0000,0x00007fcf7b3f1000)]
  0x00007fcf74003800 JavaThread "Low Memory Detector" daemon [_thread_blocked, id=6524, stack(0x00007fcf7ba8d000,0x00007fcf7bb8e000)]
=>0x00007fcf74001000 JavaThread "CompilerThread1" daemon [_thread_in_native, id=6523, stack(0x00007fcf7bb8e000,0x00007fcf7bc8f000)]
  0x000000000247e000 JavaThread "CompilerThread0" daemon [_thread_in_native, id=6522, stack(0x00007fcf7bc8f000,0x00007fcf7bd90000)]
  0x0000000002468800 JavaThread "JDWP Event Helper Thread" daemon [_thread_blocked, id=6521, stack(0x00007fcf7bd90000,0x00007fcf7be91000)]
  0x0000000002465000 JavaThread "JDWP Transport Listener: dt_socket" daemon [_thread_in_native, id=6520, stack(0x00007fcf7be91000,0x00007fcf7bf92000)]
  0x0000000002431000 JavaThread "Signal Dispatcher" daemon [_thread_blocked, id=6519, stack(0x00007fcf7c197000,0x00007fcf7c298000)]
  0x0000000002413000 JavaThread "Finalizer" daemon [_thread_blocked, id=6518, stack(0x00007fcf7c298000,0x00007fcf7c399000)]
  0x000000000240b800 JavaThread "Reference Handler" daemon [_thread_blocked, id=6517, stack(0x00007fcf7c399000,0x00007fcf7c49a000)]

Other Threads:
  0x0000000002407000 VMThread [stack: 0x00007fcf7c49a000,0x00007fcf7c59b000] [id=6516]
  0x00007fcf7400e800 WatcherThread [stack: 0x00007fcf7b98c000,0x00007fcf7ba8d000] [id=6525]

VM state:not at safepoint (normal execution)

VM Mutex/Monitor currently owned by a thread: None

Heap
 PSYoungGen      total 9728K, used 1339K [0x00007fcfb1800000, 0x00007fcfb2570000, 0x00007fcfc6200000)
  eden space 8512K, 1% used [0x00007fcfb1800000,0x00007fcfb1826d50,0x00007fcfb2050000)
  from space 1216K, 97% used [0x00007fcfb2070000,0x00007fcfb2198000,0x00007fcfb21a0000)
  to   space 2624K, 0% used [0x00007fcfb22e0000,0x00007fcfb22e0000,0x00007fcfb2570000)
 PSOldGen        total 42240K, used 19431K [0x00007fcf88400000, 0x00007fcf8ad40000, 0x00007fcfb1800000)
  object space 42240K, 46% used [0x00007fcf88400000,0x00007fcf896f9e28,0x00007fcf8ad40000)
 PSPermGen       total 29120K, used 29016K [0x00007fcf7dc00000, 0x00007fcf7f870000, 0x00007fcf88400000)
  object space 29120K, 99% used [0x00007fcf7dc00000,0x00007fcf7f856028,0x00007fcf7f870000)

Dynamic libraries:
00400000-00409000 r-xp 00000000 08:15 274966                             /usr/lib/jvm/java-6-openjdk/jre/bin/java
00608000-00609000 r--p 00008000 08:15 274966                             /usr/lib/jvm/java-6-openjdk/jre/bin/java
00609000-0060a000 rw-p 00009000 08:15 274966                             /usr/lib/jvm/java-6-openjdk/jre/bin/java
02384000-04ac3000 rw-p 00000000 00:00 0                                  [heap]
7fcf74000000-7fcf769d3000 rw-p 00000000 00:00 0 
7fcf769d3000-7fcf78000000 ---p 00000000 00:00 0 
7fcf7afe8000-7fcf7afeb000 r--s 00031000 08:15 273818                     /usr/lib/jvm/java-6-openjdk/jre/lib/ext/sunjce_provider.jar
7fcf7afeb000-7fcf7afed000 r--s 00013000 08:15 273836                     /usr/lib/jvm/java-6-openjdk/jre/lib/jce.jar
7fcf7afed000-7fcf7aff0000 ---p 00000000 00:00 0 
7fcf7aff0000-7fcf7b0ee000 rw-p 00000000 00:00 0 
7fcf7b0ee000-7fcf7b0f1000 ---p 00000000 00:00 0 
7fcf7b0f1000-7fcf7b1ef000 rw-p 00000000 00:00 0 
7fcf7b1ef000-7fcf7b1f2000 ---p 00000000 00:00 0 
7fcf7b1f2000-7fcf7b2f0000 rw-p 00000000 00:00 0 
7fcf7b2f0000-7fcf7b2f3000 ---p 00000000 00:00 0 
7fcf7b2f3000-7fcf7b3f1000 rw-p 00000000 00:00 0 
7fcf7b3f1000-7fcf7b3f9000 r-xp 00000000 08:15 274928                     /usr/lib/jvm/java-6-openjdk/jre/lib/amd64/libnio.so
7fcf7b3f9000-7fcf7b5f8000 ---p 00008000 08:15 274928                     /usr/lib/jvm/java-6-openjdk/jre/lib/amd64/libnio.so
7fcf7b5f8000-7fcf7b5f9000 r--p 00007000 08:15 274928                     /usr/lib/jvm/java-6-openjdk/jre/lib/amd64/libnio.so
7fcf7b5f9000-7fcf7b5fa000 rw-p 00008000 08:15 274928                     /usr/lib/jvm/java-6-openjdk/jre/lib/amd64/libnio.so
7fcf7b5fa000-7fcf7b60f000 r-xp 00000000 08:15 274927                     /usr/lib/jvm/java-6-openjdk/jre/lib/amd64/libnet.so
7fcf7b60f000-7fcf7b80e000 ---p 00015000 08:15 274927                     /usr/lib/jvm/java-6-openjdk/jre/lib/amd64/libnet.so
7fcf7b80e000-7fcf7b80f000 r--p 00014000 08:15 274927                     /usr/lib/jvm/java-6-openjdk/jre/lib/amd64/libnet.so
7fcf7b80f000-7fcf7b810000 rw-p 00015000 08:15 274927                     /usr/lib/jvm/java-6-openjdk/jre/lib/amd64/libnet.so
7fcf7b810000-7fcf7b81f000 r--s 00074000 08:15 142482                     /home/alexander/frameworks/play-1.0.3.2/framework/lib/joda-time-1.6.jar
7fcf7b81f000-7fcf7b826000 r--s 00038000 08:15 142500                     /home/alexander/frameworks/play-1.0.3.2/framework/lib/wikitext.core_1.1.1.jar
7fcf7b826000-7fcf7b84a000 r--s 00473000 08:15 142477                     /home/alexander/frameworks/play-1.0.3.2/framework/lib/hibernate3.jar
7fcf7b84a000-7fcf7b84f000 r--s 00040000 08:15 142472                     /home/alexander/frameworks/play-1.0.3.2/framework/lib/hibernate-annotations.jar
7fcf7b84f000-7fcf7b852000 r--s 0001b000 08:15 142474                     /home/alexander/frameworks/play-1.0.3.2/framework/lib/hibernate-entitymanager.jar
7fcf7b852000-7fcf7b859000 r--s 00059000 08:15 142487                     /home/alexander/frameworks/play-1.0.3.2/framework/lib/log4j-1.2.15.jar
7fcf7b859000-7fcf7b85e000 r--s 0003c000 08:15 142467                     /home/alexander/frameworks/play-1.0.3.2/framework/lib/ehcache-1.5.0.jar
7fcf7b85e000-7fcf7b860000 r--s 0000c000 08:15 142451                     /home/alexander/frameworks/play-1.0.3.2/framework/lib/activation.jar
7fcf7b860000-7fcf7b866000 r--s 00067000 08:15 142452                     /home/alexander/frameworks/play-1.0.3.2/framework/lib/antlr-2.7.6.jar
7fcf7b866000-7fcf7b868000 r--s 00001000 08:15 142485                     /home/alexander/frameworks/play-1.0.3.2/framework/lib/jta.jar
7fcf7b868000-7fcf7b871000 r--s 00048000 08:15 142454                     /home/alexander/frameworks/play-1.0.3.2/framework/lib/backport-util-concurrent-3.0.jar
7fcf7b871000-7fcf7b873000 r--s 00001000 08:15 142484                     /home/alexander/frameworks/play-1.0.3.2/framework/lib/jsr107cache-1.0.jar
7fcf7b873000-7fcf7b876000 r--s 0000a000 08:15 142468                     /home/alexander/frameworks/play-1.0.3.2/framework/lib/ejb3-persistence.jar
7fcf7b876000-7fcf7b87b000 r--s 00037000 08:15 142491                     /home/alexander/frameworks/play-1.0.3.2/framework/lib/memcached-2.4.2.jar
7fcf7b87b000-7fcf7b880000 r--s 0002a000 08:15 142457                     /home/alexander/frameworks/play-1.0.3.2/framework/lib/commons-beanutils.jar
7fcf7b880000-7fcf7b885000 r--s 00048000 08:15 142466                     /home/alexander/frameworks/play-1.0.3.2/framework/lib/dom4j-1.6.1.jar
7fcf7b885000-7fcf7b88b000 r--s 00024000 08:15 142453                     /home/alexander/frameworks/play-1.0.3.2/framework/lib/asyncweb-common-0.9.0-SNAPSHOT.jar
7fcf7b88b000-7fcf7b892000 r--s 000aa000 08:15 142493                     /home/alexander/frameworks/play-1.0.3.2/framework/lib/mysql-connector-java-5.1.8-bin.jar
7fcf7b892000-7fcf7b897000 r--s 00023000 08:15 142486                     /home/alexander/frameworks/play-1.0.3.2/framework/lib/junit-4.4.jar
7fcf7b897000-7fcf7b89c000 r--s 00040000 08:15 142461                     /home/alexander/frameworks/play-1.0.3.2/framework/lib/commons-httpclient.jar
7fcf7b89c000-7fcf7b8a4000 r--s 000a3000 08:15 142478                     /home/alexander/frameworks/play-1.0.3.2/framework/lib/hsqldb.jar
7fcf7b8a4000-7fcf7b8a6000 r--s 0000a000 08:15 142458                     /home/alexander/frameworks/play-1.0.3.2/framework/lib/commons-codec.jar
7fcf7b8a6000-7fcf7b8a9000 r--s 00011000 08:15 142469                     /home/alexander/frameworks/play-1.0.3.2/framework/lib/ezmorph-1.0.3.jar
7fcf7b8a9000-7fcf7b8af000 r--s 00032000 08:15 142481                     /home/alexander/frameworks/play-1.0.3.2/framework/lib/jaxen-1.1.jar
7fcf7b8af000-7fcf7b8b1000 r--s 00001000 08:15 142499                     /home/alexander/frameworks/play-1.0.3.2/framework/lib/slf4j-log4j12-1.5.0.jar
7fcf7b8b1000-7fcf7b8b9000 r--s 0008a000 08:15 142480                     /home/alexander/frameworks/play-1.0.3.2/framework/lib/javassist.jar
7fcf7b8b9000-7fcf7b8bb000 r--s 00017000 08:15 142449                     /home/alexander/frameworks/play-1.0.3.2/framework/lib/WikiText.jar
7fcf7b8bb000-7fcf7b8bd000 r--s 00003000 08:15 142498                     /home/alexander/frameworks/play-1.0.3.2/framework/lib/slf4j-api-1.5.0.jar
7fcf7b8bd000-7fcf7b8c3000 r--s 00041000 08:15 142494                     /home/alexander/frameworks/play-1.0.3.2/framework/lib/oval-1.31.jar
7fcf7b8c3000-7fcf7b8ce000 r--s 0008a000 08:15 142455                     /home/alexander/frameworks/play-1.0.3.2/framework/lib/c3p0-0.9.1.jar
7fcf7b8ce000-7fcf7b8d0000 r--s 0000b000 08:15 142460                     /home/alexander/frameworks/play-1.0.3.2/framework/lib/commons-fileupload-1.2.jar
7fcf7b8d0000-7fcf7b8d4000 r--s 0002f000 08:15 142463                     /home/alexander/frameworks/play-1.0.3.2/framework/lib/commons-lang.jar
7fcf7b8d4000-7fcf7b923000 r--s 004b1000 08:15 142470                     /home/alexander/frameworks/play-1.0.3.2/framework/lib/groovy-all-1.7.1.jar
7fcf7b923000-7fcf7b927000 r--s 00023000 08:15 142471                     /home/alexander/frameworks/play-1.0.3.2/framework/lib/gson-1.3.jar
7fcf7b927000-7fcf7b92d000 r--s 00055000 08:15 142490                     /home/alexander/frameworks/play-1.0.3.2/framework/lib/mail.jar
7fcf7b92d000-7fcf7b930000 r--s 0000f000 08:15 142497                     /home/alexander/frameworks/play-1.0.3.2/framework/lib/provided-geronimo-servlet_2.5_spec-1.2.jar
7fcf7b930000-7fcf7b93c000 r--s 0014c000 08:15 142465                     /home/alexander/frameworks/play-1.0.3.2/framework/lib/compiler-jdt.jar
7fcf7b93c000-7fcf7b93f000 r--s 00018000 08:15 142462                     /home/alexander/frameworks/play-1.0.3.2/framework/lib/commons-io.jar
7fcf7b93f000-7fcf7b94c000 r--s 0007c000 08:15 142459                     /home/alexander/frameworks/play-1.0.3.2/framework/lib/commons-collections-3.1.jar
7fcf7b94c000-7fcf7b952000 r--s 00049000 08:15 142456                     /home/alexander/frameworks/play-1.0.3.2/framework/lib/cglib-nodep-2.2.jar
7fcf7b952000-7fcf7b954000 r--s 00015000 08:15 142483                     /home/alexander/frameworks/play-1.0.3.2/framework/lib/jregex1.2_01.jar
7fcf7b954000-7fcf7b956000 r--s 0000d000 08:15 142464                     /home/alexander/frameworks/play-1.0.3.2/framework/lib/commons-logging-1.1.1.jar
7fcf7b956000-7fcf7b959000 r--s 0000d000 08:15 142475                     /home/alexander/frameworks/play-1.0.3.2/framework/lib/hibernate-validator.jar
7fcf7b959000-7fcf7b95b000 r--s 00012000 08:15 142488                     /home/alexander/frameworks/play-1.0.3.2/framework/lib/lucene-analyzers-2.3.1.jar
7fcf7b95b000-7fcf7b95d000 r--s 00011000 08:15 142450                     /home/alexander/frameworks/play-1.0.3.2/framework/lib/ZDB.jar
7fcf7b95d000-7fcf7b963000 r--s 0002c000 08:15 142448                     /home/alexander/frameworks/play-1.0.3.2/framework/lib/SnakeYAML-1.2.jar
7fcf7b963000-7fcf7b96e000 r--s 00071000 08:15 142492                     /home/alexander/frameworks/play-1.0.3.2/framework/lib/mina-core-2.0.0-M2-SNAPSHOT.jar
7fcf7b96e000-7fcf7b971000 r--s 00022000 08:15 142479                     /home/alexander/frameworks/play-1.0.3.2/framework/lib/jamon-2.7.jar
7fcf7b971000-7fcf7b977000 r--s 00056000 08:15 142476                     /home/alexander/frameworks/play-1.0.3.2/framework/lib/hibernate3-ast.jar
7fcf7b977000-7fcf7b97b000 r--s 00020000 08:15 142496                     /home/alexander/frameworks/play-1.0.3.2/framework/lib/play-imaging.jar
7fcf7b97b000-7fcf7b987000 r--s 00097000 08:15 142489                     /home/alexander/frameworks/play-1.0.3.2/framework/lib/lucene-core-2.3.1.jar
7fcf7b987000-7fcf7b98a000 r--s 0000e000 08:15 142473                     /home/alexander/frameworks/play-1.0.3.2/framework/lib/hibernate-commons-annotations.jar
7fcf7b98a000-7fcf7b98c000 r--s 0000e000 08:15 798151                     /home/alexander/frameworks/play-1.0.3.2/modules/cobertura-2.0/lib/jakarta-oro-2.0.8.jar
7fcf7b98c000-7fcf7b98d000 ---p 00000000 00:00 0 
7fcf7b98d000-7fcf7ba8d000 rw-p 00000000 00:00 0 
7fcf7ba8d000-7fcf7ba90000 ---p 00000000 00:00 0 
7fcf7ba90000-7fcf7bb8e000 rw-p 00000000 00:00 0 
7fcf7bb8e000-7fcf7bb91000 ---p 00000000 00:00 0 
7fcf7bb91000-7fcf7bc8f000 rw-p 00000000 00:00 0 
7fcf7bc8f000-7fcf7bc92000 ---p 00000000 00:00 0 
7fcf7bc92000-7fcf7bd90000 rw-p 00000000 00:00 0 
7fcf7bd90000-7fcf7bd93000 ---p 00000000 00:00 0 
7fcf7bd93000-7fcf7be91000 rw-p 00000000 00:00 0 
7fcf7be91000-7fcf7be94000 ---p 00000000 00:00 0 
7fcf7be94000-7fcf7bf92000 rw-p 00000000 00:00 0 
7fcf7bf92000-7fcf7bf96000 r-xp 00000000 08:15 274909                     /usr/lib/jvm/java-6-openjdk/jre/lib/amd64/libdt_socket.so
7fcf7bf96000-7fcf7c195000 ---p 00004000 08:15 274909                     /usr/lib/jvm/java-6-openjdk/jre/lib/amd64/libdt_socket.so
7fcf7c195000-7fcf7c196000 r--p 00003000 08:15 274909                     /usr/lib/jvm/java-6-openjdk/jre/lib/amd64/libdt_socket.so
7fcf7c196000-7fcf7c197000 rw-p 00004000 08:15 274909                     /usr/lib/jvm/java-6-openjdk/jre/lib/amd64/libdt_socket.so
7fcf7c197000-7fcf7c19a000 ---p 00000000 00:00 0 
7fcf7c19a000-7fcf7c298000 rw-p 00000000 00:00 0 
7fcf7c298000-7fcf7c29b000 ---p 00000000 00:00 0 
7fcf7c29b000-7fcf7c399000 rw-p 00000000 00:00 0 
7fcf7c399000-7fcf7c39c000 ---p 00000000 00:00 0 
7fcf7c39c000-7fcf7c49a000 rw-p 00000000 00:00 0 
7fcf7c49a000-7fcf7c49b000 ---p 00000000 00:00 0 
7fcf7c49b000-7fcf7ced7000 rw-p 00000000 00:00 0 
7fcf7ced7000-7fcf7d06a000 r--s 03918000 08:15 274886                     /usr/lib/jvm/java-6-openjdk/jre/lib/rt.jar
7fcf7d06a000-7fcf7d06b000 ---p 00000000 00:00 0 
7fcf7d06b000-7fcf7d16b000 rw-p 00000000 00:00 0 
7fcf7d16b000-7fcf7d16c000 ---p 00000000 00:00 0 
7fcf7d16c000-7fcf7d26c000 rw-p 00000000 00:00 0 
7fcf7d26c000-7fcf7d26d000 ---p 00000000 00:00 0 
7fcf7d26d000-7fcf7d36d000 rw-p 00000000 00:00 0 
7fcf7d36d000-7fcf7d36e000 ---p 00000000 00:00 0 
7fcf7d36e000-7fcf7d46e000 rw-p 00000000 00:00 0 
7fcf7d46e000-7fcf7d46f000 ---p 00000000 00:00 0 
7fcf7d46f000-7fcf7d56f000 rw-p 00000000 00:00 0 
7fcf7d56f000-7fcf7d570000 ---p 00000000 00:00 0 
7fcf7d570000-7fcf7d670000 rw-p 00000000 00:00 0 
7fcf7d670000-7fcf7d671000 ---p 00000000 00:00 0 
7fcf7d671000-7fcf7d771000 rw-p 00000000 00:00 0 
7fcf7d771000-7fcf7d772000 ---p 00000000 00:00 0 
7fcf7d772000-7fcf7d887000 rw-p 00000000 00:00 0 
7fcf7d887000-7fcf7d9bc000 rw-p 00000000 00:00 0 
7fcf7d9bc000-7fcf7d9cb000 rw-p 00000000 00:00 0 
7fcf7d9cb000-7fcf7da10000 rw-p 00000000 00:00 0 
7fcf7da10000-7fcf7da25000 rw-p 00000000 00:00 0 
7fcf7da25000-7fcf7db5a000 rw-p 00000000 00:00 0 
7fcf7db5a000-7fcf7db61000 rw-p 00000000 00:00 0 
7fcf7db61000-7fcf7db69000 ---p 00000000 00:00 0 
7fcf7db69000-7fcf7dbff000 rw-p 00000000 00:00 0 
7fcf7dbff000-7fcf7f870000 rw-p 00000000 00:00 0 
7fcf7f870000-7fcf88400000 rw-p 00000000 00:00 0 
7fcf88400000-7fcf8ad40000 rw-p 00000000 00:00 0 
7fcf8ad40000-7fcfb1800000 rw-p 00000000 00:00 0 
7fcfb1800000-7fcfb2570000 rw-p 00000000 00:00 0 
7fcfb2570000-7fcfb3440000 ---p 00000000 00:00 0 
7fcfb3440000-7fcfc6200000 rw-p 00000000 00:00 0 
7fcfc6200000-7fcfc6201000 r--s 00015000 08:15 142495                     /home/alexander/frameworks/play-1.0.3.2/framework/lib/play-SimpleCaptcha.jar
7fcfc6201000-7fcfc6210000 rw-p 00000000 00:00 0 
7fcfc6210000-7fcfc62c1000 rw-p 00000000 00:00 0 
7fcfc62c1000-7fcfc6661000 rwxp 00000000 00:00 0 
7fcfc6661000-7fcfc92c1000 rw-p 00000000 00:00 0 
7fcfc92c1000-7fcfc92c8000 r-xp 00000000 08:15 274934                     /usr/lib/jvm/java-6-openjdk/jre/lib/amd64/libzip.so
7fcfc92c8000-7fcfc94c7000 ---p 00007000 08:15 274934                     /usr/lib/jvm/java-6-openjdk/jre/lib/amd64/libzip.so
7fcfc94c7000-7fcfc94c8000 r--p 00006000 08:15 274934                     /usr/lib/jvm/java-6-openjdk/jre/lib/amd64/libzip.so
7fcfc94c8000-7fcfc94c9000 rw-p 00007000 08:15 274934                     /usr/lib/jvm/java-6-openjdk/jre/lib/amd64/libzip.so
7fcfc94c9000-7fcfc94d5000 r-xp 00000000 08:15 402047                     /lib/libnss_files-2.11.1.so
7fcfc94d5000-7fcfc96d4000 ---p 0000c000 08:15 402047                     /lib/libnss_files-2.11.1.so
7fcfc96d4000-7fcfc96d5000 r--p 0000b000 08:15 402047                     /lib/libnss_files-2.11.1.so
7fcfc96d5000-7fcfc96d6000 rw-p 0000c000 08:15 402047                     /lib/libnss_files-2.11.1.so
7fcfc96d6000-7fcfc96e0000 r-xp 00000000 08:15 402031                     /lib/libnss_nis-2.11.1.so
7fcfc96e0000-7fcfc98df000 ---p 0000a000 08:15 402031                     /lib/libnss_nis-2.11.1.so
7fcfc98df000-7fcfc98e0000 r--p 00009000 08:15 402031                     /lib/libnss_nis-2.11.1.so
7fcfc98e0000-7fcfc98e1000 rw-p 0000a000 08:15 402031                     /lib/libnss_nis-2.11.1.so
7fcfc98e1000-7fcfc98e9000 r-xp 00000000 08:15 402030                     /lib/libnss_compat-2.11.1.so
7fcfc98e9000-7fcfc9ae8000 ---p 00008000 08:15 402030                     /lib/libnss_compat-2.11.1.so
7fcfc9ae8000-7fcfc9ae9000 r--p 00007000 08:15 402030                     /lib/libnss_compat-2.11.1.so
7fcfc9ae9000-7fcfc9aea000 rw-p 00008000 08:15 402030                     /lib/libnss_compat-2.11.1.so
7fcfc9aea000-7fcfc9c08000 r--p 00000000 08:15 268908                     /usr/lib/locale/de_CH.utf8/LC_COLLATE
7fcfc9c08000-7fcfc9c0b000 r-xp 00000000 08:15 274929                     /usr/lib/jvm/java-6-openjdk/jre/lib/amd64/libnpt.so
7fcfc9c0b000-7fcfc9e0a000 ---p 00003000 08:15 274929                     /usr/lib/jvm/java-6-openjdk/jre/lib/amd64/libnpt.so
7fcfc9e0a000-7fcfc9e0b000 r--p 00002000 08:15 274929                     /usr/lib/jvm/java-6-openjdk/jre/lib/amd64/libnpt.so
7fcfc9e0b000-7fcfc9e0c000 rw-p 00003000 08:15 274929                     /usr/lib/jvm/java-6-openjdk/jre/lib/amd64/libnpt.so
7fcfc9e0c000-7fcfc9e15000 r-xp 00000000 08:15 274912                     /usr/lib/jvm/java-6-openjdk/jre/lib/amd64/libinstrument.so
7fcfc9e15000-7fcfca015000 ---p 00009000 08:15 274912                     /usr/lib/jvm/java-6-openjdk/jre/lib/amd64/libinstrument.so
7fcfca015000-7fcfca016000 r--p 00009000 08:15 274912                     /usr/lib/jvm/java-6-openjdk/jre/lib/amd64/libinstrument.so
7fcfca016000-7fcfca017000 rw-p 0000a000 08:15 274912                     /usr/lib/jvm/java-6-openjdk/jre/lib/amd64/libinstrument.so
7fcfca017000-7fcfca050000 r-xp 00000000 08:15 274920                     /usr/lib/jvm/java-6-openjdk/jre/lib/amd64/libjdwp.so
7fcfca050000-7fcfca24f000 ---p 00039000 08:15 274920                     /usr/lib/jvm/java-6-openjdk/jre/lib/amd64/libjdwp.so
7fcfca24f000-7fcfca250000 r--p 00038000 08:15 274920                     /usr/lib/jvm/java-6-openjdk/jre/lib/amd64/libjdwp.so
7fcfca250000-7fcfca251000 rw-p 00039000 08:15 274920                     /usr/lib/jvm/java-6-openjdk/jre/lib/amd64/libjdwp.so
7fcfca251000-7fcfca259000 r-xp 00000000 08:15 274936                     /usr/lib/jvm/java-6-openjdk/jre/lib/amd64/native_threads/libhpi.so
7fcfca259000-7fcfca458000 ---p 00008000 08:15 274936                     /usr/lib/jvm/java-6-openjdk/jre/lib/amd64/native_threads/libhpi.so
7fcfca458000-7fcfca459000 r--p 00007000 08:15 274936                     /usr/lib/jvm/java-6-openjdk/jre/lib/amd64/native_threads/libhpi.so
7fcfca459000-7fcfca45a000 rw-p 00008000 08:15 274936                     /usr/lib/jvm/java-6-openjdk/jre/lib/amd64/native_threads/libhpi.so
7fcfca45a000-7fcfca471000 r-xp 00000000 08:15 402010                     /lib/libnsl-2.11.1.so
7fcfca471000-7fcfca670000 ---p 00017000 08:15 402010                     /lib/libnsl-2.11.1.so
7fcfca670000-7fcfca671000 r--p 00016000 08:15 402010                     /lib/libnsl-2.11.1.so
7fcfca671000-7fcfca672000 rw-p 00017000 08:15 402010                     /lib/libnsl-2.11.1.so
7fcfca672000-7fcfca674000 rw-p 00000000 00:00 0 
7fcfca674000-7fcfca6a1000 r-xp 00000000 08:15 274917                     /usr/lib/jvm/java-6-openjdk/jre/lib/amd64/libjava.so
7fcfca6a1000-7fcfca8a0000 ---p 0002d000 08:15 274917                     /usr/lib/jvm/java-6-openjdk/jre/lib/amd64/libjava.so
7fcfca8a0000-7fcfca8a1000 r--p 0002c000 08:15 274917                     /usr/lib/jvm/java-6-openjdk/jre/lib/amd64/libjava.so
7fcfca8a1000-7fcfca8a4000 rw-p 0002d000 08:15 274917                     /usr/lib/jvm/java-6-openjdk/jre/lib/amd64/libjava.so
7fcfca8a4000-7fcfca8b3000 r-xp 00000000 08:15 274933                     /usr/lib/jvm/java-6-openjdk/jre/lib/amd64/libverify.so
7fcfca8b3000-7fcfcaab2000 ---p 0000f000 08:15 274933                     /usr/lib/jvm/java-6-openjdk/jre/lib/amd64/libverify.so
7fcfcaab2000-7fcfcaab4000 r--p 0000e000 08:15 274933                     /usr/lib/jvm/java-6-openjdk/jre/lib/amd64/libverify.so
7fcfcaab4000-7fcfcaab5000 rw-p 00010000 08:15 274933                     /usr/lib/jvm/java-6-openjdk/jre/lib/amd64/libverify.so
7fcfcaab5000-7fcfcaabc000 r-xp 00000000 08:15 402024                     /lib/librt-2.11.1.so
7fcfcaabc000-7fcfcacbb000 ---p 00007000 08:15 402024                     /lib/librt-2.11.1.so
7fcfcacbb000-7fcfcacbc000 r--p 00006000 08:15 402024                     /lib/librt-2.11.1.so
7fcfcacbc000-7fcfcacbd000 rw-p 00007000 08:15 402024                     /lib/librt-2.11.1.so
7fcfcacbd000-7fcfcad3f000 r-xp 00000000 08:15 400119                     /lib/libm-2.11.1.so
7fcfcad3f000-7fcfcaf3e000 ---p 00082000 08:15 400119                     /lib/libm-2.11.1.so
7fcfcaf3e000-7fcfcaf3f000 r--p 00081000 08:15 400119                     /lib/libm-2.11.1.so
7fcfcaf3f000-7fcfcaf40000 rw-p 00082000 08:15 400119                     /lib/libm-2.11.1.so
7fcfcaf40000-7fcfcb75b000 r-xp 00000000 08:15 274938                     /usr/lib/jvm/java-6-openjdk/jre/lib/amd64/server/libjvm.so
7fcfcb75b000-7fcfcb95a000 ---p 0081b000 08:15 274938                     /usr/lib/jvm/java-6-openjdk/jre/lib/amd64/server/libjvm.so
7fcfcb95a000-7fcfcb9ce000 r--p 0081a000 08:15 274938                     /usr/lib/jvm/java-6-openjdk/jre/lib/amd64/server/libjvm.so
7fcfcb9ce000-7fcfcb9e8000 rw-p 0088e000 08:15 274938                     /usr/lib/jvm/java-6-openjdk/jre/lib/amd64/server/libjvm.so
7fcfcb9e8000-7fcfcba21000 rw-p 00000000 00:00 0 
7fcfcba21000-7fcfcbb9b000 r-xp 00000000 08:15 402042                     /lib/libc-2.11.1.so
7fcfcbb9b000-7fcfcbd9a000 ---p 0017a000 08:15 402042                     /lib/libc-2.11.1.so
7fcfcbd9a000-7fcfcbd9e000 r--p 00179000 08:15 402042                     /lib/libc-2.11.1.so
7fcfcbd9e000-7fcfcbd9f000 rw-p 0017d000 08:15 402042                     /lib/libc-2.11.1.so
7fcfcbd9f000-7fcfcbda4000 rw-p 00000000 00:00 0 
7fcfcbda4000-7fcfcbda6000 r-xp 00000000 08:15 402049                     /lib/libdl-2.11.1.so
7fcfcbda6000-7fcfcbfa6000 ---p 00002000 08:15 402049                     /lib/libdl-2.11.1.so
7fcfcbfa6000-7fcfcbfa7000 r--p 00002000 08:15 402049                     /lib/libdl-2.11.1.so
7fcfcbfa7000-7fcfcbfa8000 rw-p 00003000 08:15 402049                     /lib/libdl-2.11.1.so
7fcfcbfa8000-7fcfcbfac000 r-xp 00000000 08:15 274899                     /usr/lib/jvm/java-6-openjdk/jre/lib/amd64/jli/libjli.so
7fcfcbfac000-7fcfcc1ab000 ---p 00004000 08:15 274899                     /usr/lib/jvm/java-6-openjdk/jre/lib/amd64/jli/libjli.so
7fcfcc1ab000-7fcfcc1ac000 r--p 00003000 08:15 274899                     /usr/lib/jvm/java-6-openjdk/jre/lib/amd64/jli/libjli.so
7fcfcc1ac000-7fcfcc1ad000 rw-p 00004000 08:15 274899                     /usr/lib/jvm/java-6-openjdk/jre/lib/amd64/jli/libjli.so
7fcfcc1ad000-7fcfcc1c5000 r-xp 00000000 08:15 402039                     /lib/libpthread-2.11.1.so
7fcfcc1c5000-7fcfcc3c4000 ---p 00018000 08:15 402039                     /lib/libpthread-2.11.1.so
7fcfcc3c4000-7fcfcc3c5000 r--p 00017000 08:15 402039                     /lib/libpthread-2.11.1.so
7fcfcc3c5000-7fcfcc3c6000 rw-p 00018000 08:15 402039                     /lib/libpthread-2.11.1.so
7fcfcc3c6000-7fcfcc3ca000 rw-p 00000000 00:00 0 
7fcfcc3ca000-7fcfcc3e0000 r-xp 00000000 08:15 391874                     /lib/libz.so.1.2.3.3
7fcfcc3e0000-7fcfcc5df000 ---p 00016000 08:15 391874                     /lib/libz.so.1.2.3.3
7fcfcc5df000-7fcfcc5e0000 r--p 00015000 08:15 391874                     /lib/libz.so.1.2.3.3
7fcfcc5e0000-7fcfcc5e1000 rw-p 00016000 08:15 391874                     /lib/libz.so.1.2.3.3
7fcfcc5e1000-7fcfcc601000 r-xp 00000000 08:15 402018                     /lib/ld-2.11.1.so
7fcfcc601000-7fcfcc603000 r--s 00009000 08:15 798152                     /home/alexander/frameworks/play-1.0.3.2/modules/cobertura-2.0/lib/asm-3.0.jar
7fcfcc603000-7fcfcc606000 r--s 00030000 08:15 798149                     /home/alexander/frameworks/play-1.0.3.2/modules/cobertura-2.0/lib/cobertura-main.jar
7fcfcc606000-7fcfcc608000 r--s 00004000 08:15 798150                     /home/alexander/frameworks/play-1.0.3.2/modules/cobertura-2.0/lib/asm-tree-3.0.jar
7fcfcc608000-7fcfcc60a000 r--s 00009000 08:15 535753                     /home/alexander/ESE/ese2010-team2/qa/lib/markdownj-1.0.2b4-0.3.0.jar
7fcfcc60a000-7fcfcc60d000 r--s 0007a000 08:15 273837                     /usr/lib/jvm/java-6-openjdk/jre/lib/jsse.jar
7fcfcc60d000-7fcfcc614000 r--s 00079000 08:15 142501                     /home/alexander/frameworks/play-1.0.3.2/framework/play.jar
7fcfcc614000-7fcfcc61d000 r--s 00065000 08:15 672110                     /usr/share/java/gnome-java-bridge.jar
7fcfcc61d000-7fcfcc620000 r--s 0000f000 08:15 273820                     /usr/lib/jvm/java-6-openjdk/jre/lib/ext/pulse-java.jar
7fcfcc620000-7fcfcc657000 rw-p 00000000 00:00 0 
7fcfcc657000-7fcfcc69c000 rw-p 00000000 00:00 0 
7fcfcc69c000-7fcfcc6db000 r--p 00000000 08:15 279196                     /usr/lib/locale/de_CH.utf8/LC_CTYPE
7fcfcc6db000-7fcfcc6de000 ---p 00000000 00:00 0 
7fcfcc6de000-7fcfcc7e1000 rw-p 00000000 00:00 0 
7fcfcc7e1000-7fcfcc7e2000 r--s 00001000 08:15 798153                     /home/alexander/frameworks/play-1.0.3.2/modules/cobertura-2.0/lib/play-cobertura.jar
7fcfcc7e2000-7fcfcc7e3000 rw-p 00000000 00:00 0 
7fcfcc7e3000-7fcfcc7eb000 rw-s 00000000 08:15 132631                     /tmp/hsperfdata_alexander/6506
7fcfcc7eb000-7fcfcc7ec000 r--p 00000000 08:15 269039                     /usr/lib/locale/de_CH.utf8/LC_NUMERIC
7fcfcc7ec000-7fcfcc7ed000 r--p 00000000 08:15 269040                     /usr/lib/locale/de_CH.utf8/LC_TIME
7fcfcc7ed000-7fcfcc7ee000 r--p 00000000 08:15 269041                     /usr/lib/locale/de_CH.utf8/LC_MONETARY
7fcfcc7ee000-7fcfcc7ef000 r--p 00000000 08:15 279201                     /usr/lib/locale/de_CH.utf8/LC_MESSAGES/SYS_LC_MESSAGES
7fcfcc7ef000-7fcfcc7f0000 r--p 00000000 08:15 269058                     /usr/lib/locale/de_CH.utf8/LC_PAPER
7fcfcc7f0000-7fcfcc7f1000 r--p 00000000 08:15 268848                     /usr/lib/locale/de_CH.utf8/LC_NAME
7fcfcc7f1000-7fcfcc7f2000 r--p 00000000 08:15 269042                     /usr/lib/locale/de_CH.utf8/LC_ADDRESS
7fcfcc7f2000-7fcfcc7f3000 r--p 00000000 08:15 269043                     /usr/lib/locale/de_CH.utf8/LC_TELEPHONE
7fcfcc7f3000-7fcfcc7f4000 r--p 00000000 08:15 269067                     /usr/lib/locale/de_CH.utf8/LC_MEASUREMENT
7fcfcc7f4000-7fcfcc7fb000 r--s 00000000 08:15 276772                     /usr/lib/gconv/gconv-modules.cache
7fcfcc7fb000-7fcfcc7fc000 r--p 00000000 08:15 269045                     /usr/lib/locale/de_CH.utf8/LC_IDENTIFICATION
7fcfcc7fc000-7fcfcc7fd000 rw-p 00000000 00:00 0 
7fcfcc7fd000-7fcfcc7fe000 r--p 00000000 00:00 0 
7fcfcc7fe000-7fcfcc800000 rw-p 00000000 00:00 0 
7fcfcc800000-7fcfcc801000 r--p 0001f000 08:15 402018                     /lib/ld-2.11.1.so
7fcfcc801000-7fcfcc802000 rw-p 00020000 08:15 402018                     /lib/ld-2.11.1.so
7fcfcc802000-7fcfcc803000 rw-p 00000000 00:00 0 
7fff425c5000-7fff425db000 rw-p 00000000 00:00 0                          [stack]
7fff425ff000-7fff42600000 r-xp 00000000 00:00 0                          [vdso]
ffffffffff600000-ffffffffff601000 r-xp 00000000 00:00 0                  [vsyscall]

VM Arguments:
jvm_args: -javaagent:/home/alexander/frameworks/play-1.0.3.2/framework/play.jar -Dplay.debug=yes -Xrunjdwp:transport=dt_socket,address=8000,server=y,suspend=n -Xdebug -Dapplication.path=/home/alexander/ESE/ese2010-team2/qa -Dplay.id= 
java_command: play.server.Server
Launcher Type: SUN_STANDARD

Environment Variables:
PATH=/usr/local/sbin:/usr/local/bin:/usr/sbin:/usr/bin:/sbin:/bin:/usr/games:/home/alexander/frameworks/play-1.0.3.2/
USERNAME=alexander
LD_LIBRARY_PATH=/usr/lib/jvm/java-6-openjdk/jre/lib/amd64/server:/usr/lib/jvm/java-6-openjdk/jre/lib/amd64:/usr/lib/jvm/java-6-openjdk/jre/../lib/amd64
SHELL=/bin/bash
DISPLAY=:0.0

Signal Handlers:
SIGSEGV: [libjvm.so+0x6c1f70], sa_mask[0]=0x7ffbfeff, sa_flags=0x10000004
SIGBUS: [libjvm.so+0x6c1f70], sa_mask[0]=0x7ffbfeff, sa_flags=0x10000004
SIGFPE: [libjvm.so+0x58ca00], sa_mask[0]=0x7ffbfeff, sa_flags=0x10000004
SIGPIPE: [libjvm.so+0x58ca00], sa_mask[0]=0x7ffbfeff, sa_flags=0x10000004
SIGXFSZ: [libjvm.so+0x58ca00], sa_mask[0]=0x7ffbfeff, sa_flags=0x10000004
SIGILL: [libjvm.so+0x58ca00], sa_mask[0]=0x7ffbfeff, sa_flags=0x10000004
SIGUSR1: SIG_DFL, sa_mask[0]=0x00000000, sa_flags=0x00000000
SIGUSR2: [libjvm.so+0x58c150], sa_mask[0]=0x00000000, sa_flags=0x10000004
SIGHUP: [libjvm.so+0x58e840], sa_mask[0]=0x7ffbfeff, sa_flags=0x10000004
SIGINT: [libjvm.so+0x58e840], sa_mask[0]=0x7ffbfeff, sa_flags=0x10000004
SIGTERM: [libjvm.so+0x58e840], sa_mask[0]=0x7ffbfeff, sa_flags=0x10000004
SIGQUIT: [libjvm.so+0x58e840], sa_mask[0]=0x7ffbfeff, sa_flags=0x10000004


---------------  S Y S T E M  ---------------

OS:Ubuntu 10.04 (lucid)
uname:Linux 2.6.32-24-generic #43-Ubuntu SMP Thu Sep 16 14:58:24 UTC 2010 x86_64
libc:glibc 2.11.1 NPTL 2.11.1 
rlimit: STACK 8192k, CORE 0k, NPROC infinity, NOFILE 1024, AS infinity
load average:1.49 1.55 1.46

CPU:total 8 (8 cores per cpu, 2 threads per core) family 6 model 30 stepping 5, cmov, cx8, fxsr, mmx, sse, sse2, sse3, ssse3, sse4.1, sse4.2, popcnt, ht

Memory: 4k page, physical 4051124k(1802412k free), swap 1055736k(1055736k free)

vm_info: OpenJDK 64-Bit Server VM (16.0-b13) for linux-amd64 JRE (1.6.0_18-b18), built on Jul 26 2010 23:34:55 by "buildd" with gcc 4.4.3

time: Wed Oct 27 23:53:35 2010
elapsed time: 1790 seconds

