#
# A fatal error has been detected by the Java Runtime Environment:
#
#  SIGSEGV (0xb) at pc=0x00007f2b7a5a7c40, pid=2836, tid=139823313291024
#
# JRE version: 6.0_18-b18
# Java VM: OpenJDK 64-Bit Server VM (16.0-b13 mixed mode linux-amd64 )
# Derivative: IcedTea6 1.8.1
# Distribution: Ubuntu 10.04 LTS, package 6b18-1.8.1-0ubuntu1
# Problematic frame:
# V  [libjvm.so+0x50bc40]
#
# If you would like to submit a bug report, please include
# instructions how to reproduce the bug and visit:
#   https://bugs.launchpad.net/ubuntu/+source/openjdk-6/
#

---------------  T H R E A D  ---------------

Current thread (0x0000000000e0e000):  JavaThread "CompilerThread0" daemon [_thread_in_native, id=2852, stack(0x00007f2b26db8000,0x00007f2b26eb9000)]

siginfo:si_signo=SIGSEGV: si_errno=0, si_code=1 (SEGV_MAPERR), si_addr=0x0000000000000008

Registers:
RAX=0x0000000000000000, RBX=0x00007f2b26eb5a80, RCX=0x00000000012a3de0, RDX=0x0000000000002000
RSP=0x00007f2b26eb4290, RBP=0x00007f2b26eb42d0, RSI=0x00000000017f4450, RDI=0x0000000000000000
R8 =0x0000000000f5b360, R9 =0x00007f2b20436130, R10=0x0000000000000000, R11=0x00007f2b7ac02e53
R12=0x000000000141b228, R13=0x00007f2b20439c38, R14=0x00007f2b26eb5aa0, R15=0x00007f2b20438ce8
RIP=0x00007f2b7a5a7c40, EFL=0x0000000000010206, CSGSFS=0x0000000000000033, ERR=0x0000000000000004
  TRAPNO=0x000000000000000e

Top of Stack: (sp=0x00007f2b26eb4290)
0x00007f2b26eb4290:   00007f2b26eb45b0 000000000000138a
0x00007f2b26eb42a0:   00007f2b26eb42d0 00007f2b26eb4570
0x00007f2b26eb42b0:   00007f2b26eb5a80 000000000141b228
0x00007f2b26eb42c0:   0000000000000002 00007f2b200c22a8
0x00007f2b26eb42d0:   00007f2b26eb4340 00007f2b7a5a81a7
0x00007f2b26eb42e0:   0000000000000020 00007f2b00000001
0x00007f2b26eb42f0:   00007f2b26eb6410 0000000000000000
0x00007f2b26eb4300:   00007f2b26eb4550 00007f2b26eb45b0
0x00007f2b26eb4310:   0000000000001687 00007f2b26eb5a80
0x00007f2b26eb4320:   00007f2b26eb5070 00007f2b26eb45b0
0x00007f2b26eb4330:   00007f2b26eb4550 0000000000000000
0x00007f2b26eb4340:   00007f2b26eb4610 00007f2b7a5ab6f0
0x00007f2b26eb4350:   00007f2b7ab4a888 00007f2b7ab65ad8
0x00007f2b26eb4360:   00007f2b26eb4390 00007f2b00001675
0x00007f2b26eb4370:   000000000000b4a0 00007f2b7ab2cd7c
0x00007f2b26eb4380:   01007f2b26eb71c0 00007f2b26eb4570
0x00007f2b26eb4390:   00007f2b26eb43b0 00007f2b7a72def6
0x00007f2b26eb43a0:   0000000000d78060 0000000001424840
0x00007f2b26eb43b0:   00007f2b26eb43d0 00007f2b7a72def6
0x00007f2b26eb43c0:   0000000000d78060 0000000001424840
0x00007f2b26eb43d0:   00000000011d64c0 0000000001424840
0x00007f2b26eb43e0:   00007f2b26eb43f0 00007f2b7a72d18d
0x00007f2b26eb43f0:   00007f2b26eb4450 00007f2b7a3c93de
0x00007f2b26eb4400:   0000000000000000 89a1ec6500f9c018
0x00007f2b26eb4410:   0000000000000000 000000007a731758
0x00007f2b26eb4420:   00007f2b88ca6bff 00007f2b28f9c018
0x00007f2b26eb4430:   00007f2b26eb4490 00007f2b7a44ff61
0x00007f2b26eb4440:   00007f2b26eb4460 00007f2b202784a0
0x00007f2b26eb4450:   0000000001097748 0000000000e35cd8
0x00007f2b26eb4460:   00007f2b26eb4480 00000000010977f8
0x00007f2b26eb4470:   00007f2b26eb5070 00007f2b26eb5070
0x00007f2b26eb4480:   0000000000e36230 00000000010977f8 

Instructions: (pc=0x00007f2b7a5a7c40)
0x00007f2b7a5a7c30:   89 f6 48 c1 e6 03 48 03 b3 d0 09 00 00 48 8b 06
0x00007f2b7a5a7c40:   48 8b 50 08 48 83 3a 00 75 27 8b 4b 28 0f 1f 00 

Stack: [0x00007f2b26db8000,0x00007f2b26eb9000],  sp=0x00007f2b26eb4290,  free space=3f00000000000000030k
Native frames: (J=compiled Java code, j=interpreted, Vv=VM code, C=native code)
V  [libjvm.so+0x50bc40]
V  [libjvm.so+0x50c1a7]
V  [libjvm.so+0x50f6f0]
V  [libjvm.so+0x2b7a6b]
V  [libjvm.so+0x2b85ba]
V  [libjvm.so+0x246f7c]
V  [libjvm.so+0x2bd49a]
V  [libjvm.so+0x2bdabf]
V  [libjvm.so+0x687c4b]
V  [libjvm.so+0x58ff62]


Current CompileTask:
C2:810      jregex.Pretokenizer.next()V (1064 bytes)


---------------  P R O C E S S  ---------------

Java Threads: ( => current thread )
  0x0000000001335000 JavaThread "pool-3-thread-1" [_thread_in_Java, id=2859, stack(0x00007f2b26148000,0x00007f2b26249000)]
  0x0000000000ee7000 JavaThread "NioProcessor-1" [_thread_in_native, id=2858, stack(0x00007f2b26249000,0x00007f2b2634a000)]
  0x00007f2b2016d800 JavaThread "DestroyJavaVM" [_thread_blocked, id=2837, stack(0x00007f2b7b837000,0x00007f2b7b938000)]
  0x00007f2b20145000 JavaThread "NioSocketAcceptor-1" [_thread_in_native, id=2857, stack(0x00007f2b2634a000,0x00007f2b2644b000)]
  0x00007f2b2025f800 JavaThread "NioSocketAcceptor-1-idleStatusChecker" [_thread_blocked, id=2856, stack(0x00007f2b2644b000,0x00007f2b2654c000)]
  0x00007f2b28003800 JavaThread "Low Memory Detector" daemon [_thread_blocked, id=2854, stack(0x00007f2b26bb6000,0x00007f2b26cb7000)]
  0x0000000000e11000 JavaThread "CompilerThread1" daemon [_thread_blocked, id=2853, stack(0x00007f2b26cb7000,0x00007f2b26db8000)]
=>0x0000000000e0e000 JavaThread "CompilerThread0" daemon [_thread_in_native, id=2852, stack(0x00007f2b26db8000,0x00007f2b26eb9000)]
  0x0000000000df8800 JavaThread "JDWP Event Helper Thread" daemon [_thread_blocked, id=2851, stack(0x00007f2b26eb9000,0x00007f2b26fba000)]
  0x0000000000df5000 JavaThread "JDWP Transport Listener: dt_socket" daemon [_thread_in_native, id=2850, stack(0x00007f2b26fba000,0x00007f2b270bb000)]
  0x0000000000dc1000 JavaThread "Signal Dispatcher" daemon [_thread_blocked, id=2849, stack(0x00007f2b272c0000,0x00007f2b273c1000)]
  0x0000000000da3000 JavaThread "Finalizer" daemon [_thread_blocked, id=2848, stack(0x00007f2b273c1000,0x00007f2b274c2000)]
  0x0000000000d9b800 JavaThread "Reference Handler" daemon [_thread_blocked, id=2847, stack(0x00007f2b274c2000,0x00007f2b275c3000)]

Other Threads:
  0x0000000000d97000 VMThread [stack: 0x00007f2b275c3000,0x00007f2b276c4000] [id=2846]
  0x00007f2b2800e000 WatcherThread [stack: 0x00007f2b26ab5000,0x00007f2b26bb6000] [id=2855]

VM state:not at safepoint (normal execution)

VM Mutex/Monitor currently owned by a thread: None

Heap
 PSYoungGen      total 36416K, used 16795K [0x00007f2b60950000, 0x00007f2b632f0000, 0x00007f2b75350000)
  eden space 33152K, 46% used [0x00007f2b60950000,0x00007f2b61836550,0x00007f2b629b0000)
  from space 3264K, 47% used [0x00007f2b62fc0000,0x00007f2b63140748,0x00007f2b632f0000)
  to   space 4736K, 0% used [0x00007f2b629b0000,0x00007f2b629b0000,0x00007f2b62e50000)
 PSOldGen        total 42240K, used 18092K [0x00007f2b37550000, 0x00007f2b39e90000, 0x00007f2b60950000)
  object space 42240K, 42% used [0x00007f2b37550000,0x00007f2b386fb090,0x00007f2b39e90000)
 PSPermGen       total 29312K, used 29235K [0x00007f2b2cd50000, 0x00007f2b2e9f0000, 0x00007f2b37550000)
  object space 29312K, 99% used [0x00007f2b2cd50000,0x00007f2b2e9dcf28,0x00007f2b2e9f0000)

Dynamic libraries:
00400000-00409000 r-xp 00000000 08:15 274966                             /usr/lib/jvm/java-6-openjdk/jre/bin/java
00608000-00609000 r--p 00008000 08:15 274966                             /usr/lib/jvm/java-6-openjdk/jre/bin/java
00609000-0060a000 rw-p 00009000 08:15 274966                             /usr/lib/jvm/java-6-openjdk/jre/bin/java
00d14000-02bbc000 rw-p 00000000 00:00 0                                  [heap]
7f2b20000000-7f2b215f5000 rw-p 00000000 00:00 0 
7f2b215f5000-7f2b24000000 ---p 00000000 00:00 0 
7f2b26143000-7f2b26146000 r--s 00031000 08:15 273818                     /usr/lib/jvm/java-6-openjdk/jre/lib/ext/sunjce_provider.jar
7f2b26146000-7f2b26148000 r--s 00013000 08:15 273836                     /usr/lib/jvm/java-6-openjdk/jre/lib/jce.jar
7f2b26148000-7f2b2614b000 ---p 00000000 00:00 0 
7f2b2614b000-7f2b26249000 rw-p 00000000 00:00 0 
7f2b26249000-7f2b2624c000 ---p 00000000 00:00 0 
7f2b2624c000-7f2b2634a000 rw-p 00000000 00:00 0 
7f2b2634a000-7f2b2634d000 ---p 00000000 00:00 0 
7f2b2634d000-7f2b2644b000 rw-p 00000000 00:00 0 
7f2b2644b000-7f2b2644e000 ---p 00000000 00:00 0 
7f2b2644e000-7f2b2654c000 rw-p 00000000 00:00 0 
7f2b2654c000-7f2b26554000 r-xp 00000000 08:15 274928                     /usr/lib/jvm/java-6-openjdk/jre/lib/amd64/libnio.so
7f2b26554000-7f2b26753000 ---p 00008000 08:15 274928                     /usr/lib/jvm/java-6-openjdk/jre/lib/amd64/libnio.so
7f2b26753000-7f2b26754000 r--p 00007000 08:15 274928                     /usr/lib/jvm/java-6-openjdk/jre/lib/amd64/libnio.so
7f2b26754000-7f2b26755000 rw-p 00008000 08:15 274928                     /usr/lib/jvm/java-6-openjdk/jre/lib/amd64/libnio.so
7f2b26755000-7f2b2676a000 r-xp 00000000 08:15 274927                     /usr/lib/jvm/java-6-openjdk/jre/lib/amd64/libnet.so
7f2b2676a000-7f2b26969000 ---p 00015000 08:15 274927                     /usr/lib/jvm/java-6-openjdk/jre/lib/amd64/libnet.so
7f2b26969000-7f2b2696a000 r--p 00014000 08:15 274927                     /usr/lib/jvm/java-6-openjdk/jre/lib/amd64/libnet.so
7f2b2696a000-7f2b2696b000 rw-p 00015000 08:15 274927                     /usr/lib/jvm/java-6-openjdk/jre/lib/amd64/libnet.so
7f2b2696b000-7f2b2697a000 r--s 00074000 08:15 142482                     /home/alexander/frameworks/play-1.0.3.2/framework/lib/joda-time-1.6.jar
7f2b2697a000-7f2b2697b000 r--s 00015000 08:15 142495                     /home/alexander/frameworks/play-1.0.3.2/framework/lib/play-SimpleCaptcha.jar
7f2b2697b000-7f2b26982000 r--s 00038000 08:15 142500                     /home/alexander/frameworks/play-1.0.3.2/framework/lib/wikitext.core_1.1.1.jar
7f2b26982000-7f2b269a6000 r--s 00473000 08:15 142477                     /home/alexander/frameworks/play-1.0.3.2/framework/lib/hibernate3.jar
7f2b269a6000-7f2b269ab000 r--s 00040000 08:15 142472                     /home/alexander/frameworks/play-1.0.3.2/framework/lib/hibernate-annotations.jar
7f2b269ab000-7f2b269ae000 r--s 0001b000 08:15 142474                     /home/alexander/frameworks/play-1.0.3.2/framework/lib/hibernate-entitymanager.jar
7f2b269ae000-7f2b269b5000 r--s 00059000 08:15 142487                     /home/alexander/frameworks/play-1.0.3.2/framework/lib/log4j-1.2.15.jar
7f2b269b5000-7f2b269ba000 r--s 0003c000 08:15 142467                     /home/alexander/frameworks/play-1.0.3.2/framework/lib/ehcache-1.5.0.jar
7f2b269ba000-7f2b269bc000 r--s 0000c000 08:15 142451                     /home/alexander/frameworks/play-1.0.3.2/framework/lib/activation.jar
7f2b269bc000-7f2b269c2000 r--s 00067000 08:15 142452                     /home/alexander/frameworks/play-1.0.3.2/framework/lib/antlr-2.7.6.jar
7f2b269c2000-7f2b269c4000 r--s 00001000 08:15 142485                     /home/alexander/frameworks/play-1.0.3.2/framework/lib/jta.jar
7f2b269c4000-7f2b269cd000 r--s 00048000 08:15 142454                     /home/alexander/frameworks/play-1.0.3.2/framework/lib/backport-util-concurrent-3.0.jar
7f2b269cd000-7f2b269cf000 r--s 00001000 08:15 142484                     /home/alexander/frameworks/play-1.0.3.2/framework/lib/jsr107cache-1.0.jar
7f2b269cf000-7f2b269d2000 r--s 0000a000 08:15 142468                     /home/alexander/frameworks/play-1.0.3.2/framework/lib/ejb3-persistence.jar
7f2b269d2000-7f2b269d7000 r--s 00037000 08:15 142491                     /home/alexander/frameworks/play-1.0.3.2/framework/lib/memcached-2.4.2.jar
7f2b269d7000-7f2b269dc000 r--s 0002a000 08:15 142457                     /home/alexander/frameworks/play-1.0.3.2/framework/lib/commons-beanutils.jar
7f2b269dc000-7f2b269e1000 r--s 00048000 08:15 142466                     /home/alexander/frameworks/play-1.0.3.2/framework/lib/dom4j-1.6.1.jar
7f2b269e1000-7f2b269e7000 r--s 00024000 08:15 142453                     /home/alexander/frameworks/play-1.0.3.2/framework/lib/asyncweb-common-0.9.0-SNAPSHOT.jar
7f2b269e7000-7f2b269ee000 r--s 000aa000 08:15 142493                     /home/alexander/frameworks/play-1.0.3.2/framework/lib/mysql-connector-java-5.1.8-bin.jar
7f2b269ee000-7f2b269f3000 r--s 00023000 08:15 142486                     /home/alexander/frameworks/play-1.0.3.2/framework/lib/junit-4.4.jar
7f2b269f3000-7f2b269f8000 r--s 00040000 08:15 142461                     /home/alexander/frameworks/play-1.0.3.2/framework/lib/commons-httpclient.jar
7f2b269f8000-7f2b26a00000 r--s 000a3000 08:15 142478                     /home/alexander/frameworks/play-1.0.3.2/framework/lib/hsqldb.jar
7f2b26a00000-7f2b26a02000 r--s 0000a000 08:15 142458                     /home/alexander/frameworks/play-1.0.3.2/framework/lib/commons-codec.jar
7f2b26a02000-7f2b26a05000 r--s 00011000 08:15 142469                     /home/alexander/frameworks/play-1.0.3.2/framework/lib/ezmorph-1.0.3.jar
7f2b26a05000-7f2b26a0b000 r--s 00032000 08:15 142481                     /home/alexander/frameworks/play-1.0.3.2/framework/lib/jaxen-1.1.jar
7f2b26a0b000-7f2b26a0d000 r--s 00001000 08:15 142499                     /home/alexander/frameworks/play-1.0.3.2/framework/lib/slf4j-log4j12-1.5.0.jar
7f2b26a0d000-7f2b26a15000 r--s 0008a000 08:15 142480                     /home/alexander/frameworks/play-1.0.3.2/framework/lib/javassist.jar
7f2b26a15000-7f2b26a17000 r--s 00017000 08:15 142449                     /home/alexander/frameworks/play-1.0.3.2/framework/lib/WikiText.jar
7f2b26a17000-7f2b26a19000 r--s 00003000 08:15 142498                     /home/alexander/frameworks/play-1.0.3.2/framework/lib/slf4j-api-1.5.0.jar
7f2b26a19000-7f2b26a1f000 r--s 00041000 08:15 142494                     /home/alexander/frameworks/play-1.0.3.2/framework/lib/oval-1.31.jar
7f2b26a1f000-7f2b26a2a000 r--s 0008a000 08:15 142455                     /home/alexander/frameworks/play-1.0.3.2/framework/lib/c3p0-0.9.1.jar
7f2b26a2a000-7f2b26a2c000 r--s 0000b000 08:15 142460                     /home/alexander/frameworks/play-1.0.3.2/framework/lib/commons-fileupload-1.2.jar
7f2b26a2c000-7f2b26a30000 r--s 0002f000 08:15 142463                     /home/alexander/frameworks/play-1.0.3.2/framework/lib/commons-lang.jar
7f2b26a30000-7f2b26a7f000 r--s 004b1000 08:15 142470                     /home/alexander/frameworks/play-1.0.3.2/framework/lib/groovy-all-1.7.1.jar
7f2b26a7f000-7f2b26a83000 r--s 00023000 08:15 142471                     /home/alexander/frameworks/play-1.0.3.2/framework/lib/gson-1.3.jar
7f2b26a83000-7f2b26a89000 r--s 00055000 08:15 142490                     /home/alexander/frameworks/play-1.0.3.2/framework/lib/mail.jar
7f2b26a89000-7f2b26a8c000 r--s 0000f000 08:15 142497                     /home/alexander/frameworks/play-1.0.3.2/framework/lib/provided-geronimo-servlet_2.5_spec-1.2.jar
7f2b26a8c000-7f2b26a98000 r--s 0014c000 08:15 142465                     /home/alexander/frameworks/play-1.0.3.2/framework/lib/compiler-jdt.jar
7f2b26a98000-7f2b26a9b000 r--s 00018000 08:15 142462                     /home/alexander/frameworks/play-1.0.3.2/framework/lib/commons-io.jar
7f2b26a9b000-7f2b26aa8000 r--s 0007c000 08:15 142459                     /home/alexander/frameworks/play-1.0.3.2/framework/lib/commons-collections-3.1.jar
7f2b26aa8000-7f2b26aae000 r--s 00049000 08:15 142456                     /home/alexander/frameworks/play-1.0.3.2/framework/lib/cglib-nodep-2.2.jar
7f2b26aae000-7f2b26ab0000 r--s 00015000 08:15 142483                     /home/alexander/frameworks/play-1.0.3.2/framework/lib/jregex1.2_01.jar
7f2b26ab0000-7f2b26ab2000 r--s 0000d000 08:15 142464                     /home/alexander/frameworks/play-1.0.3.2/framework/lib/commons-logging-1.1.1.jar
7f2b26ab2000-7f2b26ab5000 r--s 0000d000 08:15 142475                     /home/alexander/frameworks/play-1.0.3.2/framework/lib/hibernate-validator.jar
7f2b26ab5000-7f2b26ab6000 ---p 00000000 00:00 0 
7f2b26ab6000-7f2b26bb6000 rw-p 00000000 00:00 0 
7f2b26bb6000-7f2b26bb9000 ---p 00000000 00:00 0 
7f2b26bb9000-7f2b26cb7000 rw-p 00000000 00:00 0 
7f2b26cb7000-7f2b26cba000 ---p 00000000 00:00 0 
7f2b26cba000-7f2b26db8000 rw-p 00000000 00:00 0 
7f2b26db8000-7f2b26dbb000 ---p 00000000 00:00 0 
7f2b26dbb000-7f2b26eb9000 rw-p 00000000 00:00 0 
7f2b26eb9000-7f2b26ebc000 ---p 00000000 00:00 0 
7f2b26ebc000-7f2b26fba000 rw-p 00000000 00:00 0 
7f2b26fba000-7f2b26fbd000 ---p 00000000 00:00 0 
7f2b26fbd000-7f2b270bb000 rw-p 00000000 00:00 0 
7f2b270bb000-7f2b270bf000 r-xp 00000000 08:15 274909                     /usr/lib/jvm/java-6-openjdk/jre/lib/amd64/libdt_socket.so
7f2b270bf000-7f2b272be000 ---p 00004000 08:15 274909                     /usr/lib/jvm/java-6-openjdk/jre/lib/amd64/libdt_socket.so
7f2b272be000-7f2b272bf000 r--p 00003000 08:15 274909                     /usr/lib/jvm/java-6-openjdk/jre/lib/amd64/libdt_socket.so
7f2b272bf000-7f2b272c0000 rw-p 00004000 08:15 274909                     /usr/lib/jvm/java-6-openjdk/jre/lib/amd64/libdt_socket.so
7f2b272c0000-7f2b272c3000 ---p 00000000 00:00 0 
7f2b272c3000-7f2b273c1000 rw-p 00000000 00:00 0 
7f2b273c1000-7f2b273c4000 ---p 00000000 00:00 0 
7f2b273c4000-7f2b274c2000 rw-p 00000000 00:00 0 
7f2b274c2000-7f2b274c5000 ---p 00000000 00:00 0 
7f2b274c5000-7f2b275c3000 rw-p 00000000 00:00 0 
7f2b275c3000-7f2b275c4000 ---p 00000000 00:00 0 
7f2b275c4000-7f2b28000000 rw-p 00000000 00:00 0 
7f2b28000000-7f2b2a854000 rw-p 00000000 00:00 0 
7f2b2a854000-7f2b2c000000 ---p 00000000 00:00 0 
7f2b2c001000-7f2b2c003000 r--s 00012000 08:15 142488                     /home/alexander/frameworks/play-1.0.3.2/framework/lib/lucene-analyzers-2.3.1.jar
7f2b2c003000-7f2b2c00e000 r--s 00071000 08:15 142492                     /home/alexander/frameworks/play-1.0.3.2/framework/lib/mina-core-2.0.0-M2-SNAPSHOT.jar
7f2b2c00e000-7f2b2c011000 r--s 00022000 08:15 142479                     /home/alexander/frameworks/play-1.0.3.2/framework/lib/jamon-2.7.jar
7f2b2c011000-7f2b2c017000 r--s 00056000 08:15 142476                     /home/alexander/frameworks/play-1.0.3.2/framework/lib/hibernate3-ast.jar
7f2b2c017000-7f2b2c01b000 r--s 00020000 08:15 142496                     /home/alexander/frameworks/play-1.0.3.2/framework/lib/play-imaging.jar
7f2b2c01b000-7f2b2c027000 r--s 00097000 08:15 142489                     /home/alexander/frameworks/play-1.0.3.2/framework/lib/lucene-core-2.3.1.jar
7f2b2c027000-7f2b2c1ba000 r--s 03918000 08:15 274886                     /usr/lib/jvm/java-6-openjdk/jre/lib/rt.jar
7f2b2c1ba000-7f2b2c1bb000 ---p 00000000 00:00 0 
7f2b2c1bb000-7f2b2c2bb000 rw-p 00000000 00:00 0 
7f2b2c2bb000-7f2b2c2bc000 ---p 00000000 00:00 0 
7f2b2c2bc000-7f2b2c3bc000 rw-p 00000000 00:00 0 
7f2b2c3bc000-7f2b2c3bd000 ---p 00000000 00:00 0 
7f2b2c3bd000-7f2b2c4bd000 rw-p 00000000 00:00 0 
7f2b2c4bd000-7f2b2c4be000 ---p 00000000 00:00 0 
7f2b2c4be000-7f2b2c5be000 rw-p 00000000 00:00 0 
7f2b2c5be000-7f2b2c5bf000 ---p 00000000 00:00 0 
7f2b2c5bf000-7f2b2c6bf000 rw-p 00000000 00:00 0 
7f2b2c6bf000-7f2b2c6c0000 ---p 00000000 00:00 0 
7f2b2c6c0000-7f2b2c7c0000 rw-p 00000000 00:00 0 
7f2b2c7c0000-7f2b2c7c1000 ---p 00000000 00:00 0 
7f2b2c7c1000-7f2b2c8c1000 rw-p 00000000 00:00 0 
7f2b2c8c1000-7f2b2c8c2000 ---p 00000000 00:00 0 
7f2b2c8c2000-7f2b2c9d7000 rw-p 00000000 00:00 0 
7f2b2c9d7000-7f2b2cb0c000 rw-p 00000000 00:00 0 
7f2b2cb0c000-7f2b2cb1b000 rw-p 00000000 00:00 0 
7f2b2cb1b000-7f2b2cb60000 rw-p 00000000 00:00 0 
7f2b2cb60000-7f2b2cb75000 rw-p 00000000 00:00 0 
7f2b2cb75000-7f2b2ccaa000 rw-p 00000000 00:00 0 
7f2b2ccaa000-7f2b2ccbf000 rw-p 00000000 00:00 0 
7f2b2ccbf000-7f2b2ccc6000 ---p 00000000 00:00 0 
7f2b2ccc6000-7f2b2cd4f000 rw-p 00000000 00:00 0 
7f2b2cd4f000-7f2b2e9f0000 rw-p 00000000 00:00 0 
7f2b2e9f0000-7f2b37550000 rw-p 00000000 00:00 0 
7f2b37550000-7f2b39e90000 rw-p 00000000 00:00 0 
7f2b39e90000-7f2b60950000 rw-p 00000000 00:00 0 
7f2b60950000-7f2b632f0000 rw-p 00000000 00:00 0 
7f2b632f0000-7f2b640d0000 ---p 00000000 00:00 0 
7f2b640d0000-7f2b75350000 rw-p 00000000 00:00 0 
7f2b75350000-7f2b75352000 r--s 00011000 08:15 142450                     /home/alexander/frameworks/play-1.0.3.2/framework/lib/ZDB.jar
7f2b75352000-7f2b75358000 r--s 0002c000 08:15 142448                     /home/alexander/frameworks/play-1.0.3.2/framework/lib/SnakeYAML-1.2.jar
7f2b75358000-7f2b7535b000 r--s 0000e000 08:15 142473                     /home/alexander/frameworks/play-1.0.3.2/framework/lib/hibernate-commons-annotations.jar
7f2b7535b000-7f2b7535d000 r--s 0000e000 08:15 798151                     /home/alexander/frameworks/play-1.0.3.2/modules/cobertura-2.0/lib/jakarta-oro-2.0.8.jar
7f2b7535d000-7f2b7536f000 rw-p 00000000 00:00 0 
7f2b7536f000-7f2b7541d000 rw-p 00000000 00:00 0 
7f2b7541d000-7f2b7587d000 rwxp 00000000 00:00 0 
7f2b7587d000-7f2b7841d000 rw-p 00000000 00:00 0 
7f2b7841d000-7f2b78424000 r-xp 00000000 08:15 274934                     /usr/lib/jvm/java-6-openjdk/jre/lib/amd64/libzip.so
7f2b78424000-7f2b78623000 ---p 00007000 08:15 274934                     /usr/lib/jvm/java-6-openjdk/jre/lib/amd64/libzip.so
7f2b78623000-7f2b78624000 r--p 00006000 08:15 274934                     /usr/lib/jvm/java-6-openjdk/jre/lib/amd64/libzip.so
7f2b78624000-7f2b78625000 rw-p 00007000 08:15 274934                     /usr/lib/jvm/java-6-openjdk/jre/lib/amd64/libzip.so
7f2b78625000-7f2b78631000 r-xp 00000000 08:15 402047                     /lib/libnss_files-2.11.1.so
7f2b78631000-7f2b78830000 ---p 0000c000 08:15 402047                     /lib/libnss_files-2.11.1.so
7f2b78830000-7f2b78831000 r--p 0000b000 08:15 402047                     /lib/libnss_files-2.11.1.so
7f2b78831000-7f2b78832000 rw-p 0000c000 08:15 402047                     /lib/libnss_files-2.11.1.so
7f2b78832000-7f2b7883c000 r-xp 00000000 08:15 402031                     /lib/libnss_nis-2.11.1.so
7f2b7883c000-7f2b78a3b000 ---p 0000a000 08:15 402031                     /lib/libnss_nis-2.11.1.so
7f2b78a3b000-7f2b78a3c000 r--p 00009000 08:15 402031                     /lib/libnss_nis-2.11.1.so
7f2b78a3c000-7f2b78a3d000 rw-p 0000a000 08:15 402031                     /lib/libnss_nis-2.11.1.so
7f2b78a3d000-7f2b78a45000 r-xp 00000000 08:15 402030                     /lib/libnss_compat-2.11.1.so
7f2b78a45000-7f2b78c44000 ---p 00008000 08:15 402030                     /lib/libnss_compat-2.11.1.so
7f2b78c44000-7f2b78c45000 r--p 00007000 08:15 402030                     /lib/libnss_compat-2.11.1.so
7f2b78c45000-7f2b78c46000 rw-p 00008000 08:15 402030                     /lib/libnss_compat-2.11.1.so
7f2b78c46000-7f2b78d64000 r--p 00000000 08:15 268908                     /usr/lib/locale/de_CH.utf8/LC_COLLATE
7f2b78d64000-7f2b78d67000 r-xp 00000000 08:15 274929                     /usr/lib/jvm/java-6-openjdk/jre/lib/amd64/libnpt.so
7f2b78d67000-7f2b78f66000 ---p 00003000 08:15 274929                     /usr/lib/jvm/java-6-openjdk/jre/lib/amd64/libnpt.so
7f2b78f66000-7f2b78f67000 r--p 00002000 08:15 274929                     /usr/lib/jvm/java-6-openjdk/jre/lib/amd64/libnpt.so
7f2b78f67000-7f2b78f68000 rw-p 00003000 08:15 274929                     /usr/lib/jvm/java-6-openjdk/jre/lib/amd64/libnpt.so
7f2b78f68000-7f2b78f71000 r-xp 00000000 08:15 274912                     /usr/lib/jvm/java-6-openjdk/jre/lib/amd64/libinstrument.so
7f2b78f71000-7f2b79171000 ---p 00009000 08:15 274912                     /usr/lib/jvm/java-6-openjdk/jre/lib/amd64/libinstrument.so
7f2b79171000-7f2b79172000 r--p 00009000 08:15 274912                     /usr/lib/jvm/java-6-openjdk/jre/lib/amd64/libinstrument.so
7f2b79172000-7f2b79173000 rw-p 0000a000 08:15 274912                     /usr/lib/jvm/java-6-openjdk/jre/lib/amd64/libinstrument.so
7f2b79173000-7f2b791ac000 r-xp 00000000 08:15 274920                     /usr/lib/jvm/java-6-openjdk/jre/lib/amd64/libjdwp.so
7f2b791ac000-7f2b793ab000 ---p 00039000 08:15 274920                     /usr/lib/jvm/java-6-openjdk/jre/lib/amd64/libjdwp.so
7f2b793ab000-7f2b793ac000 r--p 00038000 08:15 274920                     /usr/lib/jvm/java-6-openjdk/jre/lib/amd64/libjdwp.so
7f2b793ac000-7f2b793ad000 rw-p 00039000 08:15 274920                     /usr/lib/jvm/java-6-openjdk/jre/lib/amd64/libjdwp.so
7f2b793ad000-7f2b793b5000 r-xp 00000000 08:15 274936                     /usr/lib/jvm/java-6-openjdk/jre/lib/amd64/native_threads/libhpi.so
7f2b793b5000-7f2b795b4000 ---p 00008000 08:15 274936                     /usr/lib/jvm/java-6-openjdk/jre/lib/amd64/native_threads/libhpi.so
7f2b795b4000-7f2b795b5000 r--p 00007000 08:15 274936                     /usr/lib/jvm/java-6-openjdk/jre/lib/amd64/native_threads/libhpi.so
7f2b795b5000-7f2b795b6000 rw-p 00008000 08:15 274936                     /usr/lib/jvm/java-6-openjdk/jre/lib/amd64/native_threads/libhpi.so
7f2b795b6000-7f2b795cd000 r-xp 00000000 08:15 402010                     /lib/libnsl-2.11.1.so
7f2b795cd000-7f2b797cc000 ---p 00017000 08:15 402010                     /lib/libnsl-2.11.1.so
7f2b797cc000-7f2b797cd000 r--p 00016000 08:15 402010                     /lib/libnsl-2.11.1.so
7f2b797cd000-7f2b797ce000 rw-p 00017000 08:15 402010                     /lib/libnsl-2.11.1.so
7f2b797ce000-7f2b797d0000 rw-p 00000000 00:00 0 
7f2b797d0000-7f2b797fd000 r-xp 00000000 08:15 274917                     /usr/lib/jvm/java-6-openjdk/jre/lib/amd64/libjava.so
7f2b797fd000-7f2b799fc000 ---p 0002d000 08:15 274917                     /usr/lib/jvm/java-6-openjdk/jre/lib/amd64/libjava.so
7f2b799fc000-7f2b799fd000 r--p 0002c000 08:15 274917                     /usr/lib/jvm/java-6-openjdk/jre/lib/amd64/libjava.so
7f2b799fd000-7f2b79a00000 rw-p 0002d000 08:15 274917                     /usr/lib/jvm/java-6-openjdk/jre/lib/amd64/libjava.so
7f2b79a00000-7f2b79a0f000 r-xp 00000000 08:15 274933                     /usr/lib/jvm/java-6-openjdk/jre/lib/amd64/libverify.so
7f2b79a0f000-7f2b79c0e000 ---p 0000f000 08:15 274933                     /usr/lib/jvm/java-6-openjdk/jre/lib/amd64/libverify.so
7f2b79c0e000-7f2b79c10000 r--p 0000e000 08:15 274933                     /usr/lib/jvm/java-6-openjdk/jre/lib/amd64/libverify.so
7f2b79c10000-7f2b79c11000 rw-p 00010000 08:15 274933                     /usr/lib/jvm/java-6-openjdk/jre/lib/amd64/libverify.so
7f2b79c11000-7f2b79c18000 r-xp 00000000 08:15 402024                     /lib/librt-2.11.1.so
7f2b79c18000-7f2b79e17000 ---p 00007000 08:15 402024                     /lib/librt-2.11.1.so
7f2b79e17000-7f2b79e18000 r--p 00006000 08:15 402024                     /lib/librt-2.11.1.so
7f2b79e18000-7f2b79e19000 rw-p 00007000 08:15 402024                     /lib/librt-2.11.1.so
7f2b79e19000-7f2b79e9b000 r-xp 00000000 08:15 400119                     /lib/libm-2.11.1.so
7f2b79e9b000-7f2b7a09a000 ---p 00082000 08:15 400119                     /lib/libm-2.11.1.so
7f2b7a09a000-7f2b7a09b000 r--p 00081000 08:15 400119                     /lib/libm-2.11.1.so
7f2b7a09b000-7f2b7a09c000 rw-p 00082000 08:15 400119                     /lib/libm-2.11.1.so
7f2b7a09c000-7f2b7a8b7000 r-xp 00000000 08:15 274938                     /usr/lib/jvm/java-6-openjdk/jre/lib/amd64/server/libjvm.so
7f2b7a8b7000-7f2b7aab6000 ---p 0081b000 08:15 274938                     /usr/lib/jvm/java-6-openjdk/jre/lib/amd64/server/libjvm.so
7f2b7aab6000-7f2b7ab2a000 r--p 0081a000 08:15 274938                     /usr/lib/jvm/java-6-openjdk/jre/lib/amd64/server/libjvm.so
7f2b7ab2a000-7f2b7ab44000 rw-p 0088e000 08:15 274938                     /usr/lib/jvm/java-6-openjdk/jre/lib/amd64/server/libjvm.so
7f2b7ab44000-7f2b7ab7d000 rw-p 00000000 00:00 0 
7f2b7ab7d000-7f2b7acf7000 r-xp 00000000 08:15 402042                     /lib/libc-2.11.1.so
7f2b7acf7000-7f2b7aef6000 ---p 0017a000 08:15 402042                     /lib/libc-2.11.1.so
7f2b7aef6000-7f2b7aefa000 r--p 00179000 08:15 402042                     /lib/libc-2.11.1.so
7f2b7aefa000-7f2b7aefb000 rw-p 0017d000 08:15 402042                     /lib/libc-2.11.1.so
7f2b7aefb000-7f2b7af00000 rw-p 00000000 00:00 0 
7f2b7af00000-7f2b7af02000 r-xp 00000000 08:15 402049                     /lib/libdl-2.11.1.so
7f2b7af02000-7f2b7b102000 ---p 00002000 08:15 402049                     /lib/libdl-2.11.1.so
7f2b7b102000-7f2b7b103000 r--p 00002000 08:15 402049                     /lib/libdl-2.11.1.so
7f2b7b103000-7f2b7b104000 rw-p 00003000 08:15 402049                     /lib/libdl-2.11.1.so
7f2b7b104000-7f2b7b108000 r-xp 00000000 08:15 274899                     /usr/lib/jvm/java-6-openjdk/jre/lib/amd64/jli/libjli.so
7f2b7b108000-7f2b7b307000 ---p 00004000 08:15 274899                     /usr/lib/jvm/java-6-openjdk/jre/lib/amd64/jli/libjli.so
7f2b7b307000-7f2b7b308000 r--p 00003000 08:15 274899                     /usr/lib/jvm/java-6-openjdk/jre/lib/amd64/jli/libjli.so
7f2b7b308000-7f2b7b309000 rw-p 00004000 08:15 274899                     /usr/lib/jvm/java-6-openjdk/jre/lib/amd64/jli/libjli.so
7f2b7b309000-7f2b7b321000 r-xp 00000000 08:15 402039                     /lib/libpthread-2.11.1.so
7f2b7b321000-7f2b7b520000 ---p 00018000 08:15 402039                     /lib/libpthread-2.11.1.so
7f2b7b520000-7f2b7b521000 r--p 00017000 08:15 402039                     /lib/libpthread-2.11.1.so
7f2b7b521000-7f2b7b522000 rw-p 00018000 08:15 402039                     /lib/libpthread-2.11.1.so
7f2b7b522000-7f2b7b526000 rw-p 00000000 00:00 0 
7f2b7b526000-7f2b7b53c000 r-xp 00000000 08:15 391874                     /lib/libz.so.1.2.3.3
7f2b7b53c000-7f2b7b73b000 ---p 00016000 08:15 391874                     /lib/libz.so.1.2.3.3
7f2b7b73b000-7f2b7b73c000 r--p 00015000 08:15 391874                     /lib/libz.so.1.2.3.3
7f2b7b73c000-7f2b7b73d000 rw-p 00016000 08:15 391874                     /lib/libz.so.1.2.3.3
7f2b7b73d000-7f2b7b75d000 r-xp 00000000 08:15 402018                     /lib/ld-2.11.1.so
7f2b7b75d000-7f2b7b75f000 r--s 00009000 08:15 798152                     /home/alexander/frameworks/play-1.0.3.2/modules/cobertura-2.0/lib/asm-3.0.jar
7f2b7b75f000-7f2b7b762000 r--s 00030000 08:15 798149                     /home/alexander/frameworks/play-1.0.3.2/modules/cobertura-2.0/lib/cobertura-main.jar
7f2b7b762000-7f2b7b764000 r--s 00004000 08:15 798150                     /home/alexander/frameworks/play-1.0.3.2/modules/cobertura-2.0/lib/asm-tree-3.0.jar
7f2b7b764000-7f2b7b766000 r--s 00009000 08:15 535753                     /home/alexander/ESE/ese2010-team2/qa/lib/markdownj-1.0.2b4-0.3.0.jar
7f2b7b766000-7f2b7b769000 r--s 0007a000 08:15 273837                     /usr/lib/jvm/java-6-openjdk/jre/lib/jsse.jar
7f2b7b769000-7f2b7b770000 r--s 00079000 08:15 142501                     /home/alexander/frameworks/play-1.0.3.2/framework/play.jar
7f2b7b770000-7f2b7b779000 r--s 00065000 08:15 672110                     /usr/share/java/gnome-java-bridge.jar
7f2b7b779000-7f2b7b77c000 r--s 0000f000 08:15 273820                     /usr/lib/jvm/java-6-openjdk/jre/lib/ext/pulse-java.jar
7f2b7b77c000-7f2b7b7b3000 rw-p 00000000 00:00 0 
7f2b7b7b3000-7f2b7b7f8000 rw-p 00000000 00:00 0 
7f2b7b7f8000-7f2b7b837000 r--p 00000000 08:15 279196                     /usr/lib/locale/de_CH.utf8/LC_CTYPE
7f2b7b837000-7f2b7b83a000 ---p 00000000 00:00 0 
7f2b7b83a000-7f2b7b93d000 rw-p 00000000 00:00 0 
7f2b7b93d000-7f2b7b93e000 r--s 00001000 08:15 798153                     /home/alexander/frameworks/play-1.0.3.2/modules/cobertura-2.0/lib/play-cobertura.jar
7f2b7b93e000-7f2b7b93f000 rw-p 00000000 00:00 0 
7f2b7b93f000-7f2b7b947000 rw-s 00000000 08:15 145912                     /tmp/hsperfdata_alexander/2836
7f2b7b947000-7f2b7b948000 r--p 00000000 08:15 269039                     /usr/lib/locale/de_CH.utf8/LC_NUMERIC
7f2b7b948000-7f2b7b949000 r--p 00000000 08:15 269040                     /usr/lib/locale/de_CH.utf8/LC_TIME
7f2b7b949000-7f2b7b94a000 r--p 00000000 08:15 269041                     /usr/lib/locale/de_CH.utf8/LC_MONETARY
7f2b7b94a000-7f2b7b94b000 r--p 00000000 08:15 279201                     /usr/lib/locale/de_CH.utf8/LC_MESSAGES/SYS_LC_MESSAGES
7f2b7b94b000-7f2b7b94c000 r--p 00000000 08:15 269058                     /usr/lib/locale/de_CH.utf8/LC_PAPER
7f2b7b94c000-7f2b7b94d000 r--p 00000000 08:15 268848                     /usr/lib/locale/de_CH.utf8/LC_NAME
7f2b7b94d000-7f2b7b94e000 r--p 00000000 08:15 269042                     /usr/lib/locale/de_CH.utf8/LC_ADDRESS
7f2b7b94e000-7f2b7b94f000 r--p 00000000 08:15 269043                     /usr/lib/locale/de_CH.utf8/LC_TELEPHONE
7f2b7b94f000-7f2b7b950000 r--p 00000000 08:15 269067                     /usr/lib/locale/de_CH.utf8/LC_MEASUREMENT
7f2b7b950000-7f2b7b957000 r--s 00000000 08:15 276772                     /usr/lib/gconv/gconv-modules.cache
7f2b7b957000-7f2b7b958000 r--p 00000000 08:15 269045                     /usr/lib/locale/de_CH.utf8/LC_IDENTIFICATION
7f2b7b958000-7f2b7b959000 rw-p 00000000 00:00 0 
7f2b7b959000-7f2b7b95a000 ---p 00000000 00:00 0 
7f2b7b95a000-7f2b7b95c000 rw-p 00000000 00:00 0 
7f2b7b95c000-7f2b7b95d000 r--p 0001f000 08:15 402018                     /lib/ld-2.11.1.so
7f2b7b95d000-7f2b7b95e000 rw-p 00020000 08:15 402018                     /lib/ld-2.11.1.so
7f2b7b95e000-7f2b7b95f000 rw-p 00000000 00:00 0 
7fff57d77000-7fff57d8d000 rw-p 00000000 00:00 0                          [stack]
7fff57dff000-7fff57e00000 r-xp 00000000 00:00 0                          [vdso]
ffffffffff600000-ffffffffff601000 r-xp 00000000 00:00 0                  [vsyscall]

VM Arguments:
jvm_args: -javaagent:/home/alexander/frameworks/play-1.0.3.2/framework/play.jar -Dplay.debug=yes -Xrunjdwp:transport=dt_socket,address=8000,server=y,suspend=n -Xdebug -Dapplication.path=/home/alexander/ESE/ese2010-team2/qa -Dplay.id= 
java_command: play.server.Server
Launcher Type: SUN_STANDARD

Environment Variables:
PATH=/usr/local/sbin:/usr/local/bin:/usr/sbin:/usr/bin:/sbin:/bin:/usr/games:/home/alexander/frameworks/play-1.0.3.2/
USERNAME=alexander
LD_LIBRARY_PATH=/usr/lib/jvm/java-6-openjdk/jre/lib/amd64/server:/usr/lib/jvm/java-6-openjdk/jre/lib/amd64:/usr/lib/jvm/java-6-openjdk/jre/../lib/amd64
SHELL=/bin/bash
DISPLAY=:0.0

Signal Handlers:
SIGSEGV: [libjvm.so+0x6c1f70], sa_mask[0]=0x7ffbfeff, sa_flags=0x10000004
SIGBUS: [libjvm.so+0x6c1f70], sa_mask[0]=0x7ffbfeff, sa_flags=0x10000004
SIGFPE: [libjvm.so+0x58ca00], sa_mask[0]=0x7ffbfeff, sa_flags=0x10000004
SIGPIPE: [libjvm.so+0x58ca00], sa_mask[0]=0x7ffbfeff, sa_flags=0x10000004
SIGXFSZ: [libjvm.so+0x58ca00], sa_mask[0]=0x7ffbfeff, sa_flags=0x10000004
SIGILL: [libjvm.so+0x58ca00], sa_mask[0]=0x7ffbfeff, sa_flags=0x10000004
SIGUSR1: SIG_DFL, sa_mask[0]=0x00000000, sa_flags=0x00000000
SIGUSR2: [libjvm.so+0x58c150], sa_mask[0]=0x00000000, sa_flags=0x10000004
SIGHUP: [libjvm.so+0x58e840], sa_mask[0]=0x7ffbfeff, sa_flags=0x10000004
SIGINT: [libjvm.so+0x58e840], sa_mask[0]=0x7ffbfeff, sa_flags=0x10000004
SIGTERM: [libjvm.so+0x58e840], sa_mask[0]=0x7ffbfeff, sa_flags=0x10000004
SIGQUIT: [libjvm.so+0x58e840], sa_mask[0]=0x7ffbfeff, sa_flags=0x10000004


---------------  S Y S T E M  ---------------

OS:Ubuntu 10.04 (lucid)
uname:Linux 2.6.32-24-generic #43-Ubuntu SMP Thu Sep 16 14:58:24 UTC 2010 x86_64
libc:glibc 2.11.1 NPTL 2.11.1 
rlimit: STACK 8192k, CORE 0k, NPROC infinity, NOFILE 1024, AS infinity
load average:0.62 0.69 0.64

CPU:total 8 (8 cores per cpu, 2 threads per core) family 6 model 30 stepping 5, cmov, cx8, fxsr, mmx, sse, sse2, sse3, ssse3, sse4.1, sse4.2, popcnt, ht

Memory: 4k page, physical 4051124k(1886228k free), swap 1055736k(1055736k free)

vm_info: OpenJDK 64-Bit Server VM (16.0-b13) for linux-amd64 JRE (1.6.0_18-b18), built on Jul 26 2010 23:34:55 by "buildd" with gcc 4.4.3

time: Tue Oct 26 20:47:49 2010
elapsed time: 544 seconds

