#
# A fatal error has been detected by the Java Runtime Environment:
#
#  SIGSEGV (0xb) at pc=0x00007f0920fe1c40, pid=4028, tid=139675852470032
#
# JRE version: 6.0_18-b18
# Java VM: OpenJDK 64-Bit Server VM (16.0-b13 mixed mode linux-amd64 )
# Derivative: IcedTea6 1.8.1
# Distribution: Ubuntu 10.04 LTS, package 6b18-1.8.1-0ubuntu1
# Problematic frame:
# V  [libjvm.so+0x50bc40]
#
# If you would like to submit a bug report, please include
# instructions how to reproduce the bug and visit:
#   https://bugs.launchpad.net/ubuntu/+source/openjdk-6/
#

---------------  T H R E A D  ---------------

Current thread (0x0000000000cf3000):  JavaThread "CompilerThread0" daemon [_thread_in_native, id=4044, stack(0x00007f08d181f000,0x00007f08d1920000)]

siginfo:si_signo=SIGSEGV: si_errno=0, si_code=1 (SEGV_MAPERR), si_addr=0x0000000000000008

Registers:
RAX=0x0000000000000000, RBX=0x00007f08d191ca80, RCX=0x00007f08ccbf35b0, RDX=0x0000000000002000
RSP=0x00007f08d191b290, RBP=0x00007f08d191b2d0, RSI=0x00007f08cdc08400, RDI=0x0000000000000000
R8 =0x00007f08cdbecf20, R9 =0x00007f08c4673390, R10=0x0000000000000000, R11=0x00007f092163ce53
R12=0x00007f08cd019178, R13=0x0000000000dabfc8, R14=0x00007f08d191caa0, R15=0x00007f08c4675f48
RIP=0x00007f0920fe1c40, EFL=0x0000000000010206, CSGSFS=0x0000000000000033, ERR=0x0000000000000004
  TRAPNO=0x000000000000000e

Top of Stack: (sp=0x00007f08d191b290)
0x00007f08d191b290:   00007f08d191b5b0 000000000000138a
0x00007f08d191b2a0:   00007f08d191b2d0 00007f08d191b570
0x00007f08d191b2b0:   00007f08d191ca80 00007f08cd019178
0x00007f08d191b2c0:   0000000000000002 00007f08c4122a88
0x00007f08d191b2d0:   00007f08d191b340 00007f0920fe21a7
0x00007f08d191b2e0:   0000000000000020 00007f0800000001
0x00007f08d191b2f0:   00007f08d191d410 0000000000000000
0x00007f08d191b300:   00007f08d191b550 00007f08d191b5b0
0x00007f08d191b310:   0000000000001687 00007f08d191ca80
0x00007f08d191b320:   00007f08d191c070 00007f08d191b5b0
0x00007f08d191b330:   00007f08d191b550 0000000000000000
0x00007f08d191b340:   00007f08d191b610 00007f0920fe56f0
0x00007f08d191b350:   00007f0921584888 00007f092159fad8
0x00007f08d191b360:   00007f08d191b390 00007f0900001675
0x00007f08d191b370:   000000000000b4a0 00007f0921566d7c
0x00007f08d191b380:   01007f08d191e1c0 00007f08d191b570
0x00007f08d191b390:   00007f08d191b3b0 00007f0921167ef6
0x00007f08d191b3a0:   0000000000c6f240 00007f08c47a4a80
0x00007f08d191b3b0:   00007f08d191b3d0 00007f0921167ef6
0x00007f08d191b3c0:   0000000000c6f240 00007f08c47a4a80
0x00007f08d191b3d0:   00007f08c4659240 00007f08c47a4a80
0x00007f08d191b3e0:   00007f08d191b3f0 00007f092116718d
0x00007f08d191b3f0:   00007f08d191b450 00007f0920e033de
0x00007f08d191b400:   0000000000000000 89915e4500614358
0x00007f08d191b410:   0000000000000000 000000002116b758
0x00007f08d191b420:   00007f0888ca6bff 00007f08c4614358
0x00007f08d191b430:   00007f08d191b490 00007f0920e89f61
0x00007f08d191b440:   00007f08d191b460 00007f08cc194ec0
0x00007f08d191b450:   00007f08ccaa6bc8 0000000000f2fda8
0x00007f08d191b460:   00007f08d191b480 00007f08ccaa6c78
0x00007f08d191b470:   00007f08d191c070 00007f08d191c070
0x00007f08d191b480:   0000000000f30300 00007f08ccaa6c78 

Instructions: (pc=0x00007f0920fe1c40)
0x00007f0920fe1c30:   89 f6 48 c1 e6 03 48 03 b3 d0 09 00 00 48 8b 06
0x00007f0920fe1c40:   48 8b 50 08 48 83 3a 00 75 27 8b 4b 28 0f 1f 00 

Stack: [0x00007f08d181f000,0x00007f08d1920000],  sp=0x00007f08d191b290,  free space=3f00000000000000030k
Native frames: (J=compiled Java code, j=interpreted, Vv=VM code, C=native code)
V  [libjvm.so+0x50bc40]
V  [libjvm.so+0x50c1a7]
V  [libjvm.so+0x50f6f0]
V  [libjvm.so+0x2b7a6b]
V  [libjvm.so+0x2b85ba]
V  [libjvm.so+0x246f7c]
V  [libjvm.so+0x2bd49a]
V  [libjvm.so+0x2bdabf]
V  [libjvm.so+0x687c4b]
V  [libjvm.so+0x58ff62]


Current CompileTask:
C2:747      jregex.Pretokenizer.next()V (1064 bytes)


---------------  P R O C E S S  ---------------

Java Threads: ( => current thread )
  0x0000000000dcc000 JavaThread "pool-3-thread-1" [_thread_blocked, id=4052, stack(0x00007f08d0b7f000,0x00007f08d0c80000)]
  0x00007f08cc3b7000 JavaThread "NioProcessor-1" [_thread_in_native, id=4051, stack(0x00007f08d0c80000,0x00007f08d0d81000)]
  0x00007f08cc222800 JavaThread "DestroyJavaVM" [_thread_blocked, id=4029, stack(0x00007f0922271000,0x00007f0922372000)]
  0x00007f08cc2f6000 JavaThread "NioSocketAcceptor-1" [_thread_in_native, id=4049, stack(0x00007f08d0d81000,0x00007f08d0e82000)]
  0x00007f08cc215000 JavaThread "NioSocketAcceptor-1-idleStatusChecker" [_thread_blocked, id=4048, stack(0x00007f08d0e82000,0x00007f08d0f83000)]
  0x00007f08cc003000 JavaThread "Low Memory Detector" daemon [_thread_blocked, id=4046, stack(0x00007f08d161d000,0x00007f08d171e000)]
  0x0000000000cf6000 JavaThread "CompilerThread1" daemon [_thread_in_native, id=4045, stack(0x00007f08d171e000,0x00007f08d181f000)]
=>0x0000000000cf3000 JavaThread "CompilerThread0" daemon [_thread_in_native, id=4044, stack(0x00007f08d181f000,0x00007f08d1920000)]
  0x0000000000cdd800 JavaThread "JDWP Event Helper Thread" daemon [_thread_blocked, id=4043, stack(0x00007f08d1920000,0x00007f08d1a21000)]
  0x0000000000cda000 JavaThread "JDWP Transport Listener: dt_socket" daemon [_thread_in_native, id=4042, stack(0x00007f08d1a21000,0x00007f08d1b22000)]
  0x0000000000ca6000 JavaThread "Signal Dispatcher" daemon [_thread_blocked, id=4041, stack(0x00007f08d1d27000,0x00007f08d1e28000)]
  0x0000000000c88000 JavaThread "Finalizer" daemon [_thread_blocked, id=4040, stack(0x00007f08d1e28000,0x00007f08d1f29000)]
  0x0000000000c80800 JavaThread "Reference Handler" daemon [_thread_blocked, id=4039, stack(0x00007f08d1f29000,0x00007f08d202a000)]

Other Threads:
  0x0000000000c7c000 VMThread [stack: 0x00007f08d202a000,0x00007f08d212b000] [id=4038]
  0x00007f08cc027800 WatcherThread [stack: 0x00007f08d151c000,0x00007f08d161d000] [id=4047]

VM state:at safepoint (normal execution)

VM Mutex/Monitor currently owned by a thread:  ([mutex/lock_event])
[0x0000000000c09630] Safepoint_lock - owner thread: 0x0000000000c7c000
[0x0000000000c096b0] Threads_lock - owner thread: 0x0000000000c7c000

Heap
 PSYoungGen      total 16448K, used 6626K [0x00007f0907390000, 0x00007f0908870000, 0x00007f091bd90000)
  eden space 15232K, 35% used [0x00007f0907390000,0x00007f09078dc350,0x00007f0908270000)
  from space 1216K, 98% used [0x00007f09082d0000,0x00007f09083fc7a8,0x00007f0908400000)
  to   space 3072K, 0% used [0x00007f0908570000,0x00007f0908570000,0x00007f0908870000)
 PSOldGen        total 42240K, used 16992K [0x00007f08ddf90000, 0x00007f08e08d0000, 0x00007f0907390000)
  object space 42240K, 40% used [0x00007f08ddf90000,0x00007f08df0280d0,0x00007f08e08d0000)
 PSPermGen       total 28544K, used 28414K [0x00007f08d3790000, 0x00007f08d5370000, 0x00007f08ddf90000)
  object space 28544K, 99% used [0x00007f08d3790000,0x00007f08d534f878,0x00007f08d5370000)

Dynamic libraries:
00400000-00409000 r-xp 00000000 08:15 274966                             /usr/lib/jvm/java-6-openjdk/jre/bin/java
00608000-00609000 r--p 00008000 08:15 274966                             /usr/lib/jvm/java-6-openjdk/jre/bin/java
00609000-0060a000 rw-p 00009000 08:15 274966                             /usr/lib/jvm/java-6-openjdk/jre/bin/java
00bf9000-0282c000 rw-p 00000000 00:00 0                                  [heap]
7f08c4000000-7f08c5ef6000 rw-p 00000000 00:00 0 
7f08c5ef6000-7f08c8000000 ---p 00000000 00:00 0 
7f08cc000000-7f08ce49d000 rw-p 00000000 00:00 0 
7f08ce49d000-7f08d0000000 ---p 00000000 00:00 0 
7f08d0b7c000-7f08d0b7f000 r--s 00031000 08:15 273818                     /usr/lib/jvm/java-6-openjdk/jre/lib/ext/sunjce_provider.jar
7f08d0b7f000-7f08d0b82000 ---p 00000000 00:00 0 
7f08d0b82000-7f08d0c80000 rw-p 00000000 00:00 0 
7f08d0c80000-7f08d0c83000 ---p 00000000 00:00 0 
7f08d0c83000-7f08d0d81000 rw-p 00000000 00:00 0 
7f08d0d81000-7f08d0d84000 ---p 00000000 00:00 0 
7f08d0d84000-7f08d0e82000 rw-p 00000000 00:00 0 
7f08d0e82000-7f08d0e85000 ---p 00000000 00:00 0 
7f08d0e85000-7f08d0f83000 rw-p 00000000 00:00 0 
7f08d0f83000-7f08d0f8b000 r-xp 00000000 08:15 274928                     /usr/lib/jvm/java-6-openjdk/jre/lib/amd64/libnio.so
7f08d0f8b000-7f08d118a000 ---p 00008000 08:15 274928                     /usr/lib/jvm/java-6-openjdk/jre/lib/amd64/libnio.so
7f08d118a000-7f08d118b000 r--p 00007000 08:15 274928                     /usr/lib/jvm/java-6-openjdk/jre/lib/amd64/libnio.so
7f08d118b000-7f08d118c000 rw-p 00008000 08:15 274928                     /usr/lib/jvm/java-6-openjdk/jre/lib/amd64/libnio.so
7f08d118c000-7f08d11a1000 r-xp 00000000 08:15 274927                     /usr/lib/jvm/java-6-openjdk/jre/lib/amd64/libnet.so
7f08d11a1000-7f08d13a0000 ---p 00015000 08:15 274927                     /usr/lib/jvm/java-6-openjdk/jre/lib/amd64/libnet.so
7f08d13a0000-7f08d13a1000 r--p 00014000 08:15 274927                     /usr/lib/jvm/java-6-openjdk/jre/lib/amd64/libnet.so
7f08d13a1000-7f08d13a2000 rw-p 00015000 08:15 274927                     /usr/lib/jvm/java-6-openjdk/jre/lib/amd64/libnet.so
7f08d13a2000-7f08d13b1000 r--s 00074000 08:15 142482                     /home/alexander/frameworks/play-1.0.3.2/framework/lib/joda-time-1.6.jar
7f08d13b1000-7f08d13b8000 r--s 00038000 08:15 142500                     /home/alexander/frameworks/play-1.0.3.2/framework/lib/wikitext.core_1.1.1.jar
7f08d13b8000-7f08d13dc000 r--s 00473000 08:15 142477                     /home/alexander/frameworks/play-1.0.3.2/framework/lib/hibernate3.jar
7f08d13dc000-7f08d13e1000 r--s 00040000 08:15 142472                     /home/alexander/frameworks/play-1.0.3.2/framework/lib/hibernate-annotations.jar
7f08d13e1000-7f08d13e6000 r--s 00037000 08:15 142491                     /home/alexander/frameworks/play-1.0.3.2/framework/lib/memcached-2.4.2.jar
7f08d13e6000-7f08d13eb000 r--s 0002a000 08:15 142457                     /home/alexander/frameworks/play-1.0.3.2/framework/lib/commons-beanutils.jar
7f08d13eb000-7f08d13f0000 r--s 00048000 08:15 142466                     /home/alexander/frameworks/play-1.0.3.2/framework/lib/dom4j-1.6.1.jar
7f08d13f0000-7f08d13f6000 r--s 00024000 08:15 142453                     /home/alexander/frameworks/play-1.0.3.2/framework/lib/asyncweb-common-0.9.0-SNAPSHOT.jar
7f08d13f6000-7f08d13fd000 r--s 000aa000 08:15 142493                     /home/alexander/frameworks/play-1.0.3.2/framework/lib/mysql-connector-java-5.1.8-bin.jar
7f08d13fd000-7f08d1402000 r--s 00023000 08:15 142486                     /home/alexander/frameworks/play-1.0.3.2/framework/lib/junit-4.4.jar
7f08d1402000-7f08d1407000 r--s 00040000 08:15 142461                     /home/alexander/frameworks/play-1.0.3.2/framework/lib/commons-httpclient.jar
7f08d1407000-7f08d140f000 r--s 000a3000 08:15 142478                     /home/alexander/frameworks/play-1.0.3.2/framework/lib/hsqldb.jar
7f08d140f000-7f08d1411000 r--s 0000a000 08:15 142458                     /home/alexander/frameworks/play-1.0.3.2/framework/lib/commons-codec.jar
7f08d1411000-7f08d1414000 r--s 00011000 08:15 142469                     /home/alexander/frameworks/play-1.0.3.2/framework/lib/ezmorph-1.0.3.jar
7f08d1414000-7f08d141a000 r--s 00032000 08:15 142481                     /home/alexander/frameworks/play-1.0.3.2/framework/lib/jaxen-1.1.jar
7f08d141a000-7f08d141c000 r--s 00001000 08:15 142499                     /home/alexander/frameworks/play-1.0.3.2/framework/lib/slf4j-log4j12-1.5.0.jar
7f08d141c000-7f08d1424000 r--s 0008a000 08:15 142480                     /home/alexander/frameworks/play-1.0.3.2/framework/lib/javassist.jar
7f08d1424000-7f08d1426000 r--s 00017000 08:15 142449                     /home/alexander/frameworks/play-1.0.3.2/framework/lib/WikiText.jar
7f08d1427000-7f08d1429000 r--s 00013000 08:15 273836                     /usr/lib/jvm/java-6-openjdk/jre/lib/jce.jar
7f08d1429000-7f08d142c000 r--s 0001b000 08:15 142474                     /home/alexander/frameworks/play-1.0.3.2/framework/lib/hibernate-entitymanager.jar
7f08d142c000-7f08d1433000 r--s 00059000 08:15 142487                     /home/alexander/frameworks/play-1.0.3.2/framework/lib/log4j-1.2.15.jar
7f08d1433000-7f08d1438000 r--s 0003c000 08:15 142467                     /home/alexander/frameworks/play-1.0.3.2/framework/lib/ehcache-1.5.0.jar
7f08d1438000-7f08d143a000 r--s 0000c000 08:15 142451                     /home/alexander/frameworks/play-1.0.3.2/framework/lib/activation.jar
7f08d143a000-7f08d1440000 r--s 00067000 08:15 142452                     /home/alexander/frameworks/play-1.0.3.2/framework/lib/antlr-2.7.6.jar
7f08d1440000-7f08d1442000 r--s 00001000 08:15 142485                     /home/alexander/frameworks/play-1.0.3.2/framework/lib/jta.jar
7f08d1442000-7f08d144b000 r--s 00048000 08:15 142454                     /home/alexander/frameworks/play-1.0.3.2/framework/lib/backport-util-concurrent-3.0.jar
7f08d144b000-7f08d144d000 r--s 00001000 08:15 142484                     /home/alexander/frameworks/play-1.0.3.2/framework/lib/jsr107cache-1.0.jar
7f08d144d000-7f08d1450000 r--s 0000a000 08:15 142468                     /home/alexander/frameworks/play-1.0.3.2/framework/lib/ejb3-persistence.jar
7f08d1450000-7f08d1452000 r--s 00003000 08:15 142498                     /home/alexander/frameworks/play-1.0.3.2/framework/lib/slf4j-api-1.5.0.jar
7f08d1452000-7f08d1458000 r--s 00041000 08:15 142494                     /home/alexander/frameworks/play-1.0.3.2/framework/lib/oval-1.31.jar
7f08d1458000-7f08d1463000 r--s 0008a000 08:15 142455                     /home/alexander/frameworks/play-1.0.3.2/framework/lib/c3p0-0.9.1.jar
7f08d1463000-7f08d1465000 r--s 0000b000 08:15 142460                     /home/alexander/frameworks/play-1.0.3.2/framework/lib/commons-fileupload-1.2.jar
7f08d1465000-7f08d1469000 r--s 0002f000 08:15 142463                     /home/alexander/frameworks/play-1.0.3.2/framework/lib/commons-lang.jar
7f08d1469000-7f08d14b8000 r--s 004b1000 08:15 142470                     /home/alexander/frameworks/play-1.0.3.2/framework/lib/groovy-all-1.7.1.jar
7f08d14b8000-7f08d14bc000 r--s 00023000 08:15 142471                     /home/alexander/frameworks/play-1.0.3.2/framework/lib/gson-1.3.jar
7f08d14bc000-7f08d14c2000 r--s 00055000 08:15 142490                     /home/alexander/frameworks/play-1.0.3.2/framework/lib/mail.jar
7f08d14c2000-7f08d14c5000 r--s 0000f000 08:15 142497                     /home/alexander/frameworks/play-1.0.3.2/framework/lib/provided-geronimo-servlet_2.5_spec-1.2.jar
7f08d14c5000-7f08d14d1000 r--s 0014c000 08:15 142465                     /home/alexander/frameworks/play-1.0.3.2/framework/lib/compiler-jdt.jar
7f08d14d1000-7f08d14d4000 r--s 00018000 08:15 142462                     /home/alexander/frameworks/play-1.0.3.2/framework/lib/commons-io.jar
7f08d14d4000-7f08d14e1000 r--s 0007c000 08:15 142459                     /home/alexander/frameworks/play-1.0.3.2/framework/lib/commons-collections-3.1.jar
7f08d14e1000-7f08d14e7000 r--s 00049000 08:15 142456                     /home/alexander/frameworks/play-1.0.3.2/framework/lib/cglib-nodep-2.2.jar
7f08d14e7000-7f08d14e9000 r--s 00015000 08:15 142483                     /home/alexander/frameworks/play-1.0.3.2/framework/lib/jregex1.2_01.jar
7f08d14e9000-7f08d14eb000 r--s 0000d000 08:15 142464                     /home/alexander/frameworks/play-1.0.3.2/framework/lib/commons-logging-1.1.1.jar
7f08d14eb000-7f08d14ee000 r--s 0000d000 08:15 142475                     /home/alexander/frameworks/play-1.0.3.2/framework/lib/hibernate-validator.jar
7f08d14ee000-7f08d14f0000 r--s 00012000 08:15 142488                     /home/alexander/frameworks/play-1.0.3.2/framework/lib/lucene-analyzers-2.3.1.jar
7f08d14f0000-7f08d14f2000 r--s 00011000 08:15 142450                     /home/alexander/frameworks/play-1.0.3.2/framework/lib/ZDB.jar
7f08d14f2000-7f08d14f8000 r--s 0002c000 08:15 142448                     /home/alexander/frameworks/play-1.0.3.2/framework/lib/SnakeYAML-1.2.jar
7f08d14f8000-7f08d1503000 r--s 00071000 08:15 142492                     /home/alexander/frameworks/play-1.0.3.2/framework/lib/mina-core-2.0.0-M2-SNAPSHOT.jar
7f08d1503000-7f08d1506000 r--s 00022000 08:15 142479                     /home/alexander/frameworks/play-1.0.3.2/framework/lib/jamon-2.7.jar
7f08d1506000-7f08d150c000 r--s 00056000 08:15 142476                     /home/alexander/frameworks/play-1.0.3.2/framework/lib/hibernate3-ast.jar
7f08d150c000-7f08d1510000 r--s 00020000 08:15 142496                     /home/alexander/frameworks/play-1.0.3.2/framework/lib/play-imaging.jar
7f08d1510000-7f08d151c000 r--s 00097000 08:15 142489                     /home/alexander/frameworks/play-1.0.3.2/framework/lib/lucene-core-2.3.1.jar
7f08d151c000-7f08d151d000 ---p 00000000 00:00 0 
7f08d151d000-7f08d161d000 rw-p 00000000 00:00 0 
7f08d161d000-7f08d1620000 ---p 00000000 00:00 0 
7f08d1620000-7f08d171e000 rw-p 00000000 00:00 0 
7f08d171e000-7f08d1721000 ---p 00000000 00:00 0 
7f08d1721000-7f08d181f000 rw-p 00000000 00:00 0 
7f08d181f000-7f08d1822000 ---p 00000000 00:00 0 
7f08d1822000-7f08d1920000 rw-p 00000000 00:00 0 
7f08d1920000-7f08d1923000 ---p 00000000 00:00 0 
7f08d1923000-7f08d1a21000 rw-p 00000000 00:00 0 
7f08d1a21000-7f08d1a24000 ---p 00000000 00:00 0 
7f08d1a24000-7f08d1b22000 rw-p 00000000 00:00 0 
7f08d1b22000-7f08d1b26000 r-xp 00000000 08:15 274909                     /usr/lib/jvm/java-6-openjdk/jre/lib/amd64/libdt_socket.so
7f08d1b26000-7f08d1d25000 ---p 00004000 08:15 274909                     /usr/lib/jvm/java-6-openjdk/jre/lib/amd64/libdt_socket.so
7f08d1d25000-7f08d1d26000 r--p 00003000 08:15 274909                     /usr/lib/jvm/java-6-openjdk/jre/lib/amd64/libdt_socket.so
7f08d1d26000-7f08d1d27000 rw-p 00004000 08:15 274909                     /usr/lib/jvm/java-6-openjdk/jre/lib/amd64/libdt_socket.so
7f08d1d27000-7f08d1d2a000 ---p 00000000 00:00 0 
7f08d1d2a000-7f08d1e28000 rw-p 00000000 00:00 0 
7f08d1e28000-7f08d1e2b000 ---p 00000000 00:00 0 
7f08d1e2b000-7f08d1f29000 rw-p 00000000 00:00 0 
7f08d1f29000-7f08d1f2c000 ---p 00000000 00:00 0 
7f08d1f2c000-7f08d202a000 rw-p 00000000 00:00 0 
7f08d202a000-7f08d202b000 ---p 00000000 00:00 0 
7f08d202b000-7f08d2a67000 rw-p 00000000 00:00 0 
7f08d2a67000-7f08d2bfa000 r--s 03918000 08:15 274886                     /usr/lib/jvm/java-6-openjdk/jre/lib/rt.jar
7f08d2bfa000-7f08d2bfb000 ---p 00000000 00:00 0 
7f08d2bfb000-7f08d2cfb000 rw-p 00000000 00:00 0 
7f08d2cfb000-7f08d2cfc000 ---p 00000000 00:00 0 
7f08d2cfc000-7f08d2dfc000 rw-p 00000000 00:00 0 
7f08d2dfc000-7f08d2dfd000 ---p 00000000 00:00 0 
7f08d2dfd000-7f08d2efd000 rw-p 00000000 00:00 0 
7f08d2efd000-7f08d2efe000 ---p 00000000 00:00 0 
7f08d2efe000-7f08d2ffe000 rw-p 00000000 00:00 0 
7f08d2ffe000-7f08d2fff000 ---p 00000000 00:00 0 
7f08d2fff000-7f08d30ff000 rw-p 00000000 00:00 0 
7f08d30ff000-7f08d3100000 ---p 00000000 00:00 0 
7f08d3100000-7f08d3200000 rw-p 00000000 00:00 0 
7f08d3200000-7f08d3201000 ---p 00000000 00:00 0 
7f08d3201000-7f08d3301000 rw-p 00000000 00:00 0 
7f08d3301000-7f08d3302000 ---p 00000000 00:00 0 
7f08d3302000-7f08d3417000 rw-p 00000000 00:00 0 
7f08d3417000-7f08d354c000 rw-p 00000000 00:00 0 
7f08d354c000-7f08d355a000 rw-p 00000000 00:00 0 
7f08d355a000-7f08d35a0000 rw-p 00000000 00:00 0 
7f08d35a0000-7f08d35b5000 rw-p 00000000 00:00 0 
7f08d35b5000-7f08d36ea000 rw-p 00000000 00:00 0 
7f08d36ea000-7f08d36f5000 rw-p 00000000 00:00 0 
7f08d36f5000-7f08d36fe000 ---p 00000000 00:00 0 
7f08d36fe000-7f08d378f000 rw-p 00000000 00:00 0 
7f08d378f000-7f08d5370000 rw-p 00000000 00:00 0 
7f08d5370000-7f08ddf90000 rw-p 00000000 00:00 0 
7f08ddf90000-7f08e08d0000 rw-p 00000000 00:00 0 
7f08e08d0000-7f0907390000 rw-p 00000000 00:00 0 
7f0907390000-7f0908870000 rw-p 00000000 00:00 0 
7f0908870000-7f0909ab0000 ---p 00000000 00:00 0 
7f0909ab0000-7f091bd90000 rw-p 00000000 00:00 0 
7f091bd91000-7f091bd92000 r--s 00015000 08:15 142495                     /home/alexander/frameworks/play-1.0.3.2/framework/lib/play-SimpleCaptcha.jar
7f091bd92000-7f091bd95000 r--s 0000e000 08:15 142473                     /home/alexander/frameworks/play-1.0.3.2/framework/lib/hibernate-commons-annotations.jar
7f091bd95000-7f091bd97000 r--s 0000e000 08:15 798151                     /home/alexander/frameworks/play-1.0.3.2/modules/cobertura-2.0/lib/jakarta-oro-2.0.8.jar
7f091bd97000-7f091bda8000 rw-p 00000000 00:00 0 
7f091bda8000-7f091be57000 rw-p 00000000 00:00 0 
7f091be57000-7f091c277000 rwxp 00000000 00:00 0 
7f091c277000-7f091ee57000 rw-p 00000000 00:00 0 
7f091ee57000-7f091ee5e000 r-xp 00000000 08:15 274934                     /usr/lib/jvm/java-6-openjdk/jre/lib/amd64/libzip.so
7f091ee5e000-7f091f05d000 ---p 00007000 08:15 274934                     /usr/lib/jvm/java-6-openjdk/jre/lib/amd64/libzip.so
7f091f05d000-7f091f05e000 r--p 00006000 08:15 274934                     /usr/lib/jvm/java-6-openjdk/jre/lib/amd64/libzip.so
7f091f05e000-7f091f05f000 rw-p 00007000 08:15 274934                     /usr/lib/jvm/java-6-openjdk/jre/lib/amd64/libzip.so
7f091f05f000-7f091f06b000 r-xp 00000000 08:15 402047                     /lib/libnss_files-2.11.1.so
7f091f06b000-7f091f26a000 ---p 0000c000 08:15 402047                     /lib/libnss_files-2.11.1.so
7f091f26a000-7f091f26b000 r--p 0000b000 08:15 402047                     /lib/libnss_files-2.11.1.so
7f091f26b000-7f091f26c000 rw-p 0000c000 08:15 402047                     /lib/libnss_files-2.11.1.so
7f091f26c000-7f091f276000 r-xp 00000000 08:15 402031                     /lib/libnss_nis-2.11.1.so
7f091f276000-7f091f475000 ---p 0000a000 08:15 402031                     /lib/libnss_nis-2.11.1.so
7f091f475000-7f091f476000 r--p 00009000 08:15 402031                     /lib/libnss_nis-2.11.1.so
7f091f476000-7f091f477000 rw-p 0000a000 08:15 402031                     /lib/libnss_nis-2.11.1.so
7f091f477000-7f091f47f000 r-xp 00000000 08:15 402030                     /lib/libnss_compat-2.11.1.so
7f091f47f000-7f091f67e000 ---p 00008000 08:15 402030                     /lib/libnss_compat-2.11.1.so
7f091f67e000-7f091f67f000 r--p 00007000 08:15 402030                     /lib/libnss_compat-2.11.1.so
7f091f67f000-7f091f680000 rw-p 00008000 08:15 402030                     /lib/libnss_compat-2.11.1.so
7f091f680000-7f091f79e000 r--p 00000000 08:15 268908                     /usr/lib/locale/de_CH.utf8/LC_COLLATE
7f091f79e000-7f091f7a1000 r-xp 00000000 08:15 274929                     /usr/lib/jvm/java-6-openjdk/jre/lib/amd64/libnpt.so
7f091f7a1000-7f091f9a0000 ---p 00003000 08:15 274929                     /usr/lib/jvm/java-6-openjdk/jre/lib/amd64/libnpt.so
7f091f9a0000-7f091f9a1000 r--p 00002000 08:15 274929                     /usr/lib/jvm/java-6-openjdk/jre/lib/amd64/libnpt.so
7f091f9a1000-7f091f9a2000 rw-p 00003000 08:15 274929                     /usr/lib/jvm/java-6-openjdk/jre/lib/amd64/libnpt.so
7f091f9a2000-7f091f9ab000 r-xp 00000000 08:15 274912                     /usr/lib/jvm/java-6-openjdk/jre/lib/amd64/libinstrument.so
7f091f9ab000-7f091fbab000 ---p 00009000 08:15 274912                     /usr/lib/jvm/java-6-openjdk/jre/lib/amd64/libinstrument.so
7f091fbab000-7f091fbac000 r--p 00009000 08:15 274912                     /usr/lib/jvm/java-6-openjdk/jre/lib/amd64/libinstrument.so
7f091fbac000-7f091fbad000 rw-p 0000a000 08:15 274912                     /usr/lib/jvm/java-6-openjdk/jre/lib/amd64/libinstrument.so
7f091fbad000-7f091fbe6000 r-xp 00000000 08:15 274920                     /usr/lib/jvm/java-6-openjdk/jre/lib/amd64/libjdwp.so
7f091fbe6000-7f091fde5000 ---p 00039000 08:15 274920                     /usr/lib/jvm/java-6-openjdk/jre/lib/amd64/libjdwp.so
7f091fde5000-7f091fde6000 r--p 00038000 08:15 274920                     /usr/lib/jvm/java-6-openjdk/jre/lib/amd64/libjdwp.so
7f091fde6000-7f091fde7000 rw-p 00039000 08:15 274920                     /usr/lib/jvm/java-6-openjdk/jre/lib/amd64/libjdwp.so
7f091fde7000-7f091fdef000 r-xp 00000000 08:15 274936                     /usr/lib/jvm/java-6-openjdk/jre/lib/amd64/native_threads/libhpi.so
7f091fdef000-7f091ffee000 ---p 00008000 08:15 274936                     /usr/lib/jvm/java-6-openjdk/jre/lib/amd64/native_threads/libhpi.so
7f091ffee000-7f091ffef000 r--p 00007000 08:15 274936                     /usr/lib/jvm/java-6-openjdk/jre/lib/amd64/native_threads/libhpi.so
7f091ffef000-7f091fff0000 rw-p 00008000 08:15 274936                     /usr/lib/jvm/java-6-openjdk/jre/lib/amd64/native_threads/libhpi.so
7f091fff0000-7f0920007000 r-xp 00000000 08:15 402010                     /lib/libnsl-2.11.1.so
7f0920007000-7f0920206000 ---p 00017000 08:15 402010                     /lib/libnsl-2.11.1.so
7f0920206000-7f0920207000 r--p 00016000 08:15 402010                     /lib/libnsl-2.11.1.so
7f0920207000-7f0920208000 rw-p 00017000 08:15 402010                     /lib/libnsl-2.11.1.so
7f0920208000-7f092020a000 rw-p 00000000 00:00 0 
7f092020a000-7f0920237000 r-xp 00000000 08:15 274917                     /usr/lib/jvm/java-6-openjdk/jre/lib/amd64/libjava.so
7f0920237000-7f0920436000 ---p 0002d000 08:15 274917                     /usr/lib/jvm/java-6-openjdk/jre/lib/amd64/libjava.so
7f0920436000-7f0920437000 r--p 0002c000 08:15 274917                     /usr/lib/jvm/java-6-openjdk/jre/lib/amd64/libjava.so
7f0920437000-7f092043a000 rw-p 0002d000 08:15 274917                     /usr/lib/jvm/java-6-openjdk/jre/lib/amd64/libjava.so
7f092043a000-7f0920449000 r-xp 00000000 08:15 274933                     /usr/lib/jvm/java-6-openjdk/jre/lib/amd64/libverify.so
7f0920449000-7f0920648000 ---p 0000f000 08:15 274933                     /usr/lib/jvm/java-6-openjdk/jre/lib/amd64/libverify.so
7f0920648000-7f092064a000 r--p 0000e000 08:15 274933                     /usr/lib/jvm/java-6-openjdk/jre/lib/amd64/libverify.so
7f092064a000-7f092064b000 rw-p 00010000 08:15 274933                     /usr/lib/jvm/java-6-openjdk/jre/lib/amd64/libverify.so
7f092064b000-7f0920652000 r-xp 00000000 08:15 402024                     /lib/librt-2.11.1.so
7f0920652000-7f0920851000 ---p 00007000 08:15 402024                     /lib/librt-2.11.1.so
7f0920851000-7f0920852000 r--p 00006000 08:15 402024                     /lib/librt-2.11.1.so
7f0920852000-7f0920853000 rw-p 00007000 08:15 402024                     /lib/librt-2.11.1.so
7f0920853000-7f09208d5000 r-xp 00000000 08:15 400119                     /lib/libm-2.11.1.so
7f09208d5000-7f0920ad4000 ---p 00082000 08:15 400119                     /lib/libm-2.11.1.so
7f0920ad4000-7f0920ad5000 r--p 00081000 08:15 400119                     /lib/libm-2.11.1.so
7f0920ad5000-7f0920ad6000 rw-p 00082000 08:15 400119                     /lib/libm-2.11.1.so
7f0920ad6000-7f09212f1000 r-xp 00000000 08:15 274938                     /usr/lib/jvm/java-6-openjdk/jre/lib/amd64/server/libjvm.so
7f09212f1000-7f09214f0000 ---p 0081b000 08:15 274938                     /usr/lib/jvm/java-6-openjdk/jre/lib/amd64/server/libjvm.so
7f09214f0000-7f0921564000 r--p 0081a000 08:15 274938                     /usr/lib/jvm/java-6-openjdk/jre/lib/amd64/server/libjvm.so
7f0921564000-7f092157e000 rw-p 0088e000 08:15 274938                     /usr/lib/jvm/java-6-openjdk/jre/lib/amd64/server/libjvm.so
7f092157e000-7f09215b7000 rw-p 00000000 00:00 0 
7f09215b7000-7f0921731000 r-xp 00000000 08:15 402042                     /lib/libc-2.11.1.so
7f0921731000-7f0921930000 ---p 0017a000 08:15 402042                     /lib/libc-2.11.1.so
7f0921930000-7f0921934000 r--p 00179000 08:15 402042                     /lib/libc-2.11.1.so
7f0921934000-7f0921935000 rw-p 0017d000 08:15 402042                     /lib/libc-2.11.1.so
7f0921935000-7f092193a000 rw-p 00000000 00:00 0 
7f092193a000-7f092193c000 r-xp 00000000 08:15 402049                     /lib/libdl-2.11.1.so
7f092193c000-7f0921b3c000 ---p 00002000 08:15 402049                     /lib/libdl-2.11.1.so
7f0921b3c000-7f0921b3d000 r--p 00002000 08:15 402049                     /lib/libdl-2.11.1.so
7f0921b3d000-7f0921b3e000 rw-p 00003000 08:15 402049                     /lib/libdl-2.11.1.so
7f0921b3e000-7f0921b42000 r-xp 00000000 08:15 274899                     /usr/lib/jvm/java-6-openjdk/jre/lib/amd64/jli/libjli.so
7f0921b42000-7f0921d41000 ---p 00004000 08:15 274899                     /usr/lib/jvm/java-6-openjdk/jre/lib/amd64/jli/libjli.so
7f0921d41000-7f0921d42000 r--p 00003000 08:15 274899                     /usr/lib/jvm/java-6-openjdk/jre/lib/amd64/jli/libjli.so
7f0921d42000-7f0921d43000 rw-p 00004000 08:15 274899                     /usr/lib/jvm/java-6-openjdk/jre/lib/amd64/jli/libjli.so
7f0921d43000-7f0921d5b000 r-xp 00000000 08:15 402039                     /lib/libpthread-2.11.1.so
7f0921d5b000-7f0921f5a000 ---p 00018000 08:15 402039                     /lib/libpthread-2.11.1.so
7f0921f5a000-7f0921f5b000 r--p 00017000 08:15 402039                     /lib/libpthread-2.11.1.so
7f0921f5b000-7f0921f5c000 rw-p 00018000 08:15 402039                     /lib/libpthread-2.11.1.so
7f0921f5c000-7f0921f60000 rw-p 00000000 00:00 0 
7f0921f60000-7f0921f76000 r-xp 00000000 08:15 391874                     /lib/libz.so.1.2.3.3
7f0921f76000-7f0922175000 ---p 00016000 08:15 391874                     /lib/libz.so.1.2.3.3
7f0922175000-7f0922176000 r--p 00015000 08:15 391874                     /lib/libz.so.1.2.3.3
7f0922176000-7f0922177000 rw-p 00016000 08:15 391874                     /lib/libz.so.1.2.3.3
7f0922177000-7f0922197000 r-xp 00000000 08:15 402018                     /lib/ld-2.11.1.so
7f0922197000-7f0922199000 r--s 00009000 08:15 798152                     /home/alexander/frameworks/play-1.0.3.2/modules/cobertura-2.0/lib/asm-3.0.jar
7f0922199000-7f092219c000 r--s 00030000 08:15 798149                     /home/alexander/frameworks/play-1.0.3.2/modules/cobertura-2.0/lib/cobertura-main.jar
7f092219c000-7f092219e000 r--s 00004000 08:15 798150                     /home/alexander/frameworks/play-1.0.3.2/modules/cobertura-2.0/lib/asm-tree-3.0.jar
7f092219e000-7f09221a0000 r--s 00009000 08:15 535753                     /home/alexander/ESE/ese2010-team2/qa/lib/markdownj-1.0.2b4-0.3.0.jar
7f09221a0000-7f09221a3000 r--s 0007a000 08:15 273837                     /usr/lib/jvm/java-6-openjdk/jre/lib/jsse.jar
7f09221a3000-7f09221aa000 r--s 00079000 08:15 142501                     /home/alexander/frameworks/play-1.0.3.2/framework/play.jar
7f09221aa000-7f09221b3000 r--s 00065000 08:15 672110                     /usr/share/java/gnome-java-bridge.jar
7f09221b3000-7f09221b6000 r--s 0000f000 08:15 273820                     /usr/lib/jvm/java-6-openjdk/jre/lib/ext/pulse-java.jar
7f09221b6000-7f09221ec000 rw-p 00000000 00:00 0 
7f09221ec000-7f0922232000 rw-p 00000000 00:00 0 
7f0922232000-7f0922271000 r--p 00000000 08:15 279196                     /usr/lib/locale/de_CH.utf8/LC_CTYPE
7f0922271000-7f0922274000 ---p 00000000 00:00 0 
7f0922274000-7f0922377000 rw-p 00000000 00:00 0 
7f0922377000-7f0922378000 r--s 00001000 08:15 798153                     /home/alexander/frameworks/play-1.0.3.2/modules/cobertura-2.0/lib/play-cobertura.jar
7f0922378000-7f0922379000 rw-p 00000000 00:00 0 
7f0922379000-7f0922381000 rw-s 00000000 08:15 145912                     /tmp/hsperfdata_alexander/4028
7f0922381000-7f0922382000 r--p 00000000 08:15 269039                     /usr/lib/locale/de_CH.utf8/LC_NUMERIC
7f0922382000-7f0922383000 r--p 00000000 08:15 269040                     /usr/lib/locale/de_CH.utf8/LC_TIME
7f0922383000-7f0922384000 r--p 00000000 08:15 269041                     /usr/lib/locale/de_CH.utf8/LC_MONETARY
7f0922384000-7f0922385000 r--p 00000000 08:15 279201                     /usr/lib/locale/de_CH.utf8/LC_MESSAGES/SYS_LC_MESSAGES
7f0922385000-7f0922386000 r--p 00000000 08:15 269058                     /usr/lib/locale/de_CH.utf8/LC_PAPER
7f0922386000-7f0922387000 r--p 00000000 08:15 268848                     /usr/lib/locale/de_CH.utf8/LC_NAME
7f0922387000-7f0922388000 r--p 00000000 08:15 269042                     /usr/lib/locale/de_CH.utf8/LC_ADDRESS
7f0922388000-7f0922389000 r--p 00000000 08:15 269043                     /usr/lib/locale/de_CH.utf8/LC_TELEPHONE
7f0922389000-7f092238a000 r--p 00000000 08:15 269067                     /usr/lib/locale/de_CH.utf8/LC_MEASUREMENT
7f092238a000-7f0922391000 r--s 00000000 08:15 276772                     /usr/lib/gconv/gconv-modules.cache
7f0922391000-7f0922392000 r--p 00000000 08:15 269045                     /usr/lib/locale/de_CH.utf8/LC_IDENTIFICATION
7f0922392000-7f0922393000 rw-p 00000000 00:00 0 
7f0922393000-7f0922394000 r--p 00000000 00:00 0 
7f0922394000-7f0922396000 rw-p 00000000 00:00 0 
7f0922396000-7f0922397000 r--p 0001f000 08:15 402018                     /lib/ld-2.11.1.so
7f0922397000-7f0922398000 rw-p 00020000 08:15 402018                     /lib/ld-2.11.1.so
7f0922398000-7f0922399000 rw-p 00000000 00:00 0 
7fff572bc000-7fff572d2000 rw-p 00000000 00:00 0                          [stack]
7fff573ff000-7fff57400000 r-xp 00000000 00:00 0                          [vdso]
ffffffffff600000-ffffffffff601000 r-xp 00000000 00:00 0                  [vsyscall]

VM Arguments:
jvm_args: -javaagent:/home/alexander/frameworks/play-1.0.3.2/framework/play.jar -Dplay.debug=yes -Xrunjdwp:transport=dt_socket,address=8000,server=y,suspend=n -Xdebug -Dapplication.path=/home/alexander/ESE/ese2010-team2/qa -Dplay.id= 
java_command: play.server.Server
Launcher Type: SUN_STANDARD

Environment Variables:
PATH=/usr/local/sbin:/usr/local/bin:/usr/sbin:/usr/bin:/sbin:/bin:/usr/games:/home/alexander/frameworks/play-1.0.3.2/
USERNAME=alexander
LD_LIBRARY_PATH=/usr/lib/jvm/java-6-openjdk/jre/lib/amd64/server:/usr/lib/jvm/java-6-openjdk/jre/lib/amd64:/usr/lib/jvm/java-6-openjdk/jre/../lib/amd64
SHELL=/bin/bash
DISPLAY=:0.0

Signal Handlers:
SIGSEGV: [libjvm.so+0x6c1f70], sa_mask[0]=0x7ffbfeff, sa_flags=0x10000004
SIGBUS: [libjvm.so+0x6c1f70], sa_mask[0]=0x7ffbfeff, sa_flags=0x10000004
SIGFPE: [libjvm.so+0x58ca00], sa_mask[0]=0x7ffbfeff, sa_flags=0x10000004
SIGPIPE: [libjvm.so+0x58ca00], sa_mask[0]=0x7ffbfeff, sa_flags=0x10000004
SIGXFSZ: [libjvm.so+0x58ca00], sa_mask[0]=0x7ffbfeff, sa_flags=0x10000004
SIGILL: [libjvm.so+0x58ca00], sa_mask[0]=0x7ffbfeff, sa_flags=0x10000004
SIGUSR1: SIG_DFL, sa_mask[0]=0x00000000, sa_flags=0x00000000
SIGUSR2: [libjvm.so+0x58c150], sa_mask[0]=0x00000000, sa_flags=0x10000004
SIGHUP: [libjvm.so+0x58e840], sa_mask[0]=0x7ffbfeff, sa_flags=0x10000004
SIGINT: [libjvm.so+0x58e840], sa_mask[0]=0x7ffbfeff, sa_flags=0x10000004
SIGTERM: [libjvm.so+0x58e840], sa_mask[0]=0x7ffbfeff, sa_flags=0x10000004
SIGQUIT: [libjvm.so+0x58e840], sa_mask[0]=0x7ffbfeff, sa_flags=0x10000004


---------------  S Y S T E M  ---------------

OS:Ubuntu 10.04 (lucid)
uname:Linux 2.6.32-24-generic #43-Ubuntu SMP Thu Sep 16 14:58:24 UTC 2010 x86_64
libc:glibc 2.11.1 NPTL 2.11.1 
rlimit: STACK 8192k, CORE 0k, NPROC infinity, NOFILE 1024, AS infinity
load average:1.72 1.58 1.45

CPU:total 8 (8 cores per cpu, 2 threads per core) family 6 model 30 stepping 5, cmov, cx8, fxsr, mmx, sse, sse2, sse3, ssse3, sse4.1, sse4.2, popcnt, ht

Memory: 4k page, physical 4051124k(1628988k free), swap 1055736k(1055736k free)

vm_info: OpenJDK 64-Bit Server VM (16.0-b13) for linux-amd64 JRE (1.6.0_18-b18), built on Jul 26 2010 23:34:55 by "buildd" with gcc 4.4.3

time: Tue Oct 26 22:32:54 2010
elapsed time: 154 seconds

